2020-09-16 10:52:23 forexsignalzz new update is 6:55:36 PM last update is 0
2020-09-16 10:52:23 forexsignalzz get new signal
2020-09-16 10:52:25 forexsignalzz getting signal message started
2020-09-16 10:52:37 amirFX_signal new update is 4:19:29 AM last update is 0
2020-09-16 10:52:37 amirFX_signal get new signal
2020-09-16 10:52:39 amirFX_signal getting signal message started
2020-09-16 10:52:54 FOR3X_SIGNAL new update is 10:35:15 AM last update is 0
2020-09-16 10:52:54 FOR3X_SIGNAL get new signal
2020-09-16 10:52:56 FOR3X_SIGNAL getting signal message started
2020-09-16 10:52:58 FOR3X_SIGNAL getting signal message successfully ended
2020-09-16 10:52:58 FOR3X_SIGNAL signal text is : EURAUD BUY 1.6200
SL 1.6100
TP 1.6300
2020-09-16 10:52:58  writting signal message started
2020-09-16 10:53:24 AmirFx VIP signal new update is 4:19:29 AM last update is 0
2020-09-16 10:53:24 AmirFx VIP signal get new signal
2020-09-16 10:53:26 AmirFx VIP signal getting signal message started
2020-09-16 10:53:41 Eagl777 new update is 5:11:26 PM last update is 0
2020-09-16 10:53:41 Eagl777 get new signal
2020-09-16 10:53:43 Eagl777 getting signal message started
2020-09-16 10:53:58 WallstreetFXsignals new update is 8:07:48 AM last update is 0
2020-09-16 10:53:58 WallstreetFXsignals get new signal
2020-09-16 10:54:00 WallstreetFXsignals getting signal message started
2020-09-16 10:54:16 wolfofforexplus new update is 11:13:51 AM last update is 0
2020-09-16 10:54:16 wolfofforexplus get new signal
2020-09-16 10:54:18 wolfofforexplus getting signal message started
2020-09-16 10:54:29 light_forex new update is 10:10:45 PM last update is 0
2020-09-16 10:54:29 light_forex get new signal
2020-09-16 10:54:31 light_forex getting signal message started
2020-09-16 10:54:49 WSSignals new update is 10:10:45 PM last update is 0
2020-09-16 10:54:49 WSSignals get new signal
2020-09-16 10:54:51 WSSignals getting signal message started
2020-09-16 10:55:11 forexsignalzz new update is 10:10:45 PM last update is 6:55:36 PM
2020-09-16 10:55:11 forexsignalzz get new signal
2020-09-16 10:55:13 forexsignalzz getting signal message started
2020-09-16 10:55:32 amirFX_signal new update is 10:10:45 PM last update is 4:19:29 AM
2020-09-16 10:55:32 amirFX_signal get new signal
2020-09-16 10:55:34 amirFX_signal getting signal message started
2020-09-16 10:55:51 FOR3X_SIGNAL new update is 10:35:15 AM last update is 10:35:15 AM
2020-09-16 10:55:51 FOR3X_SIGNAL repeated signal
2020-09-16 10:56:07 AmirFx VIP signal new update is 10:35:15 AM last update is 4:19:29 AM
2020-09-16 10:56:07 AmirFx VIP signal get new signal
2020-09-16 10:56:09 AmirFx VIP signal getting signal message started
2020-09-16 10:56:24 Eagl777 new update is 5:11:26 PM last update is 5:11:26 PM
2020-09-16 10:56:24 Eagl777 repeated signal
2020-09-16 10:56:41 WallstreetFXsignals new update is 5:11:26 PM last update is 8:07:48 AM
2020-09-16 10:56:41 WallstreetFXsignals get new signal
2020-09-16 10:56:43 WallstreetFXsignals getting signal message started
2020-09-16 10:57:01 wolfofforexplus new update is 5:11:26 PM last update is 11:13:51 AM
2020-09-16 10:57:01 wolfofforexplus get new signal
2020-09-16 10:57:03 wolfofforexplus getting signal message started
2020-09-16 10:57:14 light_forex new update is 10:10:45 PM last update is 10:10:45 PM
2020-09-16 10:57:14 light_forex repeated signal
2020-09-16 10:57:31 WSSignals new update is 10:10:45 PM last update is 10:10:45 PM
2020-09-16 10:57:31 WSSignals repeated signal
2020-09-16 10:57:46 forexsignalzz new update is 6:55:36 PM last update is 10:10:45 PM
2020-09-16 10:57:46 forexsignalzz get new signal
2020-09-16 10:57:48 forexsignalzz getting signal message started
2020-09-16 10:58:07 amirFX_signal new update is 4:19:29 AM last update is 10:10:45 PM
2020-09-16 10:58:07 amirFX_signal get new signal
2020-09-16 10:58:09 amirFX_signal getting signal message started
2020-09-16 10:58:28 FOR3X_SIGNAL new update is 4:19:29 AM last update is 10:35:15 AM
2020-09-16 10:58:28 FOR3X_SIGNAL get new signal
2020-09-16 10:58:30 FOR3X_SIGNAL getting signal message started
2020-09-16 10:58:47 AmirFx VIP signal new update is 4:19:29 AM last update is 10:35:15 AM
2020-09-16 10:58:47 AmirFx VIP signal get new signal
2020-09-16 10:58:49 AmirFx VIP signal getting signal message started
