2020-09-17 15:50:14 forexsignalzz new update is 9:01:07 PM last update is 0
2020-09-17 15:50:14 forexsignalzz get new signal
2020-09-17 15:50:16 forexsignalzz getting signal message started
2020-09-17 15:50:31 amirFX_signal new update is 3:05:26 PM last update is 0
2020-09-17 15:50:31 amirFX_signal get new signal
2020-09-17 15:50:33 amirFX_signal getting signal message started
2020-09-17 15:50:53 FOR3X_SIGNAL new update is 3:40:44 PM last update is 0
2020-09-17 15:50:53 FOR3X_SIGNAL get new signal
2020-09-17 15:50:55 FOR3X_SIGNAL getting signal message started
2020-09-17 15:51:10 Eagl777 new update is 5:11:26 PM last update is 0
2020-09-17 15:51:10 Eagl777 get new signal
2020-09-17 15:51:12 Eagl777 getting signal message started
2020-09-17 15:51:28 WallstreetFXsignals new update is 8:03:51 AM last update is 0
2020-09-17 15:51:28 WallstreetFXsignals get new signal
2020-09-17 15:51:30 WallstreetFXsignals getting signal message started
2020-09-17 15:51:49 wolfofforexplus new update is 11:13:51 AM last update is 0
2020-09-17 15:51:49 wolfofforexplus get new signal
2020-09-17 15:51:51 wolfofforexplus getting signal message started
2020-09-17 15:52:07 light_forex new update is 3:19:41 PM last update is 0
2020-09-17 15:52:07 light_forex get new signal
2020-09-17 15:52:09 light_forex getting signal message started
2020-09-17 15:52:11 light_forex getting signal message successfully ended
2020-09-17 15:52:11 light_forex signal text is : AUDUSD SELL 0.7292
TP 0.7100
SL 0.7382
2020-09-17 15:52:11  writting signal message started
2020-09-17 15:52:44 FXMZ51 new update is 3:19:41 PM last update is 0
2020-09-17 15:52:44 FXMZ51 get new signal
2020-09-17 15:52:46 FXMZ51 getting signal message started
2020-09-17 15:53:06 signallforex123 new update is 2:43:24 PM last update is 0
2020-09-17 15:53:06 signallforex123 get new signal
2020-09-17 15:53:08 signallforex123 getting signal message started
2020-09-17 15:53:10 signallforex123 getting signal message successfully ended
2020-09-17 15:53:10 signallforex123 signal text is : Eurusd buy limit 1.1770
Sl:1.1755
Tp1:1.1810
Tp2:1.1880
Tp3:1.1930
2020-09-17 15:53:10  writting signal message started
2020-09-17 15:53:37 professoroff new update is 3:36:36 PM last update is 0
2020-09-17 15:53:37 professoroff get new signal
2020-09-17 15:53:39 professoroff getting signal message started
2020-09-17 15:53:56 forexsignalzz new update is 9:01:07 PM last update is 9:01:07 PM
2020-09-17 15:53:56 forexsignalzz repeated signal
2020-09-17 15:54:15 amirFX_signal new update is 3:05:26 PM last update is 3:05:26 PM
2020-09-17 15:54:15 amirFX_signal repeated signal
2020-09-17 15:54:36 FOR3X_SIGNAL new update is 3:05:26 PM last update is 3:40:44 PM
2020-09-17 15:54:36 FOR3X_SIGNAL get new signal
2020-09-17 15:54:38 FOR3X_SIGNAL getting signal message started
2020-09-17 15:55:02 Eagl777 new update is 3:05:26 PM last update is 5:11:26 PM
2020-09-17 15:55:02 Eagl777 get new signal
2020-09-17 15:55:04 Eagl777 getting signal message started
2020-09-17 15:55:23 WallstreetFXsignals new update is 8:03:51 AM last update is 8:03:51 AM
2020-09-17 15:55:23 WallstreetFXsignals repeated signal
2020-09-17 15:55:39 wolfofforexplus new update is 11:13:51 AM last update is 11:13:51 AM
2020-09-17 15:55:39 wolfofforexplus repeated signal
2020-09-17 15:55:52 light_forex new update is 3:19:41 PM last update is 3:19:41 PM
2020-09-17 15:55:52 light_forex repeated signal
2020-09-17 15:56:05 FXMZ51 new update is 10:59:12 PM last update is 3:19:41 PM
2020-09-17 15:56:05 FXMZ51 get new signal
2020-09-17 15:56:07 FXMZ51 getting signal message started
2020-09-17 15:56:29 signallforex123 new update is 2:43:24 PM last update is 2:43:24 PM
2020-09-17 15:56:29 signallforex123 repeated signal
2020-09-17 15:56:47 professoroff new update is 3:36:36 PM last update is 3:36:36 PM
2020-09-17 15:56:47 professoroff repeated signal
2020-09-17 15:57:05 forexsignalzz new update is 9:01:07 PM last update is 9:01:07 PM
2020-09-17 15:57:05 forexsignalzz repeated signal
2020-09-17 15:57:23 amirFX_signal new update is 3:05:26 PM last update is 3:05:26 PM
2020-09-17 15:57:23 amirFX_signal repeated signal
2020-09-17 15:57:36 FOR3X_SIGNAL new update is 3:40:44 PM last update is 3:05:26 PM
2020-09-17 15:57:36 FOR3X_SIGNAL get new signal
2020-09-17 15:57:38 FOR3X_SIGNAL getting signal message started
2020-09-17 15:57:54 Eagl777 new update is 5:11:26 PM last update is 3:05:26 PM
2020-09-17 15:57:54 Eagl777 get new signal
2020-09-17 15:57:56 Eagl777 getting signal message started
2020-09-17 15:58:15 WallstreetFXsignals new update is 8:03:51 AM last update is 8:03:51 AM
2020-09-17 15:58:15 WallstreetFXsignals repeated signal
2020-09-17 15:58:31 wolfofforexplus new update is 11:13:51 AM last update is 11:13:51 AM
2020-09-17 15:58:31 wolfofforexplus repeated signal
2020-09-17 15:58:44 light_forex new update is 3:19:41 PM last update is 3:19:41 PM
2020-09-17 15:58:44 light_forex repeated signal
2020-09-17 15:59:06 FXMZ51 new update is 3:19:41 PM last update is 10:59:12 PM
2020-09-17 15:59:06 FXMZ51 get new signal
2020-09-17 15:59:08 FXMZ51 getting signal message started
2020-09-17 15:59:31 signallforex123 new update is 3:19:41 PM last update is 2:43:24 PM
2020-09-17 15:59:31 signallforex123 get new signal
2020-09-17 15:59:33 signallforex123 getting signal message started
2020-09-17 15:59:36 signallforex123 getting signal message successfully ended
2020-09-17 15:59:36 signallforex123 signal text is : AUDUSD SELL 0.7292
TP 0.7100
SL 0.7382
2020-09-17 15:59:36 signallforex123 in INNER except signalFinder: <class 'IndexError'>
2020-09-17 15:59:49 professoroff new update is 3:36:36 PM last update is 3:36:36 PM
2020-09-17 15:59:49 professoroff repeated signal
2020-09-17 16:00:06 forexsignalzz new update is 9:01:07 PM last update is 9:01:07 PM
2020-09-17 16:00:06 forexsignalzz repeated signal
2020-09-17 16:00:21 amirFX_signal new update is 3:05:26 PM last update is 3:05:26 PM
2020-09-17 16:00:21 amirFX_signal repeated signal
2020-09-17 16:00:38 FOR3X_SIGNAL new update is 3:40:44 PM last update is 3:40:44 PM
2020-09-17 16:00:38 FOR3X_SIGNAL repeated signal
2020-09-17 16:00:52 Eagl777 new update is 5:11:26 PM last update is 5:11:26 PM
2020-09-17 16:00:52 Eagl777 repeated signal
2020-09-17 16:01:07 WallstreetFXsignals new update is 8:03:51 AM last update is 8:03:51 AM
2020-09-17 16:01:07 WallstreetFXsignals repeated signal
2020-09-17 16:01:24 wolfofforexplus new update is 11:13:51 AM last update is 11:13:51 AM
2020-09-17 16:01:24 wolfofforexplus repeated signal
2020-09-17 16:01:38 light_forex new update is 3:19:41 PM last update is 3:19:41 PM
2020-09-17 16:01:38 light_forex repeated signal
2020-09-17 16:01:55 FXMZ51 new update is 10:59:12 PM last update is 3:19:41 PM
2020-09-17 16:01:55 FXMZ51 get new signal
2020-09-17 16:01:57 FXMZ51 getting signal message started
2020-09-17 16:02:19 signallforex123 new update is 2:43:24 PM last update is 0
2020-09-17 16:02:19 signallforex123 get new signal
2020-09-17 16:02:21 signallforex123 getting signal message started
2020-09-17 16:02:24 signallforex123 getting signal message successfully ended
2020-09-17 16:02:24 signallforex123 signal text is : Eurusd buy limit 1.1770
Sl:1.1755
Tp1:1.1810
Tp2:1.1880
Tp3:1.1930
2020-09-17 16:02:24  writting signal message started
2020-09-17 16:02:52 professoroff new update is 3:36:36 PM last update is 3:36:36 PM
2020-09-17 16:02:52 professoroff repeated signal
2020-09-17 16:03:08 forexsignalzz new update is 9:01:07 PM last update is 9:01:07 PM
2020-09-17 16:03:08 forexsignalzz repeated signal
2020-09-17 16:03:30 amirFX_signal new update is 3:05:26 PM last update is 3:05:26 PM
2020-09-17 16:03:30 amirFX_signal repeated signal
2020-09-17 16:03:51 FOR3X_SIGNAL new update is 3:05:26 PM last update is 3:40:44 PM
2020-09-17 16:03:51 FOR3X_SIGNAL get new signal
2020-09-17 16:03:53 FOR3X_SIGNAL getting signal message started
2020-09-17 16:04:17 Eagl777 new update is 5:11:26 PM last update is 5:11:26 PM
2020-09-17 16:04:17 Eagl777 repeated signal
2020-09-17 16:04:34 WallstreetFXsignals new update is 8:03:51 AM last update is 8:03:51 AM
2020-09-17 16:04:34 WallstreetFXsignals repeated signal
2020-09-17 16:04:56 wolfofforexplus new update is 8:03:51 AM last update is 11:13:51 AM
2020-09-17 16:04:56 wolfofforexplus get new signal
2020-09-17 16:04:58 wolfofforexplus getting signal message started
2020-09-17 16:05:14 light_forex new update is 3:19:41 PM last update is 3:19:41 PM
2020-09-17 16:05:14 light_forex repeated signal
2020-09-17 16:05:35 FXMZ51 new update is 3:19:41 PM last update is 10:59:12 PM
2020-09-17 16:05:35 FXMZ51 get new signal
2020-09-17 16:05:37 FXMZ51 getting signal message started
2020-09-17 16:05:59 signallforex123 new update is 2:43:24 PM last update is 2:43:24 PM
2020-09-17 16:05:59 signallforex123 repeated signal
2020-09-17 16:06:13 professoroff new update is 3:36:36 PM last update is 3:36:36 PM
2020-09-17 16:06:13 professoroff repeated signal
2020-09-17 16:06:29 forexsignalzz new update is 9:01:07 PM last update is 9:01:07 PM
2020-09-17 16:06:29 forexsignalzz repeated signal
2020-09-17 16:06:42 amirFX_signal new update is 3:05:26 PM last update is 3:05:26 PM
2020-09-17 16:06:42 amirFX_signal repeated signal
2020-09-17 16:07:04 FOR3X_SIGNAL new update is 3:05:26 PM last update is 3:05:26 PM
2020-09-17 16:07:04 FOR3X_SIGNAL repeated signal
2020-09-17 16:07:26 Eagl777 new update is 3:05:26 PM last update is 5:11:26 PM
2020-09-17 16:07:26 Eagl777 get new signal
2020-09-17 16:07:28 Eagl777 getting signal message started
2020-09-17 16:07:51 WallstreetFXsignals new update is 3:05:26 PM last update is 8:03:51 AM
2020-09-17 16:07:51 WallstreetFXsignals get new signal
2020-09-17 16:07:53 WallstreetFXsignals getting signal message started
2020-09-17 16:08:17 wolfofforexplus new update is 11:13:51 AM last update is 8:03:51 AM
2020-09-17 16:08:17 wolfofforexplus get new signal
2020-09-17 16:08:19 wolfofforexplus getting signal message started
2020-09-17 16:08:35 light_forex new update is 3:19:41 PM last update is 3:19:41 PM
2020-09-17 16:08:35 light_forex repeated signal
2020-09-17 16:08:48 FXMZ51 new update is 10:59:12 PM last update is 3:19:41 PM
2020-09-17 16:08:48 FXMZ51 get new signal
2020-09-17 16:08:50 FXMZ51 getting signal message started
2020-09-17 16:09:14 signallforex123 new update is 2:43:24 PM last update is 2:43:24 PM
2020-09-17 16:09:14 signallforex123 repeated signal
2020-09-17 16:09:31 professoroff new update is 3:36:36 PM last update is 3:36:36 PM
2020-09-17 16:09:31 professoroff repeated signal
2020-09-17 16:09:52 forexsignalzz new update is 9:01:07 PM last update is 9:01:07 PM
2020-09-17 16:09:52 forexsignalzz repeated signal
2020-09-17 16:10:11 amirFX_signal new update is 3:05:26 PM last update is 3:05:26 PM
2020-09-17 16:10:11 amirFX_signal repeated signal
2020-09-17 16:10:31 FOR3X_SIGNAL new update is 3:40:44 PM last update is 3:05:26 PM
2020-09-17 16:10:31 FOR3X_SIGNAL get new signal
2020-09-17 16:10:33 FOR3X_SIGNAL getting signal message started
2020-09-17 16:10:50 Eagl777 new update is 5:11:26 PM last update is 3:05:26 PM
2020-09-17 16:10:50 Eagl777 get new signal
2020-09-17 16:10:52 Eagl777 getting signal message started
2020-09-17 16:11:16 WallstreetFXsignals new update is 8:03:51 AM last update is 3:05:26 PM
2020-09-17 16:11:16 WallstreetFXsignals get new signal
2020-09-17 16:11:18 WallstreetFXsignals getting signal message started
2020-09-17 16:11:42 wolfofforexplus new update is 8:03:51 AM last update is 11:13:51 AM
2020-09-17 16:11:42 wolfofforexplus get new signal
2020-09-17 16:11:44 wolfofforexplus getting signal message started
2020-09-17 16:11:59 light_forex new update is 3:19:41 PM last update is 3:19:41 PM
2020-09-17 16:11:59 light_forex repeated signal
2020-09-17 16:12:21 FXMZ51 new update is 3:19:41 PM last update is 10:59:12 PM
2020-09-17 16:12:21 FXMZ51 get new signal
2020-09-17 16:12:23 FXMZ51 getting signal message started
2020-09-17 16:12:47 signallforex123 new update is 3:19:41 PM last update is 2:43:24 PM
2020-09-17 16:12:47 signallforex123 get new signal
2020-09-17 16:12:49 signallforex123 getting signal message started
2020-09-17 16:12:51 signallforex123 getting signal message successfully ended
2020-09-17 16:12:51 signallforex123 signal text is : AUDUSD SELL 0.7292
TP 0.7100
SL 0.7382
2020-09-17 16:12:51 signallforex123 in INNER except signalFinder: <class 'IndexError'>
2020-09-17 16:13:08 professoroff new update is 3:36:36 PM last update is 3:36:36 PM
2020-09-17 16:13:08 professoroff repeated signal
2020-09-17 16:13:29 forexsignalzz new update is 9:01:07 PM last update is 9:01:07 PM
2020-09-17 16:13:29 forexsignalzz repeated signal
2020-09-17 16:13:49 amirFX_signal new update is 3:05:26 PM last update is 3:05:26 PM
2020-09-17 16:13:49 amirFX_signal repeated signal
2020-09-17 16:14:10 FOR3X_SIGNAL new update is 3:40:44 PM last update is 3:40:44 PM
2020-09-17 16:14:10 FOR3X_SIGNAL repeated signal
2020-09-17 16:14:30 Eagl777 new update is 5:11:26 PM last update is 5:11:26 PM
2020-09-17 16:14:30 Eagl777 repeated signal
2020-09-17 16:14:51 WallstreetFXsignals new update is 8:03:51 AM last update is 8:03:51 AM
2020-09-17 16:14:51 WallstreetFXsignals repeated signal
2020-09-17 16:15:10 wolfofforexplus new update is 11:13:51 AM last update is 8:03:51 AM
2020-09-17 16:15:10 wolfofforexplus get new signal
2020-09-17 16:15:12 wolfofforexplus getting signal message started
2020-09-17 16:15:28 light_forex new update is 3:19:41 PM last update is 3:19:41 PM
2020-09-17 16:15:28 light_forex repeated signal
2020-09-17 16:15:47 FXMZ51 new update is 10:59:12 PM last update is 3:19:41 PM
2020-09-17 16:15:47 FXMZ51 get new signal
2020-09-17 16:15:49 FXMZ51 getting signal message started
2020-09-17 16:16:11 signallforex123 new update is 2:43:24 PM last update is 0
2020-09-17 16:16:11 signallforex123 get new signal
2020-09-17 16:16:13 signallforex123 getting signal message started
2020-09-17 16:16:15 signallforex123 getting signal message successfully ended
2020-09-17 16:16:15 signallforex123 signal text is : Eurusd buy limit 1.1770
Sl:1.1755
Tp1:1.1810
Tp2:1.1880
Tp3:1.1930
2020-09-17 16:16:15  writting signal message started
2020-09-17 16:16:45 professoroff new update is 3:36:36 PM last update is 3:36:36 PM
2020-09-17 16:16:45 professoroff repeated signal
2020-09-17 16:17:04 forexsignalzz new update is 9:01:07 PM last update is 9:01:07 PM
2020-09-17 16:17:04 forexsignalzz repeated signal
2020-09-17 16:17:23 amirFX_signal new update is 3:05:26 PM last update is 3:05:26 PM
2020-09-17 16:17:23 amirFX_signal repeated signal
2020-09-17 16:17:45 FOR3X_SIGNAL new update is 3:40:44 PM last update is 3:40:44 PM
2020-09-17 16:17:45 FOR3X_SIGNAL repeated signal
2020-09-17 16:18:02 Eagl777 new update is 5:11:26 PM last update is 5:11:26 PM
2020-09-17 16:18:02 Eagl777 repeated signal
2020-09-17 16:18:22 WallstreetFXsignals new update is 8:03:51 AM last update is 8:03:51 AM
2020-09-17 16:18:22 WallstreetFXsignals repeated signal
2020-09-17 16:18:43 wolfofforexplus new update is 8:03:51 AM last update is 11:13:51 AM
2020-09-17 16:18:43 wolfofforexplus get new signal
2020-09-17 16:18:45 wolfofforexplus getting signal message started
2020-09-17 16:19:01 light_forex new update is 3:19:41 PM last update is 3:19:41 PM
2020-09-17 16:19:01 light_forex repeated signal
2020-09-17 16:19:20 FXMZ51 new update is 10:59:12 PM last update is 10:59:12 PM
2020-09-17 16:19:20 FXMZ51 repeated signal
2020-09-17 16:19:43 signallforex123 new update is 2:43:24 PM last update is 2:43:24 PM
2020-09-17 16:19:43 signallforex123 repeated signal
2020-09-17 16:20:04 professoroff new update is 2:43:24 PM last update is 3:36:36 PM
2020-09-17 16:20:04 professoroff get new signal
2020-09-17 16:20:06 professoroff getting signal message started
2020-09-17 16:20:09 professoroff getting signal message successfully ended
2020-09-17 16:20:09 professoroff signal text is : Eurusd buy limit 1.1770
Sl:1.1755
Tp1:1.1810
Tp2:1.1880
Tp3:1.1930
2020-09-17 16:33:18 forexsignalzz new update is 2:43:24 PM last update is 9:01:07 PM
2020-09-17 16:33:18 forexsignalzz get new signal
2020-09-17 16:33:20 forexsignalzz getting signal message started
2020-09-17 16:33:44 amirFX_signal new update is 1:08:06 PM last update is 3:05:26 PM
2020-09-17 16:33:44 amirFX_signal get new signal
2020-09-17 16:33:46 amirFX_signal getting signal message started
2020-09-17 16:34:10 FOR3X_SIGNAL new update is 4:31:55 PM last update is 3:40:44 PM
2020-09-17 16:34:10 FOR3X_SIGNAL get new signal
2020-09-17 16:34:12 FOR3X_SIGNAL getting signal message started
2020-09-17 16:34:36 Eagl777 new update is 4:31:55 PM last update is 5:11:26 PM
2020-09-17 16:34:36 Eagl777 get new signal
2020-09-17 16:34:38 Eagl777 getting signal message started
2020-09-17 16:35:00 WallstreetFXsignals new update is 8:03:51 AM last update is 8:03:51 AM
2020-09-17 16:35:00 WallstreetFXsignals repeated signal
2020-09-17 16:35:22 wolfofforexplus new update is 11:13:51 AM last update is 8:03:51 AM
2020-09-17 16:35:22 wolfofforexplus get new signal
2020-09-17 16:35:24 wolfofforexplus getting signal message started
2020-09-17 16:35:39 light_forex new update is 3:19:41 PM last update is 3:19:41 PM
2020-09-17 16:35:39 light_forex repeated signal
2020-09-17 16:35:55 FXMZ51 new update is 10:59:12 PM last update is 10:59:12 PM
2020-09-17 16:35:55 FXMZ51 repeated signal
2020-09-17 16:36:14 signallforex123 new update is 2:43:24 PM last update is 2:43:24 PM
2020-09-17 16:36:14 signallforex123 repeated signal
2020-09-17 16:36:28 professoroff new update is 3:36:36 PM last update is 2:43:24 PM
2020-09-17 16:36:28 professoroff get new signal
2020-09-17 16:36:30 professoroff getting signal message started
2020-09-17 16:36:53 forexsignalzz new update is 9:01:07 PM last update is 2:43:24 PM
2020-09-17 16:36:53 forexsignalzz get new signal
2020-09-17 16:36:55 forexsignalzz getting signal message started
2020-09-17 16:37:14 amirFX_signal new update is 1:08:06 PM last update is 1:08:06 PM
2020-09-17 16:37:14 amirFX_signal repeated signal
2020-09-17 16:37:36 FOR3X_SIGNAL new update is 4:31:55 PM last update is 4:31:55 PM
2020-09-17 16:37:36 FOR3X_SIGNAL repeated signal
2020-09-17 16:37:53 Eagl777 new update is 5:11:26 PM last update is 4:31:55 PM
2020-09-17 16:37:53 Eagl777 get new signal
2020-09-17 16:37:55 Eagl777 getting signal message started
2020-09-17 16:38:20 WallstreetFXsignals new update is 8:03:51 AM last update is 8:03:51 AM
2020-09-17 16:38:20 WallstreetFXsignals repeated signal
2020-09-17 16:38:41 wolfofforexplus new update is 8:03:51 AM last update is 11:13:51 AM
2020-09-17 16:38:41 wolfofforexplus get new signal
2020-09-17 16:38:43 wolfofforexplus getting signal message started
2020-09-17 16:38:59 light_forex new update is 3:19:41 PM last update is 3:19:41 PM
2020-09-17 16:38:59 light_forex repeated signal
2020-09-17 16:39:18 FXMZ51 new update is 10:59:12 PM last update is 10:59:12 PM
2020-09-17 16:39:18 FXMZ51 repeated signal
2020-09-17 16:39:36 signallforex123 new update is 2:43:24 PM last update is 2:43:24 PM
2020-09-17 16:39:36 signallforex123 repeated signal
2020-09-17 16:39:51 professoroff new update is 3:36:36 PM last update is 3:36:36 PM
2020-09-17 16:39:51 professoroff repeated signal
2020-09-17 16:40:14 forexsignalzz new update is 9:01:07 PM last update is 9:01:07 PM
2020-09-17 16:40:14 forexsignalzz repeated signal
2020-09-17 16:40:35 amirFX_signal new update is 9:01:07 PM last update is 1:08:06 PM
2020-09-17 16:40:35 amirFX_signal get new signal
2020-09-17 16:40:37 amirFX_signal getting signal message started
2020-09-17 16:41:01 FOR3X_SIGNAL new update is 4:31:55 PM last update is 4:31:55 PM
2020-09-17 16:41:01 FOR3X_SIGNAL repeated signal
2020-09-17 16:41:23 Eagl777 new update is 4:31:55 PM last update is 5:11:26 PM
2020-09-17 16:41:23 Eagl777 get new signal
2020-09-17 16:41:25 Eagl777 getting signal message started
2020-09-17 16:41:46 WallstreetFXsignals new update is 8:03:51 AM last update is 8:03:51 AM
2020-09-17 16:41:46 WallstreetFXsignals repeated signal
2020-09-17 16:42:08 wolfofforexplus new update is 8:03:51 AM last update is 8:03:51 AM
2020-09-17 16:42:08 wolfofforexplus repeated signal
2020-09-17 16:42:21 light_forex new update is 3:19:41 PM last update is 3:19:41 PM
2020-09-17 16:42:21 light_forex repeated signal
2020-09-17 16:42:41 FXMZ51 new update is 10:59:12 PM last update is 10:59:12 PM
2020-09-17 16:42:41 FXMZ51 repeated signal
2020-09-17 16:43:03 signallforex123 new update is 10:59:12 PM last update is 2:43:24 PM
2020-09-17 16:43:03 signallforex123 get new signal
2020-09-17 16:43:05 signallforex123 getting signal message started
2020-09-17 16:43:25 professoroff new update is 3:36:36 PM last update is 3:36:36 PM
2020-09-17 16:43:25 professoroff repeated signal
2020-09-17 16:43:47 forexsignalzz new update is 3:36:36 PM last update is 9:01:07 PM
2020-09-17 16:43:47 forexsignalzz get new signal
2020-09-17 16:43:49 forexsignalzz getting signal message started
2020-09-17 16:44:14 amirFX_signal new update is 3:36:36 PM last update is 9:01:07 PM
2020-09-17 16:44:14 amirFX_signal get new signal
2020-09-17 16:44:16 amirFX_signal getting signal message started
2020-09-17 16:44:40 FOR3X_SIGNAL new update is 3:36:36 PM last update is 4:31:55 PM
2020-09-17 16:44:40 FOR3X_SIGNAL get new signal
2020-09-17 16:44:42 FOR3X_SIGNAL getting signal message started
2020-09-17 16:45:02 Eagl777 new update is 5:11:26 PM last update is 4:31:55 PM
2020-09-17 16:45:02 Eagl777 get new signal
2020-09-17 16:45:04 Eagl777 getting signal message started
2020-09-17 16:45:28 WallstreetFXsignals new update is 5:11:26 PM last update is 8:03:51 AM
2020-09-17 16:45:28 WallstreetFXsignals get new signal
2020-09-17 16:45:30 WallstreetFXsignals getting signal message started
2020-09-17 16:45:54 wolfofforexplus new update is 5:11:26 PM last update is 8:03:51 AM
2020-09-17 16:45:54 wolfofforexplus get new signal
2020-09-17 16:45:56 wolfofforexplus getting signal message started
2020-09-17 16:46:12 light_forex new update is 3:19:41 PM last update is 3:19:41 PM
2020-09-17 16:46:12 light_forex repeated signal
2020-09-17 16:46:32 FXMZ51 new update is 10:59:12 PM last update is 10:59:12 PM
2020-09-17 16:46:32 FXMZ51 repeated signal
