2020-09-16 14:34:23 forexsignalzz new update is 6:55:36 PM last update is 0
2020-09-16 14:34:23 forexsignalzz get new signal
2020-09-16 14:34:25 forexsignalzz getting signal message started
2020-09-16 14:34:43 amirFX_signal new update is 1:59:11 PM last update is 0
2020-09-16 14:34:43 amirFX_signal get new signal
2020-09-16 14:34:45 amirFX_signal getting signal message started
2020-09-16 14:35:04 FOR3X_SIGNAL new update is 2:12:44 PM last update is 0
2020-09-16 14:35:04 FOR3X_SIGNAL get new signal
2020-09-16 14:35:06 FOR3X_SIGNAL getting signal message started
2020-09-16 14:35:08 FOR3X_SIGNAL getting signal message successfully ended
2020-09-16 14:35:08 FOR3X_SIGNAL signal text is : GOLD SELL 1967
SL 1986
TP 1902
2020-09-16 14:35:08  writting signal message started
2020-09-16 14:35:37 AmirFx VIP signal new update is 2:00:37 PM last update is 0
2020-09-16 14:35:37 AmirFx VIP signal get new signal
2020-09-16 14:35:39 AmirFx VIP signal getting signal message started
2020-09-16 14:35:58 Eagl777 new update is 5:11:26 PM last update is 0
2020-09-16 14:35:58 Eagl777 get new signal
2020-09-16 14:36:00 Eagl777 getting signal message started
2020-09-16 14:36:19 WallstreetFXsignals new update is 8:07:48 AM last update is 0
2020-09-16 14:36:19 WallstreetFXsignals get new signal
2020-09-16 14:36:21 WallstreetFXsignals getting signal message started
2020-09-16 14:36:39 wolfofforexplus new update is 11:13:51 AM last update is 0
2020-09-16 14:36:39 wolfofforexplus get new signal
2020-09-16 14:36:41 wolfofforexplus getting signal message started
2020-09-16 14:36:44 wolfofforexplus getting signal message successfully ended
2020-09-16 14:36:44 wolfofforexplus signal text is : #EURJPY
:chart_with_downwards_trend: SELL :125.36
:red_circle: STOP LOSS : hidden
:white_check_mark: TAKE PROFIT 1 : hidden
:white_check_mark: TAKE PROFIT 2 :
2020-09-16 14:36:58 light_forex new update is 1:54:50 PM last update is 0
2020-09-16 14:36:58 light_forex get new signal
2020-09-16 14:37:00 light_forex getting signal message started
2020-09-16 14:37:22 WSSignals new update is 1:54:50 PM last update is 0
2020-09-16 14:37:22 WSSignals get new signal
2020-09-16 14:37:24 WSSignals getting signal message started
2020-09-16 14:37:44 forexsignalzz new update is 6:55:36 PM last update is 6:55:36 PM
2020-09-16 14:37:44 forexsignalzz repeated signal
2020-09-16 14:38:04 amirFX_signal new update is 1:59:11 PM last update is 1:59:11 PM
2020-09-16 14:38:04 amirFX_signal repeated signal
2020-09-16 14:38:21 FOR3X_SIGNAL new update is 2:12:44 PM last update is 2:12:44 PM
2020-09-16 14:38:21 FOR3X_SIGNAL repeated signal
2020-09-16 14:38:37 AmirFx VIP signal new update is 2:00:37 PM last update is 2:00:37 PM
2020-09-16 14:38:37 AmirFx VIP signal repeated signal
2020-09-16 14:38:54 Eagl777 new update is 5:11:26 PM last update is 5:11:26 PM
2020-09-16 14:38:54 Eagl777 repeated signal
2020-09-16 14:39:10 WallstreetFXsignals new update is 8:07:48 AM last update is 8:07:48 AM
2020-09-16 14:39:10 WallstreetFXsignals repeated signal
2020-09-16 14:39:27 wolfofforexplus new update is 11:13:51 AM last update is 11:13:51 AM
2020-09-16 14:39:27 wolfofforexplus repeated signal
2020-09-16 14:39:41 light_forex new update is 1:54:50 PM last update is 1:54:50 PM
2020-09-16 14:39:41 light_forex repeated signal
2020-09-16 14:40:00 WSSignals new update is 1:54:50 PM last update is 1:54:50 PM
2020-09-16 14:40:00 WSSignals repeated signal
2020-09-16 14:40:24 forexsignalzz new update is 6:55:36 PM last update is 6:55:36 PM
2020-09-16 14:40:24 forexsignalzz repeated signal
2020-09-16 14:40:43 amirFX_signal new update is 6:55:36 PM last update is 1:59:11 PM
