2020-09-17 10:06:13 forexsignalzz new update is 9:01:07 PM last update is 0
2020-09-17 10:06:13 forexsignalzz get new signal
2020-09-17 10:06:15 forexsignalzz getting signal message started
2020-09-17 10:06:31 amirFX_signal new update is 12:30:23 AM last update is 0
2020-09-17 10:06:31 amirFX_signal get new signal
2020-09-17 10:06:33 amirFX_signal getting signal message started
2020-09-17 10:06:49 FOR3X_SIGNAL new update is 9:26:56 AM last update is 0
2020-09-17 10:06:49 FOR3X_SIGNAL get new signal
2020-09-17 10:06:51 FOR3X_SIGNAL getting signal message started
2020-09-17 10:07:09 Eagl777 new update is 5:11:26 PM last update is 0
2020-09-17 10:07:09 Eagl777 get new signal
2020-09-17 10:07:11 Eagl777 getting signal message started
2020-09-17 10:07:27 WallstreetFXsignals new update is 8:03:51 AM last update is 0
2020-09-17 10:07:27 WallstreetFXsignals get new signal
2020-09-17 10:07:29 WallstreetFXsignals getting signal message started
2020-09-17 10:07:44 wolfofforexplus new update is 11:13:51 AM last update is 0
2020-09-17 10:07:44 wolfofforexplus get new signal
2020-09-17 10:07:46 wolfofforexplus getting signal message started
2020-09-17 10:08:02 light_forex new update is 9:35:10 AM last update is 0
2020-09-17 10:08:02 light_forex get new signal
2020-09-17 10:08:04 light_forex getting signal message started
2020-09-17 10:08:20 FXMZ51 new update is 10:59:12 PM last update is 0
2020-09-17 10:08:20 FXMZ51 get new signal
2020-09-17 10:08:22 FXMZ51 getting signal message started
2020-09-17 10:08:38 fxpdeadmin new update is 10:04:44 AM last update is 0
2020-09-17 10:08:38 fxpdeadmin get new signal
2020-09-17 10:08:40 fxpdeadmin getting signal message started
2020-09-17 10:08:42 fxpdeadmin getting signal message successfully ended
2020-09-17 10:08:42 fxpdeadmin signal text is : BUY USDCAD

 :chart_with_downwards_trend: 1.3525

 :no_entry_sign:SL: 1.3465

:moneybag:TP1: 1.3545
:moneybag:TP2: 1.3575
:moneybag:TP3: 1.3625
2020-09-17 10:11:47  writting signal message started
