2020-09-16 10:40:25 forexsignalzz new update is 6:55:36 PM last update is 0
2020-09-16 10:40:25 forexsignalzz get new signal
2020-09-16 10:40:27 forexsignalzz getting signal message started
2020-09-16 10:40:45 amirFX_signal new update is 4:19:29 AM last update is 0
2020-09-16 10:40:45 amirFX_signal get new signal
2020-09-16 10:40:47 amirFX_signal getting signal message started
2020-09-16 10:41:02 FOR3X_SIGNAL new update is 10:35:15 AM last update is 0
2020-09-16 10:41:02 FOR3X_SIGNAL get new signal
2020-09-16 10:41:04 FOR3X_SIGNAL getting signal message started
2020-09-16 10:41:06 FOR3X_SIGNAL getting signal message successfully ended
2020-09-16 10:41:06 FOR3X_SIGNAL signal text is : EURAUD BUY 1.6200
SL 1.6100
TP 1.6300
2020-09-16 10:41:06  writting signal message started
2020-09-16 10:41:30 AmirFx VIP signal new update is 4:19:29 AM last update is 0
2020-09-16 10:41:30 AmirFx VIP signal get new signal
2020-09-16 10:41:32 AmirFx VIP signal getting signal message started
2020-09-16 10:41:49 Eagl777 new update is 5:11:26 PM last update is 0
2020-09-16 10:41:49 Eagl777 get new signal
2020-09-16 10:41:51 Eagl777 getting signal message started
2020-09-16 10:42:06 WallstreetFXsignals new update is 8:07:48 AM last update is 0
2020-09-16 10:42:06 WallstreetFXsignals get new signal
2020-09-16 10:42:08 WallstreetFXsignals getting signal message started
2020-09-16 10:42:10 WallstreetFXsignals getting signal message successfully ended
2020-09-16 10:42:10 WallstreetFXsignals signal text is : Trade Alert! GOLD

SELL NOW@ 1940
Sl: 1950
Tp1: 1930
Tp2: 1920
2020-09-16 10:42:10  writting signal message started
2020-09-16 10:42:38 wolfofforexplus new update is 8:07:48 AM last update is 0
2020-09-16 10:42:38 wolfofforexplus get new signal
2020-09-16 10:42:40 wolfofforexplus getting signal message started
2020-09-16 10:42:50 light_forex new update is 10:10:45 PM last update is 0
2020-09-16 10:42:50 light_forex get new signal
2020-09-16 10:42:52 light_forex getting signal message started
2020-09-16 10:43:11 WSSignals new update is 10:10:45 PM last update is 0
2020-09-16 10:43:11 WSSignals get new signal
2020-09-16 10:43:13 WSSignals getting signal message started
2020-09-16 10:43:28 forexsignalzz new update is 6:55:36 PM last update is 6:55:36 PM
2020-09-16 10:43:28 forexsignalzz repeated signal
2020-09-16 10:43:41 amirFX_signal new update is 4:19:29 AM last update is 4:19:29 AM
2020-09-16 10:43:41 amirFX_signal repeated signal
2020-09-16 10:43:53 FOR3X_SIGNAL new update is 10:35:15 AM last update is 10:35:15 AM
2020-09-16 10:43:53 FOR3X_SIGNAL repeated signal
2020-09-16 10:44:08 AmirFx VIP signal new update is 4:19:29 AM last update is 4:19:29 AM
2020-09-16 10:44:08 AmirFx VIP signal repeated signal
2020-09-16 10:44:24 Eagl777 new update is 4:19:29 AM last update is 5:11:26 PM
2020-09-16 10:44:24 Eagl777 get new signal
2020-09-16 10:44:26 Eagl777 getting signal message started
2020-09-16 10:45:05 WallstreetFXsignals new update is 8:07:48 AM last update is 0
2020-09-16 10:45:05 WallstreetFXsignals get new signal
2020-09-16 10:45:07 WallstreetFXsignals getting signal message started
