2020-09-16 14:15:39 amirFX_signal new update is 1:59:11 PM last update is 0
2020-09-16 14:15:39 amirFX_signal get new signal
2020-09-16 14:15:41 amirFX_signal getting signal message started
2020-09-16 14:15:54 FOR3X_SIGNAL new update is 2:12:44 PM last update is 0
2020-09-16 14:15:54 FOR3X_SIGNAL get new signal
2020-09-16 14:15:56 FOR3X_SIGNAL getting signal message started
2020-09-16 14:15:58 FOR3X_SIGNAL getting signal message successfully ended
2020-09-16 14:15:58 FOR3X_SIGNAL signal text is : GOLD SELL 1967
SL 1986
TP 1902
2020-09-16 14:15:58  writting signal message started
2020-09-16 14:16:20 AmirFx VIP signal new update is 2:00:37 PM last update is 0
2020-09-16 14:16:20 AmirFx VIP signal get new signal
2020-09-16 14:16:22 AmirFx VIP signal getting signal message started
2020-09-16 14:16:35 Eagl777 new update is 5:11:26 PM last update is 0
2020-09-16 14:16:35 Eagl777 get new signal
2020-09-16 14:16:37 Eagl777 getting signal message started
2020-09-16 14:18:02 WallstreetFXsignals new update is 8:07:48 AM last update is 0
2020-09-16 14:18:02 WallstreetFXsignals get new signal
2020-09-16 14:18:04 WallstreetFXsignals getting signal message started
2020-09-16 14:18:17 wolfofforexplus new update is 11:13:51 AM last update is 0
2020-09-16 14:18:17 wolfofforexplus get new signal
2020-09-16 14:18:19 wolfofforexplus getting signal message started
2020-09-16 14:18:21 wolfofforexplus getting signal message successfully ended
2020-09-16 14:18:21 wolfofforexplus signal text is : #EURJPY
:chart_with_downwards_trend: SELL :125.36
:red_circle: STOP LOSS : hidden
:white_check_mark: TAKE PROFIT 1 : hidden
:white_check_mark: TAKE PROFIT 2 :
2020-09-16 14:18:30 light_forex new update is 1:54:50 PM last update is 0
2020-09-16 14:18:30 light_forex get new signal
2020-09-16 14:18:32 light_forex getting signal message started
2020-09-16 14:18:50 WSSignals new update is 1:54:50 PM last update is 0
2020-09-16 14:18:50 WSSignals get new signal
2020-09-16 14:18:52 WSSignals getting signal message started
2020-09-16 14:19:07 forexsignalzz new update is 6:55:36 PM last update is 0
2020-09-16 14:19:07 forexsignalzz get new signal
2020-09-16 14:19:09 forexsignalzz getting signal message started
2020-09-16 14:19:21 amirFX_signal new update is 1:59:11 PM last update is 1:59:11 PM
2020-09-16 14:19:21 amirFX_signal repeated signal
2020-09-16 14:19:32 FOR3X_SIGNAL new update is 2:12:44 PM last update is 2:12:44 PM
2020-09-16 14:19:32 FOR3X_SIGNAL repeated signal
2020-09-16 14:19:42 AmirFx VIP signal new update is 2:00:37 PM last update is 2:00:37 PM
2020-09-16 14:19:42 AmirFx VIP signal repeated signal
2020-09-16 14:19:53 Eagl777 new update is 5:11:26 PM last update is 5:11:26 PM
2020-09-16 14:19:53 Eagl777 repeated signal
2020-09-16 14:24:18 WallstreetFXsignals new update is 8:07:48 AM last update is 8:07:48 AM
2020-09-16 14:24:18 WallstreetFXsignals repeated signal
2020-09-16 14:24:29 wolfofforexplus new update is 11:13:51 AM last update is 11:13:51 AM
2020-09-16 14:24:29 wolfofforexplus repeated signal
2020-09-16 14:24:37 light_forex new update is 1:54:50 PM last update is 1:54:50 PM
2020-09-16 14:24:37 light_forex repeated signal
2020-09-16 14:24:53 WSSignals new update is 1:54:50 PM last update is 1:54:50 PM
2020-09-16 14:24:53 WSSignals repeated signal
2020-09-16 14:25:05 forexsignalzz new update is 6:55:36 PM last update is 6:55:36 PM
2020-09-16 14:25:05 forexsignalzz repeated signal
2020-09-16 14:25:15 amirFX_signal new update is 1:59:11 PM last update is 1:59:11 PM
2020-09-16 14:25:15 amirFX_signal repeated signal
2020-09-16 14:25:26 FOR3X_SIGNAL new update is 2:12:44 PM last update is 2:12:44 PM
2020-09-16 14:25:26 FOR3X_SIGNAL repeated signal
2020-09-16 14:25:36 AmirFx VIP signal new update is 2:00:37 PM last update is 2:00:37 PM
2020-09-16 14:25:36 AmirFx VIP signal repeated signal
2020-09-16 14:25:47 Eagl777 new update is 5:11:26 PM last update is 5:11:26 PM
2020-09-16 14:25:47 Eagl777 repeated signal
2020-09-16 14:26:24 WallstreetFXsignals new update is 8:07:48 AM last update is 8:07:48 AM
2020-09-16 14:26:24 WallstreetFXsignals repeated signal
2020-09-16 14:26:35 wolfofforexplus new update is 11:13:51 AM last update is 11:13:51 AM
2020-09-16 14:26:35 wolfofforexplus repeated signal
2020-09-16 14:26:43 light_forex new update is 1:54:50 PM last update is 1:54:50 PM
2020-09-16 14:26:43 light_forex repeated signal
2020-09-16 14:26:59 WSSignals new update is 1:54:50 PM last update is 1:54:50 PM
2020-09-16 14:26:59 WSSignals repeated signal
2020-09-16 14:27:11 forexsignalzz new update is 6:55:36 PM last update is 6:55:36 PM
2020-09-16 14:27:11 forexsignalzz repeated signal
2020-09-16 14:27:21 amirFX_signal new update is 1:59:11 PM last update is 1:59:11 PM
2020-09-16 14:27:21 amirFX_signal repeated signal
2020-09-16 14:27:32 FOR3X_SIGNAL new update is 2:12:44 PM last update is 2:12:44 PM
2020-09-16 14:27:32 FOR3X_SIGNAL repeated signal
2020-09-16 14:27:42 AmirFx VIP signal new update is 2:00:37 PM last update is 2:00:37 PM
2020-09-16 14:27:42 AmirFx VIP signal repeated signal
2020-09-16 14:27:53 Eagl777 new update is 5:11:26 PM last update is 5:11:26 PM
2020-09-16 14:27:53 Eagl777 repeated signal
2020-09-16 14:28:41 WallstreetFXsignals new update is 8:07:48 AM last update is 8:07:48 AM
2020-09-16 14:28:41 WallstreetFXsignals repeated signal
2020-09-16 14:28:52 wolfofforexplus new update is 11:13:51 AM last update is 11:13:51 AM
2020-09-16 14:28:52 wolfofforexplus repeated signal
2020-09-16 14:29:00 light_forex new update is 1:54:50 PM last update is 1:54:50 PM
2020-09-16 14:29:00 light_forex repeated signal
2020-09-16 14:29:16 WSSignals new update is 1:54:50 PM last update is 1:54:50 PM
2020-09-16 14:29:16 WSSignals repeated signal
2020-09-16 14:29:28 forexsignalzz new update is 6:55:36 PM last update is 6:55:36 PM
2020-09-16 14:29:28 forexsignalzz repeated signal
2020-09-16 14:29:38 amirFX_signal new update is 1:59:11 PM last update is 1:59:11 PM
2020-09-16 14:29:38 amirFX_signal repeated signal
2020-09-16 14:29:49 FOR3X_SIGNAL new update is 2:12:44 PM last update is 2:12:44 PM
2020-09-16 14:29:49 FOR3X_SIGNAL repeated signal
2020-09-16 14:29:59 AmirFx VIP signal new update is 2:00:37 PM last update is 2:00:37 PM
2020-09-16 14:29:59 AmirFx VIP signal repeated signal
2020-09-16 14:30:16 Eagl777 new update is 2:00:37 PM last update is 5:11:26 PM
