2020-09-15 21:54:35 error error
2020-09-15 21:54:57 debug farahad
2020-09-15 21:54:57 error error
2020-09-15 21:55:17 debug farahad
2020-09-15 21:55:17 error error
2020-09-15 22:04:40 debug farahad
2020-09-15 22:04:40 error error
2020-09-16 08:20:22 forexsignalzz new update is 6:55:36 PM last update is 0
2020-09-16 08:20:22 forexsignalzz get new signal
2020-09-16 08:20:24 forexsignalzz getting signal message started
2020-09-16 08:20:37 amirFX_signal new update is 4:19:29 AM last update is 0
2020-09-16 08:20:37 amirFX_signal get new signal
2020-09-16 08:20:39 amirFX_signal getting signal message started
2020-09-16 08:20:52 FOR3X_SIGNAL new update is 7:34:43 PM last update is 0
2020-09-16 08:20:52 FOR3X_SIGNAL get new signal
2020-09-16 08:20:54 FOR3X_SIGNAL getting signal message started
2020-09-16 08:21:06 AmirFx VIP signal new update is 4:19:29 AM last update is 0
2020-09-16 08:21:06 AmirFx VIP signal get new signal
2020-09-16 08:21:08 AmirFx VIP signal getting signal message started
2020-09-16 08:21:21 Eagl777 new update is 5:11:26 PM last update is 0
2020-09-16 08:21:21 Eagl777 get new signal
2020-09-16 08:21:23 Eagl777 getting signal message started
2020-09-16 08:21:36 WallstreetFXsignals new update is 8:07:48 AM last update is 0
2020-09-16 08:21:36 WallstreetFXsignals get new signal
2020-09-16 08:21:38 WallstreetFXsignals getting signal message started
2020-09-16 08:21:40 WallstreetFXsignals getting signal message successfully ended
2020-09-16 08:21:40 WallstreetFXsignals signal text is : Trade Alert! GOLD

SELL NOW@ 1940
Sl: 1950
Tp1: 1930
Tp2: 1920
2020-09-16 08:21:51 wolfofforexplus new update is 11:13:51 AM last update is 0
2020-09-16 08:21:51 wolfofforexplus get new signal
2020-09-16 08:21:53 wolfofforexplus getting signal message started
2020-09-16 08:22:04 light_forex new update is 10:10:45 PM last update is 0
2020-09-16 08:22:04 light_forex get new signal
2020-09-16 08:22:06 light_forex getting signal message started
2020-09-16 08:22:25 WSSignals new update is 10:10:45 PM last update is 0
2020-09-16 08:22:25 WSSignals get new signal
2020-09-16 08:22:27 WSSignals getting signal message started
2020-09-16 08:22:41 forexsignalzz new update is 6:55:36 PM last update is 6:55:36 PM
2020-09-16 08:22:41 forexsignalzz repeated signal
2020-09-16 08:22:51 amirFX_signal new update is 4:19:29 AM last update is 4:19:29 AM
2020-09-16 08:22:51 amirFX_signal repeated signal
2020-09-16 08:23:02 FOR3X_SIGNAL new update is 7:34:43 PM last update is 7:34:43 PM
2020-09-16 08:23:02 FOR3X_SIGNAL repeated signal
2020-09-16 08:23:13 AmirFx VIP signal new update is 4:19:29 AM last update is 4:19:29 AM
2020-09-16 08:23:13 AmirFx VIP signal repeated signal
2020-09-16 08:23:24 Eagl777 new update is 5:11:26 PM last update is 5:11:26 PM
2020-09-16 08:23:24 Eagl777 repeated signal
2020-09-16 08:23:35 WallstreetFXsignals new update is 8:07:48 AM last update is 8:07:48 AM
2020-09-16 08:23:35 WallstreetFXsignals repeated signal
2020-09-16 08:23:45 wolfofforexplus new update is 11:13:51 AM last update is 11:13:51 AM
2020-09-16 08:23:45 wolfofforexplus repeated signal
2020-09-16 08:23:54 light_forex new update is 10:10:45 PM last update is 10:10:45 PM
2020-09-16 08:23:54 light_forex repeated signal
2020-09-16 08:24:10 WSSignals new update is 10:10:45 PM last update is 10:10:45 PM
2020-09-16 08:24:10 WSSignals repeated signal
2020-09-16 08:24:22 forexsignalzz new update is 6:55:36 PM last update is 6:55:36 PM
2020-09-16 08:24:22 forexsignalzz repeated signal
2020-09-16 08:24:32 amirFX_signal new update is 4:19:29 AM last update is 4:19:29 AM
2020-09-16 08:24:32 amirFX_signal repeated signal
2020-09-16 08:24:43 FOR3X_SIGNAL new update is 7:34:43 PM last update is 7:34:43 PM
2020-09-16 08:24:43 FOR3X_SIGNAL repeated signal
2020-09-16 08:24:54 AmirFx VIP signal new update is 4:19:29 AM last update is 4:19:29 AM
2020-09-16 08:24:54 AmirFx VIP signal repeated signal
2020-09-16 08:25:05 Eagl777 new update is 5:11:26 PM last update is 5:11:26 PM
2020-09-16 08:25:05 Eagl777 repeated signal
2020-09-16 08:25:15 WallstreetFXsignals new update is 8:07:48 AM last update is 8:07:48 AM
2020-09-16 08:25:15 WallstreetFXsignals repeated signal
2020-09-16 08:25:26 wolfofforexplus new update is 11:13:51 AM last update is 11:13:51 AM
2020-09-16 08:25:26 wolfofforexplus repeated signal
2020-09-16 08:25:34 light_forex new update is 10:10:45 PM last update is 10:10:45 PM
2020-09-16 08:25:34 light_forex repeated signal
2020-09-16 08:25:51 WSSignals new update is 10:10:45 PM last update is 10:10:45 PM
2020-09-16 08:25:51 WSSignals repeated signal
2020-09-16 08:26:03 forexsignalzz new update is 6:55:36 PM last update is 6:55:36 PM
2020-09-16 08:26:03 forexsignalzz repeated signal
2020-09-16 08:26:13 amirFX_signal new update is 4:19:29 AM last update is 4:19:29 AM
2020-09-16 08:26:13 amirFX_signal repeated signal
2020-09-16 08:26:24 FOR3X_SIGNAL new update is 7:34:43 PM last update is 7:34:43 PM
2020-09-16 08:26:24 FOR3X_SIGNAL repeated signal
2020-09-16 08:26:36 AmirFx VIP signal new update is 4:19:29 AM last update is 4:19:29 AM
2020-09-16 08:26:36 AmirFx VIP signal repeated signal
2020-09-16 08:26:47 Eagl777 new update is 5:11:26 PM last update is 5:11:26 PM
2020-09-16 08:26:47 Eagl777 repeated signal
2020-09-16 08:26:58 WallstreetFXsignals new update is 8:07:48 AM last update is 8:07:48 AM
2020-09-16 08:26:58 WallstreetFXsignals repeated signal
2020-09-16 08:27:08 wolfofforexplus new update is 11:13:51 AM last update is 11:13:51 AM
2020-09-16 08:27:08 wolfofforexplus repeated signal
2020-09-16 08:27:17 light_forex new update is 10:10:45 PM last update is 10:10:45 PM
2020-09-16 08:27:17 light_forex repeated signal
2020-09-16 08:27:33 WSSignals new update is 10:10:45 PM last update is 10:10:45 PM
2020-09-16 08:27:33 WSSignals repeated signal
2020-09-16 08:27:45 forexsignalzz new update is 6:55:36 PM last update is 6:55:36 PM
2020-09-16 08:27:45 forexsignalzz repeated signal
2020-09-16 08:27:55 amirFX_signal new update is 4:19:29 AM last update is 4:19:29 AM
2020-09-16 08:27:55 amirFX_signal repeated signal
2020-09-16 08:28:06 FOR3X_SIGNAL new update is 7:34:43 PM last update is 7:34:43 PM
2020-09-16 08:28:06 FOR3X_SIGNAL repeated signal
2020-09-16 08:28:17 AmirFx VIP signal new update is 4:19:29 AM last update is 4:19:29 AM
2020-09-16 08:28:17 AmirFx VIP signal repeated signal
2020-09-16 08:28:29 Eagl777 new update is 5:11:26 PM last update is 5:11:26 PM
2020-09-16 08:28:29 Eagl777 repeated signal
2020-09-16 08:28:40 WallstreetFXsignals new update is 8:07:48 AM last update is 8:07:48 AM
2020-09-16 08:28:40 WallstreetFXsignals repeated signal
2020-09-16 08:28:50 wolfofforexplus new update is 11:13:51 AM last update is 11:13:51 AM
2020-09-16 08:28:50 wolfofforexplus repeated signal
2020-09-16 08:28:59 light_forex new update is 10:10:45 PM last update is 10:10:45 PM
2020-09-16 08:28:59 light_forex repeated signal
2020-09-16 08:29:15 WSSignals new update is 10:10:45 PM last update is 10:10:45 PM
2020-09-16 08:29:15 WSSignals repeated signal
2020-09-16 08:29:27 forexsignalzz new update is 6:55:36 PM last update is 6:55:36 PM
2020-09-16 08:29:27 forexsignalzz repeated signal
2020-09-16 08:29:38 amirFX_signal new update is 4:19:29 AM last update is 4:19:29 AM
2020-09-16 08:29:38 amirFX_signal repeated signal
2020-09-16 08:29:48 FOR3X_SIGNAL new update is 7:34:43 PM last update is 7:34:43 PM
2020-09-16 08:29:48 FOR3X_SIGNAL repeated signal
2020-09-16 08:29:59 AmirFx VIP signal new update is 4:19:29 AM last update is 4:19:29 AM
2020-09-16 08:29:59 AmirFx VIP signal repeated signal
2020-09-16 08:30:10 Eagl777 new update is 5:11:26 PM last update is 5:11:26 PM
2020-09-16 08:30:10 Eagl777 repeated signal
2020-09-16 08:30:21 WallstreetFXsignals new update is 8:07:48 AM last update is 8:07:48 AM
2020-09-16 08:30:21 WallstreetFXsignals repeated signal
2020-09-16 08:30:31 wolfofforexplus new update is 11:13:51 AM last update is 11:13:51 AM
2020-09-16 08:30:31 wolfofforexplus repeated signal
2020-09-16 08:30:40 light_forex new update is 10:10:45 PM last update is 10:10:45 PM
2020-09-16 08:30:40 light_forex repeated signal
2020-09-16 08:30:56 WSSignals new update is 10:10:45 PM last update is 10:10:45 PM
2020-09-16 08:30:56 WSSignals repeated signal
2020-09-16 08:31:08 forexsignalzz new update is 6:55:36 PM last update is 6:55:36 PM
2020-09-16 08:31:08 forexsignalzz repeated signal
2020-09-16 08:31:19 amirFX_signal new update is 4:19:29 AM last update is 4:19:29 AM
2020-09-16 08:31:19 amirFX_signal repeated signal
2020-09-16 08:31:29 FOR3X_SIGNAL new update is 7:34:43 PM last update is 7:34:43 PM
2020-09-16 08:31:29 FOR3X_SIGNAL repeated signal
2020-09-16 08:31:40 AmirFx VIP signal new update is 4:19:29 AM last update is 4:19:29 AM
2020-09-16 08:31:40 AmirFx VIP signal repeated signal
2020-09-16 08:31:51 Eagl777 new update is 5:11:26 PM last update is 5:11:26 PM
2020-09-16 08:31:51 Eagl777 repeated signal
2020-09-16 08:32:01 WallstreetFXsignals new update is 8:07:48 AM last update is 8:07:48 AM
2020-09-16 08:32:01 WallstreetFXsignals repeated signal
2020-09-16 08:32:12 wolfofforexplus new update is 11:13:51 AM last update is 11:13:51 AM
2020-09-16 08:32:12 wolfofforexplus repeated signal
2020-09-16 08:32:20 light_forex new update is 10:10:45 PM last update is 10:10:45 PM
2020-09-16 08:32:20 light_forex repeated signal
2020-09-16 08:32:37 WSSignals new update is 10:10:45 PM last update is 10:10:45 PM
2020-09-16 08:32:37 WSSignals repeated signal
2020-09-16 08:32:48 forexsignalzz new update is 6:55:36 PM last update is 6:55:36 PM
2020-09-16 08:32:48 forexsignalzz repeated signal
2020-09-16 08:32:59 amirFX_signal new update is 4:19:29 AM last update is 4:19:29 AM
2020-09-16 08:32:59 amirFX_signal repeated signal
2020-09-16 08:33:10 FOR3X_SIGNAL new update is 7:34:43 PM last update is 7:34:43 PM
2020-09-16 08:33:10 FOR3X_SIGNAL repeated signal
2020-09-16 08:33:22 AmirFx VIP signal new update is 4:19:29 AM last update is 4:19:29 AM
2020-09-16 08:33:22 AmirFx VIP signal repeated signal
2020-09-16 08:33:33 Eagl777 new update is 5:11:26 PM last update is 5:11:26 PM
2020-09-16 08:33:33 Eagl777 repeated signal
2020-09-16 08:33:44 WallstreetFXsignals new update is 8:07:48 AM last update is 8:07:48 AM
2020-09-16 08:33:44 WallstreetFXsignals repeated signal
2020-09-16 08:33:54 wolfofforexplus new update is 11:13:51 AM last update is 11:13:51 AM
2020-09-16 08:33:54 wolfofforexplus repeated signal
2020-09-16 08:34:03 light_forex new update is 10:10:45 PM last update is 10:10:45 PM
2020-09-16 08:34:03 light_forex repeated signal
2020-09-16 08:34:19 WSSignals new update is 10:10:45 PM last update is 10:10:45 PM
2020-09-16 08:34:19 WSSignals repeated signal
2020-09-16 08:34:37 forexsignalzz new update is 10:10:45 PM last update is 6:55:36 PM
2020-09-16 08:34:37 forexsignalzz get new signal
2020-09-16 08:34:39 forexsignalzz getting signal message started
2020-09-16 08:34:58 amirFX_signal new update is 10:10:45 PM last update is 4:19:29 AM
2020-09-16 08:34:58 amirFX_signal get new signal
2020-09-16 08:35:00 amirFX_signal getting signal message started
2020-09-16 08:35:19 FOR3X_SIGNAL new update is 10:10:45 PM last update is 7:34:43 PM
2020-09-16 08:35:19 FOR3X_SIGNAL get new signal
2020-09-16 08:35:21 FOR3X_SIGNAL getting signal message started
2020-09-16 08:35:40 AmirFx VIP signal new update is 10:10:45 PM last update is 4:19:29 AM
2020-09-16 08:35:40 AmirFx VIP signal get new signal
2020-09-16 08:35:42 AmirFx VIP signal getting signal message started
2020-09-16 08:36:01 Eagl777 new update is 10:10:45 PM last update is 5:11:26 PM
2020-09-16 08:36:01 Eagl777 get new signal
2020-09-16 08:36:03 Eagl777 getting signal message started
2020-09-16 08:36:22 WallstreetFXsignals new update is 10:10:45 PM last update is 8:07:48 AM
2020-09-16 08:36:22 WallstreetFXsignals get new signal
2020-09-16 08:36:24 WallstreetFXsignals getting signal message started
2020-09-16 08:36:43 wolfofforexplus new update is 10:10:45 PM last update is 11:13:51 AM
2020-09-16 08:36:43 wolfofforexplus get new signal
2020-09-16 08:36:45 wolfofforexplus getting signal message started
2020-09-16 08:36:57 light_forex new update is 10:10:45 PM last update is 10:10:45 PM
2020-09-16 08:36:57 light_forex repeated signal
2020-09-16 08:37:13 WSSignals new update is 10:10:45 PM last update is 10:10:45 PM
2020-09-16 08:37:13 WSSignals repeated signal
2020-09-16 08:37:31 forexsignalzz new update is 10:10:45 PM last update is 10:10:45 PM
2020-09-16 08:37:31 forexsignalzz repeated signal
2020-09-16 08:37:47 amirFX_signal new update is 10:10:45 PM last update is 10:10:45 PM
2020-09-16 08:37:47 amirFX_signal repeated signal
2020-09-16 08:38:04 FOR3X_SIGNAL new update is 10:10:45 PM last update is 10:10:45 PM
2020-09-16 08:38:04 FOR3X_SIGNAL repeated signal
2020-09-16 08:38:20 AmirFx VIP signal new update is 10:10:45 PM last update is 10:10:45 PM
2020-09-16 08:38:20 AmirFx VIP signal repeated signal
2020-09-16 08:38:37 Eagl777 new update is 10:10:45 PM last update is 10:10:45 PM
2020-09-16 08:38:37 Eagl777 repeated signal
2020-09-16 08:38:54 WallstreetFXsignals new update is 10:10:45 PM last update is 10:10:45 PM
2020-09-16 08:38:54 WallstreetFXsignals repeated signal
2020-09-16 08:39:10 wolfofforexplus new update is 10:10:45 PM last update is 10:10:45 PM
2020-09-16 08:39:10 wolfofforexplus repeated signal
2020-09-16 08:39:19 light_forex new update is 10:10:45 PM last update is 10:10:45 PM
2020-09-16 08:39:19 light_forex repeated signal
2020-09-16 08:39:36 WSSignals new update is 10:10:45 PM last update is 10:10:45 PM
2020-09-16 08:39:36 WSSignals repeated signal
2020-09-16 08:39:54 forexsignalzz new update is 10:10:45 PM last update is 10:10:45 PM
2020-09-16 08:39:54 forexsignalzz repeated signal
2020-09-16 08:40:10 amirFX_signal new update is 10:10:45 PM last update is 10:10:45 PM
2020-09-16 08:40:10 amirFX_signal repeated signal
2020-09-16 08:40:27 FOR3X_SIGNAL new update is 10:10:45 PM last update is 10:10:45 PM
2020-09-16 08:40:27 FOR3X_SIGNAL repeated signal
2020-09-16 08:40:44 AmirFx VIP signal new update is 10:10:45 PM last update is 10:10:45 PM
2020-09-16 08:40:44 AmirFx VIP signal repeated signal
2020-09-16 08:41:00 Eagl777 new update is 10:10:45 PM last update is 10:10:45 PM
2020-09-16 08:41:00 Eagl777 repeated signal
2020-09-16 08:41:17 WallstreetFXsignals new update is 10:10:45 PM last update is 10:10:45 PM
2020-09-16 08:41:17 WallstreetFXsignals repeated signal
2020-09-16 08:41:33 wolfofforexplus new update is 10:10:45 PM last update is 10:10:45 PM
2020-09-16 08:41:33 wolfofforexplus repeated signal
2020-09-16 08:41:42 light_forex new update is 10:10:45 PM last update is 10:10:45 PM
2020-09-16 08:41:42 light_forex repeated signal
2020-09-16 08:41:59 WSSignals new update is 10:10:45 PM last update is 10:10:45 PM
2020-09-16 08:41:59 WSSignals repeated signal
2020-09-16 08:42:17 forexsignalzz new update is 10:10:45 PM last update is 10:10:45 PM
2020-09-16 08:42:17 forexsignalzz repeated signal
2020-09-16 08:42:33 amirFX_signal new update is 10:10:45 PM last update is 10:10:45 PM
2020-09-16 08:42:33 amirFX_signal repeated signal
2020-09-16 08:42:50 FOR3X_SIGNAL new update is 10:10:45 PM last update is 10:10:45 PM
2020-09-16 08:42:50 FOR3X_SIGNAL repeated signal
2020-09-16 08:43:06 AmirFx VIP signal new update is 10:10:45 PM last update is 10:10:45 PM
2020-09-16 08:43:06 AmirFx VIP signal repeated signal
2020-09-16 08:43:23 Eagl777 new update is 10:10:45 PM last update is 10:10:45 PM
2020-09-16 08:43:23 Eagl777 repeated signal
2020-09-16 08:43:39 WallstreetFXsignals new update is 10:10:45 PM last update is 10:10:45 PM
2020-09-16 08:43:39 WallstreetFXsignals repeated signal
2020-09-16 08:43:56 wolfofforexplus new update is 10:10:45 PM last update is 10:10:45 PM
2020-09-16 08:43:56 wolfofforexplus repeated signal
2020-09-16 08:44:05 light_forex new update is 10:10:45 PM last update is 10:10:45 PM
2020-09-16 08:44:05 light_forex repeated signal
2020-09-16 08:44:22 WSSignals new update is 10:10:45 PM last update is 10:10:45 PM
2020-09-16 08:44:22 WSSignals repeated signal
2020-09-16 08:44:39 forexsignalzz new update is 10:10:45 PM last update is 10:10:45 PM
2020-09-16 08:44:39 forexsignalzz repeated signal
2020-09-16 08:44:56 amirFX_signal new update is 10:10:45 PM last update is 10:10:45 PM
2020-09-16 08:44:56 amirFX_signal repeated signal
2020-09-16 08:45:13 FOR3X_SIGNAL new update is 10:10:45 PM last update is 10:10:45 PM
2020-09-16 08:45:13 FOR3X_SIGNAL repeated signal
2020-09-16 08:45:29 AmirFx VIP signal new update is 10:10:45 PM last update is 10:10:45 PM
2020-09-16 08:45:29 AmirFx VIP signal repeated signal
2020-09-16 08:45:46 Eagl777 new update is 10:10:45 PM last update is 10:10:45 PM
2020-09-16 08:45:46 Eagl777 repeated signal
2020-09-16 08:46:02 WallstreetFXsignals new update is 10:10:45 PM last update is 10:10:45 PM
2020-09-16 08:46:02 WallstreetFXsignals repeated signal
2020-09-16 08:46:19 wolfofforexplus new update is 10:10:45 PM last update is 10:10:45 PM
2020-09-16 08:46:19 wolfofforexplus repeated signal
2020-09-16 08:46:28 light_forex new update is 10:10:45 PM last update is 10:10:45 PM
2020-09-16 08:46:28 light_forex repeated signal
2020-09-16 08:46:44 WSSignals new update is 10:10:45 PM last update is 10:10:45 PM
2020-09-16 08:46:44 WSSignals repeated signal
2020-09-16 08:47:02 forexsignalzz new update is 10:10:45 PM last update is 10:10:45 PM
2020-09-16 08:47:02 forexsignalzz repeated signal
2020-09-16 08:47:19 amirFX_signal new update is 10:10:45 PM last update is 10:10:45 PM
2020-09-16 08:47:19 amirFX_signal repeated signal
2020-09-16 08:47:35 FOR3X_SIGNAL new update is 10:10:45 PM last update is 10:10:45 PM
2020-09-16 08:47:35 FOR3X_SIGNAL repeated signal
2020-09-16 08:47:52 AmirFx VIP signal new update is 10:10:45 PM last update is 10:10:45 PM
2020-09-16 08:47:52 AmirFx VIP signal repeated signal
2020-09-16 08:48:08 Eagl777 new update is 10:10:45 PM last update is 10:10:45 PM
2020-09-16 08:48:08 Eagl777 repeated signal
2020-09-16 08:48:25 WallstreetFXsignals new update is 10:10:45 PM last update is 10:10:45 PM
2020-09-16 08:48:25 WallstreetFXsignals repeated signal
2020-09-16 08:48:42 wolfofforexplus new update is 10:10:45 PM last update is 10:10:45 PM
2020-09-16 08:48:42 wolfofforexplus repeated signal
2020-09-16 08:48:51 light_forex new update is 10:10:45 PM last update is 10:10:45 PM
2020-09-16 08:48:51 light_forex repeated signal
2020-09-16 08:49:07 WSSignals new update is 10:10:45 PM last update is 10:10:45 PM
2020-09-16 08:49:07 WSSignals repeated signal
2020-09-16 08:49:25 forexsignalzz new update is 10:10:45 PM last update is 10:10:45 PM
2020-09-16 08:49:25 forexsignalzz repeated signal
2020-09-16 08:49:42 amirFX_signal new update is 10:10:45 PM last update is 10:10:45 PM
2020-09-16 08:49:42 amirFX_signal repeated signal
2020-09-16 08:49:58 FOR3X_SIGNAL new update is 10:10:45 PM last update is 10:10:45 PM
2020-09-16 08:49:58 FOR3X_SIGNAL repeated signal
2020-09-16 08:50:15 AmirFx VIP signal new update is 10:10:45 PM last update is 10:10:45 PM
2020-09-16 08:50:15 AmirFx VIP signal repeated signal
2020-09-16 08:50:31 Eagl777 new update is 10:10:45 PM last update is 10:10:45 PM
2020-09-16 08:50:31 Eagl777 repeated signal
2020-09-16 08:50:48 WallstreetFXsignals new update is 10:10:45 PM last update is 10:10:45 PM
2020-09-16 08:50:48 WallstreetFXsignals repeated signal
2020-09-16 08:51:04 wolfofforexplus new update is 10:10:45 PM last update is 10:10:45 PM
2020-09-16 08:51:04 wolfofforexplus repeated signal
2020-09-16 08:51:14 light_forex new update is 10:10:45 PM last update is 10:10:45 PM
2020-09-16 08:51:14 light_forex repeated signal
2020-09-16 08:51:31 WSSignals new update is 10:10:45 PM last update is 10:10:45 PM
2020-09-16 08:51:31 WSSignals repeated signal
2020-09-16 08:51:48 forexsignalzz new update is 10:10:45 PM last update is 10:10:45 PM
2020-09-16 08:51:48 forexsignalzz repeated signal
2020-09-16 08:52:05 amirFX_signal new update is 10:10:45 PM last update is 10:10:45 PM
2020-09-16 08:52:05 amirFX_signal repeated signal
2020-09-16 08:52:22 FOR3X_SIGNAL new update is 10:10:45 PM last update is 10:10:45 PM
2020-09-16 08:52:22 FOR3X_SIGNAL repeated signal
2020-09-16 08:52:38 AmirFx VIP signal new update is 10:10:45 PM last update is 10:10:45 PM
2020-09-16 08:52:38 AmirFx VIP signal repeated signal
2020-09-16 08:52:55 Eagl777 new update is 10:10:45 PM last update is 10:10:45 PM
2020-09-16 08:52:55 Eagl777 repeated signal
2020-09-16 08:53:11 WallstreetFXsignals new update is 10:10:45 PM last update is 10:10:45 PM
2020-09-16 08:53:11 WallstreetFXsignals repeated signal
2020-09-16 08:53:28 wolfofforexplus new update is 10:10:45 PM last update is 10:10:45 PM
2020-09-16 08:53:28 wolfofforexplus repeated signal
2020-09-16 08:53:37 light_forex new update is 10:10:45 PM last update is 10:10:45 PM
2020-09-16 08:53:37 light_forex repeated signal
2020-09-16 08:53:54 WSSignals new update is 10:10:45 PM last update is 10:10:45 PM
2020-09-16 08:53:54 WSSignals repeated signal
2020-09-16 08:54:11 forexsignalzz new update is 10:10:45 PM last update is 10:10:45 PM
2020-09-16 08:54:11 forexsignalzz repeated signal
2020-09-16 08:54:28 amirFX_signal new update is 10:10:45 PM last update is 10:10:45 PM
2020-09-16 08:54:28 amirFX_signal repeated signal
2020-09-16 08:54:45 FOR3X_SIGNAL new update is 10:10:45 PM last update is 10:10:45 PM
2020-09-16 08:54:45 FOR3X_SIGNAL repeated signal
2020-09-16 08:55:01 AmirFx VIP signal new update is 10:10:45 PM last update is 10:10:45 PM
2020-09-16 08:55:01 AmirFx VIP signal repeated signal
2020-09-16 08:55:18 Eagl777 new update is 10:10:45 PM last update is 10:10:45 PM
2020-09-16 08:55:18 Eagl777 repeated signal
2020-09-16 08:55:34 WallstreetFXsignals new update is 10:10:45 PM last update is 10:10:45 PM
2020-09-16 08:55:34 WallstreetFXsignals repeated signal
2020-09-16 08:55:51 wolfofforexplus new update is 10:10:45 PM last update is 10:10:45 PM
2020-09-16 08:55:51 wolfofforexplus repeated signal
2020-09-16 08:56:00 light_forex new update is 10:10:45 PM last update is 10:10:45 PM
2020-09-16 08:56:00 light_forex repeated signal
2020-09-16 08:56:17 WSSignals new update is 10:10:45 PM last update is 10:10:45 PM
2020-09-16 08:56:17 WSSignals repeated signal
2020-09-16 08:56:34 forexsignalzz new update is 10:10:45 PM last update is 10:10:45 PM
2020-09-16 08:56:34 forexsignalzz repeated signal
2020-09-16 08:56:51 amirFX_signal new update is 10:10:45 PM last update is 10:10:45 PM
2020-09-16 08:56:51 amirFX_signal repeated signal
2020-09-16 08:57:08 FOR3X_SIGNAL new update is 10:10:45 PM last update is 10:10:45 PM
2020-09-16 08:57:08 FOR3X_SIGNAL repeated signal
2020-09-16 08:57:24 AmirFx VIP signal new update is 10:10:45 PM last update is 10:10:45 PM
2020-09-16 08:57:24 AmirFx VIP signal repeated signal
2020-09-16 08:57:41 Eagl777 new update is 10:10:45 PM last update is 10:10:45 PM
2020-09-16 08:57:41 Eagl777 repeated signal
2020-09-16 08:57:57 WallstreetFXsignals new update is 10:10:45 PM last update is 10:10:45 PM
2020-09-16 08:57:57 WallstreetFXsignals repeated signal
2020-09-16 08:58:14 wolfofforexplus new update is 10:10:45 PM last update is 10:10:45 PM
2020-09-16 08:58:14 wolfofforexplus repeated signal
2020-09-16 08:58:23 light_forex new update is 10:10:45 PM last update is 10:10:45 PM
2020-09-16 08:58:23 light_forex repeated signal
2020-09-16 08:58:39 WSSignals new update is 10:10:45 PM last update is 10:10:45 PM
2020-09-16 08:58:39 WSSignals repeated signal
2020-09-16 08:58:57 forexsignalzz new update is 10:10:45 PM last update is 10:10:45 PM
2020-09-16 08:58:57 forexsignalzz repeated signal
2020-09-16 08:59:14 amirFX_signal new update is 10:10:45 PM last update is 10:10:45 PM
2020-09-16 08:59:14 amirFX_signal repeated signal
2020-09-16 08:59:30 FOR3X_SIGNAL new update is 10:10:45 PM last update is 10:10:45 PM
2020-09-16 08:59:30 FOR3X_SIGNAL repeated signal
2020-09-16 08:59:47 AmirFx VIP signal new update is 10:10:45 PM last update is 10:10:45 PM
2020-09-16 08:59:47 AmirFx VIP signal repeated signal
2020-09-16 09:00:04 Eagl777 new update is 10:10:45 PM last update is 10:10:45 PM
2020-09-16 09:00:04 Eagl777 repeated signal
2020-09-16 09:00:20 WallstreetFXsignals new update is 10:10:45 PM last update is 10:10:45 PM
2020-09-16 09:00:20 WallstreetFXsignals repeated signal
2020-09-16 09:00:37 wolfofforexplus new update is 10:10:45 PM last update is 10:10:45 PM
2020-09-16 09:00:37 wolfofforexplus repeated signal
2020-09-16 09:00:46 light_forex new update is 10:10:45 PM last update is 10:10:45 PM
2020-09-16 09:00:46 light_forex repeated signal
2020-09-16 09:01:02 WSSignals new update is 10:10:45 PM last update is 10:10:45 PM
2020-09-16 09:01:02 WSSignals repeated signal
2020-09-16 09:01:20 forexsignalzz new update is 10:10:45 PM last update is 10:10:45 PM
2020-09-16 09:01:20 forexsignalzz repeated signal
2020-09-16 09:01:37 amirFX_signal new update is 10:10:45 PM last update is 10:10:45 PM
2020-09-16 09:01:37 amirFX_signal repeated signal
2020-09-16 09:01:53 FOR3X_SIGNAL new update is 10:10:45 PM last update is 10:10:45 PM
2020-09-16 09:01:53 FOR3X_SIGNAL repeated signal
2020-09-16 09:02:10 AmirFx VIP signal new update is 10:10:45 PM last update is 10:10:45 PM
2020-09-16 09:02:10 AmirFx VIP signal repeated signal
2020-09-16 09:02:27 Eagl777 new update is 10:10:45 PM last update is 10:10:45 PM
2020-09-16 09:02:27 Eagl777 repeated signal
2020-09-16 09:02:43 WallstreetFXsignals new update is 10:10:45 PM last update is 10:10:45 PM
2020-09-16 09:02:43 WallstreetFXsignals repeated signal
2020-09-16 09:03:00 wolfofforexplus new update is 10:10:45 PM last update is 10:10:45 PM
2020-09-16 09:03:00 wolfofforexplus repeated signal
2020-09-16 09:03:09 light_forex new update is 10:10:45 PM last update is 10:10:45 PM
2020-09-16 09:03:09 light_forex repeated signal
2020-09-16 09:03:25 WSSignals new update is 10:10:45 PM last update is 10:10:45 PM
2020-09-16 09:03:25 WSSignals repeated signal
2020-09-16 09:03:43 forexsignalzz new update is 10:10:45 PM last update is 10:10:45 PM
2020-09-16 09:03:43 forexsignalzz repeated signal
2020-09-16 09:04:00 amirFX_signal new update is 10:10:45 PM last update is 10:10:45 PM
2020-09-16 09:04:00 amirFX_signal repeated signal
2020-09-16 09:04:16 FOR3X_SIGNAL new update is 10:10:45 PM last update is 10:10:45 PM
2020-09-16 09:04:16 FOR3X_SIGNAL repeated signal
2020-09-16 09:04:33 AmirFx VIP signal new update is 10:10:45 PM last update is 10:10:45 PM
2020-09-16 09:04:33 AmirFx VIP signal repeated signal
2020-09-16 09:04:49 Eagl777 new update is 10:10:45 PM last update is 10:10:45 PM
2020-09-16 09:04:49 Eagl777 repeated signal
2020-09-16 09:05:06 WallstreetFXsignals new update is 10:10:45 PM last update is 10:10:45 PM
2020-09-16 09:05:06 WallstreetFXsignals repeated signal
2020-09-16 09:05:23 wolfofforexplus new update is 10:10:45 PM last update is 10:10:45 PM
2020-09-16 09:05:23 wolfofforexplus repeated signal
2020-09-16 09:05:32 light_forex new update is 10:10:45 PM last update is 10:10:45 PM
2020-09-16 09:05:32 light_forex repeated signal
2020-09-16 09:05:48 WSSignals new update is 10:10:45 PM last update is 10:10:45 PM
2020-09-16 09:05:48 WSSignals repeated signal
2020-09-16 09:06:06 forexsignalzz new update is 10:10:45 PM last update is 10:10:45 PM
2020-09-16 09:06:06 forexsignalzz repeated signal
2020-09-16 09:06:23 amirFX_signal new update is 10:10:45 PM last update is 10:10:45 PM
2020-09-16 09:06:23 amirFX_signal repeated signal
2020-09-16 09:06:39 FOR3X_SIGNAL new update is 10:10:45 PM last update is 10:10:45 PM
2020-09-16 09:06:39 FOR3X_SIGNAL repeated signal
2020-09-16 09:06:56 AmirFx VIP signal new update is 10:10:45 PM last update is 10:10:45 PM
2020-09-16 09:06:56 AmirFx VIP signal repeated signal
2020-09-16 09:07:12 Eagl777 new update is 10:10:45 PM last update is 10:10:45 PM
2020-09-16 09:07:12 Eagl777 repeated signal
2020-09-16 09:07:29 WallstreetFXsignals new update is 10:10:45 PM last update is 10:10:45 PM
2020-09-16 09:07:29 WallstreetFXsignals repeated signal
2020-09-16 09:07:46 wolfofforexplus new update is 10:10:45 PM last update is 10:10:45 PM
2020-09-16 09:07:46 wolfofforexplus repeated signal
2020-09-16 09:07:55 light_forex new update is 10:10:45 PM last update is 10:10:45 PM
2020-09-16 09:07:55 light_forex repeated signal
2020-09-16 09:08:11 WSSignals new update is 10:10:45 PM last update is 10:10:45 PM
2020-09-16 09:08:11 WSSignals repeated signal
2020-09-16 09:08:29 forexsignalzz new update is 10:10:45 PM last update is 10:10:45 PM
2020-09-16 09:08:29 forexsignalzz repeated signal
2020-09-16 09:08:46 amirFX_signal new update is 10:10:45 PM last update is 10:10:45 PM
2020-09-16 09:08:46 amirFX_signal repeated signal
2020-09-16 09:09:02 FOR3X_SIGNAL new update is 10:10:45 PM last update is 10:10:45 PM
2020-09-16 09:09:02 FOR3X_SIGNAL repeated signal
2020-09-16 09:09:19 AmirFx VIP signal new update is 10:10:45 PM last update is 10:10:45 PM
2020-09-16 09:09:19 AmirFx VIP signal repeated signal
2020-09-16 09:09:35 Eagl777 new update is 10:10:45 PM last update is 10:10:45 PM
2020-09-16 09:09:35 Eagl777 repeated signal
2020-09-16 09:09:52 WallstreetFXsignals new update is 10:10:45 PM last update is 10:10:45 PM
2020-09-16 09:09:52 WallstreetFXsignals repeated signal
2020-09-16 09:10:09 wolfofforexplus new update is 10:10:45 PM last update is 10:10:45 PM
2020-09-16 09:10:09 wolfofforexplus repeated signal
2020-09-16 09:10:18 light_forex new update is 10:10:45 PM last update is 10:10:45 PM
2020-09-16 09:10:18 light_forex repeated signal
2020-09-16 09:10:34 WSSignals new update is 10:10:45 PM last update is 10:10:45 PM
2020-09-16 09:10:34 WSSignals repeated signal
2020-09-16 09:10:52 forexsignalzz new update is 10:10:45 PM last update is 10:10:45 PM
2020-09-16 09:10:52 forexsignalzz repeated signal
2020-09-16 09:11:09 amirFX_signal new update is 10:10:45 PM last update is 10:10:45 PM
2020-09-16 09:11:09 amirFX_signal repeated signal
2020-09-16 09:11:25 FOR3X_SIGNAL new update is 10:10:45 PM last update is 10:10:45 PM
2020-09-16 09:11:25 FOR3X_SIGNAL repeated signal
2020-09-16 09:11:42 AmirFx VIP signal new update is 10:10:45 PM last update is 10:10:45 PM
2020-09-16 09:11:42 AmirFx VIP signal repeated signal
2020-09-16 09:11:58 Eagl777 new update is 10:10:45 PM last update is 10:10:45 PM
2020-09-16 09:11:58 Eagl777 repeated signal
2020-09-16 09:12:15 WallstreetFXsignals new update is 10:10:45 PM last update is 10:10:45 PM
2020-09-16 09:12:15 WallstreetFXsignals repeated signal
2020-09-16 09:12:32 wolfofforexplus new update is 10:10:45 PM last update is 10:10:45 PM
2020-09-16 09:12:32 wolfofforexplus repeated signal
2020-09-16 09:12:41 light_forex new update is 10:10:45 PM last update is 10:10:45 PM
2020-09-16 09:12:41 light_forex repeated signal
2020-09-16 09:12:57 WSSignals new update is 10:10:45 PM last update is 10:10:45 PM
2020-09-16 09:12:57 WSSignals repeated signal
2020-09-16 09:13:15 forexsignalzz new update is 10:10:45 PM last update is 10:10:45 PM
2020-09-16 09:13:15 forexsignalzz repeated signal
2020-09-16 09:13:31 amirFX_signal new update is 10:10:45 PM last update is 10:10:45 PM
2020-09-16 09:13:31 amirFX_signal repeated signal
2020-09-16 09:13:48 FOR3X_SIGNAL new update is 10:10:45 PM last update is 10:10:45 PM
2020-09-16 09:13:48 FOR3X_SIGNAL repeated signal
2020-09-16 09:14:05 AmirFx VIP signal new update is 10:10:45 PM last update is 10:10:45 PM
2020-09-16 09:14:05 AmirFx VIP signal repeated signal
2020-09-16 09:14:21 Eagl777 new update is 10:10:45 PM last update is 10:10:45 PM
2020-09-16 09:14:21 Eagl777 repeated signal
2020-09-16 09:14:38 WallstreetFXsignals new update is 10:10:45 PM last update is 10:10:45 PM
2020-09-16 09:14:38 WallstreetFXsignals repeated signal
2020-09-16 09:14:54 wolfofforexplus new update is 10:10:45 PM last update is 10:10:45 PM
2020-09-16 09:14:54 wolfofforexplus repeated signal
2020-09-16 09:15:04 light_forex new update is 10:10:45 PM last update is 10:10:45 PM
2020-09-16 09:15:04 light_forex repeated signal
2020-09-16 09:15:20 WSSignals new update is 10:10:45 PM last update is 10:10:45 PM
2020-09-16 09:15:20 WSSignals repeated signal
2020-09-16 09:15:38 forexsignalzz new update is 10:10:45 PM last update is 10:10:45 PM
2020-09-16 09:15:38 forexsignalzz repeated signal
2020-09-16 09:15:54 amirFX_signal new update is 10:10:45 PM last update is 10:10:45 PM
2020-09-16 09:15:54 amirFX_signal repeated signal
2020-09-16 09:16:11 FOR3X_SIGNAL new update is 10:10:45 PM last update is 10:10:45 PM
2020-09-16 09:16:11 FOR3X_SIGNAL repeated signal
2020-09-16 09:16:28 AmirFx VIP signal new update is 10:10:45 PM last update is 10:10:45 PM
2020-09-16 09:16:28 AmirFx VIP signal repeated signal
2020-09-16 09:16:44 Eagl777 new update is 10:10:45 PM last update is 10:10:45 PM
2020-09-16 09:16:44 Eagl777 repeated signal
2020-09-16 09:17:00 WallstreetFXsignals new update is 10:10:45 PM last update is 10:10:45 PM
2020-09-16 09:17:00 WallstreetFXsignals repeated signal
2020-09-16 09:17:17 wolfofforexplus new update is 10:10:45 PM last update is 10:10:45 PM
2020-09-16 09:17:17 wolfofforexplus repeated signal
2020-09-16 09:17:26 light_forex new update is 10:10:45 PM last update is 10:10:45 PM
2020-09-16 09:17:26 light_forex repeated signal
2020-09-16 09:17:42 WSSignals new update is 10:10:45 PM last update is 10:10:45 PM
2020-09-16 09:17:42 WSSignals repeated signal
2020-09-16 09:17:58 forexsignalzz new update is 6:55:36 PM last update is 10:10:45 PM
2020-09-16 09:17:58 forexsignalzz get new signal
2020-09-16 09:18:00 forexsignalzz getting signal message started
2020-09-16 09:18:19 amirFX_signal new update is 6:55:36 PM last update is 10:10:45 PM
2020-09-16 09:18:19 amirFX_signal get new signal
2020-09-16 09:18:21 amirFX_signal getting signal message started
2020-09-16 09:18:40 FOR3X_SIGNAL new update is 6:55:36 PM last update is 10:10:45 PM
2020-09-16 09:18:40 FOR3X_SIGNAL get new signal
2020-09-16 09:18:42 FOR3X_SIGNAL getting signal message started
2020-09-16 09:19:00 AmirFx VIP signal new update is 4:19:29 AM last update is 10:10:45 PM
2020-09-16 09:19:00 AmirFx VIP signal get new signal
2020-09-16 09:19:02 AmirFx VIP signal getting signal message started
2020-09-16 09:19:21 Eagl777 new update is 5:11:26 PM last update is 10:10:45 PM
2020-09-16 09:19:21 Eagl777 get new signal
2020-09-16 09:19:23 Eagl777 getting signal message started
2020-09-16 09:19:42 WallstreetFXsignals new update is 5:11:26 PM last update is 10:10:45 PM
2020-09-16 09:19:42 WallstreetFXsignals get new signal
2020-09-16 09:19:44 WallstreetFXsignals getting signal message started
2020-09-16 09:20:03 wolfofforexplus new update is 5:11:26 PM last update is 10:10:45 PM
2020-09-16 09:20:03 wolfofforexplus get new signal
2020-09-16 09:20:05 wolfofforexplus getting signal message started
2020-09-16 09:20:16 light_forex new update is 10:10:45 PM last update is 10:10:45 PM
2020-09-16 09:20:16 light_forex repeated signal
2020-09-16 09:20:33 WSSignals new update is 10:10:45 PM last update is 10:10:45 PM
2020-09-16 09:20:33 WSSignals repeated signal
2020-09-16 09:20:50 forexsignalzz new update is 10:10:45 PM last update is 6:55:36 PM
2020-09-16 09:20:50 forexsignalzz get new signal
2020-09-16 09:20:52 forexsignalzz getting signal message started
2020-09-16 09:21:11 amirFX_signal new update is 10:10:45 PM last update is 6:55:36 PM
2020-09-16 09:21:11 amirFX_signal get new signal
2020-09-16 09:21:13 amirFX_signal getting signal message started
2020-09-16 09:21:32 FOR3X_SIGNAL new update is 10:10:45 PM last update is 6:55:36 PM
2020-09-16 09:21:32 FOR3X_SIGNAL get new signal
2020-09-16 09:21:34 FOR3X_SIGNAL getting signal message started
2020-09-16 09:21:53 AmirFx VIP signal new update is 10:10:45 PM last update is 4:19:29 AM
2020-09-16 09:21:53 AmirFx VIP signal get new signal
2020-09-16 09:21:55 AmirFx VIP signal getting signal message started
2020-09-16 09:22:12 Eagl777 new update is 5:11:26 PM last update is 5:11:26 PM
2020-09-16 09:22:12 Eagl777 repeated signal
2020-09-16 09:22:28 WallstreetFXsignals new update is 5:11:26 PM last update is 5:11:26 PM
2020-09-16 09:22:28 WallstreetFXsignals repeated signal
2020-09-16 09:22:45 wolfofforexplus new update is 5:11:26 PM last update is 5:11:26 PM
2020-09-16 09:22:45 wolfofforexplus repeated signal
2020-09-16 09:22:53 light_forex new update is 10:10:45 PM last update is 10:10:45 PM
2020-09-16 09:22:53 light_forex repeated signal
2020-09-16 09:23:09 WSSignals new update is 10:10:45 PM last update is 10:10:45 PM
2020-09-16 09:23:09 WSSignals repeated signal
2020-09-16 09:23:27 forexsignalzz new update is 6:55:36 PM last update is 10:10:45 PM
2020-09-16 09:23:27 forexsignalzz get new signal
2020-09-16 09:23:29 forexsignalzz getting signal message started
2020-09-16 09:23:48 amirFX_signal new update is 6:55:36 PM last update is 10:10:45 PM
2020-09-16 09:23:48 amirFX_signal get new signal
2020-09-16 09:23:50 amirFX_signal getting signal message started
2020-09-16 09:24:08 FOR3X_SIGNAL new update is 6:55:36 PM last update is 10:10:45 PM
2020-09-16 09:24:08 FOR3X_SIGNAL get new signal
2020-09-16 09:24:10 FOR3X_SIGNAL getting signal message started
2020-09-16 09:24:29 AmirFx VIP signal new update is 6:55:36 PM last update is 10:10:45 PM
2020-09-16 09:24:29 AmirFx VIP signal get new signal
2020-09-16 09:24:31 AmirFx VIP signal getting signal message started
2020-09-16 09:24:50 Eagl777 new update is 5:11:26 PM last update is 5:11:26 PM
2020-09-16 09:24:50 Eagl777 repeated signal
2020-09-16 09:25:06 WallstreetFXsignals new update is 5:11:26 PM last update is 5:11:26 PM
2020-09-16 09:25:06 WallstreetFXsignals repeated signal
2020-09-16 09:25:23 wolfofforexplus new update is 5:11:26 PM last update is 5:11:26 PM
2020-09-16 09:25:23 wolfofforexplus repeated signal
2020-09-16 09:25:31 light_forex new update is 10:10:45 PM last update is 10:10:45 PM
2020-09-16 09:25:31 light_forex repeated signal
2020-09-16 09:25:48 WSSignals new update is 10:10:45 PM last update is 10:10:45 PM
2020-09-16 09:25:48 WSSignals repeated signal
2020-09-16 09:26:05 forexsignalzz new update is 10:10:45 PM last update is 6:55:36 PM
2020-09-16 09:26:05 forexsignalzz get new signal
2020-09-16 09:26:07 forexsignalzz getting signal message started
2020-09-16 09:26:26 amirFX_signal new update is 10:10:45 PM last update is 6:55:36 PM
2020-09-16 09:26:26 amirFX_signal get new signal
2020-09-16 09:26:28 amirFX_signal getting signal message started
2020-09-16 09:26:47 FOR3X_SIGNAL new update is 10:10:45 PM last update is 6:55:36 PM
2020-09-16 09:26:47 FOR3X_SIGNAL get new signal
2020-09-16 09:26:49 FOR3X_SIGNAL getting signal message started
2020-09-16 09:27:08 AmirFx VIP signal new update is 10:10:45 PM last update is 6:55:36 PM
2020-09-16 09:27:08 AmirFx VIP signal get new signal
2020-09-16 09:27:10 AmirFx VIP signal getting signal message started
2020-09-16 09:27:29 Eagl777 new update is 5:11:26 PM last update is 5:11:26 PM
2020-09-16 09:27:29 Eagl777 repeated signal
2020-09-16 09:27:45 WallstreetFXsignals new update is 5:11:26 PM last update is 5:11:26 PM
2020-09-16 09:27:45 WallstreetFXsignals repeated signal
2020-09-16 09:28:02 wolfofforexplus new update is 5:11:26 PM last update is 5:11:26 PM
2020-09-16 09:28:02 wolfofforexplus repeated signal
2020-09-16 09:28:10 light_forex new update is 10:10:45 PM last update is 10:10:45 PM
2020-09-16 09:28:10 light_forex repeated signal
2020-09-16 09:28:27 WSSignals new update is 10:10:45 PM last update is 10:10:45 PM
2020-09-16 09:28:27 WSSignals repeated signal
2020-09-16 09:28:44 forexsignalzz new update is 10:10:45 PM last update is 10:10:45 PM
2020-09-16 09:28:44 forexsignalzz repeated signal
2020-09-16 09:29:01 amirFX_signal new update is 10:10:45 PM last update is 10:10:45 PM
2020-09-16 09:29:01 amirFX_signal repeated signal
2020-09-16 09:29:17 FOR3X_SIGNAL new update is 10:10:45 PM last update is 10:10:45 PM
2020-09-16 09:29:17 FOR3X_SIGNAL repeated signal
2020-09-16 09:29:34 AmirFx VIP signal new update is 10:10:45 PM last update is 10:10:45 PM
2020-09-16 09:29:34 AmirFx VIP signal repeated signal
2020-09-16 09:29:50 Eagl777 new update is 10:10:45 PM last update is 5:11:26 PM
2020-09-16 09:29:50 Eagl777 get new signal
2020-09-16 09:29:52 Eagl777 getting signal message started
2020-09-16 09:30:11 WallstreetFXsignals new update is 10:10:45 PM last update is 5:11:26 PM
2020-09-16 09:30:11 WallstreetFXsignals get new signal
2020-09-16 09:30:13 WallstreetFXsignals getting signal message started
2020-09-16 09:30:32 wolfofforexplus new update is 10:10:45 PM last update is 5:11:26 PM
2020-09-16 09:30:32 wolfofforexplus get new signal
2020-09-16 09:30:34 wolfofforexplus getting signal message started
2020-09-16 09:30:45 light_forex new update is 10:10:45 PM last update is 10:10:45 PM
2020-09-16 09:30:45 light_forex repeated signal
2020-09-16 09:31:01 WSSignals new update is 10:10:45 PM last update is 10:10:45 PM
2020-09-16 09:31:01 WSSignals repeated signal
2020-09-16 09:31:19 forexsignalzz new update is 10:10:45 PM last update is 10:10:45 PM
2020-09-16 09:31:19 forexsignalzz repeated signal
2020-09-16 09:31:36 amirFX_signal new update is 10:10:45 PM last update is 10:10:45 PM
2020-09-16 09:31:36 amirFX_signal repeated signal
2020-09-16 09:31:52 FOR3X_SIGNAL new update is 10:10:45 PM last update is 10:10:45 PM
2020-09-16 09:31:52 FOR3X_SIGNAL repeated signal
2020-09-16 09:32:09 AmirFx VIP signal new update is 10:10:45 PM last update is 10:10:45 PM
2020-09-16 09:32:09 AmirFx VIP signal repeated signal
2020-09-16 09:32:25 Eagl777 new update is 10:10:45 PM last update is 10:10:45 PM
2020-09-16 09:32:25 Eagl777 repeated signal
2020-09-16 09:32:42 WallstreetFXsignals new update is 10:10:45 PM last update is 10:10:45 PM
2020-09-16 09:32:42 WallstreetFXsignals repeated signal
2020-09-16 09:32:58 wolfofforexplus new update is 10:10:45 PM last update is 10:10:45 PM
2020-09-16 09:32:58 wolfofforexplus repeated signal
2020-09-16 09:33:07 light_forex new update is 10:10:45 PM last update is 10:10:45 PM
2020-09-16 09:33:07 light_forex repeated signal
2020-09-16 09:33:24 WSSignals new update is 10:10:45 PM last update is 10:10:45 PM
2020-09-16 09:33:24 WSSignals repeated signal
2020-09-16 09:33:41 forexsignalzz new update is 10:10:45 PM last update is 10:10:45 PM
2020-09-16 09:33:41 forexsignalzz repeated signal
2020-09-16 09:33:58 amirFX_signal new update is 10:10:45 PM last update is 10:10:45 PM
2020-09-16 09:33:58 amirFX_signal repeated signal
2020-09-16 09:34:14 FOR3X_SIGNAL new update is 10:10:45 PM last update is 10:10:45 PM
2020-09-16 09:34:14 FOR3X_SIGNAL repeated signal
2020-09-16 09:34:31 AmirFx VIP signal new update is 10:10:45 PM last update is 10:10:45 PM
2020-09-16 09:34:31 AmirFx VIP signal repeated signal
2020-09-16 09:34:47 Eagl777 new update is 10:10:45 PM last update is 10:10:45 PM
2020-09-16 09:34:47 Eagl777 repeated signal
2020-09-16 09:35:04 WallstreetFXsignals new update is 10:10:45 PM last update is 10:10:45 PM
2020-09-16 09:35:04 WallstreetFXsignals repeated signal
2020-09-16 09:35:20 wolfofforexplus new update is 10:10:45 PM last update is 10:10:45 PM
2020-09-16 09:35:20 wolfofforexplus repeated signal
2020-09-16 09:35:29 light_forex new update is 10:10:45 PM last update is 10:10:45 PM
2020-09-16 09:35:29 light_forex repeated signal
2020-09-16 09:35:46 WSSignals new update is 10:10:45 PM last update is 10:10:45 PM
2020-09-16 09:35:46 WSSignals repeated signal
2020-09-16 09:36:03 forexsignalzz new update is 10:10:45 PM last update is 10:10:45 PM
2020-09-16 09:36:03 forexsignalzz repeated signal
2020-09-16 09:36:20 amirFX_signal new update is 10:10:45 PM last update is 10:10:45 PM
2020-09-16 09:36:20 amirFX_signal repeated signal
2020-09-16 09:36:36 FOR3X_SIGNAL new update is 10:10:45 PM last update is 10:10:45 PM
2020-09-16 09:36:36 FOR3X_SIGNAL repeated signal
2020-09-16 09:36:53 AmirFx VIP signal new update is 10:10:45 PM last update is 10:10:45 PM
2020-09-16 09:36:53 AmirFx VIP signal repeated signal
2020-09-16 09:37:09 Eagl777 new update is 10:10:45 PM last update is 10:10:45 PM
2020-09-16 09:37:09 Eagl777 repeated signal
2020-09-16 09:37:26 WallstreetFXsignals new update is 10:10:45 PM last update is 10:10:45 PM
2020-09-16 09:37:26 WallstreetFXsignals repeated signal
2020-09-16 09:37:42 wolfofforexplus new update is 10:10:45 PM last update is 10:10:45 PM
2020-09-16 09:37:42 wolfofforexplus repeated signal
2020-09-16 09:37:51 light_forex new update is 10:10:45 PM last update is 10:10:45 PM
2020-09-16 09:37:51 light_forex repeated signal
2020-09-16 09:38:08 WSSignals new update is 10:10:45 PM last update is 10:10:45 PM
2020-09-16 09:38:08 WSSignals repeated signal
2020-09-16 09:38:25 forexsignalzz new update is 10:10:45 PM last update is 10:10:45 PM
2020-09-16 09:38:25 forexsignalzz repeated signal
2020-09-16 09:38:42 amirFX_signal new update is 10:10:45 PM last update is 10:10:45 PM
2020-09-16 09:38:42 amirFX_signal repeated signal
2020-09-16 09:38:58 FOR3X_SIGNAL new update is 10:10:45 PM last update is 10:10:45 PM
2020-09-16 09:38:58 FOR3X_SIGNAL repeated signal
2020-09-16 09:39:15 AmirFx VIP signal new update is 10:10:45 PM last update is 10:10:45 PM
2020-09-16 09:39:15 AmirFx VIP signal repeated signal
2020-09-16 09:39:31 Eagl777 new update is 10:10:45 PM last update is 10:10:45 PM
2020-09-16 09:39:31 Eagl777 repeated signal
2020-09-16 09:39:48 WallstreetFXsignals new update is 10:10:45 PM last update is 10:10:45 PM
2020-09-16 09:39:48 WallstreetFXsignals repeated signal
2020-09-16 09:40:04 wolfofforexplus new update is 10:10:45 PM last update is 10:10:45 PM
2020-09-16 09:40:04 wolfofforexplus repeated signal
2020-09-16 09:40:13 light_forex new update is 10:10:45 PM last update is 10:10:45 PM
2020-09-16 09:40:13 light_forex repeated signal
2020-09-16 09:40:30 WSSignals new update is 10:10:45 PM last update is 10:10:45 PM
2020-09-16 09:40:30 WSSignals repeated signal
2020-09-16 09:40:47 forexsignalzz new update is 10:10:45 PM last update is 10:10:45 PM
2020-09-16 09:40:47 forexsignalzz repeated signal
2020-09-16 09:41:04 amirFX_signal new update is 4:19:29 AM last update is 10:10:45 PM
2020-09-16 09:41:04 amirFX_signal get new signal
2020-09-16 09:41:06 amirFX_signal getting signal message started
2020-09-16 09:41:24 FOR3X_SIGNAL new update is 7:34:43 PM last update is 10:10:45 PM
2020-09-16 09:41:24 FOR3X_SIGNAL get new signal
2020-09-16 09:41:26 FOR3X_SIGNAL getting signal message started
2020-09-16 09:41:45 AmirFx VIP signal new update is 7:34:43 PM last update is 10:10:45 PM
2020-09-16 09:41:45 AmirFx VIP signal get new signal
2020-09-16 09:41:47 AmirFx VIP signal getting signal message started
2020-09-16 09:42:06 Eagl777 new update is 5:11:26 PM last update is 10:10:45 PM
2020-09-16 09:42:06 Eagl777 get new signal
2020-09-16 09:42:08 Eagl777 getting signal message started
2020-09-16 09:42:27 WallstreetFXsignals new update is 5:11:26 PM last update is 10:10:45 PM
2020-09-16 09:42:27 WallstreetFXsignals get new signal
2020-09-16 09:42:29 WallstreetFXsignals getting signal message started
2020-09-16 09:42:48 wolfofforexplus new update is 11:13:51 AM last update is 10:10:45 PM
2020-09-16 09:42:48 wolfofforexplus get new signal
2020-09-16 09:42:50 wolfofforexplus getting signal message started
2020-09-16 09:43:00 light_forex new update is 10:10:45 PM last update is 10:10:45 PM
2020-09-16 09:43:00 light_forex repeated signal
2020-09-16 09:43:16 WSSignals new update is 10:10:45 PM last update is 10:10:45 PM
2020-09-16 09:43:16 WSSignals repeated signal
2020-09-16 09:43:34 forexsignalzz new update is 10:10:45 PM last update is 10:10:45 PM
2020-09-16 09:43:34 forexsignalzz repeated signal
2020-09-16 09:43:51 amirFX_signal new update is 10:10:45 PM last update is 4:19:29 AM
2020-09-16 09:43:51 amirFX_signal get new signal
2020-09-16 09:43:53 amirFX_signal getting signal message started
2020-09-16 09:44:12 FOR3X_SIGNAL new update is 10:10:45 PM last update is 7:34:43 PM
2020-09-16 09:44:12 FOR3X_SIGNAL get new signal
2020-09-16 09:44:14 FOR3X_SIGNAL getting signal message started
2020-09-16 09:44:32 AmirFx VIP signal new update is 10:10:45 PM last update is 7:34:43 PM
2020-09-16 09:44:32 AmirFx VIP signal get new signal
2020-09-16 09:44:34 AmirFx VIP signal getting signal message started
2020-09-16 09:44:51 Eagl777 new update is 5:11:26 PM last update is 5:11:26 PM
2020-09-16 09:44:51 Eagl777 repeated signal
2020-09-16 09:45:08 WallstreetFXsignals new update is 8:07:48 AM last update is 5:11:26 PM
2020-09-16 09:45:08 WallstreetFXsignals get new signal
2020-09-16 09:45:10 WallstreetFXsignals getting signal message started
2020-09-16 09:45:12 WallstreetFXsignals getting signal message successfully ended
2020-09-16 09:45:12 WallstreetFXsignals signal text is : Trade Alert! GOLD

SELL NOW@ 1940
Sl: 1950
Tp1: 1930
Tp2: 1920
2020-09-16 09:45:28 wolfofforexplus new update is 8:07:48 AM last update is 11:13:51 AM
2020-09-16 09:45:28 wolfofforexplus get new signal
2020-09-16 09:45:30 wolfofforexplus getting signal message started
2020-09-16 09:45:41 light_forex new update is 10:10:45 PM last update is 10:10:45 PM
2020-09-16 09:45:41 light_forex repeated signal
2020-09-16 09:45:57 WSSignals new update is 10:10:45 PM last update is 10:10:45 PM
2020-09-16 09:45:57 WSSignals repeated signal
2020-09-16 09:46:15 forexsignalzz new update is 10:10:45 PM last update is 10:10:45 PM
2020-09-16 09:46:15 forexsignalzz repeated signal
2020-09-16 09:46:31 amirFX_signal new update is 10:10:45 PM last update is 10:10:45 PM
2020-09-16 09:46:31 amirFX_signal repeated signal
2020-09-16 09:46:48 FOR3X_SIGNAL new update is 10:10:45 PM last update is 10:10:45 PM
2020-09-16 09:46:48 FOR3X_SIGNAL repeated signal
2020-09-16 09:47:04 AmirFx VIP signal new update is 10:10:45 PM last update is 10:10:45 PM
2020-09-16 09:47:04 AmirFx VIP signal repeated signal
2020-09-16 09:47:21 Eagl777 new update is 10:10:45 PM last update is 5:11:26 PM
2020-09-16 09:47:21 Eagl777 get new signal
2020-09-16 09:47:23 Eagl777 getting signal message started
2020-09-16 09:47:42 WallstreetFXsignals new update is 10:10:45 PM last update is 8:07:48 AM
2020-09-16 09:47:42 WallstreetFXsignals get new signal
2020-09-16 09:47:44 WallstreetFXsignals getting signal message started
2020-09-16 09:48:03 wolfofforexplus new update is 11:13:51 AM last update is 8:07:48 AM
2020-09-16 09:48:03 wolfofforexplus get new signal
2020-09-16 09:48:05 wolfofforexplus getting signal message started
2020-09-16 09:48:15 light_forex new update is 10:10:45 PM last update is 10:10:45 PM
2020-09-16 09:48:15 light_forex repeated signal
2020-09-16 09:48:31 WSSignals new update is 10:10:45 PM last update is 10:10:45 PM
2020-09-16 09:48:31 WSSignals repeated signal
2020-09-16 09:48:49 forexsignalzz new update is 10:10:45 PM last update is 10:10:45 PM
2020-09-16 09:48:49 forexsignalzz repeated signal
2020-09-16 09:49:06 amirFX_signal new update is 10:10:45 PM last update is 10:10:45 PM
2020-09-16 09:49:06 amirFX_signal repeated signal
2020-09-16 09:49:22 FOR3X_SIGNAL new update is 10:10:45 PM last update is 10:10:45 PM
2020-09-16 09:49:22 FOR3X_SIGNAL repeated signal
2020-09-16 09:49:39 AmirFx VIP signal new update is 10:10:45 PM last update is 10:10:45 PM
2020-09-16 09:49:39 AmirFx VIP signal repeated signal
2020-09-16 09:49:55 Eagl777 new update is 10:10:45 PM last update is 10:10:45 PM
2020-09-16 09:49:55 Eagl777 repeated signal
2020-09-16 09:50:12 WallstreetFXsignals new update is 8:07:48 AM last update is 10:10:45 PM
2020-09-16 09:50:12 WallstreetFXsignals get new signal
2020-09-16 09:50:14 WallstreetFXsignals getting signal message started
2020-09-16 09:50:16 WallstreetFXsignals getting signal message successfully ended
2020-09-16 09:50:16 WallstreetFXsignals signal text is : Trade Alert! GOLD

SELL NOW@ 1940
Sl: 1950
Tp1: 1930
Tp2: 1920
2020-09-16 09:50:48 wolfofforexplus new update is 11:13:51 AM last update is 11:13:51 AM
2020-09-16 09:50:48 wolfofforexplus repeated signal
2020-09-16 09:50:57 light_forex new update is 10:10:45 PM last update is 10:10:45 PM
2020-09-16 09:50:57 light_forex repeated signal
2020-09-16 09:51:13 WSSignals new update is 10:10:45 PM last update is 10:10:45 PM
2020-09-16 09:51:13 WSSignals repeated signal
2020-09-16 09:51:31 forexsignalzz new update is 10:10:45 PM last update is 10:10:45 PM
2020-09-16 09:51:31 forexsignalzz repeated signal
2020-09-16 09:51:47 amirFX_signal new update is 10:10:45 PM last update is 10:10:45 PM
2020-09-16 09:51:47 amirFX_signal repeated signal
2020-09-16 09:52:04 FOR3X_SIGNAL new update is 10:10:45 PM last update is 10:10:45 PM
2020-09-16 09:52:04 FOR3X_SIGNAL repeated signal
2020-09-16 09:52:20 AmirFx VIP signal new update is 10:10:45 PM last update is 10:10:45 PM
2020-09-16 09:52:20 AmirFx VIP signal repeated signal
2020-09-16 09:52:36 Eagl777 new update is 10:10:45 PM last update is 10:10:45 PM
2020-09-16 09:52:36 Eagl777 repeated signal
2020-09-16 09:52:53 WallstreetFXsignals new update is 10:10:45 PM last update is 8:07:48 AM
2020-09-16 09:52:53 WallstreetFXsignals get new signal
2020-09-16 09:52:55 WallstreetFXsignals getting signal message started
2020-09-16 09:53:13 wolfofforexplus new update is 10:10:45 PM last update is 11:13:51 AM
2020-09-16 09:53:13 wolfofforexplus get new signal
2020-09-16 09:53:15 wolfofforexplus getting signal message started
2020-09-16 09:53:27 light_forex new update is 10:10:45 PM last update is 10:10:45 PM
2020-09-16 09:53:27 light_forex repeated signal
2020-09-16 09:53:43 WSSignals new update is 10:10:45 PM last update is 10:10:45 PM
2020-09-16 09:53:43 WSSignals repeated signal
2020-09-16 09:54:01 forexsignalzz new update is 10:10:45 PM last update is 10:10:45 PM
2020-09-16 09:54:01 forexsignalzz repeated signal
2020-09-16 09:54:17 amirFX_signal new update is 10:10:45 PM last update is 10:10:45 PM
2020-09-16 09:54:17 amirFX_signal repeated signal
2020-09-16 09:54:34 FOR3X_SIGNAL new update is 10:10:45 PM last update is 10:10:45 PM
2020-09-16 09:54:34 FOR3X_SIGNAL repeated signal
2020-09-16 09:54:50 AmirFx VIP signal new update is 10:10:45 PM last update is 10:10:45 PM
2020-09-16 09:54:50 AmirFx VIP signal repeated signal
2020-09-16 09:55:07 Eagl777 new update is 10:10:45 PM last update is 10:10:45 PM
2020-09-16 09:55:07 Eagl777 repeated signal
2020-09-16 09:55:23 WallstreetFXsignals new update is 10:10:45 PM last update is 10:10:45 PM
2020-09-16 09:55:23 WallstreetFXsignals repeated signal
2020-09-16 09:55:39 wolfofforexplus new update is 10:10:45 PM last update is 10:10:45 PM
2020-09-16 09:55:39 wolfofforexplus repeated signal
2020-09-16 09:55:49 light_forex new update is 10:10:45 PM last update is 10:10:45 PM
2020-09-16 09:55:49 light_forex repeated signal
2020-09-16 09:56:05 WSSignals new update is 10:10:45 PM last update is 10:10:45 PM
2020-09-16 09:56:05 WSSignals repeated signal
2020-09-16 09:56:23 forexsignalzz new update is 10:10:45 PM last update is 10:10:45 PM
2020-09-16 09:56:23 forexsignalzz repeated signal
2020-09-16 09:56:39 amirFX_signal new update is 10:10:45 PM last update is 10:10:45 PM
2020-09-16 09:56:39 amirFX_signal repeated signal
2020-09-16 09:56:56 FOR3X_SIGNAL new update is 10:10:45 PM last update is 10:10:45 PM
2020-09-16 09:56:56 FOR3X_SIGNAL repeated signal
2020-09-16 09:57:12 AmirFx VIP signal new update is 10:10:45 PM last update is 10:10:45 PM
2020-09-16 09:57:12 AmirFx VIP signal repeated signal
2020-09-16 09:57:29 Eagl777 new update is 10:10:45 PM last update is 10:10:45 PM
2020-09-16 09:57:29 Eagl777 repeated signal
2020-09-16 09:57:45 WallstreetFXsignals new update is 10:10:45 PM last update is 10:10:45 PM
2020-09-16 09:57:45 WallstreetFXsignals repeated signal
2020-09-16 09:58:02 wolfofforexplus new update is 10:10:45 PM last update is 10:10:45 PM
2020-09-16 09:58:02 wolfofforexplus repeated signal
2020-09-16 09:58:11 light_forex new update is 10:10:45 PM last update is 10:10:45 PM
2020-09-16 09:58:11 light_forex repeated signal
2020-09-16 09:58:27 WSSignals new update is 10:10:45 PM last update is 10:10:45 PM
2020-09-16 09:58:27 WSSignals repeated signal
2020-09-16 09:58:45 forexsignalzz new update is 10:10:45 PM last update is 10:10:45 PM
2020-09-16 09:58:45 forexsignalzz repeated signal
2020-09-16 09:59:01 amirFX_signal new update is 10:10:45 PM last update is 10:10:45 PM
2020-09-16 09:59:01 amirFX_signal repeated signal
2020-09-16 09:59:18 FOR3X_SIGNAL new update is 10:10:45 PM last update is 10:10:45 PM
2020-09-16 09:59:18 FOR3X_SIGNAL repeated signal
2020-09-16 09:59:35 AmirFx VIP signal new update is 10:10:45 PM last update is 10:10:45 PM
2020-09-16 09:59:35 AmirFx VIP signal repeated signal
2020-09-16 09:59:51 Eagl777 new update is 10:10:45 PM last update is 10:10:45 PM
2020-09-16 09:59:51 Eagl777 repeated signal
2020-09-16 10:00:08 WallstreetFXsignals new update is 10:10:45 PM last update is 10:10:45 PM
2020-09-16 10:00:08 WallstreetFXsignals repeated signal
2020-09-16 10:00:24 wolfofforexplus new update is 10:10:45 PM last update is 10:10:45 PM
2020-09-16 10:00:24 wolfofforexplus repeated signal
2020-09-16 10:00:33 light_forex new update is 10:10:45 PM last update is 10:10:45 PM
2020-09-16 10:00:33 light_forex repeated signal
2020-09-16 10:00:50 WSSignals new update is 10:10:45 PM last update is 10:10:45 PM
2020-09-16 10:00:50 WSSignals repeated signal
2020-09-16 10:01:07 forexsignalzz new update is 6:55:36 PM last update is 10:10:45 PM
2020-09-16 10:01:07 forexsignalzz get new signal
2020-09-16 10:01:09 forexsignalzz getting signal message started
2020-09-16 10:01:28 amirFX_signal new update is 4:19:29 AM last update is 10:10:45 PM
2020-09-16 10:01:28 amirFX_signal get new signal
2020-09-16 10:01:30 amirFX_signal getting signal message started
2020-09-16 10:01:49 FOR3X_SIGNAL new update is 4:19:29 AM last update is 10:10:45 PM
2020-09-16 10:01:49 FOR3X_SIGNAL get new signal
2020-09-16 10:01:51 FOR3X_SIGNAL getting signal message started
2020-09-16 10:02:10 AmirFx VIP signal new update is 4:19:29 AM last update is 10:10:45 PM
2020-09-16 10:02:10 AmirFx VIP signal get new signal
2020-09-16 10:02:12 AmirFx VIP signal getting signal message started
2020-09-16 10:02:30 Eagl777 new update is 5:11:26 PM last update is 10:10:45 PM
2020-09-16 10:02:30 Eagl777 get new signal
2020-09-16 10:02:32 Eagl777 getting signal message started
2020-09-16 10:02:51 WallstreetFXsignals new update is 5:11:26 PM last update is 10:10:45 PM
2020-09-16 10:02:51 WallstreetFXsignals get new signal
2020-09-16 10:02:53 WallstreetFXsignals getting signal message started
2020-09-16 10:03:12 wolfofforexplus new update is 5:11:26 PM last update is 10:10:45 PM
2020-09-16 10:03:12 wolfofforexplus get new signal
2020-09-16 10:03:14 wolfofforexplus getting signal message started
2020-09-16 10:03:25 light_forex new update is 10:10:45 PM last update is 10:10:45 PM
2020-09-16 10:03:25 light_forex repeated signal
2020-09-16 10:03:41 WSSignals new update is 10:10:45 PM last update is 10:10:45 PM
2020-09-16 10:03:41 WSSignals repeated signal
2020-09-16 10:03:59 forexsignalzz new update is 10:10:45 PM last update is 6:55:36 PM
2020-09-16 10:03:59 forexsignalzz get new signal
2020-09-16 10:04:01 forexsignalzz getting signal message started
2020-09-16 10:04:20 amirFX_signal new update is 10:10:45 PM last update is 4:19:29 AM
2020-09-16 10:04:20 amirFX_signal get new signal
2020-09-16 10:04:22 amirFX_signal getting signal message started
2020-09-16 10:04:39 FOR3X_SIGNAL new update is 7:34:43 PM last update is 4:19:29 AM
2020-09-16 10:04:39 FOR3X_SIGNAL get new signal
2020-09-16 10:04:41 FOR3X_SIGNAL getting signal message started
2020-09-16 10:05:00 AmirFx VIP signal new update is 7:34:43 PM last update is 4:19:29 AM
2020-09-16 10:05:00 AmirFx VIP signal get new signal
2020-09-16 10:05:02 AmirFx VIP signal getting signal message started
2020-09-16 10:05:20 Eagl777 new update is 7:34:43 PM last update is 5:11:26 PM
2020-09-16 10:05:20 Eagl777 get new signal
2020-09-16 10:05:22 Eagl777 getting signal message started
2020-09-16 10:05:41 WallstreetFXsignals new update is 7:34:43 PM last update is 5:11:26 PM
2020-09-16 10:05:41 WallstreetFXsignals get new signal
2020-09-16 10:05:43 WallstreetFXsignals getting signal message started
2020-09-16 10:06:01 wolfofforexplus new update is 7:34:43 PM last update is 5:11:26 PM
2020-09-16 10:06:01 wolfofforexplus get new signal
2020-09-16 10:06:03 wolfofforexplus getting signal message started
2020-09-16 10:06:14 light_forex new update is 10:10:45 PM last update is 10:10:45 PM
2020-09-16 10:06:14 light_forex repeated signal
2020-09-16 10:06:30 WSSignals new update is 10:10:45 PM last update is 10:10:45 PM
2020-09-16 10:06:30 WSSignals repeated signal
2020-09-16 10:06:48 forexsignalzz new update is 6:55:36 PM last update is 10:10:45 PM
2020-09-16 10:06:48 forexsignalzz get new signal
2020-09-16 10:06:50 forexsignalzz getting signal message started
2020-09-16 10:07:09 amirFX_signal new update is 6:55:36 PM last update is 10:10:45 PM
2020-09-16 10:07:09 amirFX_signal get new signal
2020-09-16 10:07:11 amirFX_signal getting signal message started
2020-09-16 10:07:30 FOR3X_SIGNAL new update is 6:55:36 PM last update is 7:34:43 PM
2020-09-16 10:07:30 FOR3X_SIGNAL get new signal
2020-09-16 10:07:32 FOR3X_SIGNAL getting signal message started
2020-09-16 10:07:50 AmirFx VIP signal new update is 6:55:36 PM last update is 7:34:43 PM
2020-09-16 10:07:50 AmirFx VIP signal get new signal
2020-09-16 10:07:52 AmirFx VIP signal getting signal message started
2020-09-16 10:08:10 Eagl777 new update is 5:11:26 PM last update is 7:34:43 PM
2020-09-16 10:08:10 Eagl777 get new signal
2020-09-16 10:08:12 Eagl777 getting signal message started
2020-09-16 10:08:31 WallstreetFXsignals new update is 5:11:26 PM last update is 7:34:43 PM
2020-09-16 10:08:31 WallstreetFXsignals get new signal
2020-09-16 10:08:33 WallstreetFXsignals getting signal message started
2020-09-16 10:08:52 wolfofforexplus new update is 5:11:26 PM last update is 7:34:43 PM
2020-09-16 10:08:52 wolfofforexplus get new signal
2020-09-16 10:08:54 wolfofforexplus getting signal message started
2020-09-16 10:09:05 light_forex new update is 10:10:45 PM last update is 10:10:45 PM
2020-09-16 10:09:05 light_forex repeated signal
2020-09-16 10:09:21 WSSignals new update is 10:10:45 PM last update is 10:10:45 PM
2020-09-16 10:09:21 WSSignals repeated signal
2020-09-16 10:09:39 forexsignalzz new update is 10:10:45 PM last update is 6:55:36 PM
2020-09-16 10:09:39 forexsignalzz get new signal
2020-09-16 10:09:41 forexsignalzz getting signal message started
2020-09-16 10:10:00 amirFX_signal new update is 4:19:29 AM last update is 6:55:36 PM
2020-09-16 10:10:00 amirFX_signal get new signal
2020-09-16 10:10:02 amirFX_signal getting signal message started
2020-09-16 10:10:20 FOR3X_SIGNAL new update is 4:19:29 AM last update is 6:55:36 PM
2020-09-16 10:10:20 FOR3X_SIGNAL get new signal
2020-09-16 10:10:22 FOR3X_SIGNAL getting signal message started
2020-09-16 10:10:42 AmirFx VIP signal new update is 4:19:29 AM last update is 6:55:36 PM
2020-09-16 10:10:42 AmirFx VIP signal get new signal
2020-09-16 10:10:44 AmirFx VIP signal getting signal message started
2020-09-16 10:11:01 Eagl777 new update is 5:11:26 PM last update is 5:11:26 PM
2020-09-16 10:11:01 Eagl777 repeated signal
2020-09-16 10:11:17 WallstreetFXsignals new update is 5:11:26 PM last update is 5:11:26 PM
2020-09-16 10:11:17 WallstreetFXsignals repeated signal
2020-09-16 10:11:34 wolfofforexplus new update is 5:11:26 PM last update is 5:11:26 PM
2020-09-16 10:11:34 wolfofforexplus repeated signal
2020-09-16 10:11:42 light_forex new update is 10:10:45 PM last update is 10:10:45 PM
2020-09-16 10:11:42 light_forex repeated signal
2020-09-16 10:11:59 WSSignals new update is 10:10:45 PM last update is 10:10:45 PM
2020-09-16 10:11:59 WSSignals repeated signal
2020-09-16 10:12:16 forexsignalzz new update is 6:55:36 PM last update is 10:10:45 PM
2020-09-16 10:12:16 forexsignalzz get new signal
2020-09-16 10:12:18 forexsignalzz getting signal message started
2020-09-16 10:12:35 amirFX_signal new update is 4:19:29 AM last update is 4:19:29 AM
2020-09-16 10:12:35 amirFX_signal repeated signal
2020-09-16 10:12:49 FOR3X_SIGNAL new update is 7:34:43 PM last update is 4:19:29 AM
2020-09-16 10:12:49 FOR3X_SIGNAL get new signal
2020-09-16 10:12:51 FOR3X_SIGNAL getting signal message started
2020-09-16 10:13:10 AmirFx VIP signal new update is 7:34:43 PM last update is 4:19:29 AM
2020-09-16 10:13:10 AmirFx VIP signal get new signal
2020-09-16 10:13:12 AmirFx VIP signal getting signal message started
2020-09-16 10:13:31 Eagl777 new update is 5:11:26 PM last update is 5:11:26 PM
2020-09-16 10:13:31 Eagl777 repeated signal
2020-09-16 10:13:47 WallstreetFXsignals new update is 5:11:26 PM last update is 5:11:26 PM
2020-09-16 10:13:47 WallstreetFXsignals repeated signal
2020-09-16 10:14:04 wolfofforexplus new update is 5:11:26 PM last update is 5:11:26 PM
2020-09-16 10:14:04 wolfofforexplus repeated signal
2020-09-16 10:14:12 light_forex new update is 10:10:45 PM last update is 10:10:45 PM
2020-09-16 10:14:12 light_forex repeated signal
2020-09-16 10:14:28 WSSignals new update is 10:10:45 PM last update is 10:10:45 PM
2020-09-16 10:14:28 WSSignals repeated signal
2020-09-16 10:14:46 forexsignalzz new update is 10:10:45 PM last update is 6:55:36 PM
2020-09-16 10:14:46 forexsignalzz get new signal
2020-09-16 10:14:48 forexsignalzz getting signal message started
2020-09-16 10:15:07 amirFX_signal new update is 10:10:45 PM last update is 4:19:29 AM
2020-09-16 10:15:07 amirFX_signal get new signal
2020-09-16 10:15:09 amirFX_signal getting signal message started
2020-09-16 10:15:28 FOR3X_SIGNAL new update is 10:10:45 PM last update is 7:34:43 PM
2020-09-16 10:15:28 FOR3X_SIGNAL get new signal
2020-09-16 10:15:30 FOR3X_SIGNAL getting signal message started
2020-09-16 10:15:49 AmirFx VIP signal new update is 10:10:45 PM last update is 7:34:43 PM
2020-09-16 10:15:49 AmirFx VIP signal get new signal
2020-09-16 10:15:51 AmirFx VIP signal getting signal message started
2020-09-16 10:16:07 Eagl777 new update is 5:11:26 PM last update is 5:11:26 PM
2020-09-16 10:16:07 Eagl777 repeated signal
2020-09-16 10:16:24 WallstreetFXsignals new update is 8:07:48 AM last update is 5:11:26 PM
2020-09-16 10:16:24 WallstreetFXsignals get new signal
2020-09-16 10:16:26 WallstreetFXsignals getting signal message started
2020-09-16 10:16:28 WallstreetFXsignals getting signal message successfully ended
2020-09-16 10:16:28 WallstreetFXsignals signal text is : Trade Alert! GOLD

SELL NOW@ 1940
Sl: 1950
Tp1: 1930
Tp2: 1920
2020-09-16 10:16:45 wolfofforexplus new update is 8:07:48 AM last update is 5:11:26 PM
2020-09-16 10:16:45 wolfofforexplus get new signal
2020-09-16 10:16:47 wolfofforexplus getting signal message started
2020-09-16 10:16:57 light_forex new update is 10:10:45 PM last update is 10:10:45 PM
2020-09-16 10:16:57 light_forex repeated signal
2020-09-16 10:17:14 WSSignals new update is 10:17:10 AM last update is 10:10:45 PM
2020-09-16 10:17:14 WSSignals get new signal
2020-09-16 10:17:16 WSSignals getting signal message started
2020-09-16 10:17:30 forexsignalzz new update is 6:55:36 PM last update is 10:10:45 PM
2020-09-16 10:17:30 forexsignalzz get new signal
2020-09-16 10:17:32 forexsignalzz getting signal message started
2020-09-16 10:17:50 amirFX_signal new update is 6:55:36 PM last update is 10:10:45 PM
2020-09-16 10:17:50 amirFX_signal get new signal
2020-09-16 10:17:52 amirFX_signal getting signal message started
2020-09-16 10:18:11 FOR3X_SIGNAL new update is 6:55:36 PM last update is 10:10:45 PM
2020-09-16 10:18:11 FOR3X_SIGNAL get new signal
2020-09-16 10:18:13 FOR3X_SIGNAL getting signal message started
2020-09-16 10:18:32 AmirFx VIP signal new update is 6:55:36 PM last update is 10:10:45 PM
2020-09-16 10:18:32 AmirFx VIP signal get new signal
2020-09-16 10:18:34 AmirFx VIP signal getting signal message started
2020-09-16 10:18:52 Eagl777 new update is 5:11:26 PM last update is 5:11:26 PM
2020-09-16 10:18:52 Eagl777 repeated signal
2020-09-16 10:19:09 WallstreetFXsignals new update is 5:11:26 PM last update is 8:07:48 AM
2020-09-16 10:19:09 WallstreetFXsignals get new signal
2020-09-16 10:19:11 WallstreetFXsignals getting signal message started
2020-09-16 10:19:30 wolfofforexplus new update is 5:11:26 PM last update is 8:07:48 AM
2020-09-16 10:19:30 wolfofforexplus get new signal
2020-09-16 10:19:32 wolfofforexplus getting signal message started
2020-09-16 10:19:43 light_forex new update is 10:17:10 AM last update is 10:10:45 PM
2020-09-16 10:19:43 light_forex get new signal
2020-09-16 10:19:45 light_forex getting signal message started
2020-09-16 10:20:03 WSSignals new update is 10:17:10 AM last update is 10:17:10 AM
2020-09-16 10:20:03 WSSignals repeated signal
2020-09-16 10:20:21 forexsignalzz new update is 10:17:10 AM last update is 6:55:36 PM
2020-09-16 10:20:21 forexsignalzz get new signal
2020-09-16 10:20:23 forexsignalzz getting signal message started
2020-09-16 10:20:42 amirFX_signal new update is 4:19:29 AM last update is 6:55:36 PM
2020-09-16 10:20:42 amirFX_signal get new signal
2020-09-16 10:20:44 amirFX_signal getting signal message started
2020-09-16 10:21:03 FOR3X_SIGNAL new update is 4:19:29 AM last update is 6:55:36 PM
2020-09-16 10:21:03 FOR3X_SIGNAL get new signal
2020-09-16 10:21:05 FOR3X_SIGNAL getting signal message started
2020-09-16 10:21:24 AmirFx VIP signal new update is 4:19:29 AM last update is 6:55:36 PM
2020-09-16 10:21:24 AmirFx VIP signal get new signal
2020-09-16 10:21:26 AmirFx VIP signal getting signal message started
2020-09-16 10:21:43 Eagl777 new update is 5:11:26 PM last update is 5:11:26 PM
2020-09-16 10:21:43 Eagl777 repeated signal
2020-09-16 10:21:59 WallstreetFXsignals new update is 5:11:26 PM last update is 5:11:26 PM
2020-09-16 10:21:59 WallstreetFXsignals repeated signal
2020-09-16 10:22:16 wolfofforexplus new update is 5:11:26 PM last update is 5:11:26 PM
2020-09-16 10:22:16 wolfofforexplus repeated signal
2020-09-16 10:22:24 light_forex new update is 10:17:10 AM last update is 10:17:10 AM
2020-09-16 10:22:24 light_forex repeated signal
2020-09-16 10:22:40 WSSignals new update is 10:17:10 AM last update is 10:17:10 AM
2020-09-16 10:22:40 WSSignals repeated signal
2020-09-16 10:22:58 forexsignalzz new update is 10:17:10 AM last update is 10:17:10 AM
2020-09-16 10:22:58 forexsignalzz repeated signal
2020-09-16 10:23:15 amirFX_signal new update is 10:17:10 AM last update is 4:19:29 AM
2020-09-16 10:23:15 amirFX_signal get new signal
2020-09-16 10:23:17 amirFX_signal getting signal message started
2020-09-16 10:23:36 FOR3X_SIGNAL new update is 10:17:10 AM last update is 4:19:29 AM
2020-09-16 10:23:36 FOR3X_SIGNAL get new signal
2020-09-16 10:23:38 FOR3X_SIGNAL getting signal message started
2020-09-16 10:23:56 AmirFx VIP signal new update is 10:17:10 AM last update is 4:19:29 AM
2020-09-16 10:23:56 AmirFx VIP signal get new signal
2020-09-16 10:23:58 AmirFx VIP signal getting signal message started
2020-09-16 10:24:19 Eagl777 new update is 5:11:26 PM last update is 5:11:26 PM
2020-09-16 10:24:19 Eagl777 repeated signal
2020-09-16 10:24:29 WallstreetFXsignals new update is 8:07:48 AM last update is 5:11:26 PM
2020-09-16 10:24:29 WallstreetFXsignals get new signal
2020-09-16 10:24:31 WallstreetFXsignals getting signal message started
2020-09-16 10:24:34 WallstreetFXsignals getting signal message successfully ended
2020-09-16 10:24:34 WallstreetFXsignals signal text is : Trade Alert! GOLD

SELL NOW@ 1940
Sl: 1950
Tp1: 1930
Tp2: 1920
2020-09-16 10:24:50 wolfofforexplus new update is 11:13:51 AM last update is 5:11:26 PM
2020-09-16 10:24:50 wolfofforexplus get new signal
2020-09-16 10:24:52 wolfofforexplus getting signal message started
2020-09-16 10:25:03 light_forex new update is 10:17:10 AM last update is 10:17:10 AM
2020-09-16 10:25:03 light_forex repeated signal
2020-09-16 10:25:19 WSSignals new update is 10:17:10 AM last update is 10:17:10 AM
2020-09-16 10:25:19 WSSignals repeated signal
2020-09-16 10:25:36 forexsignalzz new update is 6:55:36 PM last update is 10:17:10 AM
2020-09-16 10:25:36 forexsignalzz get new signal
2020-09-16 10:25:38 forexsignalzz getting signal message started
2020-09-16 10:27:09 amirFX_signal new update is 6:55:36 PM last update is 10:17:10 AM
2020-09-16 10:27:09 amirFX_signal get new signal
2020-09-16 10:27:11 amirFX_signal getting signal message started
2020-09-16 10:30:24 FOR3X_SIGNAL new update is 10:21:15 AM last update is 0
2020-09-16 10:30:24 FOR3X_SIGNAL get new signal
2020-09-16 10:30:26 FOR3X_SIGNAL getting signal message started
2020-09-16 10:30:28 FOR3X_SIGNAL getting signal message successfully ended
2020-09-16 10:30:28 FOR3X_SIGNAL signal text is : NZDUSD SELL 0.6726
SL 0.6800
TP 0.6600
