2020-09-16 15:50:23 forexsignalzz new update is 6:55:36 PM last update is 0
2020-09-16 15:50:23 forexsignalzz get new signal
2020-09-16 15:50:25 forexsignalzz getting signal message started
2020-09-16 15:50:41 amirFX_signal new update is 1:46:41 PM last update is 0
2020-09-16 15:50:41 amirFX_signal get new signal
2020-09-16 15:50:43 amirFX_signal getting signal message started
2020-09-16 15:50:58 FOR3X_SIGNAL new update is 2:12:44 PM last update is 0
2020-09-16 15:50:58 FOR3X_SIGNAL get new signal
2020-09-16 15:51:00 FOR3X_SIGNAL getting signal message started
2020-09-16 15:51:16 Eagl777 new update is 5:11:26 PM last update is 0
2020-09-16 15:51:16 Eagl777 get new signal
2020-09-16 15:51:18 Eagl777 getting signal message started
2020-09-16 15:51:36 WallstreetFXsignals new update is 8:07:48 AM last update is 0
2020-09-16 15:51:36 WallstreetFXsignals get new signal
2020-09-16 15:51:38 WallstreetFXsignals getting signal message started
2020-09-16 15:51:53 wolfofforexplus new update is 11:13:51 AM last update is 0
2020-09-16 15:51:53 wolfofforexplus get new signal
2020-09-16 15:51:55 wolfofforexplus getting signal message started
2020-09-16 15:52:11 light_forex new update is 10:10:45 PM last update is 0
2020-09-16 15:52:11 light_forex get new signal
2020-09-16 15:52:13 light_forex getting signal message started
2020-09-16 15:52:37 WSSignals new update is 10:10:45 PM last update is 0
2020-09-16 15:52:37 WSSignals get new signal
2020-09-16 15:52:39 WSSignals getting signal message started
2020-09-16 15:52:56 forexsignalzz new update is 6:55:36 PM last update is 6:55:36 PM
2020-09-16 15:52:56 forexsignalzz repeated signal
2020-09-16 15:53:09 amirFX_signal new update is 1:46:41 PM last update is 1:46:41 PM
2020-09-16 15:53:09 amirFX_signal repeated signal
2020-09-16 15:53:23 FOR3X_SIGNAL new update is 2:12:44 PM last update is 2:12:44 PM
2020-09-16 15:53:23 FOR3X_SIGNAL repeated signal
2020-09-16 15:53:36 Eagl777 new update is 5:11:26 PM last update is 5:11:26 PM
2020-09-16 15:53:36 Eagl777 repeated signal
2020-09-16 15:53:50 WallstreetFXsignals new update is 8:07:48 AM last update is 8:07:48 AM
2020-09-16 15:53:50 WallstreetFXsignals repeated signal
2020-09-16 15:54:03 wolfofforexplus new update is 11:13:51 AM last update is 11:13:51 AM
2020-09-16 15:54:03 wolfofforexplus repeated signal
2020-09-16 15:54:17 light_forex new update is 10:10:45 PM last update is 10:10:45 PM
2020-09-16 15:54:17 light_forex repeated signal
2020-09-16 15:54:38 WSSignals new update is 10:10:45 PM last update is 10:10:45 PM
2020-09-16 15:54:38 WSSignals repeated signal
2020-09-16 15:54:53 forexsignalzz new update is 6:55:36 PM last update is 6:55:36 PM
2020-09-16 15:54:53 forexsignalzz repeated signal
2020-09-16 15:55:06 amirFX_signal new update is 1:46:41 PM last update is 1:46:41 PM
2020-09-16 15:55:06 amirFX_signal repeated signal
2020-09-16 15:55:20 FOR3X_SIGNAL new update is 2:12:44 PM last update is 2:12:44 PM
2020-09-16 15:55:20 FOR3X_SIGNAL repeated signal
2020-09-16 15:55:33 Eagl777 new update is 5:11:26 PM last update is 5:11:26 PM
2020-09-16 15:55:33 Eagl777 repeated signal
2020-09-16 15:55:47 WallstreetFXsignals new update is 8:07:48 AM last update is 8:07:48 AM
2020-09-16 15:55:47 WallstreetFXsignals repeated signal
2020-09-16 15:56:00 wolfofforexplus new update is 11:13:51 AM last update is 11:13:51 AM
2020-09-16 15:56:00 wolfofforexplus repeated signal
2020-09-16 15:56:13 light_forex new update is 10:10:45 PM last update is 10:10:45 PM
2020-09-16 15:56:13 light_forex repeated signal
2020-09-16 15:56:35 WSSignals new update is 10:10:45 PM last update is 10:10:45 PM
2020-09-16 15:56:35 WSSignals repeated signal
2020-09-16 15:56:49 forexsignalzz new update is 6:55:36 PM last update is 6:55:36 PM
2020-09-16 15:56:49 forexsignalzz repeated signal
2020-09-16 15:57:03 amirFX_signal new update is 1:46:41 PM last update is 1:46:41 PM
2020-09-16 15:57:03 amirFX_signal repeated signal
2020-09-16 15:57:16 FOR3X_SIGNAL new update is 2:12:44 PM last update is 2:12:44 PM
2020-09-16 15:57:16 FOR3X_SIGNAL repeated signal
2020-09-16 15:57:30 Eagl777 new update is 5:11:26 PM last update is 5:11:26 PM
2020-09-16 15:57:30 Eagl777 repeated signal
2020-09-16 15:57:44 WallstreetFXsignals new update is 8:07:48 AM last update is 8:07:48 AM
2020-09-16 15:57:44 WallstreetFXsignals repeated signal
2020-09-16 15:57:57 wolfofforexplus new update is 11:13:51 AM last update is 11:13:51 AM
2020-09-16 15:57:57 wolfofforexplus repeated signal
2020-09-16 15:58:10 light_forex new update is 10:10:45 PM last update is 10:10:45 PM
2020-09-16 15:58:10 light_forex repeated signal
2020-09-16 15:58:32 WSSignals new update is 10:10:45 PM last update is 10:10:45 PM
2020-09-16 15:58:32 WSSignals repeated signal
2020-09-16 15:58:46 forexsignalzz new update is 6:55:36 PM last update is 6:55:36 PM
2020-09-16 15:58:46 forexsignalzz repeated signal
2020-09-16 15:59:00 amirFX_signal new update is 1:46:41 PM last update is 1:46:41 PM
2020-09-16 15:59:00 amirFX_signal repeated signal
2020-09-16 15:59:13 FOR3X_SIGNAL new update is 2:12:44 PM last update is 2:12:44 PM
2020-09-16 15:59:13 FOR3X_SIGNAL repeated signal
2020-09-16 15:59:27 Eagl777 new update is 5:11:26 PM last update is 5:11:26 PM
2020-09-16 15:59:27 Eagl777 repeated signal
2020-09-16 15:59:40 WallstreetFXsignals new update is 8:07:48 AM last update is 8:07:48 AM
2020-09-16 15:59:40 WallstreetFXsignals repeated signal
2020-09-16 15:59:54 wolfofforexplus new update is 11:13:51 AM last update is 11:13:51 AM
2020-09-16 15:59:54 wolfofforexplus repeated signal
2020-09-16 16:00:07 light_forex new update is 10:10:45 PM last update is 10:10:45 PM
2020-09-16 16:00:07 light_forex repeated signal
2020-09-16 16:00:28 WSSignals new update is 10:10:45 PM last update is 10:10:45 PM
2020-09-16 16:00:28 WSSignals repeated signal
2020-09-16 16:00:43 forexsignalzz new update is 6:55:36 PM last update is 6:55:36 PM
2020-09-16 16:00:43 forexsignalzz repeated signal
2020-09-16 16:00:57 amirFX_signal new update is 1:46:41 PM last update is 1:46:41 PM
2020-09-16 16:00:57 amirFX_signal repeated signal
2020-09-16 16:01:10 FOR3X_SIGNAL new update is 2:12:44 PM last update is 2:12:44 PM
2020-09-16 16:01:10 FOR3X_SIGNAL repeated signal
2020-09-16 16:01:24 Eagl777 new update is 5:11:26 PM last update is 5:11:26 PM
2020-09-16 16:01:24 Eagl777 repeated signal
2020-09-16 16:01:37 WallstreetFXsignals new update is 8:07:48 AM last update is 8:07:48 AM
2020-09-16 16:01:37 WallstreetFXsignals repeated signal
2020-09-16 16:01:50 wolfofforexplus new update is 11:13:51 AM last update is 11:13:51 AM
2020-09-16 16:01:50 wolfofforexplus repeated signal
2020-09-16 16:02:04 light_forex new update is 10:10:45 PM last update is 10:10:45 PM
2020-09-16 16:02:04 light_forex repeated signal
2020-09-16 16:02:25 WSSignals new update is 10:10:45 PM last update is 10:10:45 PM
2020-09-16 16:02:25 WSSignals repeated signal
2020-09-16 16:02:40 forexsignalzz new update is 6:55:36 PM last update is 6:55:36 PM
2020-09-16 16:02:40 forexsignalzz repeated signal
2020-09-16 16:02:53 amirFX_signal new update is 1:46:41 PM last update is 1:46:41 PM
2020-09-16 16:02:53 amirFX_signal repeated signal
2020-09-16 16:03:07 FOR3X_SIGNAL new update is 2:12:44 PM last update is 2:12:44 PM
2020-09-16 16:03:07 FOR3X_SIGNAL repeated signal
2020-09-16 16:03:20 Eagl777 new update is 5:11:26 PM last update is 5:11:26 PM
2020-09-16 16:03:20 Eagl777 repeated signal
2020-09-16 16:03:34 WallstreetFXsignals new update is 8:07:48 AM last update is 8:07:48 AM
2020-09-16 16:03:34 WallstreetFXsignals repeated signal
2020-09-16 16:03:47 wolfofforexplus new update is 11:13:51 AM last update is 11:13:51 AM
2020-09-16 16:03:47 wolfofforexplus repeated signal
2020-09-16 16:04:01 light_forex new update is 10:10:45 PM last update is 10:10:45 PM
2020-09-16 16:04:01 light_forex repeated signal
2020-09-16 16:04:22 WSSignals new update is 10:10:45 PM last update is 10:10:45 PM
2020-09-16 16:04:22 WSSignals repeated signal
2020-09-16 16:04:37 forexsignalzz new update is 6:55:36 PM last update is 6:55:36 PM
2020-09-16 16:04:37 forexsignalzz repeated signal
2020-09-16 16:04:50 amirFX_signal new update is 1:46:41 PM last update is 1:46:41 PM
2020-09-16 16:04:50 amirFX_signal repeated signal
2020-09-16 16:05:04 FOR3X_SIGNAL new update is 2:12:44 PM last update is 2:12:44 PM
2020-09-16 16:05:04 FOR3X_SIGNAL repeated signal
2020-09-16 16:05:17 Eagl777 new update is 5:11:26 PM last update is 5:11:26 PM
2020-09-16 16:05:17 Eagl777 repeated signal
2020-09-16 16:05:31 WallstreetFXsignals new update is 8:07:48 AM last update is 8:07:48 AM
2020-09-16 16:05:31 WallstreetFXsignals repeated signal
2020-09-16 16:05:44 wolfofforexplus new update is 11:13:51 AM last update is 11:13:51 AM
2020-09-16 16:05:44 wolfofforexplus repeated signal
2020-09-16 16:05:57 light_forex new update is 10:10:45 PM last update is 10:10:45 PM
2020-09-16 16:05:57 light_forex repeated signal
2020-09-16 16:06:19 WSSignals new update is 10:10:45 PM last update is 10:10:45 PM
2020-09-16 16:06:19 WSSignals repeated signal
2020-09-16 16:06:34 forexsignalzz new update is 6:55:36 PM last update is 6:55:36 PM
2020-09-16 16:06:34 forexsignalzz repeated signal
2020-09-16 16:06:47 amirFX_signal new update is 1:46:41 PM last update is 1:46:41 PM
2020-09-16 16:06:47 amirFX_signal repeated signal
2020-09-16 16:07:00 FOR3X_SIGNAL new update is 2:12:44 PM last update is 2:12:44 PM
2020-09-16 16:07:00 FOR3X_SIGNAL repeated signal
2020-09-16 16:07:14 Eagl777 new update is 5:11:26 PM last update is 5:11:26 PM
2020-09-16 16:07:14 Eagl777 repeated signal
2020-09-16 16:07:28 WallstreetFXsignals new update is 8:07:48 AM last update is 8:07:48 AM
2020-09-16 16:07:28 WallstreetFXsignals repeated signal
2020-09-16 16:07:41 wolfofforexplus new update is 11:13:51 AM last update is 11:13:51 AM
2020-09-16 16:07:41 wolfofforexplus repeated signal
2020-09-16 16:07:55 light_forex new update is 10:10:45 PM last update is 10:10:45 PM
2020-09-16 16:07:55 light_forex repeated signal
2020-09-16 16:08:16 WSSignals new update is 10:10:45 PM last update is 10:10:45 PM
2020-09-16 16:08:16 WSSignals repeated signal
2020-09-16 16:08:31 forexsignalzz new update is 6:55:36 PM last update is 6:55:36 PM
2020-09-16 16:08:31 forexsignalzz repeated signal
2020-09-16 16:08:44 amirFX_signal new update is 1:46:41 PM last update is 1:46:41 PM
2020-09-16 16:08:44 amirFX_signal repeated signal
2020-09-16 16:08:58 FOR3X_SIGNAL new update is 2:12:44 PM last update is 2:12:44 PM
2020-09-16 16:08:58 FOR3X_SIGNAL repeated signal
2020-09-16 16:09:11 Eagl777 new update is 5:11:26 PM last update is 5:11:26 PM
2020-09-16 16:09:11 Eagl777 repeated signal
2020-09-16 16:09:24 WallstreetFXsignals new update is 8:07:48 AM last update is 8:07:48 AM
2020-09-16 16:09:24 WallstreetFXsignals repeated signal
2020-09-16 16:09:38 wolfofforexplus new update is 11:13:51 AM last update is 11:13:51 AM
2020-09-16 16:09:38 wolfofforexplus repeated signal
2020-09-16 16:09:51 light_forex new update is 10:10:45 PM last update is 10:10:45 PM
2020-09-16 16:09:51 light_forex repeated signal
2020-09-16 16:10:13 WSSignals new update is 10:10:45 PM last update is 10:10:45 PM
2020-09-16 16:10:13 WSSignals repeated signal
2020-09-16 16:10:27 forexsignalzz new update is 6:55:36 PM last update is 6:55:36 PM
2020-09-16 16:10:27 forexsignalzz repeated signal
2020-09-16 16:10:41 amirFX_signal new update is 1:46:41 PM last update is 1:46:41 PM
2020-09-16 16:10:41 amirFX_signal repeated signal
2020-09-16 16:10:54 FOR3X_SIGNAL new update is 2:12:44 PM last update is 2:12:44 PM
2020-09-16 16:10:54 FOR3X_SIGNAL repeated signal
2020-09-16 16:11:08 Eagl777 new update is 5:11:26 PM last update is 5:11:26 PM
2020-09-16 16:11:08 Eagl777 repeated signal
2020-09-16 16:11:21 WallstreetFXsignals new update is 8:07:48 AM last update is 8:07:48 AM
2020-09-16 16:11:21 WallstreetFXsignals repeated signal
2020-09-16 16:11:35 wolfofforexplus new update is 11:13:51 AM last update is 11:13:51 AM
2020-09-16 16:11:35 wolfofforexplus repeated signal
2020-09-16 16:11:48 light_forex new update is 10:10:45 PM last update is 10:10:45 PM
2020-09-16 16:11:48 light_forex repeated signal
2020-09-16 16:12:09 WSSignals new update is 10:10:45 PM last update is 10:10:45 PM
2020-09-16 16:12:09 WSSignals repeated signal
2020-09-16 16:12:24 forexsignalzz new update is 6:55:36 PM last update is 6:55:36 PM
2020-09-16 16:12:24 forexsignalzz repeated signal
2020-09-16 16:12:37 amirFX_signal new update is 1:46:41 PM last update is 1:46:41 PM
2020-09-16 16:12:37 amirFX_signal repeated signal
2020-09-16 16:12:51 FOR3X_SIGNAL new update is 2:12:44 PM last update is 2:12:44 PM
2020-09-16 16:12:51 FOR3X_SIGNAL repeated signal
2020-09-16 16:13:04 Eagl777 new update is 5:11:26 PM last update is 5:11:26 PM
2020-09-16 16:13:04 Eagl777 repeated signal
2020-09-16 16:13:18 WallstreetFXsignals new update is 8:07:48 AM last update is 8:07:48 AM
2020-09-16 16:13:18 WallstreetFXsignals repeated signal
2020-09-16 16:13:31 wolfofforexplus new update is 11:13:51 AM last update is 11:13:51 AM
2020-09-16 16:13:31 wolfofforexplus repeated signal
2020-09-16 16:13:45 light_forex new update is 10:10:45 PM last update is 10:10:45 PM
2020-09-16 16:13:45 light_forex repeated signal
2020-09-16 16:14:06 WSSignals new update is 10:10:45 PM last update is 10:10:45 PM
2020-09-16 16:14:06 WSSignals repeated signal
2020-09-16 16:14:21 forexsignalzz new update is 6:55:36 PM last update is 6:55:36 PM
2020-09-16 16:14:21 forexsignalzz repeated signal
2020-09-16 16:14:34 amirFX_signal new update is 1:46:41 PM last update is 1:46:41 PM
2020-09-16 16:14:34 amirFX_signal repeated signal
2020-09-16 16:14:48 FOR3X_SIGNAL new update is 2:12:44 PM last update is 2:12:44 PM
2020-09-16 16:14:48 FOR3X_SIGNAL repeated signal
2020-09-16 16:15:01 Eagl777 new update is 5:11:26 PM last update is 5:11:26 PM
2020-09-16 16:15:01 Eagl777 repeated signal
2020-09-16 16:15:15 WallstreetFXsignals new update is 8:07:48 AM last update is 8:07:48 AM
2020-09-16 16:15:15 WallstreetFXsignals repeated signal
2020-09-16 16:15:28 wolfofforexplus new update is 11:13:51 AM last update is 11:13:51 AM
2020-09-16 16:15:28 wolfofforexplus repeated signal
2020-09-16 16:15:42 light_forex new update is 10:10:45 PM last update is 10:10:45 PM
2020-09-16 16:15:42 light_forex repeated signal
2020-09-16 16:16:03 WSSignals new update is 10:10:45 PM last update is 10:10:45 PM
2020-09-16 16:16:03 WSSignals repeated signal
2020-09-16 16:16:18 forexsignalzz new update is 6:55:36 PM last update is 6:55:36 PM
2020-09-16 16:16:18 forexsignalzz repeated signal
2020-09-16 16:16:31 amirFX_signal new update is 1:46:41 PM last update is 1:46:41 PM
2020-09-16 16:16:31 amirFX_signal repeated signal
2020-09-16 16:16:45 FOR3X_SIGNAL new update is 2:12:44 PM last update is 2:12:44 PM
2020-09-16 16:16:45 FOR3X_SIGNAL repeated signal
2020-09-16 16:16:58 Eagl777 new update is 5:11:26 PM last update is 5:11:26 PM
2020-09-16 16:16:58 Eagl777 repeated signal
2020-09-16 16:17:12 WallstreetFXsignals new update is 8:07:48 AM last update is 8:07:48 AM
2020-09-16 16:17:12 WallstreetFXsignals repeated signal
2020-09-16 16:17:25 wolfofforexplus new update is 11:13:51 AM last update is 11:13:51 AM
2020-09-16 16:17:25 wolfofforexplus repeated signal
2020-09-16 16:17:39 light_forex new update is 10:10:45 PM last update is 10:10:45 PM
2020-09-16 16:17:39 light_forex repeated signal
2020-09-16 16:18:00 WSSignals new update is 10:10:45 PM last update is 10:10:45 PM
2020-09-16 16:18:00 WSSignals repeated signal
2020-09-16 16:18:15 forexsignalzz new update is 6:55:36 PM last update is 6:55:36 PM
2020-09-16 16:18:15 forexsignalzz repeated signal
2020-09-16 16:18:28 amirFX_signal new update is 1:46:41 PM last update is 1:46:41 PM
2020-09-16 16:18:28 amirFX_signal repeated signal
2020-09-16 16:18:42 FOR3X_SIGNAL new update is 2:12:44 PM last update is 2:12:44 PM
2020-09-16 16:18:42 FOR3X_SIGNAL repeated signal
2020-09-16 16:18:55 Eagl777 new update is 5:11:26 PM last update is 5:11:26 PM
2020-09-16 16:18:55 Eagl777 repeated signal
2020-09-16 16:19:09 WallstreetFXsignals new update is 8:07:48 AM last update is 8:07:48 AM
2020-09-16 16:19:09 WallstreetFXsignals repeated signal
2020-09-16 16:19:22 wolfofforexplus new update is 11:13:51 AM last update is 11:13:51 AM
2020-09-16 16:19:22 wolfofforexplus repeated signal
2020-09-16 16:19:36 light_forex new update is 10:10:45 PM last update is 10:10:45 PM
2020-09-16 16:19:36 light_forex repeated signal
2020-09-16 16:19:57 WSSignals new update is 10:10:45 PM last update is 10:10:45 PM
2020-09-16 16:19:57 WSSignals repeated signal
2020-09-16 16:20:12 forexsignalzz new update is 6:55:36 PM last update is 6:55:36 PM
2020-09-16 16:20:12 forexsignalzz repeated signal
2020-09-16 16:20:25 amirFX_signal new update is 1:46:41 PM last update is 1:46:41 PM
2020-09-16 16:20:25 amirFX_signal repeated signal
2020-09-16 16:20:39 FOR3X_SIGNAL new update is 2:12:44 PM last update is 2:12:44 PM
2020-09-16 16:20:39 FOR3X_SIGNAL repeated signal
2020-09-16 16:20:52 Eagl777 new update is 5:11:26 PM last update is 5:11:26 PM
2020-09-16 16:20:52 Eagl777 repeated signal
2020-09-16 16:21:05 WallstreetFXsignals new update is 8:07:48 AM last update is 8:07:48 AM
2020-09-16 16:21:05 WallstreetFXsignals repeated signal
2020-09-16 16:21:19 wolfofforexplus new update is 11:13:51 AM last update is 11:13:51 AM
2020-09-16 16:21:19 wolfofforexplus repeated signal
2020-09-16 16:21:32 light_forex new update is 10:10:45 PM last update is 10:10:45 PM
2020-09-16 16:21:32 light_forex repeated signal
2020-09-16 16:21:54 WSSignals new update is 10:10:45 PM last update is 10:10:45 PM
2020-09-16 16:21:54 WSSignals repeated signal
2020-09-16 16:22:08 forexsignalzz new update is 6:55:36 PM last update is 6:55:36 PM
2020-09-16 16:22:08 forexsignalzz repeated signal
2020-09-16 16:22:22 amirFX_signal new update is 1:46:41 PM last update is 1:46:41 PM
2020-09-16 16:22:22 amirFX_signal repeated signal
2020-09-16 16:22:35 FOR3X_SIGNAL new update is 2:12:44 PM last update is 2:12:44 PM
2020-09-16 16:22:35 FOR3X_SIGNAL repeated signal
2020-09-16 16:22:49 Eagl777 new update is 5:11:26 PM last update is 5:11:26 PM
2020-09-16 16:22:49 Eagl777 repeated signal
2020-09-16 16:23:02 WallstreetFXsignals new update is 8:07:48 AM last update is 8:07:48 AM
2020-09-16 16:23:02 WallstreetFXsignals repeated signal
2020-09-16 16:23:16 wolfofforexplus new update is 11:13:51 AM last update is 11:13:51 AM
2020-09-16 16:23:16 wolfofforexplus repeated signal
2020-09-16 16:23:29 light_forex new update is 10:10:45 PM last update is 10:10:45 PM
2020-09-16 16:23:29 light_forex repeated signal
2020-09-16 16:23:51 WSSignals new update is 10:10:45 PM last update is 10:10:45 PM
2020-09-16 16:23:51 WSSignals repeated signal
2020-09-16 16:24:05 forexsignalzz new update is 6:55:36 PM last update is 6:55:36 PM
2020-09-16 16:24:05 forexsignalzz repeated signal
2020-09-16 16:24:19 amirFX_signal new update is 4:22:41 PM last update is 1:46:41 PM
2020-09-16 16:24:19 amirFX_signal get new signal
2020-09-16 16:24:21 amirFX_signal getting signal message started
2020-09-16 16:24:37 FOR3X_SIGNAL new update is 2:12:44 PM last update is 2:12:44 PM
2020-09-16 16:24:37 FOR3X_SIGNAL repeated signal
2020-09-16 16:24:51 Eagl777 new update is 5:11:26 PM last update is 5:11:26 PM
2020-09-16 16:24:51 Eagl777 repeated signal
2020-09-16 16:25:04 WallstreetFXsignals new update is 8:07:48 AM last update is 8:07:48 AM
2020-09-16 16:25:04 WallstreetFXsignals repeated signal
2020-09-16 16:25:17 wolfofforexplus new update is 11:13:51 AM last update is 11:13:51 AM
2020-09-16 16:25:17 wolfofforexplus repeated signal
2020-09-16 16:25:31 light_forex new update is 10:10:45 PM last update is 10:10:45 PM
2020-09-16 16:25:31 light_forex repeated signal
2020-09-16 16:25:52 WSSignals new update is 10:10:45 PM last update is 10:10:45 PM
2020-09-16 16:25:52 WSSignals repeated signal
2020-09-16 16:26:07 forexsignalzz new update is 6:55:36 PM last update is 6:55:36 PM
2020-09-16 16:26:07 forexsignalzz repeated signal
2020-09-16 16:26:21 amirFX_signal new update is 4:22:41 PM last update is 4:22:41 PM
2020-09-16 16:26:21 amirFX_signal repeated signal
2020-09-16 16:26:34 FOR3X_SIGNAL new update is 2:12:44 PM last update is 2:12:44 PM
2020-09-16 16:26:34 FOR3X_SIGNAL repeated signal
2020-09-16 16:26:47 Eagl777 new update is 5:11:26 PM last update is 5:11:26 PM
2020-09-16 16:26:47 Eagl777 repeated signal
2020-09-16 16:27:01 WallstreetFXsignals new update is 8:07:48 AM last update is 8:07:48 AM
2020-09-16 16:27:01 WallstreetFXsignals repeated signal
2020-09-16 16:27:14 wolfofforexplus new update is 11:13:51 AM last update is 11:13:51 AM
2020-09-16 16:27:14 wolfofforexplus repeated signal
2020-09-16 16:27:28 light_forex new update is 10:10:45 PM last update is 10:10:45 PM
2020-09-16 16:27:28 light_forex repeated signal
2020-09-16 16:27:49 WSSignals new update is 10:10:45 PM last update is 10:10:45 PM
2020-09-16 16:27:49 WSSignals repeated signal
2020-09-16 16:28:04 forexsignalzz new update is 6:55:36 PM last update is 6:55:36 PM
2020-09-16 16:28:04 forexsignalzz repeated signal
2020-09-16 16:28:17 amirFX_signal new update is 4:26:38 PM last update is 4:22:41 PM
2020-09-16 16:28:17 amirFX_signal get new signal
2020-09-16 16:28:19 amirFX_signal getting signal message started
2020-09-16 16:28:22 amirFX_signal getting signal message successfully ended
2020-09-16 16:28:22  writting signal message started
2020-09-16 16:28:47 FOR3X_SIGNAL new update is 2:12:44 PM last update is 2:12:44 PM
2020-09-16 16:28:47 FOR3X_SIGNAL repeated signal
2020-09-16 16:29:01 Eagl777 new update is 5:11:26 PM last update is 5:11:26 PM
2020-09-16 16:29:01 Eagl777 repeated signal
2020-09-16 16:29:14 WallstreetFXsignals new update is 8:07:48 AM last update is 8:07:48 AM
2020-09-16 16:29:14 WallstreetFXsignals repeated signal
2020-09-16 16:29:27 wolfofforexplus new update is 11:13:51 AM last update is 11:13:51 AM
2020-09-16 16:29:27 wolfofforexplus repeated signal
2020-09-16 16:29:41 light_forex new update is 10:10:45 PM last update is 10:10:45 PM
2020-09-16 16:29:41 light_forex repeated signal
2020-09-16 16:30:02 WSSignals new update is 10:10:45 PM last update is 10:10:45 PM
2020-09-16 16:30:02 WSSignals repeated signal
2020-09-16 16:30:17 forexsignalzz new update is 6:55:36 PM last update is 6:55:36 PM
2020-09-16 16:30:17 forexsignalzz repeated signal
2020-09-16 16:30:30 amirFX_signal new update is 4:26:38 PM last update is 4:26:38 PM
2020-09-16 16:30:30 amirFX_signal repeated signal
2020-09-16 16:30:44 FOR3X_SIGNAL new update is 2:12:44 PM last update is 2:12:44 PM
2020-09-16 16:30:44 FOR3X_SIGNAL repeated signal
2020-09-16 16:30:57 Eagl777 new update is 5:11:26 PM last update is 5:11:26 PM
2020-09-16 16:30:57 Eagl777 repeated signal
2020-09-16 16:31:11 WallstreetFXsignals new update is 8:07:48 AM last update is 8:07:48 AM
2020-09-16 16:31:11 WallstreetFXsignals repeated signal
2020-09-16 16:31:24 wolfofforexplus new update is 11:13:51 AM last update is 11:13:51 AM
2020-09-16 16:31:24 wolfofforexplus repeated signal
2020-09-16 16:31:38 light_forex new update is 10:10:45 PM last update is 10:10:45 PM
2020-09-16 16:31:38 light_forex repeated signal
2020-09-16 16:31:59 WSSignals new update is 10:10:45 PM last update is 10:10:45 PM
2020-09-16 16:31:59 WSSignals repeated signal
2020-09-16 16:32:14 forexsignalzz new update is 6:55:36 PM last update is 6:55:36 PM
2020-09-16 16:32:14 forexsignalzz repeated signal
2020-09-16 16:32:27 amirFX_signal new update is 4:26:38 PM last update is 4:26:38 PM
2020-09-16 16:32:27 amirFX_signal repeated signal
2020-09-16 16:32:41 FOR3X_SIGNAL new update is 2:12:44 PM last update is 2:12:44 PM
2020-09-16 16:32:41 FOR3X_SIGNAL repeated signal
2020-09-16 16:32:54 Eagl777 new update is 5:11:26 PM last update is 5:11:26 PM
2020-09-16 16:32:54 Eagl777 repeated signal
2020-09-16 16:33:12 WallstreetFXsignals new update is 8:07:48 AM last update is 8:07:48 AM
2020-09-16 16:33:12 WallstreetFXsignals repeated signal
2020-09-16 16:33:33 wolfofforexplus new update is 8:07:48 AM last update is 11:13:51 AM
2020-09-16 16:33:33 wolfofforexplus get new signal
2020-09-16 16:33:35 wolfofforexplus getting signal message started
2020-09-16 16:33:51 light_forex new update is 10:10:45 PM last update is 10:10:45 PM
2020-09-16 16:33:51 light_forex repeated signal
2020-09-16 16:34:12 WSSignals new update is 10:10:45 PM last update is 10:10:45 PM
2020-09-16 16:34:12 WSSignals repeated signal
2020-09-16 16:34:31 forexsignalzz new update is 6:55:36 PM last update is 6:55:36 PM
2020-09-16 16:34:31 forexsignalzz repeated signal
2020-09-16 16:34:48 amirFX_signal new update is 4:26:38 PM last update is 4:26:38 PM
2020-09-16 16:34:48 amirFX_signal repeated signal
2020-09-16 16:35:08 FOR3X_SIGNAL new update is 2:12:44 PM last update is 2:12:44 PM
2020-09-16 16:35:08 FOR3X_SIGNAL repeated signal
2020-09-16 16:35:29 Eagl777 new update is 2:12:44 PM last update is 5:11:26 PM
2020-09-16 16:35:29 Eagl777 get new signal
2020-09-16 16:35:31 Eagl777 getting signal message started
2020-09-16 16:35:53 WallstreetFXsignals new update is 8:07:48 AM last update is 8:07:48 AM
2020-09-16 16:35:53 WallstreetFXsignals repeated signal
2020-09-16 16:36:08 wolfofforexplus new update is 11:13:51 AM last update is 8:07:48 AM
2020-09-16 16:36:08 wolfofforexplus get new signal
2020-09-16 16:36:10 wolfofforexplus getting signal message started
2020-09-16 16:36:26 light_forex new update is 10:10:45 PM last update is 10:10:45 PM
2020-09-16 16:36:26 light_forex repeated signal
2020-09-16 16:36:47 WSSignals new update is 10:10:45 PM last update is 10:10:45 PM
2020-09-16 16:36:47 WSSignals repeated signal
2020-09-16 16:37:08 forexsignalzz new update is 6:55:36 PM last update is 6:55:36 PM
2020-09-16 16:37:08 forexsignalzz repeated signal
2020-09-16 16:37:25 amirFX_signal new update is 4:26:38 PM last update is 4:26:38 PM
2020-09-16 16:37:25 amirFX_signal repeated signal
2020-09-16 16:37:47 FOR3X_SIGNAL new update is 4:26:38 PM last update is 2:12:44 PM
2020-09-16 16:37:47 FOR3X_SIGNAL get new signal
2020-09-16 16:37:49 FOR3X_SIGNAL getting signal message started
2020-09-16 16:38:11 Eagl777 new update is 5:11:26 PM last update is 2:12:44 PM
2020-09-16 16:38:11 Eagl777 get new signal
2020-09-16 16:38:13 Eagl777 getting signal message started
2020-09-16 16:38:35 WallstreetFXsignals new update is 8:07:48 AM last update is 8:07:48 AM
2020-09-16 16:38:35 WallstreetFXsignals repeated signal
2020-09-16 16:38:56 wolfofforexplus new update is 8:07:48 AM last update is 11:13:51 AM
2020-09-16 16:38:56 wolfofforexplus get new signal
2020-09-16 16:38:58 wolfofforexplus getting signal message started
2020-09-16 16:39:14 light_forex new update is 10:10:45 PM last update is 10:10:45 PM
2020-09-16 16:39:14 light_forex repeated signal
2020-09-16 16:39:35 WSSignals new update is 10:10:45 PM last update is 10:10:45 PM
2020-09-16 16:39:35 WSSignals repeated signal
2020-09-16 16:39:54 forexsignalzz new update is 6:55:36 PM last update is 6:55:36 PM
2020-09-16 16:39:54 forexsignalzz repeated signal
2020-09-16 16:40:13 amirFX_signal new update is 4:26:38 PM last update is 4:26:38 PM
2020-09-16 16:40:13 amirFX_signal repeated signal
2020-09-16 16:40:31 FOR3X_SIGNAL new update is 2:12:44 PM last update is 4:26:38 PM
2020-09-16 16:40:31 FOR3X_SIGNAL get new signal
2020-09-16 16:40:33 FOR3X_SIGNAL getting signal message started
2020-09-16 16:40:57 Eagl777 new update is 5:11:26 PM last update is 5:11:26 PM
2020-09-16 16:40:57 Eagl777 repeated signal
2020-09-16 16:41:19 WallstreetFXsignals new update is 5:11:26 PM last update is 8:07:48 AM
2020-09-16 16:41:19 WallstreetFXsignals get new signal
2020-09-16 16:41:21 WallstreetFXsignals getting signal message started
2020-09-16 16:41:45 wolfofforexplus new update is 5:11:26 PM last update is 8:07:48 AM
2020-09-16 16:41:45 wolfofforexplus get new signal
2020-09-16 16:41:47 wolfofforexplus getting signal message started
2020-09-16 16:42:03 light_forex new update is 10:10:45 PM last update is 10:10:45 PM
2020-09-16 16:42:03 light_forex repeated signal
2020-09-16 16:42:24 WSSignals new update is 10:10:45 PM last update is 10:10:45 PM
2020-09-16 16:42:24 WSSignals repeated signal
2020-09-16 16:42:42 forexsignalzz new update is 6:55:36 PM last update is 6:55:36 PM
2020-09-16 16:42:42 forexsignalzz repeated signal
2020-09-16 16:43:04 amirFX_signal new update is 6:55:36 PM last update is 4:26:38 PM
2020-09-16 16:43:04 amirFX_signal get new signal
2020-09-16 16:43:06 amirFX_signal getting signal message started
2020-09-16 16:43:28 FOR3X_SIGNAL new update is 2:12:44 PM last update is 2:12:44 PM
2020-09-16 16:43:28 FOR3X_SIGNAL repeated signal
2020-09-16 16:43:47 Eagl777 new update is 5:11:26 PM last update is 5:11:26 PM
2020-09-16 16:43:47 Eagl777 repeated signal
2020-09-16 16:44:09 WallstreetFXsignals new update is 8:07:48 AM last update is 5:11:26 PM
2020-09-16 16:44:09 WallstreetFXsignals get new signal
2020-09-16 16:44:11 WallstreetFXsignals getting signal message started
2020-09-16 16:44:32 wolfofforexplus new update is 11:13:51 AM last update is 5:11:26 PM
2020-09-16 16:44:32 wolfofforexplus get new signal
2020-09-16 16:44:34 wolfofforexplus getting signal message started
2020-09-16 16:44:50 light_forex new update is 10:10:45 PM last update is 10:10:45 PM
2020-09-16 16:44:50 light_forex repeated signal
2020-09-16 16:45:11 WSSignals new update is 10:10:45 PM last update is 10:10:45 PM
2020-09-16 16:45:11 WSSignals repeated signal
2020-09-16 16:45:30 forexsignalzz new update is 6:55:36 PM last update is 6:55:36 PM
2020-09-16 16:45:30 forexsignalzz repeated signal
2020-09-16 16:45:51 amirFX_signal new update is 6:55:36 PM last update is 6:55:36 PM
2020-09-16 16:45:51 amirFX_signal repeated signal
2020-09-16 16:46:13 FOR3X_SIGNAL new update is 6:55:36 PM last update is 2:12:44 PM
2020-09-16 16:46:13 FOR3X_SIGNAL get new signal
2020-09-16 16:46:15 FOR3X_SIGNAL getting signal message started
2020-09-16 16:46:35 Eagl777 new update is 5:11:26 PM last update is 5:11:26 PM
2020-09-16 16:46:35 Eagl777 repeated signal
2020-09-16 16:46:52 WallstreetFXsignals new update is 8:07:48 AM last update is 8:07:48 AM
2020-09-16 16:46:52 WallstreetFXsignals repeated signal
2020-09-16 16:47:11 wolfofforexplus new update is 11:13:51 AM last update is 11:13:51 AM
2020-09-16 16:47:11 wolfofforexplus repeated signal
2020-09-16 16:47:25 light_forex new update is 10:10:45 PM last update is 10:10:45 PM
2020-09-16 16:47:25 light_forex repeated signal
2020-09-16 16:47:46 WSSignals new update is 10:10:45 PM last update is 10:10:45 PM
2020-09-16 16:47:46 WSSignals repeated signal
2020-09-16 16:48:09 forexsignalzz new update is 10:10:45 PM last update is 6:55:36 PM
2020-09-16 16:48:09 forexsignalzz get new signal
2020-09-16 16:48:11 forexsignalzz getting signal message started
2020-09-16 16:48:35 amirFX_signal new update is 10:10:45 PM last update is 6:55:36 PM
2020-09-16 16:48:35 amirFX_signal get new signal
2020-09-16 16:48:37 amirFX_signal getting signal message started
2020-09-16 16:49:01 FOR3X_SIGNAL new update is 10:10:45 PM last update is 6:55:36 PM
2020-09-16 16:49:01 FOR3X_SIGNAL get new signal
2020-09-16 16:49:03 FOR3X_SIGNAL getting signal message started
2020-09-16 16:49:26 Eagl777 new update is 10:10:45 PM last update is 5:11:26 PM
2020-09-16 16:49:26 Eagl777 get new signal
2020-09-16 16:49:28 Eagl777 getting signal message started
2020-09-16 16:49:52 WallstreetFXsignals new update is 10:10:45 PM last update is 8:07:48 AM
2020-09-16 16:49:52 WallstreetFXsignals get new signal
2020-09-16 16:49:54 WallstreetFXsignals getting signal message started
2020-09-16 16:50:18 wolfofforexplus new update is 10:10:45 PM last update is 11:13:51 AM
2020-09-16 16:50:18 wolfofforexplus get new signal
2020-09-16 16:50:20 wolfofforexplus getting signal message started
2020-09-16 16:50:36 light_forex new update is 10:10:45 PM last update is 10:10:45 PM
2020-09-16 16:50:36 light_forex repeated signal
2020-09-16 16:50:58 WSSignals new update is 10:10:45 PM last update is 10:10:45 PM
2020-09-16 16:50:58 WSSignals repeated signal
2020-09-16 16:51:20 forexsignalzz new update is 10:10:45 PM last update is 10:10:45 PM
2020-09-16 16:51:20 forexsignalzz repeated signal
2020-09-16 16:51:42 amirFX_signal new update is 10:10:45 PM last update is 10:10:45 PM
2020-09-16 16:51:42 amirFX_signal repeated signal
2020-09-16 16:52:04 FOR3X_SIGNAL new update is 10:10:45 PM last update is 10:10:45 PM
2020-09-16 16:52:04 FOR3X_SIGNAL repeated signal
2020-09-16 16:52:25 Eagl777 new update is 10:10:45 PM last update is 10:10:45 PM
2020-09-16 16:52:25 Eagl777 repeated signal
2020-09-16 16:52:47 WallstreetFXsignals new update is 10:10:45 PM last update is 10:10:45 PM
2020-09-16 16:52:47 WallstreetFXsignals repeated signal
2020-09-16 16:53:08 wolfofforexplus new update is 10:10:45 PM last update is 10:10:45 PM
2020-09-16 16:53:08 wolfofforexplus repeated signal
2020-09-16 16:53:23 light_forex new update is 10:10:45 PM last update is 10:10:45 PM
2020-09-16 16:53:23 light_forex repeated signal
2020-09-16 16:53:44 WSSignals new update is 10:10:45 PM last update is 10:10:45 PM
2020-09-16 16:53:44 WSSignals repeated signal
2020-09-16 16:53:59 forexsignalzz new update is 6:55:36 PM last update is 10:10:45 PM
2020-09-16 16:53:59 forexsignalzz get new signal
2020-09-16 16:54:01 forexsignalzz getting signal message started
2020-09-16 16:54:16 amirFX_signal new update is 4:26:38 PM last update is 10:10:45 PM
2020-09-16 16:54:16 amirFX_signal get new signal
2020-09-16 16:54:18 amirFX_signal getting signal message started
2020-09-16 16:54:21 amirFX_signal getting signal message successfully ended
2020-09-16 16:54:21  writting signal message started
2020-09-16 16:54:46 FOR3X_SIGNAL new update is 2:12:44 PM last update is 10:10:45 PM
2020-09-16 16:54:46 FOR3X_SIGNAL get new signal
2020-09-16 16:54:48 FOR3X_SIGNAL getting signal message started
2020-09-16 16:55:04 Eagl777 new update is 5:11:26 PM last update is 10:10:45 PM
2020-09-16 16:55:04 Eagl777 get new signal
2020-09-16 16:55:06 Eagl777 getting signal message started
2020-09-16 16:55:22 WallstreetFXsignals new update is 8:07:48 AM last update is 10:10:45 PM
2020-09-16 16:55:22 WallstreetFXsignals get new signal
2020-09-16 16:55:24 WallstreetFXsignals getting signal message started
2020-09-16 16:55:39 wolfofforexplus new update is 11:13:51 AM last update is 10:10:45 PM
2020-09-16 16:55:39 wolfofforexplus get new signal
2020-09-16 16:55:41 wolfofforexplus getting signal message started
2020-09-16 16:55:57 light_forex new update is 10:10:45 PM last update is 10:10:45 PM
2020-09-16 16:55:57 light_forex repeated signal
2020-09-16 16:56:18 WSSignals new update is 10:10:45 PM last update is 10:10:45 PM
2020-09-16 16:56:18 WSSignals repeated signal
2020-09-16 16:56:33 forexsignalzz new update is 6:55:36 PM last update is 6:55:36 PM
2020-09-16 16:56:33 forexsignalzz repeated signal
2020-09-16 16:56:47 amirFX_signal new update is 4:26:38 PM last update is 4:26:38 PM
2020-09-16 16:56:47 amirFX_signal repeated signal
2020-09-16 16:57:00 FOR3X_SIGNAL new update is 2:12:44 PM last update is 2:12:44 PM
2020-09-16 16:57:00 FOR3X_SIGNAL repeated signal
2020-09-16 16:57:14 Eagl777 new update is 5:11:26 PM last update is 5:11:26 PM
2020-09-16 16:57:14 Eagl777 repeated signal
2020-09-16 16:57:27 WallstreetFXsignals new update is 8:07:48 AM last update is 8:07:48 AM
2020-09-16 16:57:27 WallstreetFXsignals repeated signal
2020-09-16 16:57:41 wolfofforexplus new update is 11:13:51 AM last update is 11:13:51 AM
2020-09-16 16:57:41 wolfofforexplus repeated signal
2020-09-16 16:57:54 light_forex new update is 10:10:45 PM last update is 10:10:45 PM
2020-09-16 16:57:54 light_forex repeated signal
2020-09-16 16:58:16 WSSignals new update is 10:10:45 PM last update is 10:10:45 PM
2020-09-16 16:58:16 WSSignals repeated signal
2020-09-16 16:58:30 forexsignalzz new update is 6:55:36 PM last update is 6:55:36 PM
2020-09-16 16:58:30 forexsignalzz repeated signal
2020-09-16 16:58:44 amirFX_signal new update is 4:26:38 PM last update is 4:26:38 PM
2020-09-16 16:58:44 amirFX_signal repeated signal
2020-09-16 16:58:58 FOR3X_SIGNAL new update is 2:12:44 PM last update is 2:12:44 PM
2020-09-16 16:58:58 FOR3X_SIGNAL repeated signal
2020-09-16 16:59:11 Eagl777 new update is 5:11:26 PM last update is 5:11:26 PM
2020-09-16 16:59:11 Eagl777 repeated signal
2020-09-16 16:59:24 WallstreetFXsignals new update is 8:07:48 AM last update is 8:07:48 AM
2020-09-16 16:59:24 WallstreetFXsignals repeated signal
2020-09-16 16:59:38 wolfofforexplus new update is 11:13:51 AM last update is 11:13:51 AM
2020-09-16 16:59:38 wolfofforexplus repeated signal
2020-09-16 16:59:51 light_forex new update is 10:10:45 PM last update is 10:10:45 PM
2020-09-16 16:59:51 light_forex repeated signal
2020-09-16 17:00:13 WSSignals new update is 10:10:45 PM last update is 10:10:45 PM
2020-09-16 17:00:13 WSSignals repeated signal
2020-09-16 17:00:28 forexsignalzz new update is 6:55:36 PM last update is 6:55:36 PM
2020-09-16 17:00:28 forexsignalzz repeated signal
2020-09-16 17:00:41 amirFX_signal new update is 4:26:38 PM last update is 4:26:38 PM
2020-09-16 17:00:41 amirFX_signal repeated signal
2020-09-16 17:00:54 FOR3X_SIGNAL new update is 2:12:44 PM last update is 2:12:44 PM
2020-09-16 17:00:54 FOR3X_SIGNAL repeated signal
2020-09-16 17:01:08 Eagl777 new update is 5:11:26 PM last update is 5:11:26 PM
2020-09-16 17:01:08 Eagl777 repeated signal
2020-09-16 17:01:21 WallstreetFXsignals new update is 8:07:48 AM last update is 8:07:48 AM
2020-09-16 17:01:21 WallstreetFXsignals repeated signal
2020-09-16 17:01:35 wolfofforexplus new update is 11:13:51 AM last update is 11:13:51 AM
2020-09-16 17:01:35 wolfofforexplus repeated signal
2020-09-16 17:01:48 light_forex new update is 10:10:45 PM last update is 10:10:45 PM
2020-09-16 17:01:48 light_forex repeated signal
2020-09-16 17:02:10 WSSignals new update is 10:10:45 PM last update is 10:10:45 PM
2020-09-16 17:02:10 WSSignals repeated signal
2020-09-16 17:02:25 forexsignalzz new update is 6:55:36 PM last update is 6:55:36 PM
2020-09-16 17:02:25 forexsignalzz repeated signal
2020-09-16 17:02:38 amirFX_signal new update is 4:26:38 PM last update is 4:26:38 PM
2020-09-16 17:02:38 amirFX_signal repeated signal
2020-09-16 17:02:52 FOR3X_SIGNAL new update is 2:12:44 PM last update is 2:12:44 PM
2020-09-16 17:02:52 FOR3X_SIGNAL repeated signal
2020-09-16 17:03:05 Eagl777 new update is 5:11:26 PM last update is 5:11:26 PM
2020-09-16 17:03:05 Eagl777 repeated signal
2020-09-16 17:03:19 WallstreetFXsignals new update is 8:07:48 AM last update is 8:07:48 AM
2020-09-16 17:03:19 WallstreetFXsignals repeated signal
2020-09-16 17:03:32 wolfofforexplus new update is 11:13:51 AM last update is 11:13:51 AM
2020-09-16 17:03:32 wolfofforexplus repeated signal
2020-09-16 17:03:46 light_forex new update is 10:10:45 PM last update is 10:10:45 PM
2020-09-16 17:03:46 light_forex repeated signal
2020-09-16 17:04:07 WSSignals new update is 10:10:45 PM last update is 10:10:45 PM
2020-09-16 17:04:07 WSSignals repeated signal
2020-09-16 17:04:22 forexsignalzz new update is 6:55:36 PM last update is 6:55:36 PM
2020-09-16 17:04:22 forexsignalzz repeated signal
2020-09-16 17:04:35 amirFX_signal new update is 4:26:38 PM last update is 4:26:38 PM
2020-09-16 17:04:35 amirFX_signal repeated signal
2020-09-16 17:04:49 FOR3X_SIGNAL new update is 2:12:44 PM last update is 2:12:44 PM
2020-09-16 17:04:49 FOR3X_SIGNAL repeated signal
2020-09-16 17:05:02 Eagl777 new update is 5:11:26 PM last update is 5:11:26 PM
2020-09-16 17:05:02 Eagl777 repeated signal
2020-09-16 17:05:16 WallstreetFXsignals new update is 8:07:48 AM last update is 8:07:48 AM
2020-09-16 17:05:16 WallstreetFXsignals repeated signal
2020-09-16 17:05:29 wolfofforexplus new update is 11:13:51 AM last update is 11:13:51 AM
2020-09-16 17:05:29 wolfofforexplus repeated signal
2020-09-16 17:05:43 light_forex new update is 10:10:45 PM last update is 10:10:45 PM
2020-09-16 17:05:43 light_forex repeated signal
2020-09-16 17:06:04 WSSignals new update is 10:10:45 PM last update is 10:10:45 PM
2020-09-16 17:06:04 WSSignals repeated signal
2020-09-16 17:06:19 forexsignalzz new update is 6:55:36 PM last update is 6:55:36 PM
2020-09-16 17:06:19 forexsignalzz repeated signal
2020-09-16 17:06:33 amirFX_signal new update is 4:26:38 PM last update is 4:26:38 PM
2020-09-16 17:06:33 amirFX_signal repeated signal
2020-09-16 17:06:46 FOR3X_SIGNAL new update is 2:12:44 PM last update is 2:12:44 PM
2020-09-16 17:06:46 FOR3X_SIGNAL repeated signal
2020-09-16 17:07:00 Eagl777 new update is 5:11:26 PM last update is 5:11:26 PM
2020-09-16 17:07:00 Eagl777 repeated signal
2020-09-16 17:07:13 WallstreetFXsignals new update is 8:07:48 AM last update is 8:07:48 AM
2020-09-16 17:07:13 WallstreetFXsignals repeated signal
2020-09-16 17:07:27 wolfofforexplus new update is 11:13:51 AM last update is 11:13:51 AM
2020-09-16 17:07:27 wolfofforexplus repeated signal
2020-09-16 17:07:40 light_forex new update is 10:10:45 PM last update is 10:10:45 PM
2020-09-16 17:07:40 light_forex repeated signal
2020-09-16 17:08:01 WSSignals new update is 10:10:45 PM last update is 10:10:45 PM
2020-09-16 17:08:02 WSSignals repeated signal
2020-09-16 17:08:16 forexsignalzz new update is 6:55:36 PM last update is 6:55:36 PM
2020-09-16 17:08:16 forexsignalzz repeated signal
2020-09-16 17:08:30 amirFX_signal new update is 4:26:38 PM last update is 4:26:38 PM
2020-09-16 17:08:30 amirFX_signal repeated signal
2020-09-16 17:08:56 FOR3X_SIGNAL new update is 2:12:44 PM last update is 2:12:44 PM
2020-09-16 17:08:56 FOR3X_SIGNAL repeated signal
2020-09-16 17:09:09 Eagl777 new update is 5:11:26 PM last update is 5:11:26 PM
2020-09-16 17:09:09 Eagl777 repeated signal
2020-09-16 17:09:23 WallstreetFXsignals new update is 8:07:48 AM last update is 8:07:48 AM
2020-09-16 17:09:23 WallstreetFXsignals repeated signal
2020-09-16 17:09:37 wolfofforexplus new update is 11:13:51 AM last update is 11:13:51 AM
2020-09-16 17:09:37 wolfofforexplus repeated signal
2020-09-16 17:09:50 light_forex new update is 10:10:45 PM last update is 10:10:45 PM
2020-09-16 17:09:50 light_forex repeated signal
2020-09-16 17:10:11 WSSignals new update is 10:10:45 PM last update is 10:10:45 PM
2020-09-16 17:10:11 WSSignals repeated signal
2020-09-16 17:10:26 forexsignalzz new update is 6:55:36 PM last update is 6:55:36 PM
2020-09-16 17:10:26 forexsignalzz repeated signal
2020-09-16 17:10:39 amirFX_signal new update is 4:26:38 PM last update is 4:26:38 PM
2020-09-16 17:10:39 amirFX_signal repeated signal
2020-09-16 17:10:53 FOR3X_SIGNAL new update is 2:12:44 PM last update is 2:12:44 PM
2020-09-16 17:10:53 FOR3X_SIGNAL repeated signal
2020-09-16 17:11:06 Eagl777 new update is 5:11:26 PM last update is 5:11:26 PM
2020-09-16 17:11:06 Eagl777 repeated signal
2020-09-16 17:11:20 WallstreetFXsignals new update is 8:07:48 AM last update is 8:07:48 AM
2020-09-16 17:11:20 WallstreetFXsignals repeated signal
2020-09-16 17:11:33 wolfofforexplus new update is 11:13:51 AM last update is 11:13:51 AM
2020-09-16 17:11:33 wolfofforexplus repeated signal
2020-09-16 17:11:47 light_forex new update is 10:10:45 PM last update is 10:10:45 PM
2020-09-16 17:11:47 light_forex repeated signal
2020-09-16 17:12:08 WSSignals new update is 10:10:45 PM last update is 10:10:45 PM
2020-09-16 17:12:08 WSSignals repeated signal
2020-09-16 17:12:23 forexsignalzz new update is 6:55:36 PM last update is 6:55:36 PM
2020-09-16 17:12:23 forexsignalzz repeated signal
2020-09-16 17:12:36 amirFX_signal new update is 4:26:38 PM last update is 4:26:38 PM
2020-09-16 17:12:36 amirFX_signal repeated signal
2020-09-16 17:12:50 FOR3X_SIGNAL new update is 2:12:44 PM last update is 2:12:44 PM
2020-09-16 17:12:50 FOR3X_SIGNAL repeated signal
2020-09-16 17:13:03 Eagl777 new update is 5:11:26 PM last update is 5:11:26 PM
2020-09-16 17:13:04 Eagl777 repeated signal
2020-09-16 17:13:17 WallstreetFXsignals new update is 8:07:48 AM last update is 8:07:48 AM
2020-09-16 17:13:17 WallstreetFXsignals repeated signal
2020-09-16 17:13:31 wolfofforexplus new update is 11:13:51 AM last update is 11:13:51 AM
2020-09-16 17:13:31 wolfofforexplus repeated signal
2020-09-16 17:13:44 light_forex new update is 10:10:45 PM last update is 10:10:45 PM
2020-09-16 17:13:44 light_forex repeated signal
2020-09-16 17:14:05 WSSignals new update is 10:10:45 PM last update is 10:10:45 PM
2020-09-16 17:14:05 WSSignals repeated signal
2020-09-16 17:14:20 forexsignalzz new update is 6:55:36 PM last update is 6:55:36 PM
2020-09-16 17:14:20 forexsignalzz repeated signal
2020-09-16 17:14:34 amirFX_signal new update is 4:26:38 PM last update is 4:26:38 PM
2020-09-16 17:14:34 amirFX_signal repeated signal
2020-09-16 17:14:47 FOR3X_SIGNAL new update is 2:12:44 PM last update is 2:12:44 PM
2020-09-16 17:14:47 FOR3X_SIGNAL repeated signal
2020-09-16 17:15:01 Eagl777 new update is 5:11:26 PM last update is 5:11:26 PM
2020-09-16 17:15:01 Eagl777 repeated signal
2020-09-16 17:15:14 WallstreetFXsignals new update is 8:07:48 AM last update is 8:07:48 AM
2020-09-16 17:15:14 WallstreetFXsignals repeated signal
2020-09-16 17:15:28 wolfofforexplus new update is 11:13:51 AM last update is 11:13:51 AM
2020-09-16 17:15:28 wolfofforexplus repeated signal
2020-09-16 17:15:41 light_forex new update is 10:10:45 PM last update is 10:10:45 PM
2020-09-16 17:15:41 light_forex repeated signal
2020-09-16 17:16:02 WSSignals new update is 10:10:45 PM last update is 10:10:45 PM
2020-09-16 17:16:02 WSSignals repeated signal
2020-09-16 17:16:17 forexsignalzz new update is 6:55:36 PM last update is 6:55:36 PM
2020-09-16 17:16:17 forexsignalzz repeated signal
2020-09-16 17:16:31 amirFX_signal new update is 4:26:38 PM last update is 4:26:38 PM
2020-09-16 17:16:31 amirFX_signal repeated signal
2020-09-16 17:16:44 FOR3X_SIGNAL new update is 2:12:44 PM last update is 2:12:44 PM
2020-09-16 17:16:44 FOR3X_SIGNAL repeated signal
2020-09-16 17:16:58 Eagl777 new update is 5:11:26 PM last update is 5:11:26 PM
2020-09-16 17:16:58 Eagl777 repeated signal
2020-09-16 17:17:11 WallstreetFXsignals new update is 5:15:41 PM last update is 8:07:48 AM
2020-09-16 17:17:11 WallstreetFXsignals get new signal
2020-09-16 17:17:13 WallstreetFXsignals getting signal message started
2020-09-16 17:17:16 WallstreetFXsignals getting signal message successfully ended
2020-09-16 17:17:16 WallstreetFXsignals signal text is : Trade Alert! GOLD

BUY NOW@ 1967
Sl: 1953
Tp1: 1981
Tp2: 1995
2020-09-16 17:17:16  writting signal message started
2020-09-16 17:17:41 wolfofforexplus new update is 11:13:51 AM last update is 11:13:51 AM
2020-09-16 17:17:41 wolfofforexplus repeated signal
2020-09-16 17:17:54 light_forex new update is 10:10:45 PM last update is 10:10:45 PM
2020-09-16 17:17:54 light_forex repeated signal
2020-09-16 17:18:16 WSSignals new update is 10:10:45 PM last update is 10:10:45 PM
2020-09-16 17:18:16 WSSignals repeated signal
2020-09-16 17:18:31 forexsignalzz new update is 6:55:36 PM last update is 6:55:36 PM
2020-09-16 17:18:31 forexsignalzz repeated signal
2020-09-16 17:18:44 amirFX_signal new update is 4:26:38 PM last update is 4:26:38 PM
2020-09-16 17:18:44 amirFX_signal repeated signal
2020-09-16 17:18:58 FOR3X_SIGNAL new update is 5:18:16 PM last update is 2:12:44 PM
2020-09-16 17:18:58 FOR3X_SIGNAL get new signal
2020-09-16 17:19:00 FOR3X_SIGNAL getting signal message started
2020-09-16 17:19:02 FOR3X_SIGNAL getting signal message successfully ended
2020-09-16 17:19:02 FOR3X_SIGNAL signal text is : EURAUD BUY 1.6170
SL 1.6082
TP 1.6296
2020-09-16 17:19:02  writting signal message started
2020-09-16 17:19:27 Eagl777 new update is 5:11:26 PM last update is 5:11:26 PM
2020-09-16 17:19:27 Eagl777 repeated signal
2020-09-16 17:19:41 WallstreetFXsignals new update is 5:15:41 PM last update is 5:15:41 PM
2020-09-16 17:19:41 WallstreetFXsignals repeated signal
2020-09-16 17:19:54 wolfofforexplus new update is 11:13:51 AM last update is 11:13:51 AM
2020-09-16 17:19:54 wolfofforexplus repeated signal
2020-09-16 17:20:08 light_forex new update is 10:10:45 PM last update is 10:10:45 PM
2020-09-16 17:20:08 light_forex repeated signal
2020-09-16 17:20:29 WSSignals new update is 10:10:45 PM last update is 10:10:45 PM
2020-09-16 17:20:29 WSSignals repeated signal
2020-09-16 17:20:44 forexsignalzz new update is 6:55:36 PM last update is 6:55:36 PM
2020-09-16 17:20:44 forexsignalzz repeated signal
2020-09-16 17:20:57 amirFX_signal new update is 4:26:38 PM last update is 4:26:38 PM
2020-09-16 17:20:57 amirFX_signal repeated signal
2020-09-16 17:21:11 FOR3X_SIGNAL new update is 5:18:16 PM last update is 5:18:16 PM
2020-09-16 17:21:11 FOR3X_SIGNAL repeated signal
2020-09-16 17:21:24 Eagl777 new update is 5:11:26 PM last update is 5:11:26 PM
2020-09-16 17:21:24 Eagl777 repeated signal
2020-09-16 17:21:38 WallstreetFXsignals new update is 5:15:41 PM last update is 5:15:41 PM
2020-09-16 17:21:38 WallstreetFXsignals repeated signal
2020-09-16 17:21:51 wolfofforexplus new update is 11:13:51 AM last update is 11:13:51 AM
2020-09-16 17:21:51 wolfofforexplus repeated signal
2020-09-16 17:22:05 light_forex new update is 10:10:45 PM last update is 10:10:45 PM
2020-09-16 17:22:05 light_forex repeated signal
2020-09-16 17:22:26 WSSignals new update is 10:10:45 PM last update is 10:10:45 PM
2020-09-16 17:22:26 WSSignals repeated signal
2020-09-16 17:22:41 forexsignalzz new update is 6:55:36 PM last update is 6:55:36 PM
2020-09-16 17:22:41 forexsignalzz repeated signal
2020-09-16 17:22:54 amirFX_signal new update is 4:26:38 PM last update is 4:26:38 PM
2020-09-16 17:22:54 amirFX_signal repeated signal
2020-09-16 17:23:08 FOR3X_SIGNAL new update is 5:18:16 PM last update is 5:18:16 PM
2020-09-16 17:23:08 FOR3X_SIGNAL repeated signal
2020-09-16 17:23:21 Eagl777 new update is 5:11:26 PM last update is 5:11:26 PM
2020-09-16 17:23:21 Eagl777 repeated signal
2020-09-16 17:23:35 WallstreetFXsignals new update is 5:15:41 PM last update is 5:15:41 PM
2020-09-16 17:23:35 WallstreetFXsignals repeated signal
2020-09-16 17:23:48 wolfofforexplus new update is 11:13:51 AM last update is 11:13:51 AM
2020-09-16 17:23:48 wolfofforexplus repeated signal
2020-09-16 17:24:02 light_forex new update is 10:10:45 PM last update is 10:10:45 PM
2020-09-16 17:24:02 light_forex repeated signal
2020-09-16 17:24:23 WSSignals new update is 10:10:45 PM last update is 10:10:45 PM
2020-09-16 17:24:23 WSSignals repeated signal
2020-09-16 17:24:38 forexsignalzz new update is 6:55:36 PM last update is 6:55:36 PM
2020-09-16 17:24:38 forexsignalzz repeated signal
2020-09-16 17:24:51 amirFX_signal new update is 4:26:38 PM last update is 4:26:38 PM
2020-09-16 17:24:51 amirFX_signal repeated signal
2020-09-16 17:25:05 FOR3X_SIGNAL new update is 5:18:16 PM last update is 5:18:16 PM
2020-09-16 17:25:05 FOR3X_SIGNAL repeated signal
2020-09-16 17:25:18 Eagl777 new update is 5:11:26 PM last update is 5:11:26 PM
2020-09-16 17:25:18 Eagl777 repeated signal
2020-09-16 17:25:32 WallstreetFXsignals new update is 5:15:41 PM last update is 5:15:41 PM
2020-09-16 17:25:32 WallstreetFXsignals repeated signal
2020-09-16 17:25:45 wolfofforexplus new update is 11:13:51 AM last update is 11:13:51 AM
2020-09-16 17:25:45 wolfofforexplus repeated signal
2020-09-16 17:26:06 light_forex new update is 5:24:39 PM last update is 10:10:45 PM
2020-09-16 17:26:06 light_forex get new signal
2020-09-16 17:26:08 light_forex getting signal message started
2020-09-16 17:26:55 WSSignals new update is 5:24:39 PM last update is 10:10:45 PM
2020-09-16 17:26:55 WSSignals get new signal
2020-09-16 17:26:57 WSSignals getting signal message started
2020-09-17 08:04:32 forexsignalzz new update is 5:24:39 PM last update is 6:55:36 PM
2020-09-17 08:04:32 forexsignalzz get new signal
2020-09-17 08:04:34 forexsignalzz getting signal message started
2020-09-17 08:05:32 amirFX_signal new update is 5:24:39 PM last update is 4:26:38 PM
2020-09-17 08:05:32 amirFX_signal get new signal
2020-09-17 08:05:34 amirFX_signal getting signal message started
2020-09-17 08:06:02 FOR3X_SIGNAL new update is 5:24:39 PM last update is 5:18:16 PM
2020-09-17 08:06:02 FOR3X_SIGNAL get new signal
2020-09-17 08:06:04 FOR3X_SIGNAL getting signal message started
2020-09-17 08:06:23 Eagl777 new update is 5:11:26 PM last update is 5:11:26 PM
2020-09-17 08:06:23 Eagl777 repeated signal
2020-09-17 08:06:37 WallstreetFXsignals new update is 8:03:51 AM last update is 5:15:41 PM
2020-09-17 08:06:37 WallstreetFXsignals get new signal
2020-09-17 08:06:39 WallstreetFXsignals getting signal message started
2020-09-17 08:06:55 wolfofforexplus new update is 11:13:51 AM last update is 11:13:51 AM
2020-09-17 08:06:55 wolfofforexplus repeated signal
2020-09-17 08:07:08 light_forex new update is 12:04:15 AM last update is 5:24:39 PM
2020-09-17 08:07:08 light_forex get new signal
2020-09-17 08:07:10 light_forex getting signal message started
2020-09-17 08:07:34 WSSignals new update is 12:04:15 AM last update is 5:24:39 PM
2020-09-17 08:07:34 WSSignals get new signal
2020-09-17 08:07:36 WSSignals getting signal message started
2020-09-17 08:07:53 forexsignalzz new update is 9:01:07 PM last update is 5:24:39 PM
2020-09-17 08:07:53 forexsignalzz get new signal
2020-09-17 08:07:55 forexsignalzz getting signal message started
2020-09-17 08:08:11 amirFX_signal new update is 12:30:23 AM last update is 5:24:39 PM
2020-09-17 08:08:11 amirFX_signal get new signal
2020-09-17 08:08:13 amirFX_signal getting signal message started
2020-09-17 08:08:29 FOR3X_SIGNAL new update is 11:19:12 PM last update is 5:24:39 PM
2020-09-17 08:08:29 FOR3X_SIGNAL get new signal
2020-09-17 08:08:31 FOR3X_SIGNAL getting signal message started
2020-09-17 08:08:47 Eagl777 new update is 5:11:26 PM last update is 5:11:26 PM
2020-09-17 08:08:47 Eagl777 repeated signal
2020-09-17 08:09:00 WallstreetFXsignals new update is 8:03:51 AM last update is 8:03:51 AM
2020-09-17 08:09:00 WallstreetFXsignals repeated signal
2020-09-17 08:09:14 wolfofforexplus new update is 11:13:51 AM last update is 11:13:51 AM
2020-09-17 08:09:14 wolfofforexplus repeated signal
2020-09-17 08:09:27 light_forex new update is 12:04:15 AM last update is 12:04:15 AM
2020-09-17 08:09:27 light_forex repeated signal
2020-09-17 08:09:49 WSSignals new update is 12:04:15 AM last update is 12:04:15 AM
2020-09-17 08:09:49 WSSignals repeated signal
2020-09-17 08:10:03 forexsignalzz new update is 9:01:07 PM last update is 9:01:07 PM
2020-09-17 08:10:03 forexsignalzz repeated signal
2020-09-17 08:10:17 amirFX_signal new update is 12:30:23 AM last update is 12:30:23 AM
2020-09-17 08:10:17 amirFX_signal repeated signal
2020-09-17 08:10:30 FOR3X_SIGNAL new update is 11:19:12 PM last update is 11:19:12 PM
2020-09-17 08:10:30 FOR3X_SIGNAL repeated signal
2020-09-17 08:10:44 Eagl777 new update is 5:11:26 PM last update is 5:11:26 PM
2020-09-17 08:10:44 Eagl777 repeated signal
2020-09-17 08:10:57 WallstreetFXsignals new update is 8:03:51 AM last update is 8:03:51 AM
2020-09-17 08:10:57 WallstreetFXsignals repeated signal
2020-09-17 08:11:11 wolfofforexplus new update is 11:13:51 AM last update is 11:13:51 AM
2020-09-17 08:11:11 wolfofforexplus repeated signal
2020-09-17 08:11:24 light_forex new update is 12:04:15 AM last update is 12:04:15 AM
2020-09-17 08:11:24 light_forex repeated signal
2020-09-17 08:11:45 WSSignals new update is 12:04:15 AM last update is 12:04:15 AM
2020-09-17 08:11:45 WSSignals repeated signal
2020-09-17 08:12:00 forexsignalzz new update is 9:01:07 PM last update is 9:01:07 PM
2020-09-17 08:12:00 forexsignalzz repeated signal
2020-09-17 08:12:14 amirFX_signal new update is 12:30:23 AM last update is 12:30:23 AM
2020-09-17 08:12:14 amirFX_signal repeated signal
2020-09-17 08:12:27 FOR3X_SIGNAL new update is 11:19:12 PM last update is 11:19:12 PM
2020-09-17 08:12:27 FOR3X_SIGNAL repeated signal
2020-09-17 08:12:41 Eagl777 new update is 5:11:26 PM last update is 5:11:26 PM
2020-09-17 08:12:41 Eagl777 repeated signal
2020-09-17 08:12:54 WallstreetFXsignals new update is 8:03:51 AM last update is 8:03:51 AM
2020-09-17 08:12:54 WallstreetFXsignals repeated signal
2020-09-17 08:13:08 wolfofforexplus new update is 11:13:51 AM last update is 11:13:51 AM
2020-09-17 08:13:08 wolfofforexplus repeated signal
2020-09-17 08:13:21 light_forex new update is 12:04:15 AM last update is 12:04:15 AM
2020-09-17 08:13:21 light_forex repeated signal
2020-09-17 08:13:42 WSSignals new update is 12:04:15 AM last update is 12:04:15 AM
2020-09-17 08:13:42 WSSignals repeated signal
2020-09-17 08:13:57 forexsignalzz new update is 9:01:07 PM last update is 9:01:07 PM
2020-09-17 08:13:57 forexsignalzz repeated signal
2020-09-17 08:14:11 amirFX_signal new update is 12:30:23 AM last update is 12:30:23 AM
2020-09-17 08:14:11 amirFX_signal repeated signal
2020-09-17 08:14:24 FOR3X_SIGNAL new update is 11:19:12 PM last update is 11:19:12 PM
2020-09-17 08:14:24 FOR3X_SIGNAL repeated signal
2020-09-17 08:14:38 Eagl777 new update is 5:11:26 PM last update is 5:11:26 PM
2020-09-17 08:14:38 Eagl777 repeated signal
2020-09-17 08:14:51 WallstreetFXsignals new update is 8:03:51 AM last update is 8:03:51 AM
2020-09-17 08:14:51 WallstreetFXsignals repeated signal
2020-09-17 08:15:05 wolfofforexplus new update is 11:13:51 AM last update is 11:13:51 AM
2020-09-17 08:15:05 wolfofforexplus repeated signal
2020-09-17 08:15:18 light_forex new update is 12:04:15 AM last update is 12:04:15 AM
2020-09-17 08:15:18 light_forex repeated signal
2020-09-17 08:15:40 WSSignals new update is 12:04:15 AM last update is 12:04:15 AM
2020-09-17 08:15:40 WSSignals repeated signal
2020-09-17 08:15:54 forexsignalzz new update is 9:01:07 PM last update is 9:01:07 PM
2020-09-17 08:15:54 forexsignalzz repeated signal
2020-09-17 08:16:08 amirFX_signal new update is 12:30:23 AM last update is 12:30:23 AM
2020-09-17 08:16:08 amirFX_signal repeated signal
2020-09-17 08:16:22 FOR3X_SIGNAL new update is 11:19:12 PM last update is 11:19:12 PM
2020-09-17 08:16:22 FOR3X_SIGNAL repeated signal
2020-09-17 08:16:35 Eagl777 new update is 5:11:26 PM last update is 5:11:26 PM
2020-09-17 08:16:35 Eagl777 repeated signal
2020-09-17 08:16:49 WallstreetFXsignals new update is 8:03:51 AM last update is 8:03:51 AM
2020-09-17 08:16:49 WallstreetFXsignals repeated signal
2020-09-17 08:17:02 wolfofforexplus new update is 11:13:51 AM last update is 11:13:51 AM
2020-09-17 08:17:02 wolfofforexplus repeated signal
2020-09-17 08:17:15 light_forex new update is 12:04:15 AM last update is 12:04:15 AM
2020-09-17 08:17:15 light_forex repeated signal
2020-09-17 08:17:37 WSSignals new update is 12:04:15 AM last update is 12:04:15 AM
2020-09-17 08:17:37 WSSignals repeated signal
2020-09-17 08:17:52 forexsignalzz new update is 9:01:07 PM last update is 9:01:07 PM
2020-09-17 08:17:52 forexsignalzz repeated signal
2020-09-17 08:18:05 amirFX_signal new update is 12:30:23 AM last update is 12:30:23 AM
2020-09-17 08:18:05 amirFX_signal repeated signal
2020-09-17 08:18:19 FOR3X_SIGNAL new update is 11:19:12 PM last update is 11:19:12 PM
2020-09-17 08:18:19 FOR3X_SIGNAL repeated signal
2020-09-17 08:18:32 Eagl777 new update is 5:11:26 PM last update is 5:11:26 PM
2020-09-17 08:18:32 Eagl777 repeated signal
2020-09-17 08:18:46 WallstreetFXsignals new update is 8:03:51 AM last update is 8:03:51 AM
2020-09-17 08:18:46 WallstreetFXsignals repeated signal
2020-09-17 08:18:59 wolfofforexplus new update is 11:13:51 AM last update is 11:13:51 AM
2020-09-17 08:18:59 wolfofforexplus repeated signal
2020-09-17 08:19:12 light_forex new update is 12:04:15 AM last update is 12:04:15 AM
2020-09-17 08:19:12 light_forex repeated signal
2020-09-17 08:19:34 WSSignals new update is 12:04:15 AM last update is 12:04:15 AM
2020-09-17 08:19:34 WSSignals repeated signal
2020-09-17 08:19:49 forexsignalzz new update is 9:01:07 PM last update is 9:01:07 PM
2020-09-17 08:19:49 forexsignalzz repeated signal
2020-09-17 08:20:02 amirFX_signal new update is 12:30:23 AM last update is 12:30:23 AM
2020-09-17 08:20:02 amirFX_signal repeated signal
2020-09-17 08:20:16 FOR3X_SIGNAL new update is 11:19:12 PM last update is 11:19:12 PM
2020-09-17 08:20:16 FOR3X_SIGNAL repeated signal
2020-09-17 08:20:30 Eagl777 new update is 5:11:26 PM last update is 5:11:26 PM
2020-09-17 08:20:30 Eagl777 repeated signal
2020-09-17 08:20:44 WallstreetFXsignals new update is 8:03:51 AM last update is 8:03:51 AM
2020-09-17 08:20:44 WallstreetFXsignals repeated signal
2020-09-17 08:20:57 wolfofforexplus new update is 11:13:51 AM last update is 11:13:51 AM
2020-09-17 08:20:57 wolfofforexplus repeated signal
2020-09-17 08:21:11 light_forex new update is 12:04:15 AM last update is 12:04:15 AM
2020-09-17 08:21:11 light_forex repeated signal
2020-09-17 08:21:32 WSSignals new update is 12:04:15 AM last update is 12:04:15 AM
2020-09-17 08:21:32 WSSignals repeated signal
2020-09-17 08:21:51 forexsignalzz new update is 9:01:07 PM last update is 9:01:07 PM
2020-09-17 08:21:51 forexsignalzz repeated signal
2020-09-17 08:22:12 amirFX_signal new update is 9:01:07 PM last update is 12:30:23 AM
2020-09-17 08:22:12 amirFX_signal get new signal
2020-09-17 08:22:14 amirFX_signal getting signal message started
2020-09-17 08:22:32 FOR3X_SIGNAL new update is 11:19:12 PM last update is 11:19:12 PM
2020-09-17 08:22:32 FOR3X_SIGNAL repeated signal
2020-09-17 08:22:54 Eagl777 new update is 5:11:26 PM last update is 5:11:26 PM
2020-09-17 08:22:54 Eagl777 repeated signal
2020-09-17 08:23:13 WallstreetFXsignals new update is 8:03:51 AM last update is 8:03:51 AM
2020-09-17 08:23:13 WallstreetFXsignals repeated signal
2020-09-17 08:23:33 wolfofforexplus new update is 11:13:51 AM last update is 11:13:51 AM
2020-09-17 08:23:33 wolfofforexplus repeated signal
2020-09-17 08:23:46 light_forex new update is 12:04:15 AM last update is 12:04:15 AM
2020-09-17 08:23:46 light_forex repeated signal
2020-09-17 08:24:08 WSSignals new update is 12:04:15 AM last update is 12:04:15 AM
2020-09-17 08:24:08 WSSignals repeated signal
2020-09-17 08:24:30 forexsignalzz new update is 12:04:15 AM last update is 9:01:07 PM
2020-09-17 08:24:30 forexsignalzz get new signal
2020-09-17 08:24:32 forexsignalzz getting signal message started
2020-09-17 08:24:56 amirFX_signal new update is 12:04:15 AM last update is 9:01:07 PM
2020-09-17 08:24:56 amirFX_signal get new signal
2020-09-17 08:24:58 amirFX_signal getting signal message started
2020-09-17 08:25:22 FOR3X_SIGNAL new update is 11:19:12 PM last update is 11:19:12 PM
2020-09-17 08:25:22 FOR3X_SIGNAL repeated signal
2020-09-17 08:25:39 Eagl777 new update is 5:11:26 PM last update is 5:11:26 PM
2020-09-17 08:25:39 Eagl777 repeated signal
2020-09-17 08:25:59 WallstreetFXsignals new update is 8:03:51 AM last update is 8:03:51 AM
2020-09-17 08:25:59 WallstreetFXsignals repeated signal
2020-09-17 08:26:20 wolfofforexplus new update is 8:03:51 AM last update is 11:13:51 AM
2020-09-17 08:26:20 wolfofforexplus get new signal
2020-09-17 08:26:22 wolfofforexplus getting signal message started
2020-09-17 08:26:38 light_forex new update is 12:04:15 AM last update is 12:04:15 AM
2020-09-17 08:26:38 light_forex repeated signal
2020-09-17 08:26:59 WSSignals new update is 12:04:15 AM last update is 12:04:15 AM
2020-09-17 08:26:59 WSSignals repeated signal
2020-09-17 08:27:22 forexsignalzz new update is 9:01:07 PM last update is 12:04:15 AM
2020-09-17 08:27:22 forexsignalzz get new signal
2020-09-17 08:27:24 forexsignalzz getting signal message started
2020-09-17 08:27:44 amirFX_signal new update is 12:30:23 AM last update is 12:04:15 AM
2020-09-17 08:27:44 amirFX_signal get new signal
2020-09-17 08:27:46 amirFX_signal getting signal message started
2020-09-17 08:28:08 FOR3X_SIGNAL new update is 11:19:12 PM last update is 11:19:12 PM
2020-09-17 08:28:08 FOR3X_SIGNAL repeated signal
2020-09-17 08:28:27 Eagl777 new update is 5:11:26 PM last update is 5:11:26 PM
2020-09-17 08:28:27 Eagl777 repeated signal
2020-09-17 08:28:49 WallstreetFXsignals new update is 5:11:26 PM last update is 8:03:51 AM
2020-09-17 08:28:49 WallstreetFXsignals get new signal
2020-09-17 08:28:51 WallstreetFXsignals getting signal message started
2020-09-17 08:29:15 wolfofforexplus new update is 5:11:26 PM last update is 8:03:51 AM
2020-09-17 08:29:15 wolfofforexplus get new signal
2020-09-17 08:29:17 wolfofforexplus getting signal message started
2020-09-17 08:29:33 light_forex new update is 12:04:15 AM last update is 12:04:15 AM
2020-09-17 08:29:33 light_forex repeated signal
2020-09-17 08:29:54 WSSignals new update is 12:04:15 AM last update is 12:04:15 AM
2020-09-17 08:29:54 WSSignals repeated signal
2020-09-17 08:30:11 forexsignalzz new update is 9:01:07 PM last update is 9:01:07 PM
2020-09-17 08:30:11 forexsignalzz repeated signal
2020-09-17 08:30:33 amirFX_signal new update is 9:01:07 PM last update is 12:30:23 AM
2020-09-17 08:30:33 amirFX_signal get new signal
2020-09-17 08:30:35 amirFX_signal getting signal message started
2020-09-17 08:30:58 FOR3X_SIGNAL new update is 9:01:07 PM last update is 11:19:12 PM
2020-09-17 08:30:58 FOR3X_SIGNAL get new signal
2020-09-17 08:31:00 FOR3X_SIGNAL getting signal message started
2020-09-17 08:31:24 Eagl777 new update is 9:01:07 PM last update is 5:11:26 PM
2020-09-17 08:31:24 Eagl777 get new signal
2020-09-17 08:31:26 Eagl777 getting signal message started
2020-09-17 08:31:46 WallstreetFXsignals new update is 8:03:51 AM last update is 5:11:26 PM
2020-09-17 08:31:46 WallstreetFXsignals get new signal
2020-09-17 08:31:48 WallstreetFXsignals getting signal message started
2020-09-17 08:32:11 wolfofforexplus new update is 11:13:51 AM last update is 5:11:26 PM
2020-09-17 08:32:11 wolfofforexplus get new signal
2020-09-17 08:32:13 wolfofforexplus getting signal message started
2020-09-17 08:32:29 light_forex new update is 12:04:15 AM last update is 12:04:15 AM
2020-09-17 08:32:29 light_forex repeated signal
2020-09-17 08:32:50 WSSignals new update is 12:04:15 AM last update is 12:04:15 AM
2020-09-17 08:32:50 WSSignals repeated signal
2020-09-17 08:33:11 forexsignalzz new update is 9:01:07 PM last update is 9:01:07 PM
2020-09-17 08:33:11 forexsignalzz repeated signal
2020-09-17 08:33:33 amirFX_signal new update is 12:30:23 AM last update is 9:01:07 PM
2020-09-17 08:33:33 amirFX_signal get new signal
2020-09-17 08:33:35 amirFX_signal getting signal message started
2020-09-17 08:33:54 FOR3X_SIGNAL new update is 11:19:12 PM last update is 9:01:07 PM
2020-09-17 08:33:54 FOR3X_SIGNAL get new signal
2020-09-17 08:33:56 FOR3X_SIGNAL getting signal message started
2020-09-17 08:34:14 Eagl777 new update is 5:11:26 PM last update is 9:01:07 PM
2020-09-17 08:34:14 Eagl777 get new signal
2020-09-17 08:34:16 Eagl777 getting signal message started
2020-09-17 08:34:40 WallstreetFXsignals new update is 8:03:51 AM last update is 8:03:51 AM
2020-09-17 08:34:40 WallstreetFXsignals repeated signal
2020-09-17 08:35:02 wolfofforexplus new update is 8:03:51 AM last update is 11:13:51 AM
2020-09-17 08:35:02 wolfofforexplus get new signal
2020-09-17 08:35:04 wolfofforexplus getting signal message started
2020-09-17 08:35:19 light_forex new update is 12:04:15 AM last update is 12:04:15 AM
2020-09-17 08:35:19 light_forex repeated signal
2020-09-17 08:35:41 WSSignals new update is 12:04:15 AM last update is 12:04:15 AM
2020-09-17 08:35:41 WSSignals repeated signal
2020-09-17 08:35:59 forexsignalzz new update is 9:01:07 PM last update is 9:01:07 PM
2020-09-17 08:35:59 forexsignalzz repeated signal
2020-09-17 08:36:21 amirFX_signal new update is 9:01:07 PM last update is 12:30:23 AM
2020-09-17 08:36:21 amirFX_signal get new signal
2020-09-17 08:36:23 amirFX_signal getting signal message started
2020-09-17 08:36:43 FOR3X_SIGNAL new update is 11:19:12 PM last update is 11:19:12 PM
2020-09-17 08:36:43 FOR3X_SIGNAL repeated signal
2020-09-17 08:37:00 Eagl777 new update is 5:11:26 PM last update is 5:11:26 PM
2020-09-17 08:37:00 Eagl777 repeated signal
2020-09-17 08:37:19 WallstreetFXsignals new update is 8:03:51 AM last update is 8:03:51 AM
2020-09-17 08:37:19 WallstreetFXsignals repeated signal
2020-09-17 08:37:41 wolfofforexplus new update is 8:03:51 AM last update is 8:03:51 AM
2020-09-17 08:37:41 wolfofforexplus repeated signal
2020-09-17 08:37:54 light_forex new update is 12:04:15 AM last update is 12:04:15 AM
2020-09-17 08:37:54 light_forex repeated signal
2020-09-17 08:38:16 WSSignals new update is 12:04:15 AM last update is 12:04:15 AM
2020-09-17 08:38:16 WSSignals repeated signal
2020-09-17 08:38:34 forexsignalzz new update is 9:01:07 PM last update is 9:01:07 PM
2020-09-17 08:38:34 forexsignalzz repeated signal
2020-09-17 08:38:57 amirFX_signal new update is 9:01:07 PM last update is 9:01:07 PM
2020-09-17 08:38:57 amirFX_signal repeated signal
2020-09-17 08:39:18 FOR3X_SIGNAL new update is 9:01:07 PM last update is 11:19:12 PM
2020-09-17 08:39:18 FOR3X_SIGNAL get new signal
2020-09-17 08:39:20 FOR3X_SIGNAL getting signal message started
2020-09-17 08:39:44 Eagl777 new update is 9:01:07 PM last update is 5:11:26 PM
2020-09-17 08:39:44 Eagl777 get new signal
2020-09-17 08:39:46 Eagl777 getting signal message started
2020-09-17 08:40:10 WallstreetFXsignals new update is 9:01:07 PM last update is 8:03:51 AM
2020-09-17 08:40:10 WallstreetFXsignals get new signal
2020-09-17 08:40:12 WallstreetFXsignals getting signal message started
2020-09-17 08:40:35 wolfofforexplus new update is 9:01:07 PM last update is 8:03:51 AM
2020-09-17 08:40:35 wolfofforexplus get new signal
2020-09-17 08:40:37 wolfofforexplus getting signal message started
2020-09-17 08:40:53 light_forex new update is 12:04:15 AM last update is 12:04:15 AM
2020-09-17 08:40:53 light_forex repeated signal
2020-09-17 08:41:14 WSSignals new update is 12:04:15 AM last update is 12:04:15 AM
2020-09-17 08:41:14 WSSignals repeated signal
2020-09-17 08:41:37 forexsignalzz new update is 12:04:15 AM last update is 9:01:07 PM
2020-09-17 08:41:37 forexsignalzz get new signal
2020-09-17 08:41:39 forexsignalzz getting signal message started
2020-09-17 08:41:59 amirFX_signal new update is 12:30:23 AM last update is 9:01:07 PM
2020-09-17 08:41:59 amirFX_signal get new signal
2020-09-17 08:42:01 amirFX_signal getting signal message started
2020-09-17 08:42:23 FOR3X_SIGNAL new update is 11:19:12 PM last update is 9:01:07 PM
2020-09-17 08:42:23 FOR3X_SIGNAL get new signal
2020-09-17 08:42:25 FOR3X_SIGNAL getting signal message started
2020-09-17 08:42:42 Eagl777 new update is 5:11:26 PM last update is 9:01:07 PM
2020-09-17 08:42:42 Eagl777 get new signal
2020-09-17 08:42:44 Eagl777 getting signal message started
2020-09-17 08:43:04 WallstreetFXsignals new update is 8:03:51 AM last update is 9:01:07 PM
2020-09-17 08:43:04 WallstreetFXsignals get new signal
2020-09-17 08:43:06 WallstreetFXsignals getting signal message started
2020-09-17 08:43:30 wolfofforexplus new update is 11:13:51 AM last update is 9:01:07 PM
2020-09-17 08:43:30 wolfofforexplus get new signal
2020-09-17 08:43:32 wolfofforexplus getting signal message started
2020-09-17 08:43:47 light_forex new update is 12:04:15 AM last update is 12:04:15 AM
2020-09-17 08:43:47 light_forex repeated signal
2020-09-17 08:44:09 WSSignals new update is 12:04:15 AM last update is 12:04:15 AM
2020-09-17 08:44:09 WSSignals repeated signal
2020-09-17 08:44:30 forexsignalzz new update is 9:01:07 PM last update is 12:04:15 AM
2020-09-17 08:44:30 forexsignalzz get new signal
2020-09-17 08:44:32 forexsignalzz getting signal message started
2020-09-17 08:44:53 amirFX_signal new update is 12:30:23 AM last update is 12:30:23 AM
2020-09-17 08:44:53 amirFX_signal repeated signal
2020-09-17 08:45:15 FOR3X_SIGNAL new update is 11:19:12 PM last update is 11:19:12 PM
2020-09-17 08:45:15 FOR3X_SIGNAL repeated signal
2020-09-17 08:45:32 Eagl777 new update is 5:11:26 PM last update is 5:11:26 PM
2020-09-17 08:45:32 Eagl777 repeated signal
2020-09-17 08:45:52 WallstreetFXsignals new update is 8:03:51 AM last update is 8:03:51 AM
2020-09-17 08:45:52 WallstreetFXsignals repeated signal
2020-09-17 08:46:11 wolfofforexplus new update is 11:13:51 AM last update is 11:13:51 AM
2020-09-17 08:46:11 wolfofforexplus repeated signal
2020-09-17 08:46:25 light_forex new update is 12:04:15 AM last update is 12:04:15 AM
2020-09-17 08:46:25 light_forex repeated signal
2020-09-17 08:46:46 WSSignals new update is 12:04:15 AM last update is 12:04:15 AM
2020-09-17 08:46:46 WSSignals repeated signal
2020-09-17 08:47:05 forexsignalzz new update is 9:01:07 PM last update is 9:01:07 PM
2020-09-17 08:47:05 forexsignalzz repeated signal
2020-09-17 08:47:26 amirFX_signal new update is 12:30:23 AM last update is 12:30:23 AM
2020-09-17 08:47:26 amirFX_signal repeated signal
2020-09-17 08:47:48 FOR3X_SIGNAL new update is 11:19:12 PM last update is 11:19:12 PM
2020-09-17 08:47:48 FOR3X_SIGNAL repeated signal
2020-09-17 08:48:01 Eagl777 new update is 5:11:26 PM last update is 5:11:26 PM
2020-09-17 08:48:01 Eagl777 repeated signal
2020-09-17 08:48:17 WallstreetFXsignals new update is 8:03:51 AM last update is 8:03:51 AM
2020-09-17 08:48:17 WallstreetFXsignals repeated signal
2020-09-17 08:48:32 wolfofforexplus new update is 11:13:51 AM last update is 11:13:51 AM
2020-09-17 08:48:32 wolfofforexplus repeated signal
2020-09-17 08:48:45 light_forex new update is 12:04:15 AM last update is 12:04:15 AM
2020-09-17 08:48:45 light_forex repeated signal
2020-09-17 08:49:07 WSSignals new update is 12:04:15 AM last update is 12:04:15 AM
2020-09-17 08:49:07 WSSignals repeated signal
2020-09-17 08:49:25 forexsignalzz new update is 9:01:07 PM last update is 9:01:07 PM
2020-09-17 08:49:25 forexsignalzz repeated signal
2020-09-17 08:49:47 amirFX_signal new update is 12:30:23 AM last update is 12:30:23 AM
2020-09-17 08:49:47 amirFX_signal repeated signal
2020-09-17 08:50:07 FOR3X_SIGNAL new update is 8:48:16 AM last update is 11:19:12 PM
2020-09-17 08:50:07 FOR3X_SIGNAL get new signal
2020-09-17 08:50:09 FOR3X_SIGNAL getting signal message started
2020-09-17 08:50:28 Eagl777 new update is 5:11:26 PM last update is 5:11:26 PM
2020-09-17 08:50:28 Eagl777 repeated signal
2020-09-17 08:50:46 WallstreetFXsignals new update is 8:03:51 AM last update is 8:03:51 AM
2020-09-17 08:50:46 WallstreetFXsignals repeated signal
2020-09-17 08:51:09 wolfofforexplus new update is 11:13:51 AM last update is 11:13:51 AM
2020-09-17 08:51:09 wolfofforexplus repeated signal
2020-09-17 08:51:22 light_forex new update is 12:04:15 AM last update is 12:04:15 AM
2020-09-17 08:51:22 light_forex repeated signal
2020-09-17 08:51:43 WSSignals new update is 12:04:15 AM last update is 12:04:15 AM
2020-09-17 08:51:43 WSSignals repeated signal
2020-09-17 08:52:06 forexsignalzz new update is 12:04:15 AM last update is 9:01:07 PM
2020-09-17 08:52:06 forexsignalzz get new signal
2020-09-17 08:52:08 forexsignalzz getting signal message started
2020-09-17 08:52:32 amirFX_signal new update is 12:04:15 AM last update is 12:30:23 AM
2020-09-17 08:52:32 amirFX_signal get new signal
2020-09-17 08:52:34 amirFX_signal getting signal message started
2020-09-17 08:52:58 FOR3X_SIGNAL new update is 12:04:15 AM last update is 8:48:16 AM
2020-09-17 08:52:58 FOR3X_SIGNAL get new signal
2020-09-17 08:53:00 FOR3X_SIGNAL getting signal message started
2020-09-17 08:53:23 Eagl777 new update is 12:04:15 AM last update is 5:11:26 PM
2020-09-17 08:53:23 Eagl777 get new signal
2020-09-17 08:53:25 Eagl777 getting signal message started
2020-09-17 08:53:51 WallstreetFXsignals new update is 12:04:15 AM last update is 8:03:51 AM
2020-09-17 08:53:51 WallstreetFXsignals get new signal
2020-09-17 08:53:53 WallstreetFXsignals getting signal message started
2020-09-17 08:54:17 wolfofforexplus new update is 12:04:15 AM last update is 11:13:51 AM
2020-09-17 08:54:17 wolfofforexplus get new signal
2020-09-17 08:54:19 wolfofforexplus getting signal message started
2020-09-17 08:54:35 light_forex new update is 12:04:15 AM last update is 12:04:15 AM
2020-09-17 08:54:35 light_forex repeated signal
2020-09-17 08:54:57 WSSignals new update is 12:04:15 AM last update is 12:04:15 AM
2020-09-17 08:54:57 WSSignals repeated signal
2020-09-17 08:55:19 forexsignalzz new update is 12:04:15 AM last update is 12:04:15 AM
2020-09-17 08:55:19 forexsignalzz repeated signal
2020-09-17 08:55:41 amirFX_signal new update is 12:04:15 AM last update is 12:04:15 AM
2020-09-17 08:55:41 amirFX_signal repeated signal
2020-09-17 08:56:03 FOR3X_SIGNAL new update is 8:48:16 AM last update is 12:04:15 AM
2020-09-17 08:56:03 FOR3X_SIGNAL get new signal
2020-09-17 08:56:05 FOR3X_SIGNAL getting signal message started
2020-09-17 08:56:20 Eagl777 new update is 5:11:26 PM last update is 12:04:15 AM
2020-09-17 08:56:20 Eagl777 get new signal
2020-09-17 08:56:22 Eagl777 getting signal message started
2020-09-17 08:56:42 WallstreetFXsignals new update is 8:03:51 AM last update is 12:04:15 AM
2020-09-17 08:56:42 WallstreetFXsignals get new signal
2020-09-17 08:56:44 WallstreetFXsignals getting signal message started
2020-09-17 08:57:06 wolfofforexplus new update is 11:13:51 AM last update is 12:04:15 AM
2020-09-17 08:57:06 wolfofforexplus get new signal
2020-09-17 08:57:08 wolfofforexplus getting signal message started
2020-09-17 08:57:24 light_forex new update is 12:04:15 AM last update is 12:04:15 AM
2020-09-17 08:57:24 light_forex repeated signal
2020-09-17 08:57:45 WSSignals new update is 12:04:15 AM last update is 12:04:15 AM
2020-09-17 08:57:45 WSSignals repeated signal
2020-09-17 08:58:04 forexsignalzz new update is 9:01:07 PM last update is 12:04:15 AM
2020-09-17 08:58:04 forexsignalzz get new signal
2020-09-17 08:58:06 forexsignalzz getting signal message started
2020-09-17 08:58:25 amirFX_signal new update is 12:30:23 AM last update is 12:04:15 AM
2020-09-17 08:58:25 amirFX_signal get new signal
2020-09-17 08:58:27 amirFX_signal getting signal message started
2020-09-17 08:58:49 FOR3X_SIGNAL new update is 8:48:16 AM last update is 8:48:16 AM
2020-09-17 08:58:49 FOR3X_SIGNAL repeated signal
2020-09-17 08:59:03 Eagl777 new update is 5:11:26 PM last update is 5:11:26 PM
2020-09-17 08:59:03 Eagl777 repeated signal
2020-09-17 08:59:22 WallstreetFXsignals new update is 8:03:51 AM last update is 8:03:51 AM
2020-09-17 08:59:22 WallstreetFXsignals repeated signal
2020-09-17 08:59:42 wolfofforexplus new update is 11:13:51 AM last update is 11:13:51 AM
2020-09-17 08:59:42 wolfofforexplus repeated signal
2020-09-17 08:59:55 light_forex new update is 12:04:15 AM last update is 12:04:15 AM
2020-09-17 08:59:55 light_forex repeated signal
2020-09-17 09:00:16 WSSignals new update is 12:04:15 AM last update is 12:04:15 AM
2020-09-17 09:00:16 WSSignals repeated signal
2020-09-17 09:00:39 forexsignalzz new update is 12:04:15 AM last update is 9:01:07 PM
2020-09-17 09:00:39 forexsignalzz get new signal
2020-09-17 09:00:41 forexsignalzz getting signal message started
2020-09-17 09:01:05 amirFX_signal new update is 12:04:15 AM last update is 12:30:23 AM
2020-09-17 09:01:05 amirFX_signal get new signal
2020-09-17 09:01:07 amirFX_signal getting signal message started
2020-09-17 09:01:31 FOR3X_SIGNAL new update is 12:04:15 AM last update is 8:48:16 AM
2020-09-17 09:01:31 FOR3X_SIGNAL get new signal
2020-09-17 09:01:33 FOR3X_SIGNAL getting signal message started
2020-09-17 09:01:57 Eagl777 new update is 5:11:26 PM last update is 5:11:26 PM
2020-09-17 09:01:57 Eagl777 repeated signal
2020-09-17 09:02:14 WallstreetFXsignals new update is 8:03:51 AM last update is 8:03:51 AM
2020-09-17 09:02:14 WallstreetFXsignals repeated signal
2020-09-17 09:02:36 wolfofforexplus new update is 8:03:51 AM last update is 11:13:51 AM
2020-09-17 09:02:36 wolfofforexplus get new signal
2020-09-17 09:02:38 wolfofforexplus getting signal message started
2020-09-17 09:02:53 light_forex new update is 12:04:15 AM last update is 12:04:15 AM
2020-09-17 09:02:53 light_forex repeated signal
2020-09-17 09:03:15 WSSignals new update is 12:04:15 AM last update is 12:04:15 AM
2020-09-17 09:03:15 WSSignals repeated signal
2020-09-17 09:03:36 forexsignalzz new update is 9:01:07 PM last update is 12:04:15 AM
2020-09-17 09:03:36 forexsignalzz get new signal
2020-09-17 09:03:38 forexsignalzz getting signal message started
2020-09-17 09:03:59 amirFX_signal new update is 12:30:23 AM last update is 12:04:15 AM
2020-09-17 09:03:59 amirFX_signal get new signal
2020-09-17 09:04:01 amirFX_signal getting signal message started
2020-09-17 09:04:25 FOR3X_SIGNAL new update is 9:03:45 AM last update is 12:04:15 AM
2020-09-17 09:04:25 FOR3X_SIGNAL get new signal
2020-09-17 09:04:27 FOR3X_SIGNAL getting signal message started
2020-09-17 09:04:47 Eagl777 new update is 5:11:26 PM last update is 5:11:26 PM
2020-09-17 09:04:47 Eagl777 repeated signal
2020-09-17 09:05:05 WallstreetFXsignals new update is 8:03:51 AM last update is 8:03:51 AM
2020-09-17 09:05:05 WallstreetFXsignals repeated signal
2020-09-17 09:05:26 wolfofforexplus new update is 8:03:51 AM last update is 8:03:51 AM
2020-09-17 09:05:26 wolfofforexplus repeated signal
2020-09-17 09:05:40 light_forex new update is 12:04:15 AM last update is 12:04:15 AM
2020-09-17 09:05:40 light_forex repeated signal
2020-09-17 09:06:01 WSSignals new update is 12:04:15 AM last update is 12:04:15 AM
2020-09-17 09:06:01 WSSignals repeated signal
2020-09-17 09:06:18 forexsignalzz new update is 9:01:07 PM last update is 9:01:07 PM
2020-09-17 09:06:18 forexsignalzz repeated signal
2020-09-17 09:06:39 amirFX_signal new update is 9:01:07 PM last update is 12:30:23 AM
2020-09-17 09:06:39 amirFX_signal get new signal
2020-09-17 09:06:41 amirFX_signal getting signal message started
2020-09-17 09:07:05 FOR3X_SIGNAL new update is 9:06:32 AM last update is 9:03:45 AM
2020-09-17 09:07:05 FOR3X_SIGNAL get new signal
2020-09-17 09:07:07 FOR3X_SIGNAL getting signal message started
2020-09-17 09:07:25 Eagl777 new update is 5:11:26 PM last update is 5:11:26 PM
2020-09-17 09:07:25 Eagl777 repeated signal
2020-09-17 09:07:47 WallstreetFXsignals new update is 8:03:51 AM last update is 8:03:51 AM
2020-09-17 09:07:47 WallstreetFXsignals repeated signal
2020-09-17 09:08:08 wolfofforexplus new update is 8:03:51 AM last update is 8:03:51 AM
2020-09-17 09:08:08 wolfofforexplus repeated signal
2020-09-17 09:08:22 light_forex new update is 12:04:15 AM last update is 12:04:15 AM
2020-09-17 09:08:22 light_forex repeated signal
2020-09-17 09:08:43 WSSignals new update is 12:04:15 AM last update is 12:04:15 AM
2020-09-17 09:08:43 WSSignals repeated signal
2020-09-17 09:09:06 forexsignalzz new update is 12:04:15 AM last update is 9:01:07 PM
2020-09-17 09:09:06 forexsignalzz get new signal
2020-09-17 09:09:08 forexsignalzz getting signal message started
2020-09-17 09:09:32 amirFX_signal new update is 12:04:15 AM last update is 9:01:07 PM
2020-09-17 09:09:32 amirFX_signal get new signal
2020-09-17 09:09:34 amirFX_signal getting signal message started
2020-09-17 09:09:58 FOR3X_SIGNAL new update is 12:04:15 AM last update is 9:06:32 AM
2020-09-17 09:09:58 FOR3X_SIGNAL get new signal
2020-09-17 09:10:00 FOR3X_SIGNAL getting signal message started
2020-09-17 09:10:24 Eagl777 new update is 12:04:15 AM last update is 5:11:26 PM
2020-09-17 09:10:24 Eagl777 get new signal
2020-09-17 09:10:26 Eagl777 getting signal message started
2020-09-17 09:10:49 WallstreetFXsignals new update is 12:04:15 AM last update is 8:03:51 AM
2020-09-17 09:10:49 WallstreetFXsignals get new signal
2020-09-17 09:10:51 WallstreetFXsignals getting signal message started
2020-09-17 09:11:11 wolfofforexplus new update is 11:13:51 AM last update is 8:03:51 AM
2020-09-17 09:11:11 wolfofforexplus get new signal
2020-09-17 09:11:13 wolfofforexplus getting signal message started
2020-09-17 09:11:29 light_forex new update is 12:04:15 AM last update is 12:04:15 AM
2020-09-17 09:11:29 light_forex repeated signal
2020-09-17 09:11:50 WSSignals new update is 12:04:15 AM last update is 12:04:15 AM
2020-09-17 09:11:50 WSSignals repeated signal
2020-09-17 09:12:13 forexsignalzz new update is 9:01:07 PM last update is 12:04:15 AM
2020-09-17 09:12:13 forexsignalzz get new signal
2020-09-17 09:12:15 forexsignalzz getting signal message started
2020-09-17 09:12:35 amirFX_signal new update is 12:30:23 AM last update is 12:04:15 AM
2020-09-17 09:12:35 amirFX_signal get new signal
2020-09-17 09:12:37 amirFX_signal getting signal message started
