2020-09-17 15:50:14 forexsignalzz new update is 9:01:07 PM last update is 0
2020-09-17 15:50:14 forexsignalzz get new signal
2020-09-17 15:50:16 forexsignalzz getting signal message started
2020-09-17 15:50:31 amirFX_signal new update is 3:05:26 PM last update is 0
2020-09-17 15:50:31 amirFX_signal get new signal
2020-09-17 15:50:33 amirFX_signal getting signal message started
2020-09-17 15:50:53 FOR3X_SIGNAL new update is 3:40:44 PM last update is 0
2020-09-17 15:50:53 FOR3X_SIGNAL get new signal
2020-09-17 15:50:55 FOR3X_SIGNAL getting signal message started
2020-09-17 15:51:10 Eagl777 new update is 5:11:26 PM last update is 0
2020-09-17 15:51:10 Eagl777 get new signal
2020-09-17 15:51:12 Eagl777 getting signal message started
2020-09-17 15:51:28 WallstreetFXsignals new update is 8:03:51 AM last update is 0
2020-09-17 15:51:28 WallstreetFXsignals get new signal
2020-09-17 15:51:30 WallstreetFXsignals getting signal message started
2020-09-17 15:51:49 wolfofforexplus new update is 11:13:51 AM last update is 0
2020-09-17 15:51:49 wolfofforexplus get new signal
2020-09-17 15:51:51 wolfofforexplus getting signal message started
2020-09-17 15:52:07 light_forex new update is 3:19:41 PM last update is 0
2020-09-17 15:52:07 light_forex get new signal
2020-09-17 15:52:09 light_forex getting signal message started
2020-09-17 15:52:11 light_forex getting signal message successfully ended
2020-09-17 15:52:11 light_forex signal text is : AUDUSD SELL 0.7292
TP 0.7100
SL 0.7382
2020-09-17 15:52:11  writting signal message started
2020-09-17 15:52:44 FXMZ51 new update is 3:19:41 PM last update is 0
2020-09-17 15:52:44 FXMZ51 get new signal
2020-09-17 15:52:46 FXMZ51 getting signal message started
2020-09-17 15:53:06 signallforex123 new update is 2:43:24 PM last update is 0
2020-09-17 15:53:06 signallforex123 get new signal
2020-09-17 15:53:08 signallforex123 getting signal message started
2020-09-17 15:53:10 signallforex123 getting signal message successfully ended
2020-09-17 15:53:10 signallforex123 signal text is : Eurusd buy limit 1.1770
Sl:1.1755
Tp1:1.1810
Tp2:1.1880
Tp3:1.1930
2020-09-17 15:53:10  writting signal message started
2020-09-17 15:53:37 professoroff new update is 3:36:36 PM last update is 0
2020-09-17 15:53:37 professoroff get new signal
2020-09-17 15:53:39 professoroff getting signal message started
2020-09-17 15:53:56 forexsignalzz new update is 9:01:07 PM last update is 9:01:07 PM
2020-09-17 15:53:56 forexsignalzz repeated signal
2020-09-17 15:54:15 amirFX_signal new update is 3:05:26 PM last update is 3:05:26 PM
2020-09-17 15:54:15 amirFX_signal repeated signal
2020-09-17 15:54:36 FOR3X_SIGNAL new update is 3:05:26 PM last update is 3:40:44 PM
2020-09-17 15:54:36 FOR3X_SIGNAL get new signal
2020-09-17 15:54:38 FOR3X_SIGNAL getting signal message started
2020-09-17 15:55:02 Eagl777 new update is 3:05:26 PM last update is 5:11:26 PM
2020-09-17 15:55:02 Eagl777 get new signal
2020-09-17 15:55:04 Eagl777 getting signal message started
2020-09-17 15:55:23 WallstreetFXsignals new update is 8:03:51 AM last update is 8:03:51 AM
2020-09-17 15:55:23 WallstreetFXsignals repeated signal
2020-09-17 15:55:39 wolfofforexplus new update is 11:13:51 AM last update is 11:13:51 AM
2020-09-17 15:55:39 wolfofforexplus repeated signal
2020-09-17 15:55:52 light_forex new update is 3:19:41 PM last update is 3:19:41 PM
2020-09-17 15:55:52 light_forex repeated signal
2020-09-17 15:56:05 FXMZ51 new update is 10:59:12 PM last update is 3:19:41 PM
2020-09-17 15:56:05 FXMZ51 get new signal
2020-09-17 15:56:07 FXMZ51 getting signal message started
2020-09-17 15:56:29 signallforex123 new update is 2:43:24 PM last update is 2:43:24 PM
2020-09-17 15:56:29 signallforex123 repeated signal
2020-09-17 15:56:47 professoroff new update is 3:36:36 PM last update is 3:36:36 PM
2020-09-17 15:56:47 professoroff repeated signal
2020-09-17 15:57:05 forexsignalzz new update is 9:01:07 PM last update is 9:01:07 PM
2020-09-17 15:57:05 forexsignalzz repeated signal
2020-09-17 15:57:23 amirFX_signal new update is 3:05:26 PM last update is 3:05:26 PM
2020-09-17 15:57:23 amirFX_signal repeated signal
2020-09-17 15:57:36 FOR3X_SIGNAL new update is 3:40:44 PM last update is 3:05:26 PM
2020-09-17 15:57:36 FOR3X_SIGNAL get new signal
2020-09-17 15:57:38 FOR3X_SIGNAL getting signal message started
2020-09-17 15:57:54 Eagl777 new update is 5:11:26 PM last update is 3:05:26 PM
2020-09-17 15:57:54 Eagl777 get new signal
2020-09-17 15:57:56 Eagl777 getting signal message started
2020-09-17 15:58:15 WallstreetFXsignals new update is 8:03:51 AM last update is 8:03:51 AM
2020-09-17 15:58:15 WallstreetFXsignals repeated signal
2020-09-17 15:58:31 wolfofforexplus new update is 11:13:51 AM last update is 11:13:51 AM
2020-09-17 15:58:31 wolfofforexplus repeated signal
2020-09-17 15:58:44 light_forex new update is 3:19:41 PM last update is 3:19:41 PM
2020-09-17 15:58:44 light_forex repeated signal
2020-09-17 15:59:06 FXMZ51 new update is 3:19:41 PM last update is 10:59:12 PM
2020-09-17 15:59:06 FXMZ51 get new signal
2020-09-17 15:59:08 FXMZ51 getting signal message started
2020-09-17 15:59:31 signallforex123 new update is 3:19:41 PM last update is 2:43:24 PM
2020-09-17 15:59:31 signallforex123 get new signal
2020-09-17 15:59:33 signallforex123 getting signal message started
2020-09-17 15:59:36 signallforex123 getting signal message successfully ended
2020-09-17 15:59:36 signallforex123 signal text is : AUDUSD SELL 0.7292
TP 0.7100
SL 0.7382
2020-09-17 15:59:36 signallforex123 in INNER except signalFinder: <class 'IndexError'>
2020-09-17 15:59:49 professoroff new update is 3:36:36 PM last update is 3:36:36 PM
2020-09-17 15:59:49 professoroff repeated signal
2020-09-17 16:00:06 forexsignalzz new update is 9:01:07 PM last update is 9:01:07 PM
2020-09-17 16:00:06 forexsignalzz repeated signal
2020-09-17 16:00:21 amirFX_signal new update is 3:05:26 PM last update is 3:05:26 PM
2020-09-17 16:00:21 amirFX_signal repeated signal
2020-09-17 16:00:38 FOR3X_SIGNAL new update is 3:40:44 PM last update is 3:40:44 PM
2020-09-17 16:00:38 FOR3X_SIGNAL repeated signal
2020-09-17 16:00:52 Eagl777 new update is 5:11:26 PM last update is 5:11:26 PM
2020-09-17 16:00:52 Eagl777 repeated signal
2020-09-17 16:01:07 WallstreetFXsignals new update is 8:03:51 AM last update is 8:03:51 AM
2020-09-17 16:01:07 WallstreetFXsignals repeated signal
2020-09-17 16:01:24 wolfofforexplus new update is 11:13:51 AM last update is 11:13:51 AM
2020-09-17 16:01:24 wolfofforexplus repeated signal
2020-09-17 16:01:38 light_forex new update is 3:19:41 PM last update is 3:19:41 PM
2020-09-17 16:01:38 light_forex repeated signal
2020-09-17 16:01:55 FXMZ51 new update is 10:59:12 PM last update is 3:19:41 PM
2020-09-17 16:01:55 FXMZ51 get new signal
2020-09-17 16:01:57 FXMZ51 getting signal message started
2020-09-17 16:02:19 signallforex123 new update is 2:43:24 PM last update is 0
2020-09-17 16:02:19 signallforex123 get new signal
2020-09-17 16:02:21 signallforex123 getting signal message started
2020-09-17 16:02:24 signallforex123 getting signal message successfully ended
2020-09-17 16:02:24 signallforex123 signal text is : Eurusd buy limit 1.1770
Sl:1.1755
Tp1:1.1810
Tp2:1.1880
Tp3:1.1930
2020-09-17 16:02:24  writting signal message started
2020-09-17 16:02:52 professoroff new update is 3:36:36 PM last update is 3:36:36 PM
2020-09-17 16:02:52 professoroff repeated signal
2020-09-17 16:03:08 forexsignalzz new update is 9:01:07 PM last update is 9:01:07 PM
2020-09-17 16:03:08 forexsignalzz repeated signal
2020-09-17 16:03:30 amirFX_signal new update is 3:05:26 PM last update is 3:05:26 PM
2020-09-17 16:03:30 amirFX_signal repeated signal
2020-09-17 16:03:51 FOR3X_SIGNAL new update is 3:05:26 PM last update is 3:40:44 PM
2020-09-17 16:03:51 FOR3X_SIGNAL get new signal
2020-09-17 16:03:53 FOR3X_SIGNAL getting signal message started
2020-09-17 16:04:17 Eagl777 new update is 5:11:26 PM last update is 5:11:26 PM
2020-09-17 16:04:17 Eagl777 repeated signal
2020-09-17 16:04:34 WallstreetFXsignals new update is 8:03:51 AM last update is 8:03:51 AM
2020-09-17 16:04:34 WallstreetFXsignals repeated signal
2020-09-17 16:04:56 wolfofforexplus new update is 8:03:51 AM last update is 11:13:51 AM
2020-09-17 16:04:56 wolfofforexplus get new signal
2020-09-17 16:04:58 wolfofforexplus getting signal message started
2020-09-17 16:05:14 light_forex new update is 3:19:41 PM last update is 3:19:41 PM
2020-09-17 16:05:14 light_forex repeated signal
2020-09-17 16:05:35 FXMZ51 new update is 3:19:41 PM last update is 10:59:12 PM
2020-09-17 16:05:35 FXMZ51 get new signal
2020-09-17 16:05:37 FXMZ51 getting signal message started
2020-09-17 16:05:59 signallforex123 new update is 2:43:24 PM last update is 2:43:24 PM
2020-09-17 16:05:59 signallforex123 repeated signal
2020-09-17 16:06:13 professoroff new update is 3:36:36 PM last update is 3:36:36 PM
2020-09-17 16:06:13 professoroff repeated signal
2020-09-17 16:06:29 forexsignalzz new update is 9:01:07 PM last update is 9:01:07 PM
2020-09-17 16:06:29 forexsignalzz repeated signal
2020-09-17 16:06:42 amirFX_signal new update is 3:05:26 PM last update is 3:05:26 PM
2020-09-17 16:06:42 amirFX_signal repeated signal
2020-09-17 16:07:04 FOR3X_SIGNAL new update is 3:05:26 PM last update is 3:05:26 PM
2020-09-17 16:07:04 FOR3X_SIGNAL repeated signal
2020-09-17 16:07:26 Eagl777 new update is 3:05:26 PM last update is 5:11:26 PM
2020-09-17 16:07:26 Eagl777 get new signal
2020-09-17 16:07:28 Eagl777 getting signal message started
2020-09-17 16:07:51 WallstreetFXsignals new update is 3:05:26 PM last update is 8:03:51 AM
2020-09-17 16:07:51 WallstreetFXsignals get new signal
2020-09-17 16:07:53 WallstreetFXsignals getting signal message started
2020-09-17 16:08:17 wolfofforexplus new update is 11:13:51 AM last update is 8:03:51 AM
2020-09-17 16:08:17 wolfofforexplus get new signal
2020-09-17 16:08:19 wolfofforexplus getting signal message started
2020-09-17 16:08:35 light_forex new update is 3:19:41 PM last update is 3:19:41 PM
2020-09-17 16:08:35 light_forex repeated signal
2020-09-17 16:08:48 FXMZ51 new update is 10:59:12 PM last update is 3:19:41 PM
2020-09-17 16:08:48 FXMZ51 get new signal
2020-09-17 16:08:50 FXMZ51 getting signal message started
2020-09-17 16:09:14 signallforex123 new update is 2:43:24 PM last update is 2:43:24 PM
2020-09-17 16:09:14 signallforex123 repeated signal
2020-09-17 16:09:31 professoroff new update is 3:36:36 PM last update is 3:36:36 PM
2020-09-17 16:09:31 professoroff repeated signal
2020-09-17 16:09:52 forexsignalzz new update is 9:01:07 PM last update is 9:01:07 PM
2020-09-17 16:09:52 forexsignalzz repeated signal
2020-09-17 16:10:11 amirFX_signal new update is 3:05:26 PM last update is 3:05:26 PM
2020-09-17 16:10:11 amirFX_signal repeated signal
2020-09-17 16:10:31 FOR3X_SIGNAL new update is 3:40:44 PM last update is 3:05:26 PM
2020-09-17 16:10:31 FOR3X_SIGNAL get new signal
2020-09-17 16:10:33 FOR3X_SIGNAL getting signal message started
2020-09-17 16:10:50 Eagl777 new update is 5:11:26 PM last update is 3:05:26 PM
2020-09-17 16:10:50 Eagl777 get new signal
2020-09-17 16:10:52 Eagl777 getting signal message started
2020-09-17 16:11:16 WallstreetFXsignals new update is 8:03:51 AM last update is 3:05:26 PM
2020-09-17 16:11:16 WallstreetFXsignals get new signal
2020-09-17 16:11:18 WallstreetFXsignals getting signal message started
2020-09-17 16:11:42 wolfofforexplus new update is 8:03:51 AM last update is 11:13:51 AM
2020-09-17 16:11:42 wolfofforexplus get new signal
2020-09-17 16:11:44 wolfofforexplus getting signal message started
2020-09-17 16:11:59 light_forex new update is 3:19:41 PM last update is 3:19:41 PM
2020-09-17 16:11:59 light_forex repeated signal
2020-09-17 16:12:21 FXMZ51 new update is 3:19:41 PM last update is 10:59:12 PM
2020-09-17 16:12:21 FXMZ51 get new signal
2020-09-17 16:12:23 FXMZ51 getting signal message started
2020-09-17 16:12:47 signallforex123 new update is 3:19:41 PM last update is 2:43:24 PM
2020-09-17 16:12:47 signallforex123 get new signal
2020-09-17 16:12:49 signallforex123 getting signal message started
2020-09-17 16:12:51 signallforex123 getting signal message successfully ended
2020-09-17 16:12:51 signallforex123 signal text is : AUDUSD SELL 0.7292
TP 0.7100
SL 0.7382
2020-09-17 16:12:51 signallforex123 in INNER except signalFinder: <class 'IndexError'>
2020-09-17 16:13:08 professoroff new update is 3:36:36 PM last update is 3:36:36 PM
2020-09-17 16:13:08 professoroff repeated signal
2020-09-17 16:13:29 forexsignalzz new update is 9:01:07 PM last update is 9:01:07 PM
2020-09-17 16:13:29 forexsignalzz repeated signal
2020-09-17 16:13:49 amirFX_signal new update is 3:05:26 PM last update is 3:05:26 PM
2020-09-17 16:13:49 amirFX_signal repeated signal
2020-09-17 16:14:10 FOR3X_SIGNAL new update is 3:40:44 PM last update is 3:40:44 PM
2020-09-17 16:14:10 FOR3X_SIGNAL repeated signal
2020-09-17 16:14:30 Eagl777 new update is 5:11:26 PM last update is 5:11:26 PM
2020-09-17 16:14:30 Eagl777 repeated signal
2020-09-17 16:14:51 WallstreetFXsignals new update is 8:03:51 AM last update is 8:03:51 AM
2020-09-17 16:14:51 WallstreetFXsignals repeated signal
2020-09-17 16:15:10 wolfofforexplus new update is 11:13:51 AM last update is 8:03:51 AM
2020-09-17 16:15:10 wolfofforexplus get new signal
2020-09-17 16:15:12 wolfofforexplus getting signal message started
2020-09-17 16:15:28 light_forex new update is 3:19:41 PM last update is 3:19:41 PM
2020-09-17 16:15:28 light_forex repeated signal
2020-09-17 16:15:47 FXMZ51 new update is 10:59:12 PM last update is 3:19:41 PM
2020-09-17 16:15:47 FXMZ51 get new signal
2020-09-17 16:15:49 FXMZ51 getting signal message started
2020-09-17 16:16:11 signallforex123 new update is 2:43:24 PM last update is 0
2020-09-17 16:16:11 signallforex123 get new signal
2020-09-17 16:16:13 signallforex123 getting signal message started
2020-09-17 16:16:15 signallforex123 getting signal message successfully ended
2020-09-17 16:16:15 signallforex123 signal text is : Eurusd buy limit 1.1770
Sl:1.1755
Tp1:1.1810
Tp2:1.1880
Tp3:1.1930
2020-09-17 16:16:15  writting signal message started
2020-09-17 16:16:45 professoroff new update is 3:36:36 PM last update is 3:36:36 PM
2020-09-17 16:16:45 professoroff repeated signal
2020-09-17 16:17:04 forexsignalzz new update is 9:01:07 PM last update is 9:01:07 PM
2020-09-17 16:17:04 forexsignalzz repeated signal
2020-09-17 16:17:23 amirFX_signal new update is 3:05:26 PM last update is 3:05:26 PM
2020-09-17 16:17:23 amirFX_signal repeated signal
2020-09-17 16:17:45 FOR3X_SIGNAL new update is 3:40:44 PM last update is 3:40:44 PM
2020-09-17 16:17:45 FOR3X_SIGNAL repeated signal
2020-09-17 16:18:02 Eagl777 new update is 5:11:26 PM last update is 5:11:26 PM
2020-09-17 16:18:02 Eagl777 repeated signal
2020-09-17 16:18:22 WallstreetFXsignals new update is 8:03:51 AM last update is 8:03:51 AM
2020-09-17 16:18:22 WallstreetFXsignals repeated signal
2020-09-17 16:18:43 wolfofforexplus new update is 8:03:51 AM last update is 11:13:51 AM
2020-09-17 16:18:43 wolfofforexplus get new signal
2020-09-17 16:18:45 wolfofforexplus getting signal message started
2020-09-17 16:19:01 light_forex new update is 3:19:41 PM last update is 3:19:41 PM
2020-09-17 16:19:01 light_forex repeated signal
2020-09-17 16:19:20 FXMZ51 new update is 10:59:12 PM last update is 10:59:12 PM
2020-09-17 16:19:20 FXMZ51 repeated signal
2020-09-17 16:19:43 signallforex123 new update is 2:43:24 PM last update is 2:43:24 PM
2020-09-17 16:19:43 signallforex123 repeated signal
2020-09-17 16:20:04 professoroff new update is 2:43:24 PM last update is 3:36:36 PM
2020-09-17 16:20:04 professoroff get new signal
2020-09-17 16:20:06 professoroff getting signal message started
2020-09-17 16:20:09 professoroff getting signal message successfully ended
2020-09-17 16:20:09 professoroff signal text is : Eurusd buy limit 1.1770
Sl:1.1755
Tp1:1.1810
Tp2:1.1880
Tp3:1.1930
2020-09-17 16:33:18 forexsignalzz new update is 2:43:24 PM last update is 9:01:07 PM
2020-09-17 16:33:18 forexsignalzz get new signal
2020-09-17 16:33:20 forexsignalzz getting signal message started
2020-09-17 16:33:44 amirFX_signal new update is 1:08:06 PM last update is 3:05:26 PM
2020-09-17 16:33:44 amirFX_signal get new signal
2020-09-17 16:33:46 amirFX_signal getting signal message started
2020-09-17 16:34:10 FOR3X_SIGNAL new update is 4:31:55 PM last update is 3:40:44 PM
2020-09-17 16:34:10 FOR3X_SIGNAL get new signal
2020-09-17 16:34:12 FOR3X_SIGNAL getting signal message started
2020-09-17 16:34:36 Eagl777 new update is 4:31:55 PM last update is 5:11:26 PM
2020-09-17 16:34:36 Eagl777 get new signal
2020-09-17 16:34:38 Eagl777 getting signal message started
2020-09-17 16:35:00 WallstreetFXsignals new update is 8:03:51 AM last update is 8:03:51 AM
2020-09-17 16:35:00 WallstreetFXsignals repeated signal
2020-09-17 16:35:22 wolfofforexplus new update is 11:13:51 AM last update is 8:03:51 AM
2020-09-17 16:35:22 wolfofforexplus get new signal
2020-09-17 16:35:24 wolfofforexplus getting signal message started
2020-09-17 16:35:39 light_forex new update is 3:19:41 PM last update is 3:19:41 PM
2020-09-17 16:35:39 light_forex repeated signal
2020-09-17 16:35:55 FXMZ51 new update is 10:59:12 PM last update is 10:59:12 PM
2020-09-17 16:35:55 FXMZ51 repeated signal
2020-09-17 16:36:14 signallforex123 new update is 2:43:24 PM last update is 2:43:24 PM
2020-09-17 16:36:14 signallforex123 repeated signal
2020-09-17 16:36:28 professoroff new update is 3:36:36 PM last update is 2:43:24 PM
2020-09-17 16:36:28 professoroff get new signal
2020-09-17 16:36:30 professoroff getting signal message started
2020-09-17 16:36:53 forexsignalzz new update is 9:01:07 PM last update is 2:43:24 PM
2020-09-17 16:36:53 forexsignalzz get new signal
2020-09-17 16:36:55 forexsignalzz getting signal message started
2020-09-17 16:37:14 amirFX_signal new update is 1:08:06 PM last update is 1:08:06 PM
2020-09-17 16:37:14 amirFX_signal repeated signal
2020-09-17 16:37:36 FOR3X_SIGNAL new update is 4:31:55 PM last update is 4:31:55 PM
2020-09-17 16:37:36 FOR3X_SIGNAL repeated signal
2020-09-17 16:37:53 Eagl777 new update is 5:11:26 PM last update is 4:31:55 PM
2020-09-17 16:37:53 Eagl777 get new signal
2020-09-17 16:37:55 Eagl777 getting signal message started
2020-09-17 16:38:20 WallstreetFXsignals new update is 8:03:51 AM last update is 8:03:51 AM
2020-09-17 16:38:20 WallstreetFXsignals repeated signal
2020-09-17 16:38:41 wolfofforexplus new update is 8:03:51 AM last update is 11:13:51 AM
2020-09-17 16:38:41 wolfofforexplus get new signal
2020-09-17 16:38:43 wolfofforexplus getting signal message started
2020-09-17 16:38:59 light_forex new update is 3:19:41 PM last update is 3:19:41 PM
2020-09-17 16:38:59 light_forex repeated signal
2020-09-17 16:39:18 FXMZ51 new update is 10:59:12 PM last update is 10:59:12 PM
2020-09-17 16:39:18 FXMZ51 repeated signal
2020-09-17 16:39:36 signallforex123 new update is 2:43:24 PM last update is 2:43:24 PM
2020-09-17 16:39:36 signallforex123 repeated signal
2020-09-17 16:39:51 professoroff new update is 3:36:36 PM last update is 3:36:36 PM
2020-09-17 16:39:51 professoroff repeated signal
2020-09-17 16:40:14 forexsignalzz new update is 9:01:07 PM last update is 9:01:07 PM
2020-09-17 16:40:14 forexsignalzz repeated signal
2020-09-17 16:40:35 amirFX_signal new update is 9:01:07 PM last update is 1:08:06 PM
2020-09-17 16:40:35 amirFX_signal get new signal
2020-09-17 16:40:37 amirFX_signal getting signal message started
2020-09-17 16:41:01 FOR3X_SIGNAL new update is 4:31:55 PM last update is 4:31:55 PM
2020-09-17 16:41:01 FOR3X_SIGNAL repeated signal
2020-09-17 16:41:23 Eagl777 new update is 4:31:55 PM last update is 5:11:26 PM
2020-09-17 16:41:23 Eagl777 get new signal
2020-09-17 16:41:25 Eagl777 getting signal message started
2020-09-17 16:41:46 WallstreetFXsignals new update is 8:03:51 AM last update is 8:03:51 AM
2020-09-17 16:41:46 WallstreetFXsignals repeated signal
2020-09-17 16:42:08 wolfofforexplus new update is 8:03:51 AM last update is 8:03:51 AM
2020-09-17 16:42:08 wolfofforexplus repeated signal
2020-09-17 16:42:21 light_forex new update is 3:19:41 PM last update is 3:19:41 PM
2020-09-17 16:42:21 light_forex repeated signal
2020-09-17 16:42:41 FXMZ51 new update is 10:59:12 PM last update is 10:59:12 PM
2020-09-17 16:42:41 FXMZ51 repeated signal
2020-09-17 16:43:03 signallforex123 new update is 10:59:12 PM last update is 2:43:24 PM
2020-09-17 16:43:03 signallforex123 get new signal
2020-09-17 16:43:05 signallforex123 getting signal message started
2020-09-17 16:43:25 professoroff new update is 3:36:36 PM last update is 3:36:36 PM
2020-09-17 16:43:25 professoroff repeated signal
2020-09-17 16:43:47 forexsignalzz new update is 3:36:36 PM last update is 9:01:07 PM
2020-09-17 16:43:47 forexsignalzz get new signal
2020-09-17 16:43:49 forexsignalzz getting signal message started
2020-09-17 16:44:14 amirFX_signal new update is 3:36:36 PM last update is 9:01:07 PM
2020-09-17 16:44:14 amirFX_signal get new signal
2020-09-17 16:44:16 amirFX_signal getting signal message started
2020-09-17 16:44:40 FOR3X_SIGNAL new update is 3:36:36 PM last update is 4:31:55 PM
2020-09-17 16:44:40 FOR3X_SIGNAL get new signal
2020-09-17 16:44:42 FOR3X_SIGNAL getting signal message started
2020-09-17 16:45:02 Eagl777 new update is 5:11:26 PM last update is 4:31:55 PM
2020-09-17 16:45:02 Eagl777 get new signal
2020-09-17 16:45:04 Eagl777 getting signal message started
2020-09-17 16:45:28 WallstreetFXsignals new update is 5:11:26 PM last update is 8:03:51 AM
2020-09-17 16:45:28 WallstreetFXsignals get new signal
2020-09-17 16:45:30 WallstreetFXsignals getting signal message started
2020-09-17 16:45:54 wolfofforexplus new update is 5:11:26 PM last update is 8:03:51 AM
2020-09-17 16:45:54 wolfofforexplus get new signal
2020-09-17 16:45:56 wolfofforexplus getting signal message started
2020-09-17 16:46:12 light_forex new update is 3:19:41 PM last update is 3:19:41 PM
2020-09-17 16:46:12 light_forex repeated signal
2020-09-17 16:46:32 FXMZ51 new update is 10:59:12 PM last update is 10:59:12 PM
2020-09-17 16:46:32 FXMZ51 repeated signal
2020-09-17 16:46:53 signallforex123 new update is 10:59:12 PM last update is 10:59:12 PM
2020-09-17 16:46:53 signallforex123 repeated signal
2020-09-17 16:47:13 professoroff new update is 3:36:36 PM last update is 3:36:36 PM
2020-09-17 16:47:13 professoroff repeated signal
2020-09-17 16:47:36 forexsignalzz new update is 3:36:36 PM last update is 3:36:36 PM
2020-09-17 16:47:36 forexsignalzz repeated signal
2020-09-17 16:47:57 amirFX_signal new update is 3:36:36 PM last update is 3:36:36 PM
2020-09-17 16:47:57 amirFX_signal repeated signal
2020-09-17 16:48:19 FOR3X_SIGNAL new update is 3:36:36 PM last update is 3:36:36 PM
2020-09-17 16:48:19 FOR3X_SIGNAL repeated signal
2020-09-17 16:48:41 Eagl777 new update is 5:11:26 PM last update is 5:11:26 PM
2020-09-17 16:48:41 Eagl777 repeated signal
2020-09-17 16:48:58 WallstreetFXsignals new update is 8:03:51 AM last update is 5:11:26 PM
2020-09-17 16:48:58 WallstreetFXsignals get new signal
2020-09-17 16:49:00 WallstreetFXsignals getting signal message started
2020-09-17 16:49:24 wolfofforexplus new update is 8:03:51 AM last update is 5:11:26 PM
2020-09-17 16:49:24 wolfofforexplus get new signal
2020-09-17 16:49:26 wolfofforexplus getting signal message started
2020-09-17 16:49:42 light_forex new update is 3:19:41 PM last update is 3:19:41 PM
2020-09-17 16:49:42 light_forex repeated signal
2020-09-17 16:50:01 FXMZ51 new update is 10:59:12 PM last update is 10:59:12 PM
2020-09-17 16:50:01 FXMZ51 repeated signal
2020-09-17 16:50:23 signallforex123 new update is 10:59:12 PM last update is 10:59:12 PM
2020-09-17 16:50:23 signallforex123 repeated signal
2020-09-17 16:50:45 professoroff new update is 3:36:36 PM last update is 3:36:36 PM
2020-09-17 16:50:45 professoroff repeated signal
2020-09-17 16:51:07 forexsignalzz new update is 9:01:07 PM last update is 3:36:36 PM
2020-09-17 16:51:07 forexsignalzz get new signal
2020-09-17 16:51:09 forexsignalzz getting signal message started
2020-09-17 16:51:34 amirFX_signal new update is 1:08:06 PM last update is 3:36:36 PM
2020-09-17 16:51:34 amirFX_signal get new signal
2020-09-17 16:51:36 amirFX_signal getting signal message started
2020-09-17 16:52:01 FOR3X_SIGNAL new update is 4:31:55 PM last update is 3:36:36 PM
2020-09-17 16:52:01 FOR3X_SIGNAL get new signal
2020-09-17 16:52:03 FOR3X_SIGNAL getting signal message started
2020-09-17 16:52:18 Eagl777 new update is 5:11:26 PM last update is 5:11:26 PM
2020-09-17 16:52:18 Eagl777 repeated signal
2020-09-17 16:52:32 WallstreetFXsignals new update is 8:03:51 AM last update is 8:03:51 AM
2020-09-17 16:52:32 WallstreetFXsignals repeated signal
2020-09-17 16:52:46 wolfofforexplus new update is 11:13:51 AM last update is 8:03:51 AM
2020-09-17 16:52:46 wolfofforexplus get new signal
2020-09-17 16:52:48 wolfofforexplus getting signal message started
2020-09-17 16:53:03 light_forex new update is 3:19:41 PM last update is 3:19:41 PM
2020-09-17 16:53:03 light_forex repeated signal
2020-09-17 16:53:25 FXMZ51 new update is 3:19:41 PM last update is 10:59:12 PM
2020-09-17 16:53:25 FXMZ51 get new signal
2020-09-17 16:53:27 FXMZ51 getting signal message started
2020-09-17 16:53:51 signallforex123 new update is 3:19:41 PM last update is 10:59:12 PM
2020-09-17 16:53:51 signallforex123 get new signal
2020-09-17 16:53:53 signallforex123 getting signal message started
2020-09-17 16:53:55 signallforex123 getting signal message successfully ended
2020-09-17 16:53:55 signallforex123 signal text is : AUDUSD SELL 0.7292
TP 0.7100
SL 0.7382
2020-09-17 16:53:55 signallforex123 in INNER except signalFinder: <class 'IndexError'>
2020-09-17 16:54:13 professoroff new update is 3:36:36 PM last update is 3:36:36 PM
2020-09-17 16:54:13 professoroff repeated signal
2020-09-17 16:54:36 forexsignalzz new update is 9:01:07 PM last update is 9:01:07 PM
2020-09-17 16:54:36 forexsignalzz repeated signal
2020-09-17 16:54:57 amirFX_signal new update is 9:01:07 PM last update is 1:08:06 PM
2020-09-17 16:54:57 amirFX_signal get new signal
2020-09-17 16:54:59 amirFX_signal getting signal message started
2020-09-17 16:55:23 FOR3X_SIGNAL new update is 9:01:07 PM last update is 4:31:55 PM
2020-09-17 16:55:23 FOR3X_SIGNAL get new signal
2020-09-17 16:55:25 FOR3X_SIGNAL getting signal message started
2020-09-17 16:55:49 Eagl777 new update is 9:01:07 PM last update is 5:11:26 PM
2020-09-17 16:55:49 Eagl777 get new signal
2020-09-17 16:55:51 Eagl777 getting signal message started
2020-09-17 16:56:15 WallstreetFXsignals new update is 8:03:51 AM last update is 8:03:51 AM
2020-09-17 16:56:15 WallstreetFXsignals repeated signal
2020-09-17 16:56:37 wolfofforexplus new update is 8:03:51 AM last update is 11:13:51 AM
2020-09-17 16:56:37 wolfofforexplus get new signal
2020-09-17 16:56:39 wolfofforexplus getting signal message started
2020-09-17 16:56:55 light_forex new update is 3:19:41 PM last update is 3:19:41 PM
2020-09-17 16:56:55 light_forex repeated signal
2020-09-17 16:57:15 FXMZ51 new update is 10:59:12 PM last update is 3:19:41 PM
2020-09-17 16:57:15 FXMZ51 get new signal
2020-09-17 16:57:17 FXMZ51 getting signal message started
2020-09-17 16:57:41 signallforex123 new update is 10:59:12 PM last update is 0
2020-09-17 16:57:41 signallforex123 get new signal
2020-09-17 16:57:43 signallforex123 getting signal message started
2020-09-17 16:58:07 professoroff new update is 10:59:12 PM last update is 3:36:36 PM
2020-09-17 16:58:07 professoroff get new signal
2020-09-17 16:58:09 professoroff getting signal message started
2020-09-17 16:58:34 forexsignalzz new update is 10:59:12 PM last update is 9:01:07 PM
2020-09-17 16:58:34 forexsignalzz get new signal
2020-09-17 16:58:36 forexsignalzz getting signal message started
2020-09-17 16:59:01 amirFX_signal new update is 10:59:12 PM last update is 9:01:07 PM
2020-09-17 16:59:01 amirFX_signal get new signal
2020-09-17 16:59:03 amirFX_signal getting signal message started
2020-09-17 16:59:27 FOR3X_SIGNAL new update is 10:59:12 PM last update is 9:01:07 PM
2020-09-17 16:59:27 FOR3X_SIGNAL get new signal
2020-09-17 16:59:29 FOR3X_SIGNAL getting signal message started
2020-09-17 16:59:49 Eagl777 new update is 5:11:26 PM last update is 9:01:07 PM
2020-09-17 16:59:49 Eagl777 get new signal
2020-09-17 16:59:51 Eagl777 getting signal message started
2020-09-17 17:00:16 WallstreetFXsignals new update is 8:03:51 AM last update is 8:03:51 AM
2020-09-17 17:00:16 WallstreetFXsignals repeated signal
2020-09-17 17:00:37 wolfofforexplus new update is 8:03:51 AM last update is 8:03:51 AM
2020-09-17 17:00:37 wolfofforexplus repeated signal
2020-09-17 17:00:51 light_forex new update is 3:19:41 PM last update is 3:19:41 PM
2020-09-17 17:00:51 light_forex repeated signal
2020-09-17 17:01:08 FXMZ51 new update is 10:59:12 PM last update is 10:59:12 PM
2020-09-17 17:01:08 FXMZ51 repeated signal
2020-09-17 17:01:30 signallforex123 new update is 10:59:12 PM last update is 10:59:12 PM
2020-09-17 17:01:30 signallforex123 repeated signal
2020-09-17 17:01:52 professoroff new update is 10:59:12 PM last update is 10:59:12 PM
2020-09-17 17:01:52 professoroff repeated signal
2020-09-17 17:02:15 forexsignalzz new update is 10:59:12 PM last update is 10:59:12 PM
2020-09-17 17:02:15 forexsignalzz repeated signal
2020-09-17 17:02:36 amirFX_signal new update is 10:59:12 PM last update is 10:59:12 PM
2020-09-17 17:02:36 amirFX_signal repeated signal
2020-09-17 17:02:58 FOR3X_SIGNAL new update is 10:59:12 PM last update is 10:59:12 PM
2020-09-17 17:02:58 FOR3X_SIGNAL repeated signal
2020-09-17 17:03:20 Eagl777 new update is 10:59:12 PM last update is 5:11:26 PM
2020-09-17 17:03:20 Eagl777 get new signal
2020-09-17 17:03:22 Eagl777 getting signal message started
2020-09-17 17:03:46 WallstreetFXsignals new update is 10:59:12 PM last update is 8:03:51 AM
2020-09-17 17:03:46 WallstreetFXsignals get new signal
2020-09-17 17:03:48 WallstreetFXsignals getting signal message started
2020-09-17 17:04:12 wolfofforexplus new update is 10:59:12 PM last update is 8:03:51 AM
2020-09-17 17:04:12 wolfofforexplus get new signal
2020-09-17 17:04:14 wolfofforexplus getting signal message started
2020-09-17 17:04:30 light_forex new update is 3:19:41 PM last update is 3:19:41 PM
2020-09-17 17:04:30 light_forex repeated signal
2020-09-17 17:04:52 FXMZ51 new update is 10:59:12 PM last update is 10:59:12 PM
2020-09-17 17:04:52 FXMZ51 repeated signal
2020-09-17 17:05:14 signallforex123 new update is 2:43:24 PM last update is 10:59:12 PM
2020-09-17 17:05:14 signallforex123 get new signal
2020-09-17 17:05:16 signallforex123 getting signal message started
2020-09-17 17:05:36 professoroff new update is 3:36:36 PM last update is 10:59:12 PM
2020-09-17 17:05:36 professoroff get new signal
2020-09-17 17:05:38 professoroff getting signal message started
2020-09-17 17:06:03 forexsignalzz new update is 3:36:36 PM last update is 10:59:12 PM
2020-09-17 17:06:03 forexsignalzz get new signal
2020-09-17 17:06:05 forexsignalzz getting signal message started
2020-09-17 17:06:29 amirFX_signal new update is 4:56:10 PM last update is 10:59:12 PM
2020-09-17 17:06:29 amirFX_signal get new signal
2020-09-17 17:06:31 amirFX_signal getting signal message started
2020-09-17 17:06:55 FOR3X_SIGNAL new update is 4:56:10 PM last update is 10:59:12 PM
2020-09-17 17:06:55 FOR3X_SIGNAL get new signal
2020-09-17 17:06:57 FOR3X_SIGNAL getting signal message started
2020-09-17 17:07:17 Eagl777 new update is 5:11:26 PM last update is 10:59:12 PM
2020-09-17 17:07:17 Eagl777 get new signal
2020-09-17 17:07:19 Eagl777 getting signal message started
2020-09-17 17:07:43 WallstreetFXsignals new update is 8:03:51 AM last update is 10:59:12 PM
2020-09-17 17:07:43 WallstreetFXsignals get new signal
2020-09-17 17:07:45 WallstreetFXsignals getting signal message started
2020-09-17 17:08:09 wolfofforexplus new update is 8:03:51 AM last update is 10:59:12 PM
2020-09-17 17:08:09 wolfofforexplus get new signal
2020-09-17 17:08:11 wolfofforexplus getting signal message started
2020-09-17 17:08:27 light_forex new update is 3:19:41 PM last update is 3:19:41 PM
2020-09-17 17:08:27 light_forex repeated signal
2020-09-17 17:09:03 FXMZ51 new update is 10:59:12 PM last update is 10:59:12 PM
2020-09-17 17:09:03 FXMZ51 repeated signal
2020-09-17 17:09:24 signallforex123 new update is 10:59:12 PM last update is 2:43:24 PM
2020-09-17 17:09:24 signallforex123 get new signal
2020-09-17 17:09:26 signallforex123 getting signal message started
2020-09-17 17:09:45 professoroff new update is 3:36:36 PM last update is 3:36:36 PM
2020-09-17 17:09:45 professoroff repeated signal
2020-09-17 17:10:06 forexsignalzz new update is 9:01:07 PM last update is 3:36:36 PM
2020-09-17 17:10:06 forexsignalzz get new signal
2020-09-17 17:10:08 forexsignalzz getting signal message started
2020-09-17 17:10:32 amirFX_signal new update is 9:01:07 PM last update is 4:56:10 PM
2020-09-17 17:10:32 amirFX_signal get new signal
2020-09-17 17:10:34 amirFX_signal getting signal message started
2020-09-17 17:10:58 FOR3X_SIGNAL new update is 9:01:07 PM last update is 4:56:10 PM
2020-09-17 17:10:58 FOR3X_SIGNAL get new signal
2020-09-17 17:11:00 FOR3X_SIGNAL getting signal message started
2020-09-17 17:11:24 Eagl777 new update is 9:01:07 PM last update is 5:11:26 PM
2020-09-17 17:11:24 Eagl777 get new signal
2020-09-17 17:11:26 Eagl777 getting signal message started
2020-09-17 17:11:50 WallstreetFXsignals new update is 9:01:07 PM last update is 8:03:51 AM
2020-09-17 17:11:50 WallstreetFXsignals get new signal
2020-09-17 17:11:52 WallstreetFXsignals getting signal message started
2020-09-17 17:12:16 wolfofforexplus new update is 9:01:07 PM last update is 8:03:51 AM
2020-09-17 17:12:16 wolfofforexplus get new signal
2020-09-17 17:12:18 wolfofforexplus getting signal message started
2020-09-17 17:12:34 light_forex new update is 3:19:41 PM last update is 3:19:41 PM
2020-09-17 17:12:34 light_forex repeated signal
2020-09-17 17:12:51 FXMZ51 new update is 10:59:12 PM last update is 10:59:12 PM
2020-09-17 17:12:51 FXMZ51 repeated signal
2020-09-17 17:13:13 signallforex123 new update is 10:59:12 PM last update is 10:59:12 PM
2020-09-17 17:13:13 signallforex123 repeated signal
2020-09-17 17:13:35 professoroff new update is 3:36:36 PM last update is 3:36:36 PM
2020-09-17 17:13:35 professoroff repeated signal
2020-09-17 17:13:57 forexsignalzz new update is 3:36:36 PM last update is 9:01:07 PM
2020-09-17 17:13:57 forexsignalzz get new signal
2020-09-17 17:13:59 forexsignalzz getting signal message started
2020-09-17 17:14:24 amirFX_signal new update is 4:56:10 PM last update is 9:01:07 PM
2020-09-17 17:14:24 amirFX_signal get new signal
2020-09-17 17:14:26 amirFX_signal getting signal message started
2020-09-17 17:14:50 FOR3X_SIGNAL new update is 4:56:10 PM last update is 9:01:07 PM
2020-09-17 17:14:50 FOR3X_SIGNAL get new signal
2020-09-17 17:14:52 FOR3X_SIGNAL getting signal message started
2020-09-17 17:15:12 Eagl777 new update is 5:11:26 PM last update is 9:01:07 PM
2020-09-17 17:15:12 Eagl777 get new signal
2020-09-17 17:15:14 Eagl777 getting signal message started
2020-09-17 17:15:38 WallstreetFXsignals new update is 5:11:26 PM last update is 9:01:07 PM
2020-09-17 17:15:38 WallstreetFXsignals get new signal
2020-09-17 17:15:40 WallstreetFXsignals getting signal message started
2020-09-17 17:16:05 wolfofforexplus new update is 5:11:26 PM last update is 9:01:07 PM
2020-09-17 17:16:05 wolfofforexplus get new signal
2020-09-17 17:16:07 wolfofforexplus getting signal message started
2020-09-17 17:16:23 light_forex new update is 3:19:41 PM last update is 3:19:41 PM
2020-09-17 17:16:23 light_forex repeated signal
2020-09-17 17:16:42 FXMZ51 new update is 10:59:12 PM last update is 10:59:12 PM
2020-09-17 17:16:42 FXMZ51 repeated signal
2020-09-17 17:17:04 signallforex123 new update is 10:59:12 PM last update is 10:59:12 PM
2020-09-17 17:17:04 signallforex123 repeated signal
2020-09-17 17:17:22 professoroff new update is 3:36:36 PM last update is 3:36:36 PM
2020-09-17 17:17:22 professoroff repeated signal
2020-09-17 17:17:44 forexsignalzz new update is 9:01:07 PM last update is 3:36:36 PM
2020-09-17 17:17:44 forexsignalzz get new signal
2020-09-17 17:17:46 forexsignalzz getting signal message started
2020-09-17 17:18:10 amirFX_signal new update is 4:56:10 PM last update is 4:56:10 PM
2020-09-17 17:18:10 amirFX_signal repeated signal
2020-09-17 17:18:32 FOR3X_SIGNAL new update is 4:56:10 PM last update is 4:56:10 PM
2020-09-17 17:18:32 FOR3X_SIGNAL repeated signal
2020-09-17 17:18:54 Eagl777 new update is 5:11:26 PM last update is 5:11:26 PM
2020-09-17 17:18:54 Eagl777 repeated signal
2020-09-17 17:19:16 WallstreetFXsignals new update is 5:11:26 PM last update is 5:11:26 PM
2020-09-17 17:19:16 WallstreetFXsignals repeated signal
2020-09-17 17:19:38 wolfofforexplus new update is 5:11:26 PM last update is 5:11:26 PM
2020-09-17 17:19:38 wolfofforexplus repeated signal
2020-09-17 17:19:51 light_forex new update is 3:19:41 PM last update is 3:19:41 PM
2020-09-17 17:19:51 light_forex repeated signal
2020-09-17 17:20:09 FXMZ51 new update is 10:59:12 PM last update is 10:59:12 PM
2020-09-17 17:20:09 FXMZ51 repeated signal
2020-09-17 17:20:31 signallforex123 new update is 10:59:12 PM last update is 10:59:12 PM
2020-09-17 17:20:31 signallforex123 repeated signal
2020-09-17 17:20:50 professoroff new update is 3:36:36 PM last update is 3:36:36 PM
2020-09-17 17:20:50 professoroff repeated signal
2020-09-17 17:21:13 forexsignalzz new update is 3:36:36 PM last update is 9:01:07 PM
2020-09-17 17:21:13 forexsignalzz get new signal
2020-09-17 17:21:15 forexsignalzz getting signal message started
2020-09-17 17:21:39 amirFX_signal new update is 3:36:36 PM last update is 4:56:10 PM
2020-09-17 17:21:39 amirFX_signal get new signal
2020-09-17 17:21:41 amirFX_signal getting signal message started
2020-09-17 17:22:03 FOR3X_SIGNAL new update is 4:31:55 PM last update is 4:56:10 PM
2020-09-17 17:22:03 FOR3X_SIGNAL get new signal
2020-09-17 17:22:06 FOR3X_SIGNAL getting signal message started
2020-09-17 17:22:25 Eagl777 new update is 5:11:26 PM last update is 5:11:26 PM
2020-09-17 17:22:25 Eagl777 repeated signal
2020-09-17 17:22:47 WallstreetFXsignals new update is 8:03:51 AM last update is 5:11:26 PM
2020-09-17 17:22:47 WallstreetFXsignals get new signal
2020-09-17 17:22:49 WallstreetFXsignals getting signal message started
2020-09-17 17:22:51 WallstreetFXsignals getting signal message successfully ended
2020-09-17 17:22:51 WallstreetFXsignals signal text is : Trade Alert! GOLD

BUY NOW@ 1967
Sl: 1953
Tp1: 1981
Tp2: 1995
2020-09-17 17:22:51  writting signal message started
2020-09-17 17:23:25 wolfofforexplus new update is 8:03:51 AM last update is 5:11:26 PM
2020-09-17 17:23:25 wolfofforexplus get new signal
2020-09-17 17:23:27 wolfofforexplus getting signal message started
2020-09-17 17:23:43 light_forex new update is 3:19:41 PM last update is 3:19:41 PM
2020-09-17 17:23:43 light_forex repeated signal
2020-09-17 17:24:02 FXMZ51 new update is 10:59:12 PM last update is 10:59:12 PM
2020-09-17 17:24:02 FXMZ51 repeated signal
2020-09-17 17:24:24 signallforex123 new update is 10:59:12 PM last update is 10:59:12 PM
2020-09-17 17:24:24 signallforex123 repeated signal
2020-09-17 17:24:46 professoroff new update is 3:36:36 PM last update is 3:36:36 PM
2020-09-17 17:24:46 professoroff repeated signal
2020-09-17 17:25:09 forexsignalzz new update is 3:36:36 PM last update is 3:36:36 PM
2020-09-17 17:25:09 forexsignalzz repeated signal
2020-09-17 17:25:31 amirFX_signal new update is 3:36:36 PM last update is 3:36:36 PM
2020-09-17 17:25:31 amirFX_signal repeated signal
2020-09-17 17:25:52 FOR3X_SIGNAL new update is 3:36:36 PM last update is 4:31:55 PM
2020-09-17 17:25:52 FOR3X_SIGNAL get new signal
2020-09-17 17:25:54 FOR3X_SIGNAL getting signal message started
2020-09-17 17:26:17 Eagl777 new update is 5:11:26 PM last update is 5:11:26 PM
2020-09-17 17:26:17 Eagl777 repeated signal
2020-09-17 17:26:36 WallstreetFXsignals new update is 8:03:51 AM last update is 8:03:51 AM
2020-09-17 17:26:36 WallstreetFXsignals repeated signal
2020-09-17 17:26:58 wolfofforexplus new update is 8:03:51 AM last update is 8:03:51 AM
2020-09-17 17:26:58 wolfofforexplus repeated signal
2020-09-17 17:27:12 light_forex new update is 3:19:41 PM last update is 3:19:41 PM
2020-09-17 17:27:12 light_forex repeated signal
2020-09-17 17:27:31 FXMZ51 new update is 10:59:12 PM last update is 10:59:12 PM
2020-09-17 17:27:31 FXMZ51 repeated signal
2020-09-17 17:27:53 signallforex123 new update is 10:59:12 PM last update is 10:59:12 PM
2020-09-17 17:27:53 signallforex123 repeated signal
2020-09-17 17:28:13 professoroff new update is 3:36:36 PM last update is 3:36:36 PM
2020-09-17 17:28:13 professoroff repeated signal
2020-09-17 17:28:31 forexsignalzz new update is 9:01:07 PM last update is 3:36:36 PM
2020-09-17 17:28:31 forexsignalzz get new signal
2020-09-17 17:28:33 forexsignalzz getting signal message started
2020-09-17 17:28:58 amirFX_signal new update is 4:56:10 PM last update is 3:36:36 PM
2020-09-17 17:28:58 amirFX_signal get new signal
2020-09-17 17:29:00 amirFX_signal getting signal message started
2020-09-17 17:29:24 FOR3X_SIGNAL new update is 4:56:10 PM last update is 3:36:36 PM
2020-09-17 17:29:24 FOR3X_SIGNAL get new signal
2020-09-17 17:29:26 FOR3X_SIGNAL getting signal message started
2020-09-17 17:29:48 Eagl777 new update is 5:11:26 PM last update is 5:11:26 PM
2020-09-17 17:29:48 Eagl777 repeated signal
2020-09-17 17:30:10 WallstreetFXsignals new update is 5:11:26 PM last update is 8:03:51 AM
2020-09-17 17:30:10 WallstreetFXsignals get new signal
2020-09-17 17:30:12 WallstreetFXsignals getting signal message started
2020-09-17 17:30:36 wolfofforexplus new update is 5:11:26 PM last update is 8:03:51 AM
2020-09-17 17:30:36 wolfofforexplus get new signal
2020-09-17 17:30:38 wolfofforexplus getting signal message started
2020-09-17 17:30:55 light_forex new update is 3:19:41 PM last update is 3:19:41 PM
2020-09-17 17:30:55 light_forex repeated signal
2020-09-17 17:31:14 FXMZ51 new update is 10:59:12 PM last update is 10:59:12 PM
2020-09-17 17:31:14 FXMZ51 repeated signal
2020-09-17 17:31:36 signallforex123 new update is 10:59:12 PM last update is 10:59:12 PM
2020-09-17 17:31:36 signallforex123 repeated signal
2020-09-17 17:31:56 professoroff new update is 3:36:36 PM last update is 3:36:36 PM
2020-09-17 17:31:56 professoroff repeated signal
2020-09-17 17:32:19 forexsignalzz new update is 3:36:36 PM last update is 9:01:07 PM
2020-09-17 17:32:19 forexsignalzz get new signal
2020-09-17 17:32:21 forexsignalzz getting signal message started
2020-09-17 17:32:45 amirFX_signal new update is 4:56:10 PM last update is 4:56:10 PM
2020-09-17 17:32:45 amirFX_signal repeated signal
2020-09-17 17:33:07 FOR3X_SIGNAL new update is 4:56:10 PM last update is 4:56:10 PM
2020-09-17 17:33:07 FOR3X_SIGNAL repeated signal
2020-09-17 17:33:30 Eagl777 new update is 5:11:26 PM last update is 5:11:26 PM
2020-09-17 17:33:30 Eagl777 repeated signal
2020-09-17 17:33:52 WallstreetFXsignals new update is 5:11:26 PM last update is 5:11:26 PM
2020-09-17 17:33:52 WallstreetFXsignals repeated signal
2020-09-17 17:34:14 wolfofforexplus new update is 5:11:26 PM last update is 5:11:26 PM
2020-09-17 17:34:14 wolfofforexplus repeated signal
2020-09-17 17:34:28 light_forex new update is 3:19:41 PM last update is 3:19:41 PM
2020-09-17 17:34:28 light_forex repeated signal
2020-09-17 17:34:45 FXMZ51 new update is 10:59:12 PM last update is 10:59:12 PM
2020-09-17 17:34:45 FXMZ51 repeated signal
2020-09-17 17:35:07 signallforex123 new update is 10:59:12 PM last update is 10:59:12 PM
2020-09-17 17:35:07 signallforex123 repeated signal
2020-09-17 17:35:27 professoroff new update is 3:36:36 PM last update is 3:36:36 PM
2020-09-17 17:35:27 professoroff repeated signal
2020-09-17 17:35:50 forexsignalzz new update is 3:36:36 PM last update is 3:36:36 PM
2020-09-17 17:35:50 forexsignalzz repeated signal
2020-09-17 17:36:12 amirFX_signal new update is 3:36:36 PM last update is 4:56:10 PM
2020-09-17 17:36:12 amirFX_signal get new signal
2020-09-17 17:36:14 amirFX_signal getting signal message started
2020-09-17 17:36:38 FOR3X_SIGNAL new update is 3:36:36 PM last update is 4:56:10 PM
2020-09-17 17:36:38 FOR3X_SIGNAL get new signal
2020-09-17 17:36:40 FOR3X_SIGNAL getting signal message started
2020-09-17 17:37:00 Eagl777 new update is 5:11:26 PM last update is 5:11:26 PM
2020-09-17 17:37:00 Eagl777 repeated signal
2020-09-17 17:37:22 WallstreetFXsignals new update is 8:03:51 AM last update is 5:11:26 PM
2020-09-17 17:37:22 WallstreetFXsignals get new signal
2020-09-17 17:37:24 WallstreetFXsignals getting signal message started
2020-09-17 17:37:26 WallstreetFXsignals getting signal message successfully ended
2020-09-17 17:37:26 WallstreetFXsignals signal text is : Trade Alert! GOLD

BUY NOW@ 1967
Sl: 1953
Tp1: 1981
Tp2: 1995
2020-09-17 17:37:26  writting signal message started
2020-09-17 17:38:00 wolfofforexplus new update is 8:03:51 AM last update is 5:11:26 PM
2020-09-17 17:38:00 wolfofforexplus get new signal
2020-09-17 17:38:02 wolfofforexplus getting signal message started
2020-09-17 17:38:18 light_forex new update is 3:19:41 PM last update is 3:19:41 PM
2020-09-17 17:38:18 light_forex repeated signal
2020-09-17 17:38:39 FXMZ51 new update is 10:59:12 PM last update is 10:59:12 PM
2020-09-17 17:38:39 FXMZ51 repeated signal
2020-09-17 17:39:01 signallforex123 new update is 10:59:12 PM last update is 10:59:12 PM
2020-09-17 17:39:01 signallforex123 repeated signal
2020-09-17 17:39:15 professoroff new update is 3:36:36 PM last update is 3:36:36 PM
2020-09-17 17:39:15 professoroff repeated signal
2020-09-17 17:39:38 forexsignalzz new update is 3:36:36 PM last update is 3:36:36 PM
2020-09-17 17:39:38 forexsignalzz repeated signal
2020-09-17 17:39:59 amirFX_signal new update is 3:36:36 PM last update is 3:36:36 PM
2020-09-17 17:39:59 amirFX_signal repeated signal
2020-09-17 17:40:21 FOR3X_SIGNAL new update is 3:36:36 PM last update is 3:36:36 PM
2020-09-17 17:40:21 FOR3X_SIGNAL repeated signal
2020-09-17 17:40:43 Eagl777 new update is 3:36:36 PM last update is 5:11:26 PM
2020-09-17 17:40:43 Eagl777 get new signal
2020-09-17 17:40:45 Eagl777 getting signal message started
2020-09-17 17:41:07 WallstreetFXsignals new update is 8:03:51 AM last update is 8:03:51 AM
2020-09-17 17:41:07 WallstreetFXsignals repeated signal
2020-09-17 17:41:29 wolfofforexplus new update is 8:03:51 AM last update is 8:03:51 AM
2020-09-17 17:41:29 wolfofforexplus repeated signal
2020-09-17 17:41:43 light_forex new update is 3:19:41 PM last update is 3:19:41 PM
2020-09-17 17:41:43 light_forex repeated signal
2020-09-17 17:42:04 FXMZ51 new update is 10:59:12 PM last update is 10:59:12 PM
2020-09-17 17:42:04 FXMZ51 repeated signal
2020-09-17 17:42:26 signallforex123 new update is 10:59:12 PM last update is 10:59:12 PM
2020-09-17 17:42:26 signallforex123 repeated signal
2020-09-17 17:42:46 professoroff new update is 3:36:36 PM last update is 3:36:36 PM
2020-09-17 17:42:46 professoroff repeated signal
2020-09-17 17:43:09 forexsignalzz new update is 3:36:36 PM last update is 3:36:36 PM
2020-09-17 17:43:09 forexsignalzz repeated signal
2020-09-17 17:43:30 amirFX_signal new update is 3:36:36 PM last update is 3:36:36 PM
2020-09-17 17:43:30 amirFX_signal repeated signal
2020-09-17 17:43:52 FOR3X_SIGNAL new update is 3:36:36 PM last update is 3:36:36 PM
2020-09-17 17:43:52 FOR3X_SIGNAL repeated signal
2020-09-17 17:44:18 Eagl777 new update is 3:36:36 PM last update is 3:36:36 PM
2020-09-17 17:44:18 Eagl777 repeated signal
2020-09-17 17:44:40 WallstreetFXsignals new update is 8:03:51 AM last update is 8:03:51 AM
2020-09-17 17:44:40 WallstreetFXsignals repeated signal
2020-09-17 17:45:02 wolfofforexplus new update is 8:03:51 AM last update is 8:03:51 AM
2020-09-17 17:45:02 wolfofforexplus repeated signal
2020-09-17 17:45:15 light_forex new update is 3:19:41 PM last update is 3:19:41 PM
2020-09-17 17:45:15 light_forex repeated signal
2020-09-17 17:45:35 FXMZ51 new update is 10:59:12 PM last update is 10:59:12 PM
2020-09-17 17:45:35 FXMZ51 repeated signal
2020-09-17 17:45:56 signallforex123 new update is 10:59:12 PM last update is 10:59:12 PM
2020-09-17 17:45:56 signallforex123 repeated signal
2020-09-17 17:46:14 professoroff new update is 3:36:36 PM last update is 3:36:36 PM
2020-09-17 17:46:14 professoroff repeated signal
2020-09-17 17:46:37 forexsignalzz new update is 3:36:36 PM last update is 3:36:36 PM
2020-09-17 17:46:37 forexsignalzz repeated signal
2020-09-17 17:46:59 amirFX_signal new update is 3:36:36 PM last update is 3:36:36 PM
2020-09-17 17:46:59 amirFX_signal repeated signal
2020-09-17 17:47:20 FOR3X_SIGNAL new update is 3:36:36 PM last update is 3:36:36 PM
2020-09-17 17:47:20 FOR3X_SIGNAL repeated signal
2020-09-17 17:47:42 Eagl777 new update is 5:11:26 PM last update is 3:36:36 PM
2020-09-17 17:47:42 Eagl777 get new signal
2020-09-17 17:47:44 Eagl777 getting signal message started
2020-09-17 17:48:09 WallstreetFXsignals new update is 5:11:26 PM last update is 8:03:51 AM
2020-09-17 17:48:09 WallstreetFXsignals get new signal
2020-09-17 17:48:11 WallstreetFXsignals getting signal message started
2020-09-17 17:48:35 wolfofforexplus new update is 5:11:26 PM last update is 8:03:51 AM
2020-09-17 17:48:35 wolfofforexplus get new signal
2020-09-17 17:48:37 wolfofforexplus getting signal message started
2020-09-17 17:48:53 light_forex new update is 3:19:41 PM last update is 3:19:41 PM
2020-09-17 17:48:53 light_forex repeated signal
2020-09-17 17:49:15 FXMZ51 new update is 3:19:41 PM last update is 10:59:12 PM
2020-09-17 17:49:15 FXMZ51 get new signal
2020-09-17 17:49:17 FXMZ51 getting signal message started
2020-09-17 17:49:41 signallforex123 new update is 3:19:41 PM last update is 10:59:12 PM
2020-09-17 17:49:41 signallforex123 get new signal
2020-09-17 17:49:43 signallforex123 getting signal message started
2020-09-17 17:50:05 professoroff new update is 3:36:36 PM last update is 3:36:36 PM
2020-09-17 17:50:05 professoroff repeated signal
2020-09-17 17:50:28 forexsignalzz new update is 3:36:36 PM last update is 3:36:36 PM
2020-09-17 17:50:28 forexsignalzz repeated signal
2020-09-17 17:50:50 amirFX_signal new update is 3:36:36 PM last update is 3:36:36 PM
2020-09-17 17:50:50 amirFX_signal repeated signal
2020-09-17 17:51:11 FOR3X_SIGNAL new update is 3:36:36 PM last update is 3:36:36 PM
2020-09-17 17:51:11 FOR3X_SIGNAL repeated signal
2020-09-17 17:51:33 Eagl777 new update is 3:36:36 PM last update is 5:11:26 PM
2020-09-17 17:51:33 Eagl777 get new signal
2020-09-17 17:51:35 Eagl777 getting signal message started
2020-09-17 17:51:59 WallstreetFXsignals new update is 8:03:51 AM last update is 5:11:26 PM
2020-09-17 17:51:59 WallstreetFXsignals get new signal
2020-09-17 17:52:01 WallstreetFXsignals getting signal message started
2020-09-17 17:52:04 WallstreetFXsignals getting signal message successfully ended
2020-09-17 17:52:04 WallstreetFXsignals signal text is : Trade Alert! GOLD

BUY NOW@ 1967
Sl: 1953
Tp1: 1981
Tp2: 1995
2020-09-17 17:52:04  writting signal message started
2020-09-17 17:52:37 wolfofforexplus new update is 8:03:51 AM last update is 5:11:26 PM
2020-09-17 17:52:37 wolfofforexplus get new signal
2020-09-17 17:52:39 wolfofforexplus getting signal message started
2020-09-17 17:52:55 light_forex new update is 3:19:41 PM last update is 3:19:41 PM
2020-09-17 17:52:55 light_forex repeated signal
2020-09-17 17:53:13 FXMZ51 new update is 10:59:12 PM last update is 3:19:41 PM
2020-09-17 17:53:13 FXMZ51 get new signal
2020-09-17 17:53:15 FXMZ51 getting signal message started
2020-09-17 17:53:31 signallforex123 new update is 2:43:24 PM last update is 3:19:41 PM
2020-09-17 17:53:31 signallforex123 get new signal
2020-09-17 17:53:33 signallforex123 getting signal message started
2020-09-17 17:53:55 professoroff new update is 3:36:36 PM last update is 3:36:36 PM
2020-09-17 17:53:55 professoroff repeated signal
2020-09-17 17:54:18 forexsignalzz new update is 9:01:07 PM last update is 3:36:36 PM
2020-09-17 17:54:18 forexsignalzz get new signal
2020-09-17 17:54:20 forexsignalzz getting signal message started
2020-09-17 17:54:44 amirFX_signal new update is 4:56:10 PM last update is 3:36:36 PM
2020-09-17 17:54:44 amirFX_signal get new signal
2020-09-17 17:54:46 amirFX_signal getting signal message started
2020-09-17 17:55:10 FOR3X_SIGNAL new update is 4:31:55 PM last update is 3:36:36 PM
2020-09-17 17:55:10 FOR3X_SIGNAL get new signal
2020-09-17 17:55:12 FOR3X_SIGNAL getting signal message started
2020-09-17 17:55:34 Eagl777 new update is 5:11:26 PM last update is 3:36:36 PM
2020-09-17 17:55:34 Eagl777 get new signal
2020-09-17 17:55:36 Eagl777 getting signal message started
2020-09-17 17:56:00 WallstreetFXsignals new update is 8:03:51 AM last update is 8:03:51 AM
2020-09-17 17:56:00 WallstreetFXsignals repeated signal
2020-09-17 17:56:22 wolfofforexplus new update is 8:03:51 AM last update is 8:03:51 AM
2020-09-17 17:56:22 wolfofforexplus repeated signal
2020-09-17 17:56:36 light_forex new update is 3:19:41 PM last update is 3:19:41 PM
2020-09-17 17:56:36 light_forex repeated signal
2020-09-17 17:56:55 FXMZ51 new update is 10:59:12 PM last update is 10:59:12 PM
2020-09-17 17:56:55 FXMZ51 repeated signal
2020-09-17 17:57:17 signallforex123 new update is 10:59:12 PM last update is 2:43:24 PM
2020-09-17 17:57:17 signallforex123 get new signal
2020-09-17 17:57:19 signallforex123 getting signal message started
2020-09-17 17:57:41 professoroff new update is 3:36:36 PM last update is 3:36:36 PM
2020-09-17 17:57:41 professoroff repeated signal
2020-09-17 17:58:00 forexsignalzz new update is 9:01:07 PM last update is 9:01:07 PM
2020-09-17 17:58:00 forexsignalzz repeated signal
2020-09-17 17:58:22 amirFX_signal new update is 9:01:07 PM last update is 4:56:10 PM
2020-09-17 17:58:22 amirFX_signal get new signal
2020-09-17 17:58:24 amirFX_signal getting signal message started
2020-09-17 17:58:48 FOR3X_SIGNAL new update is 9:01:07 PM last update is 4:31:55 PM
2020-09-17 17:58:48 FOR3X_SIGNAL get new signal
2020-09-17 17:58:50 FOR3X_SIGNAL getting signal message started
2020-09-17 17:59:12 Eagl777 new update is 5:11:26 PM last update is 5:11:26 PM
2020-09-17 17:59:12 Eagl777 repeated signal
2020-09-17 17:59:32 WallstreetFXsignals new update is 8:03:51 AM last update is 8:03:51 AM
2020-09-17 17:59:32 WallstreetFXsignals repeated signal
2020-09-17 17:59:53 wolfofforexplus new update is 8:03:51 AM last update is 8:03:51 AM
2020-09-17 17:59:53 wolfofforexplus repeated signal
2020-09-17 18:00:07 light_forex new update is 3:19:41 PM last update is 3:19:41 PM
2020-09-17 18:00:07 light_forex repeated signal
2020-09-17 18:00:29 FXMZ51 new update is 10:59:12 PM last update is 10:59:12 PM
2020-09-17 18:00:29 FXMZ51 repeated signal
2020-09-17 18:00:51 signallforex123 new update is 10:59:12 PM last update is 10:59:12 PM
2020-09-17 18:00:51 signallforex123 repeated signal
2020-09-17 18:01:08 professoroff new update is 3:36:36 PM last update is 3:36:36 PM
2020-09-17 18:01:08 professoroff repeated signal
2020-09-17 18:01:31 forexsignalzz new update is 3:36:36 PM last update is 9:01:07 PM
2020-09-17 18:01:31 forexsignalzz get new signal
2020-09-17 18:01:33 forexsignalzz getting signal message started
2020-09-17 18:01:58 amirFX_signal new update is 4:56:10 PM last update is 9:01:07 PM
2020-09-17 18:01:58 amirFX_signal get new signal
2020-09-17 18:02:00 amirFX_signal getting signal message started
2020-09-17 18:02:24 FOR3X_SIGNAL new update is 4:56:10 PM last update is 9:01:07 PM
2020-09-17 18:02:24 FOR3X_SIGNAL get new signal
2020-09-17 18:02:26 FOR3X_SIGNAL getting signal message started
2020-09-17 18:02:46 Eagl777 new update is 5:11:26 PM last update is 5:11:26 PM
2020-09-17 18:02:46 Eagl777 repeated signal
2020-09-17 18:03:08 WallstreetFXsignals new update is 8:03:51 AM last update is 8:03:51 AM
2020-09-17 18:03:08 WallstreetFXsignals repeated signal
2020-09-17 18:03:29 wolfofforexplus new update is 8:03:51 AM last update is 8:03:51 AM
2020-09-17 18:03:29 wolfofforexplus repeated signal
2020-09-17 18:03:43 light_forex new update is 3:19:41 PM last update is 3:19:41 PM
2020-09-17 18:03:43 light_forex repeated signal
2020-09-17 18:04:01 FXMZ51 new update is 10:59:12 PM last update is 10:59:12 PM
2020-09-17 18:04:01 FXMZ51 repeated signal
2020-09-17 18:04:22 signallforex123 new update is 10:59:12 PM last update is 10:59:12 PM
2020-09-17 18:04:22 signallforex123 repeated signal
2020-09-17 18:04:42 professoroff new update is 3:36:36 PM last update is 3:36:36 PM
2020-09-17 18:04:42 professoroff repeated signal
2020-09-17 18:05:05 forexsignalzz new update is 3:36:36 PM last update is 3:36:36 PM
2020-09-17 18:05:05 forexsignalzz repeated signal
2020-09-17 18:05:27 amirFX_signal new update is 3:36:36 PM last update is 4:56:10 PM
2020-09-17 18:05:27 amirFX_signal get new signal
2020-09-17 18:05:29 amirFX_signal getting signal message started
2020-09-17 18:05:53 FOR3X_SIGNAL new update is 3:36:36 PM last update is 4:56:10 PM
2020-09-17 18:05:53 FOR3X_SIGNAL get new signal
2020-09-17 18:05:55 FOR3X_SIGNAL getting signal message started
2020-09-17 18:06:19 Eagl777 new update is 5:11:26 PM last update is 5:11:26 PM
2020-09-17 18:06:19 Eagl777 repeated signal
2020-09-17 18:06:41 WallstreetFXsignals new update is 5:11:26 PM last update is 8:03:51 AM
2020-09-17 18:06:41 WallstreetFXsignals get new signal
2020-09-17 18:06:43 WallstreetFXsignals getting signal message started
2020-09-17 18:07:14 wolfofforexplus new update is 11:13:51 AM last update is 8:03:51 AM
2020-09-17 18:07:14 wolfofforexplus get new signal
2020-09-17 18:07:16 wolfofforexplus getting signal message started
2020-09-17 18:07:32 light_forex new update is 3:19:41 PM last update is 3:19:41 PM
2020-09-17 18:07:32 light_forex repeated signal
2020-09-17 18:07:59 FXMZ51 new update is 10:59:12 PM last update is 10:59:12 PM
2020-09-17 18:07:59 FXMZ51 repeated signal
2020-09-17 18:08:20 signallforex123 new update is 10:59:12 PM last update is 10:59:12 PM
2020-09-17 18:08:20 signallforex123 repeated signal
2020-09-17 18:08:42 professoroff new update is 10:59:12 PM last update is 3:36:36 PM
2020-09-17 18:08:42 professoroff get new signal
2020-09-17 18:08:44 professoroff getting signal message started
2020-09-18 07:24:02 forexsignalzz new update is 10:59:12 PM last update is 3:36:36 PM
2020-09-18 07:24:02 forexsignalzz get new signal
2020-09-18 07:24:04 forexsignalzz getting signal message started
2020-09-18 07:24:52 amirFX_signal new update is 10:59:12 PM last update is 3:36:36 PM
2020-09-18 07:24:52 amirFX_signal get new signal
2020-09-18 07:24:54 amirFX_signal getting signal message started
2020-09-18 07:25:18 FOR3X_SIGNAL new update is 10:59:12 PM last update is 3:36:36 PM
2020-09-18 07:25:18 FOR3X_SIGNAL get new signal
2020-09-18 07:25:20 FOR3X_SIGNAL getting signal message started
2020-09-18 07:25:44 Eagl777 new update is 10:59:12 PM last update is 5:11:26 PM
2020-09-18 07:25:44 Eagl777 get new signal
2020-09-18 07:25:46 Eagl777 getting signal message started
2020-09-18 07:26:10 WallstreetFXsignals new update is 10:59:12 PM last update is 5:11:26 PM
2020-09-18 07:26:10 WallstreetFXsignals get new signal
2020-09-18 07:26:12 WallstreetFXsignals getting signal message started
2020-09-18 07:26:36 wolfofforexplus new update is 10:59:12 PM last update is 11:13:51 AM
2020-09-18 07:26:36 wolfofforexplus get new signal
2020-09-18 07:26:38 wolfofforexplus getting signal message started
2020-09-18 07:27:02 light_forex new update is 10:59:12 PM last update is 3:19:41 PM
2020-09-18 07:27:02 light_forex get new signal
2020-09-18 07:27:04 light_forex getting signal message started
2020-09-18 07:27:29 FXMZ51 new update is 10:59:12 PM last update is 10:59:12 PM
2020-09-18 07:27:29 FXMZ51 repeated signal
2020-09-18 07:27:50 signallforex123 new update is 10:59:12 PM last update is 10:59:12 PM
2020-09-18 07:27:50 signallforex123 repeated signal
2020-09-18 07:28:12 professoroff new update is 10:59:12 PM last update is 10:59:12 PM
2020-09-18 07:28:12 professoroff repeated signal
2020-09-18 07:28:35 forexsignalzz new update is 10:59:12 PM last update is 10:59:12 PM
2020-09-18 07:28:35 forexsignalzz repeated signal
2020-09-18 07:28:57 amirFX_signal new update is 10:59:12 PM last update is 10:59:12 PM
2020-09-18 07:28:57 amirFX_signal repeated signal
2020-09-18 07:29:19 FOR3X_SIGNAL new update is 10:59:12 PM last update is 10:59:12 PM
2020-09-18 07:29:19 FOR3X_SIGNAL repeated signal
2020-09-18 07:29:40 Eagl777 new update is 10:59:12 PM last update is 10:59:12 PM
2020-09-18 07:29:40 Eagl777 repeated signal
2020-09-18 07:30:02 WallstreetFXsignals new update is 10:59:12 PM last update is 10:59:12 PM
2020-09-18 07:30:02 WallstreetFXsignals repeated signal
2020-09-18 07:30:24 wolfofforexplus new update is 10:59:12 PM last update is 10:59:12 PM
2020-09-18 07:30:24 wolfofforexplus repeated signal
2020-09-18 07:30:46 light_forex new update is 10:59:12 PM last update is 10:59:12 PM
2020-09-18 07:30:46 light_forex repeated signal
2020-09-18 07:31:07 FXMZ51 new update is 10:59:12 PM last update is 10:59:12 PM
2020-09-18 07:31:07 FXMZ51 repeated signal
2020-09-18 07:31:29 signallforex123 new update is 10:59:12 PM last update is 10:59:12 PM
2020-09-18 07:31:29 signallforex123 repeated signal
2020-09-18 07:31:51 professoroff new update is 10:59:12 PM last update is 10:59:12 PM
2020-09-18 07:31:51 professoroff repeated signal
2020-09-18 07:32:14 forexsignalzz new update is 10:59:12 PM last update is 10:59:12 PM
2020-09-18 07:32:14 forexsignalzz repeated signal
2020-09-18 07:32:35 amirFX_signal new update is 10:59:12 PM last update is 10:59:12 PM
2020-09-18 07:32:35 amirFX_signal repeated signal
2020-09-18 07:32:57 FOR3X_SIGNAL new update is 10:59:12 PM last update is 10:59:12 PM
2020-09-18 07:32:57 FOR3X_SIGNAL repeated signal
2020-09-18 07:33:19 Eagl777 new update is 10:59:12 PM last update is 10:59:12 PM
2020-09-18 07:33:19 Eagl777 repeated signal
2020-09-18 07:33:41 WallstreetFXsignals new update is 10:59:12 PM last update is 10:59:12 PM
2020-09-18 07:33:41 WallstreetFXsignals repeated signal
2020-09-18 07:34:02 wolfofforexplus new update is 10:59:12 PM last update is 10:59:12 PM
2020-09-18 07:34:02 wolfofforexplus repeated signal
2020-09-18 07:34:24 light_forex new update is 10:59:12 PM last update is 10:59:12 PM
2020-09-18 07:34:24 light_forex repeated signal
2020-09-18 07:34:46 FXMZ51 new update is 10:59:12 PM last update is 10:59:12 PM
2020-09-18 07:34:46 FXMZ51 repeated signal
2020-09-18 07:35:08 signallforex123 new update is 10:59:12 PM last update is 10:59:12 PM
2020-09-18 07:35:08 signallforex123 repeated signal
2020-09-18 07:35:29 professoroff new update is 10:59:12 PM last update is 10:59:12 PM
2020-09-18 07:35:29 professoroff repeated signal
2020-09-18 07:35:52 forexsignalzz new update is 10:59:12 PM last update is 10:59:12 PM
2020-09-18 07:35:52 forexsignalzz repeated signal
2020-09-18 07:36:14 amirFX_signal new update is 10:59:12 PM last update is 10:59:12 PM
2020-09-18 07:36:14 amirFX_signal repeated signal
2020-09-18 07:36:36 FOR3X_SIGNAL new update is 10:59:12 PM last update is 10:59:12 PM
2020-09-18 07:36:36 FOR3X_SIGNAL repeated signal
2020-09-18 07:36:57 Eagl777 new update is 10:59:12 PM last update is 10:59:12 PM
2020-09-18 07:36:57 Eagl777 repeated signal
2020-09-18 07:37:19 WallstreetFXsignals new update is 10:59:12 PM last update is 10:59:12 PM
2020-09-18 07:37:19 WallstreetFXsignals repeated signal
2020-09-18 07:37:41 wolfofforexplus new update is 10:59:12 PM last update is 10:59:12 PM
2020-09-18 07:37:41 wolfofforexplus repeated signal
2020-09-18 07:38:03 light_forex new update is 10:59:12 PM last update is 10:59:12 PM
2020-09-18 07:38:03 light_forex repeated signal
2020-09-18 07:38:24 FXMZ51 new update is 10:59:12 PM last update is 10:59:12 PM
2020-09-18 07:38:24 FXMZ51 repeated signal
2020-09-18 07:38:46 signallforex123 new update is 10:59:12 PM last update is 10:59:12 PM
2020-09-18 07:38:46 signallforex123 repeated signal
2020-09-18 07:39:08 professoroff new update is 10:59:12 PM last update is 10:59:12 PM
2020-09-18 07:39:08 professoroff repeated signal
2020-09-18 07:39:31 forexsignalzz new update is 10:59:12 PM last update is 10:59:12 PM
2020-09-18 07:39:31 forexsignalzz repeated signal
2020-09-18 07:39:52 amirFX_signal new update is 10:59:12 PM last update is 10:59:12 PM
2020-09-18 07:39:52 amirFX_signal repeated signal
2020-09-18 07:40:14 FOR3X_SIGNAL new update is 10:59:12 PM last update is 10:59:12 PM
2020-09-18 07:40:14 FOR3X_SIGNAL repeated signal
2020-09-18 07:40:36 Eagl777 new update is 10:59:12 PM last update is 10:59:12 PM
2020-09-18 07:40:36 Eagl777 repeated signal
2020-09-18 07:40:57 WallstreetFXsignals new update is 10:59:12 PM last update is 10:59:12 PM
2020-09-18 07:40:57 WallstreetFXsignals repeated signal
2020-09-18 07:41:19 wolfofforexplus new update is 10:59:12 PM last update is 10:59:12 PM
2020-09-18 07:41:19 wolfofforexplus repeated signal
2020-09-18 07:41:41 light_forex new update is 10:59:12 PM last update is 10:59:12 PM
2020-09-18 07:41:41 light_forex repeated signal
2020-09-18 07:42:02 FXMZ51 new update is 10:59:12 PM last update is 10:59:12 PM
2020-09-18 07:42:02 FXMZ51 repeated signal
2020-09-18 07:42:24 signallforex123 new update is 10:59:12 PM last update is 10:59:12 PM
2020-09-18 07:42:24 signallforex123 repeated signal
2020-09-18 07:42:46 professoroff new update is 10:59:12 PM last update is 10:59:12 PM
2020-09-18 07:42:46 professoroff repeated signal
2020-09-18 07:43:09 forexsignalzz new update is 10:59:12 PM last update is 10:59:12 PM
2020-09-18 07:43:09 forexsignalzz repeated signal
2020-09-18 07:43:30 amirFX_signal new update is 10:59:12 PM last update is 10:59:12 PM
2020-09-18 07:43:30 amirFX_signal repeated signal
2020-09-18 07:43:52 FOR3X_SIGNAL new update is 10:59:12 PM last update is 10:59:12 PM
2020-09-18 07:43:52 FOR3X_SIGNAL repeated signal
2020-09-18 07:44:14 Eagl777 new update is 10:59:12 PM last update is 10:59:12 PM
2020-09-18 07:44:14 Eagl777 repeated signal
2020-09-18 07:44:36 WallstreetFXsignals new update is 10:59:12 PM last update is 10:59:12 PM
2020-09-18 07:44:36 WallstreetFXsignals repeated signal
2020-09-18 07:44:57 wolfofforexplus new update is 10:59:12 PM last update is 10:59:12 PM
2020-09-18 07:44:57 wolfofforexplus repeated signal
2020-09-18 07:45:19 light_forex new update is 10:59:12 PM last update is 10:59:12 PM
2020-09-18 07:45:19 light_forex repeated signal
2020-09-18 07:45:40 FXMZ51 new update is 10:59:12 PM last update is 10:59:12 PM
2020-09-18 07:45:40 FXMZ51 repeated signal
2020-09-18 07:46:02 signallforex123 new update is 10:59:12 PM last update is 10:59:12 PM
2020-09-18 07:46:02 signallforex123 repeated signal
2020-09-18 07:46:23 professoroff new update is 10:59:12 PM last update is 10:59:12 PM
2020-09-18 07:46:23 professoroff repeated signal
2020-09-18 07:46:46 forexsignalzz new update is 10:59:12 PM last update is 10:59:12 PM
2020-09-18 07:46:46 forexsignalzz repeated signal
2020-09-18 07:47:08 amirFX_signal new update is 10:59:12 PM last update is 10:59:12 PM
2020-09-18 07:47:08 amirFX_signal repeated signal
2020-09-18 07:47:29 FOR3X_SIGNAL new update is 10:59:12 PM last update is 10:59:12 PM
2020-09-18 07:47:29 FOR3X_SIGNAL repeated signal
2020-09-18 07:47:51 Eagl777 new update is 10:59:12 PM last update is 10:59:12 PM
2020-09-18 07:47:51 Eagl777 repeated signal
2020-09-18 07:48:12 WallstreetFXsignals new update is 10:59:12 PM last update is 10:59:12 PM
2020-09-18 07:48:12 WallstreetFXsignals repeated signal
2020-09-18 07:48:34 wolfofforexplus new update is 10:59:12 PM last update is 10:59:12 PM
2020-09-18 07:48:34 wolfofforexplus repeated signal
2020-09-18 07:48:55 light_forex new update is 10:59:12 PM last update is 10:59:12 PM
2020-09-18 07:48:55 light_forex repeated signal
2020-09-18 07:49:17 FXMZ51 new update is 10:59:12 PM last update is 10:59:12 PM
2020-09-18 07:49:17 FXMZ51 repeated signal
2020-09-18 07:49:38 signallforex123 new update is 10:59:12 PM last update is 10:59:12 PM
2020-09-18 07:49:38 signallforex123 repeated signal
2020-09-18 07:50:00 professoroff new update is 10:59:12 PM last update is 10:59:12 PM
2020-09-18 07:50:00 professoroff repeated signal
2020-09-18 07:50:23 forexsignalzz new update is 10:59:12 PM last update is 10:59:12 PM
2020-09-18 07:50:23 forexsignalzz repeated signal
2020-09-18 07:50:44 amirFX_signal new update is 10:59:12 PM last update is 10:59:12 PM
2020-09-18 07:50:44 amirFX_signal repeated signal
2020-09-18 07:51:06 FOR3X_SIGNAL new update is 10:59:12 PM last update is 10:59:12 PM
2020-09-18 07:51:06 FOR3X_SIGNAL repeated signal
2020-09-18 07:51:27 Eagl777 new update is 10:59:12 PM last update is 10:59:12 PM
2020-09-18 07:51:27 Eagl777 repeated signal
2020-09-18 07:51:49 WallstreetFXsignals new update is 10:59:12 PM last update is 10:59:12 PM
2020-09-18 07:51:49 WallstreetFXsignals repeated signal
2020-09-18 07:52:11 wolfofforexplus new update is 10:59:12 PM last update is 10:59:12 PM
2020-09-18 07:52:11 wolfofforexplus repeated signal
2020-09-18 07:52:32 light_forex new update is 10:59:12 PM last update is 10:59:12 PM
2020-09-18 07:52:32 light_forex repeated signal
2020-09-18 07:52:54 FXMZ51 new update is 10:59:12 PM last update is 10:59:12 PM
2020-09-18 07:52:54 FXMZ51 repeated signal
2020-09-18 07:53:16 signallforex123 new update is 10:59:12 PM last update is 10:59:12 PM
2020-09-18 07:53:16 signallforex123 repeated signal
2020-09-18 07:53:37 professoroff new update is 10:59:12 PM last update is 10:59:12 PM
2020-09-18 07:53:37 professoroff repeated signal
2020-09-18 07:54:00 forexsignalzz new update is 10:59:12 PM last update is 10:59:12 PM
2020-09-18 07:54:00 forexsignalzz repeated signal
2020-09-18 07:54:22 amirFX_signal new update is 10:59:12 PM last update is 10:59:12 PM
2020-09-18 07:54:22 amirFX_signal repeated signal
2020-09-18 07:54:43 FOR3X_SIGNAL new update is 10:59:12 PM last update is 10:59:12 PM
2020-09-18 07:54:43 FOR3X_SIGNAL repeated signal
2020-09-18 07:55:05 Eagl777 new update is 10:59:12 PM last update is 10:59:12 PM
2020-09-18 07:55:05 Eagl777 repeated signal
2020-09-18 07:55:26 WallstreetFXsignals new update is 10:59:12 PM last update is 10:59:12 PM
2020-09-18 07:55:26 WallstreetFXsignals repeated signal
2020-09-18 07:55:48 wolfofforexplus new update is 10:59:12 PM last update is 10:59:12 PM
2020-09-18 07:55:48 wolfofforexplus repeated signal
2020-09-18 07:56:10 light_forex new update is 10:59:12 PM last update is 10:59:12 PM
2020-09-18 07:56:10 light_forex repeated signal
2020-09-18 07:56:31 FXMZ51 new update is 10:59:12 PM last update is 10:59:12 PM
2020-09-18 07:56:31 FXMZ51 repeated signal
2020-09-18 07:56:53 signallforex123 new update is 10:59:12 PM last update is 10:59:12 PM
2020-09-18 07:56:53 signallforex123 repeated signal
2020-09-18 07:57:15 professoroff new update is 10:59:12 PM last update is 10:59:12 PM
2020-09-18 07:57:15 professoroff repeated signal
2020-09-18 07:57:38 forexsignalzz new update is 10:59:12 PM last update is 10:59:12 PM
2020-09-18 07:57:38 forexsignalzz repeated signal
2020-09-18 07:57:59 amirFX_signal new update is 10:59:12 PM last update is 10:59:12 PM
2020-09-18 07:57:59 amirFX_signal repeated signal
2020-09-18 07:58:21 FOR3X_SIGNAL new update is 10:59:12 PM last update is 10:59:12 PM
2020-09-18 07:58:21 FOR3X_SIGNAL repeated signal
2020-09-18 07:58:43 Eagl777 new update is 10:59:12 PM last update is 10:59:12 PM
2020-09-18 07:58:43 Eagl777 repeated signal
2020-09-18 07:59:04 WallstreetFXsignals new update is 10:59:12 PM last update is 10:59:12 PM
2020-09-18 07:59:04 WallstreetFXsignals repeated signal
2020-09-18 07:59:26 wolfofforexplus new update is 10:59:12 PM last update is 10:59:12 PM
2020-09-18 07:59:26 wolfofforexplus repeated signal
2020-09-18 07:59:48 light_forex new update is 10:59:12 PM last update is 10:59:12 PM
2020-09-18 07:59:48 light_forex repeated signal
2020-09-18 08:00:09 FXMZ51 new update is 10:59:12 PM last update is 10:59:12 PM
2020-09-18 08:00:09 FXMZ51 repeated signal
2020-09-18 08:00:31 signallforex123 new update is 10:59:12 PM last update is 10:59:12 PM
2020-09-18 08:00:31 signallforex123 repeated signal
2020-09-18 08:00:53 professoroff new update is 10:59:12 PM last update is 10:59:12 PM
2020-09-18 08:00:53 professoroff repeated signal
2020-09-18 08:01:16 forexsignalzz new update is 10:59:12 PM last update is 10:59:12 PM
2020-09-18 08:01:16 forexsignalzz repeated signal
2020-09-18 08:01:37 amirFX_signal new update is 10:59:12 PM last update is 10:59:12 PM
2020-09-18 08:01:37 amirFX_signal repeated signal
2020-09-18 08:01:59 FOR3X_SIGNAL new update is 10:59:12 PM last update is 10:59:12 PM
2020-09-18 08:01:59 FOR3X_SIGNAL repeated signal
2020-09-18 08:02:21 Eagl777 new update is 10:59:12 PM last update is 10:59:12 PM
2020-09-18 08:02:21 Eagl777 repeated signal
2020-09-18 08:02:43 WallstreetFXsignals new update is 10:59:12 PM last update is 10:59:12 PM
2020-09-18 08:02:43 WallstreetFXsignals repeated signal
2020-09-18 08:03:04 wolfofforexplus new update is 10:59:12 PM last update is 10:59:12 PM
2020-09-18 08:03:04 wolfofforexplus repeated signal
2020-09-18 08:03:26 light_forex new update is 10:59:12 PM last update is 10:59:12 PM
2020-09-18 08:03:26 light_forex repeated signal
2020-09-18 08:03:48 FXMZ51 new update is 10:59:12 PM last update is 10:59:12 PM
2020-09-18 08:03:48 FXMZ51 repeated signal
2020-09-18 08:04:10 signallforex123 new update is 10:59:12 PM last update is 10:59:12 PM
2020-09-18 08:04:10 signallforex123 repeated signal
2020-09-18 08:04:31 professoroff new update is 10:59:12 PM last update is 10:59:12 PM
2020-09-18 08:04:31 professoroff repeated signal
2020-09-18 08:04:54 forexsignalzz new update is 10:59:12 PM last update is 10:59:12 PM
2020-09-18 08:04:54 forexsignalzz repeated signal
2020-09-18 08:05:16 amirFX_signal new update is 10:59:12 PM last update is 10:59:12 PM
2020-09-18 08:05:16 amirFX_signal repeated signal
2020-09-18 08:05:37 FOR3X_SIGNAL new update is 10:59:12 PM last update is 10:59:12 PM
2020-09-18 08:05:37 FOR3X_SIGNAL repeated signal
2020-09-18 08:05:59 Eagl777 new update is 10:59:12 PM last update is 10:59:12 PM
2020-09-18 08:05:59 Eagl777 repeated signal
2020-09-18 08:06:21 WallstreetFXsignals new update is 10:59:12 PM last update is 10:59:12 PM
2020-09-18 08:06:21 WallstreetFXsignals repeated signal
2020-09-18 08:06:42 wolfofforexplus new update is 10:59:12 PM last update is 10:59:12 PM
2020-09-18 08:06:42 wolfofforexplus repeated signal
2020-09-18 08:07:04 light_forex new update is 10:59:12 PM last update is 10:59:12 PM
2020-09-18 08:07:04 light_forex repeated signal
2020-09-18 08:07:26 FXMZ51 new update is 10:59:12 PM last update is 10:59:12 PM
2020-09-18 08:07:26 FXMZ51 repeated signal
2020-09-18 08:07:47 signallforex123 new update is 10:59:12 PM last update is 10:59:12 PM
2020-09-18 08:07:47 signallforex123 repeated signal
2020-09-18 08:08:09 professoroff new update is 10:59:12 PM last update is 10:59:12 PM
2020-09-18 08:08:09 professoroff repeated signal
2020-09-18 08:08:32 forexsignalzz new update is 10:59:12 PM last update is 10:59:12 PM
2020-09-18 08:08:32 forexsignalzz repeated signal
2020-09-18 08:08:53 amirFX_signal new update is 10:59:12 PM last update is 10:59:12 PM
2020-09-18 08:08:53 amirFX_signal repeated signal
2020-09-18 08:09:15 FOR3X_SIGNAL new update is 10:59:12 PM last update is 10:59:12 PM
2020-09-18 08:09:15 FOR3X_SIGNAL repeated signal
2020-09-18 08:09:37 Eagl777 new update is 10:59:12 PM last update is 10:59:12 PM
2020-09-18 08:09:37 Eagl777 repeated signal
2020-09-18 08:09:58 WallstreetFXsignals new update is 10:59:12 PM last update is 10:59:12 PM
2020-09-18 08:09:58 WallstreetFXsignals repeated signal
2020-09-18 08:10:20 wolfofforexplus new update is 10:59:12 PM last update is 10:59:12 PM
2020-09-18 08:10:20 wolfofforexplus repeated signal
2020-09-18 08:10:42 light_forex new update is 10:59:12 PM last update is 10:59:12 PM
2020-09-18 08:10:42 light_forex repeated signal
2020-09-18 08:11:03 FXMZ51 new update is 10:59:12 PM last update is 10:59:12 PM
2020-09-18 08:11:03 FXMZ51 repeated signal
2020-09-18 08:11:25 signallforex123 new update is 10:59:12 PM last update is 10:59:12 PM
2020-09-18 08:11:25 signallforex123 repeated signal
2020-09-18 08:11:47 professoroff new update is 10:59:12 PM last update is 10:59:12 PM
2020-09-18 08:11:47 professoroff repeated signal
2020-09-18 08:12:09 forexsignalzz new update is 10:59:12 PM last update is 10:59:12 PM
2020-09-18 08:12:09 forexsignalzz repeated signal
2020-09-18 08:12:31 amirFX_signal new update is 10:59:12 PM last update is 10:59:12 PM
2020-09-18 08:12:31 amirFX_signal repeated signal
2020-09-18 08:12:53 FOR3X_SIGNAL new update is 10:59:12 PM last update is 10:59:12 PM
2020-09-18 08:12:53 FOR3X_SIGNAL repeated signal
2020-09-18 08:13:14 Eagl777 new update is 10:59:12 PM last update is 10:59:12 PM
2020-09-18 08:13:14 Eagl777 repeated signal
2020-09-18 08:13:36 WallstreetFXsignals new update is 10:59:12 PM last update is 10:59:12 PM
2020-09-18 08:13:36 WallstreetFXsignals repeated signal
2020-09-18 08:13:58 wolfofforexplus new update is 10:59:12 PM last update is 10:59:12 PM
2020-09-18 08:13:58 wolfofforexplus repeated signal
2020-09-18 08:14:19 light_forex new update is 10:59:12 PM last update is 10:59:12 PM
2020-09-18 08:14:19 light_forex repeated signal
2020-09-18 08:14:41 FXMZ51 new update is 10:59:12 PM last update is 10:59:12 PM
2020-09-18 08:14:41 FXMZ51 repeated signal
2020-09-18 08:15:03 signallforex123 new update is 10:59:12 PM last update is 10:59:12 PM
2020-09-18 08:15:03 signallforex123 repeated signal
2020-09-18 08:15:24 professoroff new update is 10:59:12 PM last update is 10:59:12 PM
2020-09-18 08:15:24 professoroff repeated signal
2020-09-18 08:15:47 forexsignalzz new update is 10:59:12 PM last update is 10:59:12 PM
2020-09-18 08:15:47 forexsignalzz repeated signal
2020-09-18 08:16:09 amirFX_signal new update is 10:59:12 PM last update is 10:59:12 PM
2020-09-18 08:16:09 amirFX_signal repeated signal
2020-09-18 08:16:30 FOR3X_SIGNAL new update is 10:59:12 PM last update is 10:59:12 PM
2020-09-18 08:16:30 FOR3X_SIGNAL repeated signal
2020-09-18 08:16:52 Eagl777 new update is 10:59:12 PM last update is 10:59:12 PM
2020-09-18 08:16:52 Eagl777 repeated signal
2020-09-18 08:17:14 WallstreetFXsignals new update is 10:59:12 PM last update is 10:59:12 PM
2020-09-18 08:17:14 WallstreetFXsignals repeated signal
2020-09-18 08:17:35 wolfofforexplus new update is 10:59:12 PM last update is 10:59:12 PM
2020-09-18 08:17:35 wolfofforexplus repeated signal
2020-09-18 08:17:57 light_forex new update is 10:59:12 PM last update is 10:59:12 PM
2020-09-18 08:17:57 light_forex repeated signal
2020-09-18 08:18:19 FXMZ51 new update is 10:59:12 PM last update is 10:59:12 PM
2020-09-18 08:18:19 FXMZ51 repeated signal
2020-09-18 08:18:40 signallforex123 new update is 10:59:12 PM last update is 10:59:12 PM
2020-09-18 08:18:40 signallforex123 repeated signal
2020-09-18 08:19:02 professoroff new update is 10:59:12 PM last update is 10:59:12 PM
2020-09-18 08:19:02 professoroff repeated signal
2020-09-18 08:19:25 forexsignalzz new update is 10:59:12 PM last update is 10:59:12 PM
2020-09-18 08:19:25 forexsignalzz repeated signal
2020-09-18 08:19:47 amirFX_signal new update is 10:59:12 PM last update is 10:59:12 PM
2020-09-18 08:19:47 amirFX_signal repeated signal
2020-09-18 08:20:08 FOR3X_SIGNAL new update is 10:59:12 PM last update is 10:59:12 PM
2020-09-18 08:20:08 FOR3X_SIGNAL repeated signal
2020-09-18 08:20:30 Eagl777 new update is 10:59:12 PM last update is 10:59:12 PM
2020-09-18 08:20:30 Eagl777 repeated signal
2020-09-18 08:20:52 WallstreetFXsignals new update is 10:59:12 PM last update is 10:59:12 PM
2020-09-18 08:20:52 WallstreetFXsignals repeated signal
2020-09-18 08:21:13 wolfofforexplus new update is 10:59:12 PM last update is 10:59:12 PM
2020-09-18 08:21:13 wolfofforexplus repeated signal
2020-09-18 08:21:35 light_forex new update is 10:59:12 PM last update is 10:59:12 PM
2020-09-18 08:21:35 light_forex repeated signal
2020-09-18 08:21:57 FXMZ51 new update is 10:59:12 PM last update is 10:59:12 PM
2020-09-18 08:21:57 FXMZ51 repeated signal
2020-09-18 08:22:19 signallforex123 new update is 10:59:12 PM last update is 10:59:12 PM
2020-09-18 08:22:19 signallforex123 repeated signal
2020-09-18 08:22:40 professoroff new update is 10:59:12 PM last update is 10:59:12 PM
2020-09-18 08:22:40 professoroff repeated signal
2020-09-18 08:23:03 forexsignalzz new update is 10:59:12 PM last update is 10:59:12 PM
2020-09-18 08:23:03 forexsignalzz repeated signal
2020-09-18 08:23:25 amirFX_signal new update is 10:59:12 PM last update is 10:59:12 PM
2020-09-18 08:23:25 amirFX_signal repeated signal
2020-09-18 08:23:46 FOR3X_SIGNAL new update is 10:59:12 PM last update is 10:59:12 PM
2020-09-18 08:23:46 FOR3X_SIGNAL repeated signal
2020-09-18 08:24:08 Eagl777 new update is 10:59:12 PM last update is 10:59:12 PM
2020-09-18 08:24:08 Eagl777 repeated signal
2020-09-18 08:24:30 WallstreetFXsignals new update is 10:59:12 PM last update is 10:59:12 PM
2020-09-18 08:24:30 WallstreetFXsignals repeated signal
2020-09-18 08:24:51 wolfofforexplus new update is 10:59:12 PM last update is 10:59:12 PM
2020-09-18 08:24:51 wolfofforexplus repeated signal
2020-09-18 08:25:13 light_forex new update is 10:59:12 PM last update is 10:59:12 PM
2020-09-18 08:25:13 light_forex repeated signal
2020-09-18 08:25:35 FXMZ51 new update is 10:59:12 PM last update is 10:59:12 PM
2020-09-18 08:25:35 FXMZ51 repeated signal
2020-09-18 08:25:57 signallforex123 new update is 10:59:12 PM last update is 10:59:12 PM
2020-09-18 08:25:57 signallforex123 repeated signal
2020-09-18 08:26:18 professoroff new update is 10:59:12 PM last update is 10:59:12 PM
2020-09-18 08:26:18 professoroff repeated signal
2020-09-18 08:26:41 forexsignalzz new update is 10:59:12 PM last update is 10:59:12 PM
2020-09-18 08:26:41 forexsignalzz repeated signal
2020-09-18 08:27:03 amirFX_signal new update is 10:59:12 PM last update is 10:59:12 PM
2020-09-18 08:27:03 amirFX_signal repeated signal
2020-09-18 08:27:25 FOR3X_SIGNAL new update is 10:59:12 PM last update is 10:59:12 PM
2020-09-18 08:27:25 FOR3X_SIGNAL repeated signal
2020-09-18 08:27:46 Eagl777 new update is 10:59:12 PM last update is 10:59:12 PM
2020-09-18 08:27:46 Eagl777 repeated signal
2020-09-18 08:28:08 WallstreetFXsignals new update is 10:59:12 PM last update is 10:59:12 PM
2020-09-18 08:28:08 WallstreetFXsignals repeated signal
2020-09-18 08:28:30 wolfofforexplus new update is 10:59:12 PM last update is 10:59:12 PM
2020-09-18 08:28:30 wolfofforexplus repeated signal
2020-09-18 08:28:51 light_forex new update is 10:59:12 PM last update is 10:59:12 PM
2020-09-18 08:28:51 light_forex repeated signal
2020-09-18 08:29:13 FXMZ51 new update is 10:59:12 PM last update is 10:59:12 PM
2020-09-18 08:29:13 FXMZ51 repeated signal
2020-09-18 08:29:35 signallforex123 new update is 10:59:12 PM last update is 10:59:12 PM
2020-09-18 08:29:35 signallforex123 repeated signal
2020-09-18 08:29:56 professoroff new update is 10:59:12 PM last update is 10:59:12 PM
2020-09-18 08:29:56 professoroff repeated signal
2020-09-18 08:30:19 forexsignalzz new update is 10:59:12 PM last update is 10:59:12 PM
2020-09-18 08:30:19 forexsignalzz repeated signal
2020-09-18 08:30:41 amirFX_signal new update is 10:59:12 PM last update is 10:59:12 PM
2020-09-18 08:30:41 amirFX_signal repeated signal
2020-09-18 08:31:03 FOR3X_SIGNAL new update is 10:59:12 PM last update is 10:59:12 PM
2020-09-18 08:31:03 FOR3X_SIGNAL repeated signal
2020-09-18 08:31:24 Eagl777 new update is 10:59:12 PM last update is 10:59:12 PM
2020-09-18 08:31:24 Eagl777 repeated signal
2020-09-18 08:31:46 WallstreetFXsignals new update is 10:59:12 PM last update is 10:59:12 PM
2020-09-18 08:31:46 WallstreetFXsignals repeated signal
2020-09-18 08:32:08 wolfofforexplus new update is 10:59:12 PM last update is 10:59:12 PM
2020-09-18 08:32:08 wolfofforexplus repeated signal
2020-09-18 08:32:29 light_forex new update is 10:59:12 PM last update is 10:59:12 PM
2020-09-18 08:32:29 light_forex repeated signal
2020-09-18 08:32:51 FXMZ51 new update is 10:59:12 PM last update is 10:59:12 PM
2020-09-18 08:32:51 FXMZ51 repeated signal
2020-09-18 08:33:13 signallforex123 new update is 10:59:12 PM last update is 10:59:12 PM
2020-09-18 08:33:13 signallforex123 repeated signal
2020-09-18 08:33:34 professoroff new update is 10:59:12 PM last update is 10:59:12 PM
2020-09-18 08:33:34 professoroff repeated signal
2020-09-18 08:33:57 forexsignalzz new update is 10:59:12 PM last update is 10:59:12 PM
2020-09-18 08:33:57 forexsignalzz repeated signal
2020-09-18 08:34:19 amirFX_signal new update is 10:59:12 PM last update is 10:59:12 PM
2020-09-18 08:34:19 amirFX_signal repeated signal
2020-09-18 08:34:40 FOR3X_SIGNAL new update is 10:59:12 PM last update is 10:59:12 PM
2020-09-18 08:34:40 FOR3X_SIGNAL repeated signal
2020-09-18 08:35:02 Eagl777 new update is 10:59:12 PM last update is 10:59:12 PM
2020-09-18 08:35:02 Eagl777 repeated signal
2020-09-18 08:35:23 WallstreetFXsignals new update is 10:59:12 PM last update is 10:59:12 PM
2020-09-18 08:35:24 WallstreetFXsignals repeated signal
2020-09-18 08:35:45 wolfofforexplus new update is 10:59:12 PM last update is 10:59:12 PM
2020-09-18 08:35:45 wolfofforexplus repeated signal
2020-09-18 08:36:07 light_forex new update is 10:59:12 PM last update is 10:59:12 PM
2020-09-18 08:36:07 light_forex repeated signal
2020-09-18 08:36:29 FXMZ51 new update is 10:59:12 PM last update is 10:59:12 PM
2020-09-18 08:36:29 FXMZ51 repeated signal
2020-09-18 08:36:50 signallforex123 new update is 10:59:12 PM last update is 10:59:12 PM
2020-09-18 08:36:50 signallforex123 repeated signal
2020-09-18 08:37:12 professoroff new update is 10:59:12 PM last update is 10:59:12 PM
2020-09-18 08:37:12 professoroff repeated signal
2020-09-18 08:37:35 forexsignalzz new update is 10:59:12 PM last update is 10:59:12 PM
2020-09-18 08:37:35 forexsignalzz repeated signal
2020-09-18 08:37:57 amirFX_signal new update is 10:59:12 PM last update is 10:59:12 PM
2020-09-18 08:37:57 amirFX_signal repeated signal
2020-09-18 08:38:18 FOR3X_SIGNAL new update is 10:59:12 PM last update is 10:59:12 PM
2020-09-18 08:38:18 FOR3X_SIGNAL repeated signal
2020-09-18 08:38:40 Eagl777 new update is 10:59:12 PM last update is 10:59:12 PM
2020-09-18 08:38:40 Eagl777 repeated signal
2020-09-18 08:39:02 WallstreetFXsignals new update is 10:59:12 PM last update is 10:59:12 PM
2020-09-18 08:39:02 WallstreetFXsignals repeated signal
2020-09-18 08:39:23 wolfofforexplus new update is 10:59:12 PM last update is 10:59:12 PM
2020-09-18 08:39:23 wolfofforexplus repeated signal
2020-09-18 08:39:45 light_forex new update is 10:59:12 PM last update is 10:59:12 PM
2020-09-18 08:39:45 light_forex repeated signal
2020-09-18 08:40:07 FXMZ51 new update is 10:59:12 PM last update is 10:59:12 PM
2020-09-18 08:40:07 FXMZ51 repeated signal
2020-09-18 08:40:29 signallforex123 new update is 10:59:12 PM last update is 10:59:12 PM
2020-09-18 08:40:29 signallforex123 repeated signal
2020-09-18 08:40:50 professoroff new update is 10:59:12 PM last update is 10:59:12 PM
2020-09-18 08:40:50 professoroff repeated signal
2020-09-18 08:41:13 forexsignalzz new update is 10:59:12 PM last update is 10:59:12 PM
2020-09-18 08:41:13 forexsignalzz repeated signal
2020-09-18 08:41:34 amirFX_signal new update is 10:59:12 PM last update is 10:59:12 PM
2020-09-18 08:41:34 amirFX_signal repeated signal
2020-09-18 08:41:56 FOR3X_SIGNAL new update is 10:59:12 PM last update is 10:59:12 PM
2020-09-18 08:41:56 FOR3X_SIGNAL repeated signal
2020-09-18 08:42:18 Eagl777 new update is 10:59:12 PM last update is 10:59:12 PM
2020-09-18 08:42:18 Eagl777 repeated signal
2020-09-18 08:42:40 WallstreetFXsignals new update is 10:59:12 PM last update is 10:59:12 PM
2020-09-18 08:42:40 WallstreetFXsignals repeated signal
2020-09-18 08:43:01 wolfofforexplus new update is 10:59:12 PM last update is 10:59:12 PM
2020-09-18 08:43:01 wolfofforexplus repeated signal
2020-09-18 08:43:23 light_forex new update is 10:59:12 PM last update is 10:59:12 PM
2020-09-18 08:43:23 light_forex repeated signal
2020-09-18 08:43:44 FXMZ51 new update is 10:59:12 PM last update is 10:59:12 PM
2020-09-18 08:43:44 FXMZ51 repeated signal
2020-09-18 08:44:06 signallforex123 new update is 10:59:12 PM last update is 10:59:12 PM
2020-09-18 08:44:06 signallforex123 repeated signal
2020-09-18 08:44:28 professoroff new update is 10:59:12 PM last update is 10:59:12 PM
2020-09-18 08:44:28 professoroff repeated signal
2020-09-18 08:44:51 forexsignalzz new update is 10:59:12 PM last update is 10:59:12 PM
2020-09-18 08:44:51 forexsignalzz repeated signal
2020-09-18 08:45:12 amirFX_signal new update is 10:59:12 PM last update is 10:59:12 PM
2020-09-18 08:45:12 amirFX_signal repeated signal
2020-09-18 08:45:34 FOR3X_SIGNAL new update is 10:59:12 PM last update is 10:59:12 PM
2020-09-18 08:45:34 FOR3X_SIGNAL repeated signal
2020-09-18 08:45:56 Eagl777 new update is 10:59:12 PM last update is 10:59:12 PM
2020-09-18 08:45:56 Eagl777 repeated signal
2020-09-18 08:46:17 WallstreetFXsignals new update is 10:59:12 PM last update is 10:59:12 PM
2020-09-18 08:46:17 WallstreetFXsignals repeated signal
2020-09-18 08:46:39 wolfofforexplus new update is 10:59:12 PM last update is 10:59:12 PM
2020-09-18 08:46:39 wolfofforexplus repeated signal
2020-09-18 08:47:01 light_forex new update is 10:59:12 PM last update is 10:59:12 PM
2020-09-18 08:47:01 light_forex repeated signal
2020-09-18 08:47:22 FXMZ51 new update is 10:59:12 PM last update is 10:59:12 PM
2020-09-18 08:47:22 FXMZ51 repeated signal
2020-09-18 08:47:44 signallforex123 new update is 10:59:12 PM last update is 10:59:12 PM
2020-09-18 08:47:44 signallforex123 repeated signal
2020-09-18 08:48:06 professoroff new update is 10:59:12 PM last update is 10:59:12 PM
2020-09-18 08:48:06 professoroff repeated signal
2020-09-18 08:48:29 forexsignalzz new update is 10:59:12 PM last update is 10:59:12 PM
2020-09-18 08:48:29 forexsignalzz repeated signal
2020-09-18 08:48:50 amirFX_signal new update is 10:59:12 PM last update is 10:59:12 PM
2020-09-18 08:48:50 amirFX_signal repeated signal
2020-09-18 08:49:12 FOR3X_SIGNAL new update is 10:59:12 PM last update is 10:59:12 PM
2020-09-18 08:49:12 FOR3X_SIGNAL repeated signal
2020-09-18 08:49:34 Eagl777 new update is 10:59:12 PM last update is 10:59:12 PM
2020-09-18 08:49:34 Eagl777 repeated signal
2020-09-18 08:49:56 WallstreetFXsignals new update is 10:59:12 PM last update is 10:59:12 PM
2020-09-18 08:49:56 WallstreetFXsignals repeated signal
2020-09-18 08:50:17 wolfofforexplus new update is 10:59:12 PM last update is 10:59:12 PM
2020-09-18 08:50:17 wolfofforexplus repeated signal
2020-09-18 08:50:39 light_forex new update is 10:59:12 PM last update is 10:59:12 PM
2020-09-18 08:50:39 light_forex repeated signal
2020-09-18 08:51:01 FXMZ51 new update is 10:59:12 PM last update is 10:59:12 PM
2020-09-18 08:51:01 FXMZ51 repeated signal
2020-09-18 08:51:22 signallforex123 new update is 10:59:12 PM last update is 10:59:12 PM
2020-09-18 08:51:22 signallforex123 repeated signal
2020-09-18 08:51:44 professoroff new update is 10:59:12 PM last update is 10:59:12 PM
2020-09-18 08:51:44 professoroff repeated signal
2020-09-18 08:52:07 forexsignalzz new update is 10:59:12 PM last update is 10:59:12 PM
2020-09-18 08:52:07 forexsignalzz repeated signal
2020-09-18 08:52:29 amirFX_signal new update is 10:59:12 PM last update is 10:59:12 PM
2020-09-18 08:52:29 amirFX_signal repeated signal
2020-09-18 08:52:50 FOR3X_SIGNAL new update is 10:59:12 PM last update is 10:59:12 PM
2020-09-18 08:52:50 FOR3X_SIGNAL repeated signal
2020-09-18 08:53:12 Eagl777 new update is 10:59:12 PM last update is 10:59:12 PM
2020-09-18 08:53:12 Eagl777 repeated signal
2020-09-18 08:53:34 WallstreetFXsignals new update is 10:59:12 PM last update is 10:59:12 PM
2020-09-18 08:53:34 WallstreetFXsignals repeated signal
2020-09-18 08:53:55 wolfofforexplus new update is 10:59:12 PM last update is 10:59:12 PM
2020-09-18 08:53:55 wolfofforexplus repeated signal
2020-09-18 08:54:17 light_forex new update is 10:59:12 PM last update is 10:59:12 PM
2020-09-18 08:54:17 light_forex repeated signal
2020-09-18 08:54:39 FXMZ51 new update is 10:59:12 PM last update is 10:59:12 PM
2020-09-18 08:54:39 FXMZ51 repeated signal
2020-09-18 08:55:01 signallforex123 new update is 10:59:12 PM last update is 10:59:12 PM
2020-09-18 08:55:01 signallforex123 repeated signal
2020-09-18 08:55:22 professoroff new update is 10:59:12 PM last update is 10:59:12 PM
2020-09-18 08:55:22 professoroff repeated signal
2020-09-18 08:55:45 forexsignalzz new update is 10:59:12 PM last update is 10:59:12 PM
2020-09-18 08:55:45 forexsignalzz repeated signal
2020-09-18 08:56:07 amirFX_signal new update is 10:59:12 PM last update is 10:59:12 PM
2020-09-18 08:56:07 amirFX_signal repeated signal
2020-09-18 08:56:29 FOR3X_SIGNAL new update is 10:59:12 PM last update is 10:59:12 PM
2020-09-18 08:56:29 FOR3X_SIGNAL repeated signal
2020-09-18 08:56:50 Eagl777 new update is 10:59:12 PM last update is 10:59:12 PM
2020-09-18 08:56:50 Eagl777 repeated signal
2020-09-18 08:57:12 WallstreetFXsignals new update is 10:59:12 PM last update is 10:59:12 PM
2020-09-18 08:57:12 WallstreetFXsignals repeated signal
2020-09-18 08:57:33 wolfofforexplus new update is 10:59:12 PM last update is 10:59:12 PM
2020-09-18 08:57:33 wolfofforexplus repeated signal
