2020-09-17 12:54:07 forexsignalzz new update is 9:01:07 PM last update is 0
2020-09-17 12:54:07 forexsignalzz get new signal
2020-09-17 12:54:09 forexsignalzz getting signal message started
2020-09-17 12:54:25 amirFX_signal new update is 12:47:11 PM last update is 0
2020-09-17 12:54:25 amirFX_signal get new signal
2020-09-17 12:54:27 amirFX_signal getting signal message started
2020-09-17 12:54:43 FOR3X_SIGNAL new update is 12:19:52 PM last update is 0
2020-09-17 12:54:43 FOR3X_SIGNAL get new signal
2020-09-17 12:54:45 FOR3X_SIGNAL getting signal message started
2020-09-17 12:54:47 FOR3X_SIGNAL getting signal message successfully ended
2020-09-17 12:54:47 FOR3X_SIGNAL signal text is : GBPJPY BUY 135.60
SL 135.00
TP 137.00
2020-09-17 12:54:47  writting signal message started
2020-09-17 12:55:13 Eagl777 new update is 5:11:26 PM last update is 0
2020-09-17 12:55:13 Eagl777 get new signal
2020-09-17 12:55:15 Eagl777 getting signal message started
2020-09-17 12:55:31 WallstreetFXsignals new update is 8:03:51 AM last update is 0
2020-09-17 12:55:31 WallstreetFXsignals get new signal
2020-09-17 12:55:33 WallstreetFXsignals getting signal message started
2020-09-17 12:55:49 wolfofforexplus new update is 11:13:51 AM last update is 0
2020-09-17 12:55:49 wolfofforexplus get new signal
2020-09-17 12:55:51 wolfofforexplus getting signal message started
2020-09-17 12:55:53 wolfofforexplus getting signal message successfully ended
2020-09-17 12:55:53 wolfofforexplus signal text is : #GOLD
:chart_with_downwards_trend: SELL IN : 1943
:red_circle: STOP LOSS : 1956
:white_check_mark: TAKE PROFIT 1 : 1935
:white_check_mark: TAKE PROFIT 2 : 1930
:white_check_mark: TAKEPROFIT  3 :
2020-09-17 12:55:53  writting signal message started
2020-09-17 12:56:18 light_forex new update is 10:08:58 AM last update is 0
2020-09-17 12:56:18 light_forex get new signal
2020-09-17 12:56:20 light_forex getting signal message started
2020-09-17 12:56:36 FXMZ51 new update is 10:59:12 PM last update is 0
2020-09-17 12:56:36 FXMZ51 get new signal
2020-09-17 12:56:38 FXMZ51 getting signal message started
2020-09-17 12:56:54 signallforex123 new update is 12:51:29 PM last update is 0
2020-09-17 12:56:54 signallforex123 get new signal
2020-09-17 12:56:56 signallforex123 getting signal message started
2020-09-17 12:56:58 signallforex123 getting signal message successfully ended
2020-09-17 12:56:58 signallforex123 signal text is : Wti buy limit 37.80
Sl:37.60
Tp1:38.30
Tp2:39.00
Tp3:open
2020-09-17 13:02:58 professoroff new update is 10:40:22 AM last update is 0
2020-09-17 13:02:58 professoroff get new signal
2020-09-17 13:03:00 professoroff getting signal message started
2020-09-17 13:03:17 forexsignalzz new update is 9:01:07 PM last update is 9:01:07 PM
2020-09-17 13:03:17 forexsignalzz repeated signal
2020-09-17 13:03:30 amirFX_signal new update is 12:47:11 PM last update is 12:47:11 PM
2020-09-17 13:03:30 amirFX_signal repeated signal
2020-09-17 13:03:44 FOR3X_SIGNAL new update is 12:19:52 PM last update is 12:19:52 PM
2020-09-17 13:03:44 FOR3X_SIGNAL repeated signal
2020-09-17 13:03:59 Eagl777 new update is 5:11:26 PM last update is 5:11:26 PM
2020-09-17 13:03:59 Eagl777 repeated signal
2020-09-17 13:04:13 WallstreetFXsignals new update is 8:03:51 AM last update is 8:03:51 AM
2020-09-17 13:04:13 WallstreetFXsignals repeated signal
2020-09-17 13:04:26 wolfofforexplus new update is 11:13:51 AM last update is 11:13:51 AM
2020-09-17 13:04:26 wolfofforexplus repeated signal
2020-09-17 13:04:40 light_forex new update is 10:08:58 AM last update is 10:08:58 AM
2020-09-17 13:04:40 light_forex repeated signal
2020-09-17 13:04:53 FXMZ51 new update is 10:59:12 PM last update is 10:59:12 PM
2020-09-17 13:04:53 FXMZ51 repeated signal
2020-09-17 13:05:07 signallforex123 new update is 12:51:29 PM last update is 12:51:29 PM
2020-09-17 13:05:07 signallforex123 repeated signal
2020-09-17 13:05:20 professoroff new update is 10:40:22 AM last update is 10:40:22 AM
2020-09-17 13:05:20 professoroff repeated signal
2020-09-17 13:05:35 forexsignalzz new update is 9:01:07 PM last update is 9:01:07 PM
2020-09-17 13:05:35 forexsignalzz repeated signal
2020-09-17 13:05:48 amirFX_signal new update is 12:47:11 PM last update is 12:47:11 PM
2020-09-17 13:05:48 amirFX_signal repeated signal
2020-09-17 13:06:02 FOR3X_SIGNAL new update is 12:19:52 PM last update is 12:19:52 PM
2020-09-17 13:06:02 FOR3X_SIGNAL repeated signal
2020-09-17 13:06:15 Eagl777 new update is 5:11:26 PM last update is 5:11:26 PM
2020-09-17 13:06:15 Eagl777 repeated signal
2020-09-17 13:06:29 WallstreetFXsignals new update is 8:03:51 AM last update is 8:03:51 AM
2020-09-17 13:06:29 WallstreetFXsignals repeated signal
2020-09-17 13:06:42 wolfofforexplus new update is 11:13:51 AM last update is 11:13:51 AM
2020-09-17 13:06:42 wolfofforexplus repeated signal
2020-09-17 13:06:56 light_forex new update is 10:08:58 AM last update is 10:08:58 AM
2020-09-17 13:06:56 light_forex repeated signal
2020-09-17 13:07:09 FXMZ51 new update is 10:59:12 PM last update is 10:59:12 PM
2020-09-17 13:07:09 FXMZ51 repeated signal
2020-09-17 13:07:23 signallforex123 new update is 12:51:29 PM last update is 12:51:29 PM
2020-09-17 13:07:23 signallforex123 repeated signal
2020-09-17 13:07:36 professoroff new update is 10:40:22 AM last update is 10:40:22 AM
2020-09-17 13:07:36 professoroff repeated signal
2020-09-17 13:07:51 forexsignalzz new update is 9:01:07 PM last update is 9:01:07 PM
2020-09-17 13:07:51 forexsignalzz repeated signal
2020-09-17 13:08:05 amirFX_signal new update is 1:08:06 PM last update is 12:47:11 PM
2020-09-17 13:08:05 amirFX_signal get new signal
2020-09-17 13:08:07 amirFX_signal getting signal message started
2020-09-17 13:08:09 amirFX_signal getting signal message successfully ended
2020-09-17 13:08:09  writting signal message started
2020-09-17 13:08:35 FOR3X_SIGNAL new update is 12:19:52 PM last update is 12:19:52 PM
2020-09-17 13:08:35 FOR3X_SIGNAL repeated signal
2020-09-17 13:08:49 Eagl777 new update is 5:11:26 PM last update is 5:11:26 PM
2020-09-17 13:08:49 Eagl777 repeated signal
2020-09-17 13:09:02 WallstreetFXsignals new update is 8:03:51 AM last update is 8:03:51 AM
2020-09-17 13:09:02 WallstreetFXsignals repeated signal
2020-09-17 13:09:16 wolfofforexplus new update is 11:13:51 AM last update is 11:13:51 AM
2020-09-17 13:09:16 wolfofforexplus repeated signal
2020-09-17 13:09:29 light_forex new update is 10:08:58 AM last update is 10:08:58 AM
2020-09-17 13:09:29 light_forex repeated signal
2020-09-17 13:09:43 FXMZ51 new update is 10:59:12 PM last update is 10:59:12 PM
2020-09-17 13:09:43 FXMZ51 repeated signal
2020-09-17 13:09:56 signallforex123 new update is 12:51:29 PM last update is 12:51:29 PM
2020-09-17 13:09:56 signallforex123 repeated signal
2020-09-17 13:10:10 professoroff new update is 10:40:22 AM last update is 10:40:22 AM
2020-09-17 13:10:10 professoroff repeated signal
2020-09-17 13:10:24 forexsignalzz new update is 9:01:07 PM last update is 9:01:07 PM
2020-09-17 13:10:24 forexsignalzz repeated signal
2020-09-17 13:10:38 amirFX_signal new update is 1:08:06 PM last update is 1:08:06 PM
2020-09-17 13:10:38 amirFX_signal repeated signal
2020-09-17 13:10:52 FOR3X_SIGNAL new update is 12:19:52 PM last update is 12:19:52 PM
2020-09-17 13:10:52 FOR3X_SIGNAL repeated signal
2020-09-17 13:11:05 Eagl777 new update is 5:11:26 PM last update is 5:11:26 PM
2020-09-17 13:11:05 Eagl777 repeated signal
2020-09-17 13:11:19 WallstreetFXsignals new update is 8:03:51 AM last update is 8:03:51 AM
2020-09-17 13:11:19 WallstreetFXsignals repeated signal
2020-09-17 13:11:32 wolfofforexplus new update is 11:13:51 AM last update is 11:13:51 AM
2020-09-17 13:11:32 wolfofforexplus repeated signal
2020-09-17 13:11:46 light_forex new update is 10:08:58 AM last update is 10:08:58 AM
2020-09-17 13:11:46 light_forex repeated signal
2020-09-17 13:11:59 FXMZ51 new update is 10:59:12 PM last update is 10:59:12 PM
2020-09-17 13:11:59 FXMZ51 repeated signal
2020-09-17 13:12:13 signallforex123 new update is 12:51:29 PM last update is 12:51:29 PM
2020-09-17 13:12:13 signallforex123 repeated signal
2020-09-17 13:12:26 professoroff new update is 10:40:22 AM last update is 10:40:22 AM
2020-09-17 13:12:26 professoroff repeated signal
2020-09-17 13:12:41 forexsignalzz new update is 9:01:07 PM last update is 9:01:07 PM
2020-09-17 13:12:41 forexsignalzz repeated signal
2020-09-17 13:12:55 amirFX_signal new update is 1:08:06 PM last update is 1:08:06 PM
2020-09-17 13:12:55 amirFX_signal repeated signal
2020-09-17 13:13:08 FOR3X_SIGNAL new update is 12:19:52 PM last update is 12:19:52 PM
2020-09-17 13:13:08 FOR3X_SIGNAL repeated signal
2020-09-17 13:13:22 Eagl777 new update is 5:11:26 PM last update is 5:11:26 PM
2020-09-17 13:13:22 Eagl777 repeated signal
2020-09-17 13:13:35 WallstreetFXsignals new update is 8:03:51 AM last update is 8:03:51 AM
2020-09-17 13:13:35 WallstreetFXsignals repeated signal
2020-09-17 13:13:49 wolfofforexplus new update is 11:13:51 AM last update is 11:13:51 AM
2020-09-17 13:13:49 wolfofforexplus repeated signal
2020-09-17 13:14:02 light_forex new update is 10:08:58 AM last update is 10:08:58 AM
2020-09-17 13:14:02 light_forex repeated signal
2020-09-17 13:14:16 FXMZ51 new update is 10:59:12 PM last update is 10:59:12 PM
2020-09-17 13:14:16 FXMZ51 repeated signal
2020-09-17 13:14:29 signallforex123 new update is 12:51:29 PM last update is 12:51:29 PM
2020-09-17 13:14:29 signallforex123 repeated signal
2020-09-17 13:14:43 professoroff new update is 10:40:22 AM last update is 10:40:22 AM
2020-09-17 13:14:43 professoroff repeated signal
2020-09-17 13:14:57 forexsignalzz new update is 9:01:07 PM last update is 9:01:07 PM
2020-09-17 13:14:57 forexsignalzz repeated signal
2020-09-17 13:15:11 amirFX_signal new update is 1:08:06 PM last update is 1:08:06 PM
2020-09-17 13:15:11 amirFX_signal repeated signal
2020-09-17 13:15:24 FOR3X_SIGNAL new update is 12:19:52 PM last update is 12:19:52 PM
2020-09-17 13:15:24 FOR3X_SIGNAL repeated signal
2020-09-17 13:15:38 Eagl777 new update is 5:11:26 PM last update is 5:11:26 PM
2020-09-17 13:15:38 Eagl777 repeated signal
2020-09-17 13:15:51 WallstreetFXsignals new update is 8:03:51 AM last update is 8:03:51 AM
2020-09-17 13:15:51 WallstreetFXsignals repeated signal
2020-09-17 13:16:05 wolfofforexplus new update is 11:13:51 AM last update is 11:13:51 AM
2020-09-17 13:16:05 wolfofforexplus repeated signal
2020-09-17 13:16:18 light_forex new update is 10:08:58 AM last update is 10:08:58 AM
2020-09-17 13:16:18 light_forex repeated signal
2020-09-17 13:16:32 FXMZ51 new update is 10:59:12 PM last update is 10:59:12 PM
2020-09-17 13:16:32 FXMZ51 repeated signal
2020-09-17 13:16:45 signallforex123 new update is 12:51:29 PM last update is 12:51:29 PM
2020-09-17 13:16:45 signallforex123 repeated signal
2020-09-17 13:16:59 professoroff new update is 10:40:22 AM last update is 10:40:22 AM
2020-09-17 13:16:59 professoroff repeated signal
2020-09-17 13:17:13 forexsignalzz new update is 9:01:07 PM last update is 9:01:07 PM
2020-09-17 13:17:13 forexsignalzz repeated signal
2020-09-17 13:17:27 amirFX_signal new update is 1:08:06 PM last update is 1:08:06 PM
2020-09-17 13:17:27 amirFX_signal repeated signal
2020-09-17 13:17:41 FOR3X_SIGNAL new update is 12:19:52 PM last update is 12:19:52 PM
2020-09-17 13:17:41 FOR3X_SIGNAL repeated signal
2020-09-17 13:17:54 Eagl777 new update is 5:11:26 PM last update is 5:11:26 PM
2020-09-17 13:17:54 Eagl777 repeated signal
2020-09-17 13:18:08 WallstreetFXsignals new update is 8:03:51 AM last update is 8:03:51 AM
2020-09-17 13:18:08 WallstreetFXsignals repeated signal
2020-09-17 13:18:21 wolfofforexplus new update is 11:13:51 AM last update is 11:13:51 AM
2020-09-17 13:18:21 wolfofforexplus repeated signal
2020-09-17 13:18:35 light_forex new update is 10:08:58 AM last update is 10:08:58 AM
2020-09-17 13:18:35 light_forex repeated signal
2020-09-17 13:18:48 FXMZ51 new update is 10:59:12 PM last update is 10:59:12 PM
2020-09-17 13:18:48 FXMZ51 repeated signal
2020-09-17 13:19:02 signallforex123 new update is 12:51:29 PM last update is 12:51:29 PM
2020-09-17 13:19:02 signallforex123 repeated signal
2020-09-17 13:19:15 professoroff new update is 10:40:22 AM last update is 10:40:22 AM
2020-09-17 13:19:15 professoroff repeated signal
2020-09-17 13:19:30 forexsignalzz new update is 9:01:07 PM last update is 9:01:07 PM
2020-09-17 13:19:30 forexsignalzz repeated signal
2020-09-17 13:19:44 amirFX_signal new update is 1:08:06 PM last update is 1:08:06 PM
2020-09-17 13:19:44 amirFX_signal repeated signal
2020-09-17 13:19:57 FOR3X_SIGNAL new update is 12:19:52 PM last update is 12:19:52 PM
2020-09-17 13:19:57 FOR3X_SIGNAL repeated signal
2020-09-17 13:20:11 Eagl777 new update is 5:11:26 PM last update is 5:11:26 PM
2020-09-17 13:20:11 Eagl777 repeated signal
2020-09-17 13:20:24 WallstreetFXsignals new update is 8:03:51 AM last update is 8:03:51 AM
2020-09-17 13:20:24 WallstreetFXsignals repeated signal
2020-09-17 13:20:38 wolfofforexplus new update is 11:13:51 AM last update is 11:13:51 AM
2020-09-17 13:20:38 wolfofforexplus repeated signal
2020-09-17 13:20:51 light_forex new update is 10:08:58 AM last update is 10:08:58 AM
2020-09-17 13:20:51 light_forex repeated signal
2020-09-17 13:21:05 FXMZ51 new update is 10:59:12 PM last update is 10:59:12 PM
2020-09-17 13:21:05 FXMZ51 repeated signal
2020-09-17 13:21:18 signallforex123 new update is 12:20:11 PM last update is 12:51:29 PM
2020-09-17 13:21:18 signallforex123 get new signal
2020-09-17 13:21:20 signallforex123 getting signal message started
2020-09-17 13:21:38 professoroff new update is 10:40:22 AM last update is 10:40:22 AM
2020-09-17 13:21:38 professoroff repeated signal
2020-09-17 13:21:53 forexsignalzz new update is 9:01:07 PM last update is 9:01:07 PM
2020-09-17 13:21:53 forexsignalzz repeated signal
2020-09-17 13:22:10 amirFX_signal new update is 1:08:06 PM last update is 1:08:06 PM
2020-09-17 13:22:10 amirFX_signal repeated signal
2020-09-17 13:22:32 FOR3X_SIGNAL new update is 1:08:06 PM last update is 12:19:52 PM
2020-09-17 13:22:32 FOR3X_SIGNAL get new signal
2020-09-17 13:22:34 FOR3X_SIGNAL getting signal message started
2020-09-17 13:22:54 Eagl777 new update is 5:11:26 PM last update is 5:11:26 PM
2020-09-17 13:22:54 Eagl777 repeated signal
2020-09-17 13:23:11 WallstreetFXsignals new update is 8:03:51 AM last update is 8:03:51 AM
2020-09-17 13:23:11 WallstreetFXsignals repeated signal
2020-09-17 13:23:33 wolfofforexplus new update is 8:03:51 AM last update is 11:13:51 AM
2020-09-17 13:23:33 wolfofforexplus get new signal
2020-09-17 13:23:35 wolfofforexplus getting signal message started
2020-09-17 13:23:50 light_forex new update is 10:08:58 AM last update is 10:08:58 AM
2020-09-17 13:23:50 light_forex repeated signal
2020-09-17 13:24:08 FXMZ51 new update is 10:59:12 PM last update is 10:59:12 PM
2020-09-17 13:24:08 FXMZ51 repeated signal
2020-09-17 13:24:29 signallforex123 new update is 10:59:12 PM last update is 12:20:11 PM
2020-09-17 13:24:29 signallforex123 get new signal
2020-09-17 13:24:31 signallforex123 getting signal message started
2020-09-17 13:24:56 professoroff new update is 10:40:22 AM last update is 10:40:22 AM
2020-09-17 13:24:56 professoroff repeated signal
2020-09-17 13:25:14 forexsignalzz new update is 9:01:07 PM last update is 9:01:07 PM
2020-09-17 13:25:14 forexsignalzz repeated signal
2020-09-17 13:25:34 amirFX_signal new update is 1:08:06 PM last update is 1:08:06 PM
2020-09-17 13:25:34 amirFX_signal repeated signal
2020-09-17 13:25:55 FOR3X_SIGNAL new update is 12:19:52 PM last update is 1:08:06 PM
2020-09-17 13:25:55 FOR3X_SIGNAL get new signal
2020-09-17 13:25:57 FOR3X_SIGNAL getting signal message started
2020-09-17 13:25:59 FOR3X_SIGNAL getting signal message successfully ended
2020-09-17 13:25:59 FOR3X_SIGNAL signal text is : GBPJPY BUY 135.60
SL 135.00
TP 137.00
2020-09-17 13:25:59  writting signal message started
2020-09-17 13:26:33 Eagl777 new update is 12:19:52 PM last update is 5:11:26 PM
2020-09-17 13:26:33 Eagl777 get new signal
2020-09-17 13:26:35 Eagl777 getting signal message started
2020-09-17 13:26:37 Eagl777 getting signal message successfully ended
2020-09-17 13:26:37 Eagl777 signal text is : GBPJPY BUY 135.60
SL 135.00
TP 137.00
2020-09-17 13:26:37 Eagl777 in INNER except signalFinder: <class 'IndexError'>
2020-09-17 13:26:59 WallstreetFXsignals new update is 12:19:52 PM last update is 8:03:51 AM
2020-09-17 13:26:59 WallstreetFXsignals get new signal
2020-09-17 13:27:01 WallstreetFXsignals getting signal message started
2020-09-17 13:27:24 wolfofforexplus new update is 12:19:52 PM last update is 8:03:51 AM
2020-09-17 13:27:24 wolfofforexplus get new signal
2020-09-17 13:27:26 wolfofforexplus getting signal message started
2020-09-17 13:27:42 light_forex new update is 10:08:58 AM last update is 10:08:58 AM
2020-09-17 13:27:42 light_forex repeated signal
2020-09-17 13:27:58 FXMZ51 new update is 10:59:12 PM last update is 10:59:12 PM
2020-09-17 13:27:58 FXMZ51 repeated signal
2020-09-17 13:28:19 signallforex123 new update is 12:20:11 PM last update is 10:59:12 PM
2020-09-17 13:28:19 signallforex123 get new signal
2020-09-17 13:28:21 signallforex123 getting signal message started
2020-09-17 13:28:37 professoroff new update is 10:40:22 AM last update is 10:40:22 AM
2020-09-17 13:28:37 professoroff repeated signal
2020-09-17 13:28:56 forexsignalzz new update is 9:01:07 PM last update is 9:01:07 PM
2020-09-17 13:28:56 forexsignalzz repeated signal
2020-09-17 13:29:17 amirFX_signal new update is 1:08:06 PM last update is 1:08:06 PM
2020-09-17 13:29:17 amirFX_signal repeated signal
2020-09-17 13:29:35 FOR3X_SIGNAL new update is 12:19:52 PM last update is 12:19:52 PM
2020-09-17 13:29:35 FOR3X_SIGNAL repeated signal
2020-09-17 13:29:50 Eagl777 new update is 5:11:26 PM last update is 0
2020-09-17 13:29:50 Eagl777 get new signal
2020-09-17 13:29:52 Eagl777 getting signal message started
2020-09-17 13:30:14 WallstreetFXsignals new update is 8:03:51 AM last update is 12:19:52 PM
2020-09-17 13:30:14 WallstreetFXsignals get new signal
2020-09-17 13:30:16 WallstreetFXsignals getting signal message started
2020-09-17 13:30:40 wolfofforexplus new update is 11:13:51 AM last update is 12:19:52 PM
2020-09-17 13:30:40 wolfofforexplus get new signal
2020-09-17 13:30:42 wolfofforexplus getting signal message started
2020-09-17 13:30:45 wolfofforexplus getting signal message successfully ended
2020-09-17 13:30:45 wolfofforexplus signal text is : #EURJPY
:chart_with_downwards_trend: SELL :125.36
:red_circle: STOP LOSS : hidden
:white_check_mark: TAKE PROFIT 1 : hidden
:white_check_mark: TAKE PROFIT 2 :
2020-09-17 13:30:58 light_forex new update is 10:08:58 AM last update is 10:08:58 AM
2020-09-17 13:30:58 light_forex repeated signal
2020-09-17 13:31:19 FXMZ51 new update is 10:08:58 AM last update is 10:59:12 PM
2020-09-17 13:31:19 FXMZ51 get new signal
2020-09-17 13:31:21 FXMZ51 getting signal message started
2020-09-17 13:31:46 signallforex123 new update is 10:08:58 AM last update is 12:20:11 PM
2020-09-17 13:31:46 signallforex123 get new signal
2020-09-17 13:31:48 signallforex123 getting signal message started
2020-09-17 13:32:04 professoroff new update is 10:40:22 AM last update is 10:40:22 AM
2020-09-17 13:32:04 professoroff repeated signal
2020-09-17 13:32:26 forexsignalzz new update is 10:40:22 AM last update is 9:01:07 PM
2020-09-17 13:32:26 forexsignalzz get new signal
2020-09-17 13:32:28 forexsignalzz getting signal message started
2020-09-17 13:32:50 amirFX_signal new update is 1:08:06 PM last update is 1:08:06 PM
2020-09-17 13:32:50 amirFX_signal repeated signal
2020-09-17 13:33:10 FOR3X_SIGNAL new update is 12:19:52 PM last update is 12:19:52 PM
2020-09-17 13:33:10 FOR3X_SIGNAL repeated signal
2020-09-17 13:33:31 Eagl777 new update is 12:19:52 PM last update is 5:11:26 PM
2020-09-17 13:33:31 Eagl777 get new signal
2020-09-17 13:33:33 Eagl777 getting signal message started
2020-09-17 13:33:35 Eagl777 getting signal message successfully ended
2020-09-17 13:33:35 Eagl777 signal text is : GBPJPY BUY 135.60
SL 135.00
TP 137.00
2020-09-17 13:33:35 Eagl777 in INNER except signalFinder: <class 'IndexError'>
2020-09-17 13:33:55 WallstreetFXsignals new update is 8:03:51 AM last update is 8:03:51 AM
2020-09-17 13:33:55 WallstreetFXsignals repeated signal
2020-09-17 13:34:14 wolfofforexplus new update is 11:13:51 AM last update is 11:13:51 AM
2020-09-17 13:34:14 wolfofforexplus repeated signal
2020-09-17 13:34:28 light_forex new update is 10:08:58 AM last update is 10:08:58 AM
2020-09-17 13:34:28 light_forex repeated signal
2020-09-17 13:34:43 FXMZ51 new update is 10:59:12 PM last update is 10:08:58 AM
2020-09-17 13:34:43 FXMZ51 get new signal
2020-09-17 13:34:45 FXMZ51 getting signal message started
2020-09-17 13:35:07 signallforex123 new update is 1:29:03 PM last update is 10:08:58 AM
2020-09-17 13:35:07 signallforex123 get new signal
2020-09-17 13:35:09 signallforex123 getting signal message started
2020-09-17 13:35:25 professoroff new update is 10:40:22 AM last update is 10:40:22 AM
2020-09-17 13:35:25 professoroff repeated signal
2020-09-17 13:35:44 forexsignalzz new update is 9:01:07 PM last update is 10:40:22 AM
2020-09-17 13:35:44 forexsignalzz get new signal
2020-09-17 13:35:46 forexsignalzz getting signal message started
2020-09-17 13:36:10 amirFX_signal new update is 9:01:07 PM last update is 1:08:06 PM
2020-09-17 13:36:10 amirFX_signal get new signal
2020-09-17 13:36:12 amirFX_signal getting signal message started
2020-09-17 13:36:34 FOR3X_SIGNAL new update is 12:19:52 PM last update is 12:19:52 PM
2020-09-17 13:36:34 FOR3X_SIGNAL repeated signal
2020-09-17 13:36:55 Eagl777 new update is 12:19:52 PM last update is 0
2020-09-17 13:36:55 Eagl777 get new signal
2020-09-17 13:36:57 Eagl777 getting signal message started
2020-09-17 13:36:59 Eagl777 getting signal message successfully ended
2020-09-17 13:36:59 Eagl777 signal text is : GBPJPY BUY 135.60
SL 135.00
TP 137.00
2020-09-17 13:36:59 Eagl777 in INNER except signalFinder: <class 'IndexError'>
2020-09-17 13:37:21 WallstreetFXsignals new update is 8:03:51 AM last update is 8:03:51 AM
2020-09-17 13:37:21 WallstreetFXsignals repeated signal
2020-09-17 13:37:43 wolfofforexplus new update is 8:03:51 AM last update is 11:13:51 AM
2020-09-17 13:37:43 wolfofforexplus get new signal
2020-09-17 13:37:45 wolfofforexplus getting signal message started
2020-09-17 13:38:00 light_forex new update is 10:08:58 AM last update is 10:08:58 AM
2020-09-17 13:38:00 light_forex repeated signal
2020-09-17 13:38:16 FXMZ51 new update is 10:59:12 PM last update is 10:59:12 PM
2020-09-17 13:38:16 FXMZ51 repeated signal
2020-09-17 13:38:37 signallforex123 new update is 1:29:03 PM last update is 1:29:03 PM
2020-09-17 13:38:37 signallforex123 repeated signal
2020-09-17 13:38:53 professoroff new update is 10:40:22 AM last update is 10:40:22 AM
2020-09-17 13:38:53 professoroff repeated signal
2020-09-17 13:39:11 forexsignalzz new update is 9:01:07 PM last update is 9:01:07 PM
2020-09-17 13:39:11 forexsignalzz repeated signal
2020-09-17 13:39:33 amirFX_signal new update is 1:08:06 PM last update is 9:01:07 PM
2020-09-17 13:39:33 amirFX_signal get new signal
2020-09-17 13:39:35 amirFX_signal getting signal message started
2020-09-17 13:39:37 amirFX_signal getting signal message successfully ended
2020-09-17 13:39:37  writting signal message started
2020-09-17 13:40:11 FOR3X_SIGNAL new update is 1:08:06 PM last update is 12:19:52 PM
2020-09-17 13:40:11 FOR3X_SIGNAL get new signal
2020-09-17 13:40:13 FOR3X_SIGNAL getting signal message started
2020-09-17 13:40:37 Eagl777 new update is 1:08:06 PM last update is 0
2020-09-17 13:40:37 Eagl777 get new signal
2020-09-17 13:40:39 Eagl777 getting signal message started
2020-09-17 13:41:03 WallstreetFXsignals new update is 8:03:51 AM last update is 8:03:51 AM
2020-09-17 13:41:03 WallstreetFXsignals repeated signal
2020-09-17 13:41:25 wolfofforexplus new update is 8:03:51 AM last update is 8:03:51 AM
2020-09-17 13:41:25 wolfofforexplus repeated signal
2020-09-17 13:41:38 light_forex new update is 10:08:58 AM last update is 10:08:58 AM
2020-09-17 13:41:38 light_forex repeated signal
2020-09-17 13:41:54 FXMZ51 new update is 10:59:12 PM last update is 10:59:12 PM
2020-09-17 13:41:54 FXMZ51 repeated signal
2020-09-17 13:42:13 signallforex123 new update is 1:29:03 PM last update is 1:29:03 PM
2020-09-17 13:42:13 signallforex123 repeated signal
2020-09-17 13:42:29 professoroff new update is 10:40:22 AM last update is 10:40:22 AM
2020-09-17 13:42:29 professoroff repeated signal
2020-09-17 13:42:51 forexsignalzz new update is 9:01:07 PM last update is 9:01:07 PM
2020-09-17 13:42:51 forexsignalzz repeated signal
2020-09-17 13:43:13 amirFX_signal new update is 9:01:07 PM last update is 1:08:06 PM
2020-09-17 13:43:13 amirFX_signal get new signal
2020-09-17 13:43:15 amirFX_signal getting signal message started
2020-09-17 13:43:39 FOR3X_SIGNAL new update is 9:01:07 PM last update is 1:08:06 PM
2020-09-17 13:43:39 FOR3X_SIGNAL get new signal
2020-09-17 13:43:41 FOR3X_SIGNAL getting signal message started
2020-09-17 13:44:05 Eagl777 new update is 9:01:07 PM last update is 1:08:06 PM
2020-09-17 13:44:05 Eagl777 get new signal
2020-09-17 13:44:07 Eagl777 getting signal message started
2020-09-17 13:44:31 WallstreetFXsignals new update is 9:01:07 PM last update is 8:03:51 AM
2020-09-17 13:44:31 WallstreetFXsignals get new signal
2020-09-17 13:44:33 WallstreetFXsignals getting signal message started
2020-09-17 13:44:56 wolfofforexplus new update is 9:01:07 PM last update is 8:03:51 AM
2020-09-17 13:44:56 wolfofforexplus get new signal
2020-09-17 13:44:58 wolfofforexplus getting signal message started
2020-09-17 13:45:14 light_forex new update is 10:08:58 AM last update is 10:08:58 AM
2020-09-17 13:45:14 light_forex repeated signal
2020-09-17 13:45:32 FXMZ51 new update is 10:59:12 PM last update is 10:59:12 PM
2020-09-17 13:45:32 FXMZ51 repeated signal
2020-09-17 13:45:53 signallforex123 new update is 1:29:03 PM last update is 1:29:03 PM
2020-09-17 13:45:53 signallforex123 repeated signal
2020-09-17 13:46:09 professoroff new update is 10:40:22 AM last update is 10:40:22 AM
2020-09-17 13:46:09 professoroff repeated signal
2020-09-17 13:46:32 forexsignalzz new update is 9:01:07 PM last update is 9:01:07 PM
2020-09-17 13:46:32 forexsignalzz repeated signal
2020-09-17 13:46:49 amirFX_signal new update is 1:08:06 PM last update is 9:01:07 PM
2020-09-17 13:46:49 amirFX_signal get new signal
2020-09-17 13:46:51 amirFX_signal getting signal message started
2020-09-17 13:46:53 amirFX_signal getting signal message successfully ended
2020-09-17 13:46:53  writting signal message started
2020-09-17 13:47:27 FOR3X_SIGNAL new update is 1:08:06 PM last update is 9:01:07 PM
2020-09-17 13:47:27 FOR3X_SIGNAL get new signal
2020-09-17 13:47:29 FOR3X_SIGNAL getting signal message started
2020-09-17 13:47:47 Eagl777 new update is 5:11:26 PM last update is 9:01:07 PM
2020-09-17 13:47:47 Eagl777 get new signal
2020-09-17 13:47:49 Eagl777 getting signal message started
2020-09-17 13:48:11 WallstreetFXsignals new update is 8:03:51 AM last update is 9:01:07 PM
2020-09-17 13:48:11 WallstreetFXsignals get new signal
2020-09-17 13:48:13 WallstreetFXsignals getting signal message started
2020-09-17 13:48:37 wolfofforexplus new update is 11:13:51 AM last update is 9:01:07 PM
2020-09-17 13:48:37 wolfofforexplus get new signal
2020-09-17 13:48:39 wolfofforexplus getting signal message started
2020-09-17 13:48:41 wolfofforexplus getting signal message successfully ended
2020-09-17 13:48:41 wolfofforexplus signal text is : #EURJPY
:chart_with_downwards_trend: SELL :125.36
:red_circle: STOP LOSS : hidden
:white_check_mark: TAKE PROFIT 1 : hidden
:white_check_mark: TAKE PROFIT 2 :
2020-09-17 13:48:54 light_forex new update is 10:08:58 AM last update is 10:08:58 AM
2020-09-17 13:48:54 light_forex repeated signal
2020-09-17 13:49:08 FXMZ51 new update is 10:59:12 PM last update is 10:59:12 PM
2020-09-17 13:49:08 FXMZ51 repeated signal
2020-09-17 13:49:27 signallforex123 new update is 1:29:03 PM last update is 1:29:03 PM
2020-09-17 13:49:27 signallforex123 repeated signal
2020-09-17 13:49:41 professoroff new update is 10:40:22 AM last update is 10:40:22 AM
2020-09-17 13:49:41 professoroff repeated signal
2020-09-17 13:50:00 forexsignalzz new update is 9:01:07 PM last update is 9:01:07 PM
2020-09-17 13:50:00 forexsignalzz repeated signal
2020-09-17 13:50:19 amirFX_signal new update is 1:08:06 PM last update is 1:08:06 PM
2020-09-17 13:50:19 amirFX_signal repeated signal
2020-09-17 13:50:33 FOR3X_SIGNAL new update is 12:19:52 PM last update is 1:08:06 PM
2020-09-17 13:50:33 FOR3X_SIGNAL get new signal
2020-09-17 13:50:35 FOR3X_SIGNAL getting signal message started
2020-09-17 13:50:37 FOR3X_SIGNAL getting signal message successfully ended
2020-09-17 13:50:37 FOR3X_SIGNAL signal text is : GBPJPY BUY 135.60
SL 135.00
TP 137.00
2020-09-17 13:50:37  writting signal message started
2020-09-17 13:51:04 Eagl777 new update is 5:11:26 PM last update is 5:11:26 PM
2020-09-17 13:51:04 Eagl777 repeated signal
2020-09-17 13:51:22 WallstreetFXsignals new update is 8:03:51 AM last update is 8:03:51 AM
2020-09-17 13:51:22 WallstreetFXsignals repeated signal
2020-09-17 13:51:43 wolfofforexplus new update is 11:13:51 AM last update is 11:13:51 AM
2020-09-17 13:51:43 wolfofforexplus repeated signal
2020-09-17 13:51:57 light_forex new update is 10:08:58 AM last update is 10:08:58 AM
2020-09-17 13:51:57 light_forex repeated signal
2020-09-17 13:52:10 FXMZ51 new update is 10:59:12 PM last update is 10:59:12 PM
2020-09-17 13:52:10 FXMZ51 repeated signal
2020-09-17 13:52:32 signallforex123 new update is 1:29:03 PM last update is 1:29:03 PM
2020-09-17 13:52:32 signallforex123 repeated signal
2020-09-17 13:52:55 professoroff new update is 1:29:03 PM last update is 10:40:22 AM
2020-09-17 13:52:55 professoroff get new signal
2020-09-17 13:52:57 professoroff getting signal message started
2020-09-17 13:53:22 forexsignalzz new update is 1:29:03 PM last update is 9:01:07 PM
2020-09-17 13:53:22 forexsignalzz get new signal
2020-09-17 13:53:24 forexsignalzz getting signal message started
2020-09-17 13:53:48 amirFX_signal new update is 1:29:03 PM last update is 1:08:06 PM
2020-09-17 13:53:48 amirFX_signal get new signal
2020-09-17 13:53:50 amirFX_signal getting signal message started
2020-09-17 13:54:14 FOR3X_SIGNAL new update is 1:29:03 PM last update is 12:19:52 PM
2020-09-17 13:54:14 FOR3X_SIGNAL get new signal
2020-09-17 13:54:16 FOR3X_SIGNAL getting signal message started
2020-09-17 13:54:40 Eagl777 new update is 1:29:03 PM last update is 5:11:26 PM
2020-09-17 13:54:40 Eagl777 get new signal
2020-09-17 13:54:42 Eagl777 getting signal message started
2020-09-17 13:55:06 WallstreetFXsignals new update is 1:29:03 PM last update is 8:03:51 AM
2020-09-17 13:55:06 WallstreetFXsignals get new signal
2020-09-17 13:55:08 WallstreetFXsignals getting signal message started
2020-09-17 13:55:32 wolfofforexplus new update is 1:29:03 PM last update is 11:13:51 AM
2020-09-17 13:55:32 wolfofforexplus get new signal
2020-09-17 13:55:34 wolfofforexplus getting signal message started
2020-09-17 13:55:50 light_forex new update is 10:08:58 AM last update is 10:08:58 AM
2020-09-17 13:55:50 light_forex repeated signal
2020-09-17 13:56:05 FXMZ51 new update is 10:59:12 PM last update is 10:59:12 PM
2020-09-17 13:56:05 FXMZ51 repeated signal
2020-09-17 13:56:23 signallforex123 new update is 1:29:03 PM last update is 1:29:03 PM
2020-09-17 13:56:23 signallforex123 repeated signal
2020-09-17 13:56:36 professoroff new update is 10:40:22 AM last update is 1:29:03 PM
2020-09-17 13:56:36 professoroff get new signal
2020-09-17 13:56:38 professoroff getting signal message started
2020-09-17 13:57:04 forexsignalzz new update is 9:01:07 PM last update is 1:29:03 PM
2020-09-17 13:57:04 forexsignalzz get new signal
2020-09-17 13:57:06 forexsignalzz getting signal message started
2020-09-17 13:57:21 amirFX_signal new update is 1:08:06 PM last update is 1:29:03 PM
2020-09-17 13:57:21 amirFX_signal get new signal
2020-09-17 13:57:23 amirFX_signal getting signal message started
2020-09-17 13:57:26 amirFX_signal getting signal message successfully ended
2020-09-17 13:57:26  writting signal message started
2020-09-17 13:57:51 FOR3X_SIGNAL new update is 12:19:52 PM last update is 1:29:03 PM
2020-09-17 13:57:51 FOR3X_SIGNAL get new signal
2020-09-17 13:57:53 FOR3X_SIGNAL getting signal message started
2020-09-17 13:57:55 FOR3X_SIGNAL getting signal message successfully ended
2020-09-17 13:57:55 FOR3X_SIGNAL signal text is : GBPJPY BUY 135.60
SL 135.00
TP 137.00
2020-09-17 13:57:55  writting signal message started
2020-09-17 13:58:21 Eagl777 new update is 5:11:26 PM last update is 1:29:03 PM
2020-09-17 13:58:21 Eagl777 get new signal
2020-09-17 13:58:23 Eagl777 getting signal message started
2020-09-17 13:58:47 WallstreetFXsignals new update is 8:21:47 AM last update is 1:29:03 PM
2020-09-17 13:58:47 WallstreetFXsignals get new signal
2020-09-17 13:58:49 WallstreetFXsignals getting signal message started
2020-09-17 13:59:14 wolfofforexplus new update is 8:21:47 AM last update is 1:29:03 PM
2020-09-17 13:59:14 wolfofforexplus get new signal
2020-09-17 13:59:16 wolfofforexplus getting signal message started
2020-09-17 13:59:32 light_forex new update is 10:08:58 AM last update is 10:08:58 AM
2020-09-17 13:59:32 light_forex repeated signal
2020-09-17 13:59:52 FXMZ51 new update is 10:59:12 PM last update is 10:59:12 PM
2020-09-17 13:59:52 FXMZ51 repeated signal
2020-09-17 14:00:11 signallforex123 new update is 1:29:03 PM last update is 1:29:03 PM
2020-09-17 14:00:11 signallforex123 repeated signal
2020-09-17 14:00:27 professoroff new update is 10:40:22 AM last update is 10:40:22 AM
2020-09-17 14:00:27 professoroff repeated signal
2020-09-17 14:00:50 forexsignalzz new update is 10:40:22 AM last update is 9:01:07 PM
2020-09-17 14:00:50 forexsignalzz get new signal
2020-09-17 14:00:52 forexsignalzz getting signal message started
2020-09-17 14:01:15 amirFX_signal new update is 10:40:22 AM last update is 1:08:06 PM
2020-09-17 14:01:15 amirFX_signal get new signal
2020-09-17 14:01:17 amirFX_signal getting signal message started
2020-09-17 14:01:39 FOR3X_SIGNAL new update is 12:19:52 PM last update is 12:19:52 PM
2020-09-17 14:01:39 FOR3X_SIGNAL repeated signal
2020-09-17 14:01:55 Eagl777 new update is 5:11:26 PM last update is 5:11:26 PM
2020-09-17 14:01:55 Eagl777 repeated signal
2020-09-17 14:02:12 WallstreetFXsignals new update is 8:03:51 AM last update is 8:21:47 AM
2020-09-17 14:02:12 WallstreetFXsignals get new signal
2020-09-17 14:02:14 WallstreetFXsignals getting signal message started
2020-09-17 14:02:34 wolfofforexplus new update is 11:13:51 AM last update is 8:21:47 AM
2020-09-17 14:02:34 wolfofforexplus get new signal
2020-09-17 14:02:36 wolfofforexplus getting signal message started
2020-09-17 14:02:38 wolfofforexplus getting signal message successfully ended
2020-09-17 14:02:38 wolfofforexplus signal text is : #EURJPY
:chart_with_downwards_trend: SELL :125.36
:red_circle: STOP LOSS : hidden
:white_check_mark: TAKE PROFIT 1 : hidden
:white_check_mark: TAKE PROFIT 2 :
2020-09-17 14:02:52 light_forex new update is 10:08:58 AM last update is 10:08:58 AM
2020-09-17 14:02:52 light_forex repeated signal
2020-09-17 14:03:13 FXMZ51 new update is 10:08:58 AM last update is 10:59:12 PM
2020-09-17 14:03:13 FXMZ51 get new signal
2020-09-17 14:03:15 FXMZ51 getting signal message started
2020-09-17 14:03:39 signallforex123 new update is 10:08:58 AM last update is 1:29:03 PM
2020-09-17 14:03:39 signallforex123 get new signal
2020-09-17 14:03:41 signallforex123 getting signal message started
2020-09-17 14:03:57 professoroff new update is 10:40:22 AM last update is 10:40:22 AM
2020-09-17 14:03:57 professoroff repeated signal
2020-09-17 14:04:15 forexsignalzz new update is 9:01:07 PM last update is 10:40:22 AM
2020-09-17 14:04:15 forexsignalzz get new signal
2020-09-17 14:04:17 forexsignalzz getting signal message started
2020-09-17 14:04:41 amirFX_signal new update is 1:08:06 PM last update is 10:40:22 AM
2020-09-17 14:04:41 amirFX_signal get new signal
2020-09-17 14:04:43 amirFX_signal getting signal message started
2020-09-17 14:04:46 amirFX_signal getting signal message successfully ended
2020-09-17 14:04:46  writting signal message started
2020-09-17 14:05:17 FOR3X_SIGNAL new update is 12:19:52 PM last update is 12:19:52 PM
2020-09-17 14:05:17 FOR3X_SIGNAL repeated signal
2020-09-17 14:05:33 Eagl777 new update is 5:11:26 PM last update is 5:11:26 PM
2020-09-17 14:05:33 Eagl777 repeated signal
2020-09-17 14:05:53 WallstreetFXsignals new update is 8:03:51 AM last update is 8:03:51 AM
2020-09-17 14:05:53 WallstreetFXsignals repeated signal
2020-09-17 14:06:14 wolfofforexplus new update is 11:13:51 AM last update is 11:13:51 AM
2020-09-17 14:06:14 wolfofforexplus repeated signal
2020-09-17 14:06:28 light_forex new update is 10:08:58 AM last update is 10:08:58 AM
2020-09-17 14:06:28 light_forex repeated signal
2020-09-17 14:06:43 FXMZ51 new update is 10:59:12 PM last update is 10:08:58 AM
2020-09-17 14:06:43 FXMZ51 get new signal
2020-09-17 14:06:45 FXMZ51 getting signal message started
2020-09-17 14:07:09 signallforex123 new update is 10:59:12 PM last update is 10:08:58 AM
2020-09-17 14:07:09 signallforex123 get new signal
2020-09-17 14:07:11 signallforex123 getting signal message started
2020-09-17 14:07:35 professoroff new update is 10:59:12 PM last update is 10:40:22 AM
2020-09-17 14:07:35 professoroff get new signal
2020-09-17 14:07:37 professoroff getting signal message started
2020-09-17 14:08:02 forexsignalzz new update is 10:59:12 PM last update is 9:01:07 PM
2020-09-17 14:08:02 forexsignalzz get new signal
2020-09-17 14:08:04 forexsignalzz getting signal message started
2020-09-17 14:08:26 amirFX_signal new update is 1:08:06 PM last update is 1:08:06 PM
2020-09-17 14:08:26 amirFX_signal repeated signal
2020-09-17 14:08:46 FOR3X_SIGNAL new update is 2:06:59 PM last update is 12:19:52 PM
2020-09-17 14:08:46 FOR3X_SIGNAL get new signal
2020-09-17 14:08:48 FOR3X_SIGNAL getting signal message started
2020-09-17 14:09:03 Eagl777 new update is 5:11:26 PM last update is 5:11:26 PM
2020-09-17 14:09:03 Eagl777 repeated signal
2020-09-17 14:09:21 WallstreetFXsignals new update is 8:03:51 AM last update is 8:03:51 AM
2020-09-17 14:09:21 WallstreetFXsignals repeated signal
2020-09-17 14:09:40 wolfofforexplus new update is 11:13:51 AM last update is 11:13:51 AM
2020-09-17 14:09:40 wolfofforexplus repeated signal
2020-09-17 14:09:54 light_forex new update is 10:08:58 AM last update is 10:08:58 AM
2020-09-17 14:09:54 light_forex repeated signal
2020-09-17 14:10:09 FXMZ51 new update is 10:59:12 PM last update is 10:59:12 PM
2020-09-17 14:10:09 FXMZ51 repeated signal
2020-09-17 14:10:30 signallforex123 new update is 1:29:03 PM last update is 10:59:12 PM
2020-09-17 14:10:30 signallforex123 get new signal
2020-09-17 14:10:32 signallforex123 getting signal message started
2020-09-17 14:10:48 professoroff new update is 10:40:22 AM last update is 10:59:12 PM
2020-09-17 14:10:48 professoroff get new signal
2020-09-17 14:10:50 professoroff getting signal message started
2020-09-17 14:11:11 forexsignalzz new update is 9:01:07 PM last update is 10:59:12 PM
2020-09-17 14:11:11 forexsignalzz get new signal
2020-09-17 14:11:13 forexsignalzz getting signal message started
2020-09-17 14:11:33 amirFX_signal new update is 1:08:06 PM last update is 1:08:06 PM
2020-09-17 14:11:33 amirFX_signal repeated signal
2020-09-17 14:11:52 FOR3X_SIGNAL new update is 2:06:59 PM last update is 2:06:59 PM
2020-09-17 14:11:52 FOR3X_SIGNAL repeated signal
2020-09-17 14:12:06 Eagl777 new update is 5:11:26 PM last update is 5:11:26 PM
2020-09-17 14:12:06 Eagl777 repeated signal
2020-09-17 14:12:21 WallstreetFXsignals new update is 8:03:51 AM last update is 8:03:51 AM
2020-09-17 14:12:21 WallstreetFXsignals repeated signal
2020-09-17 14:12:40 wolfofforexplus new update is 11:13:51 AM last update is 11:13:51 AM
2020-09-17 14:12:40 wolfofforexplus repeated signal
2020-09-17 14:12:54 light_forex new update is 10:08:58 AM last update is 10:08:58 AM
2020-09-17 14:12:54 light_forex repeated signal
2020-09-17 14:13:07 FXMZ51 new update is 10:59:12 PM last update is 10:59:12 PM
2020-09-17 14:13:07 FXMZ51 repeated signal
2020-09-17 14:13:27 signallforex123 new update is 1:29:03 PM last update is 1:29:03 PM
2020-09-17 14:13:27 signallforex123 repeated signal
2020-09-17 14:13:40 professoroff new update is 10:40:22 AM last update is 10:40:22 AM
2020-09-17 14:13:40 professoroff repeated signal
2020-09-17 14:14:00 forexsignalzz new update is 9:01:07 PM last update is 9:01:07 PM
2020-09-17 14:14:00 forexsignalzz repeated signal
2020-09-17 14:14:16 amirFX_signal new update is 1:08:06 PM last update is 1:08:06 PM
2020-09-17 14:14:16 amirFX_signal repeated signal
2020-09-17 14:14:31 FOR3X_SIGNAL new update is 2:06:59 PM last update is 2:06:59 PM
2020-09-17 14:14:31 FOR3X_SIGNAL repeated signal
2020-09-17 14:14:45 Eagl777 new update is 5:11:26 PM last update is 5:11:26 PM
2020-09-17 14:14:45 Eagl777 repeated signal
2020-09-17 14:15:04 WallstreetFXsignals new update is 8:03:51 AM last update is 8:03:51 AM
2020-09-17 14:15:04 WallstreetFXsignals repeated signal
2020-09-17 14:15:24 wolfofforexplus new update is 11:13:51 AM last update is 11:13:51 AM
2020-09-17 14:15:24 wolfofforexplus repeated signal
2020-09-17 14:15:38 light_forex new update is 10:08:58 AM last update is 10:08:58 AM
2020-09-17 14:15:38 light_forex repeated signal
2020-09-17 14:15:59 FXMZ51 new update is 10:08:58 AM last update is 10:59:12 PM
2020-09-17 14:15:59 FXMZ51 get new signal
2020-09-17 14:16:01 FXMZ51 getting signal message started
2020-09-17 14:16:25 signallforex123 new update is 10:08:58 AM last update is 1:29:03 PM
2020-09-17 14:16:25 signallforex123 get new signal
2020-09-17 14:16:27 signallforex123 getting signal message started
2020-09-17 14:16:51 professoroff new update is 10:08:58 AM last update is 10:40:22 AM
2020-09-17 14:16:51 professoroff get new signal
2020-09-17 14:16:53 professoroff getting signal message started
2020-09-17 14:17:18 forexsignalzz new update is 10:08:58 AM last update is 9:01:07 PM
2020-09-17 14:17:18 forexsignalzz get new signal
2020-09-17 14:17:20 forexsignalzz getting signal message started
2020-09-17 14:17:44 amirFX_signal new update is 10:08:58 AM last update is 1:08:06 PM
2020-09-17 14:17:44 amirFX_signal get new signal
2020-09-17 14:17:46 amirFX_signal getting signal message started
2020-09-17 14:18:10 FOR3X_SIGNAL new update is 10:08:58 AM last update is 2:06:59 PM
2020-09-17 14:18:10 FOR3X_SIGNAL get new signal
2020-09-17 14:18:12 FOR3X_SIGNAL getting signal message started
2020-09-17 14:18:36 Eagl777 new update is 10:08:58 AM last update is 5:11:26 PM
2020-09-17 14:18:36 Eagl777 get new signal
2020-09-17 14:18:38 Eagl777 getting signal message started
2020-09-17 14:19:02 WallstreetFXsignals new update is 8:03:51 AM last update is 8:03:51 AM
2020-09-17 14:19:02 WallstreetFXsignals repeated signal
2020-09-17 14:19:23 wolfofforexplus new update is 8:03:51 AM last update is 11:13:51 AM
2020-09-17 14:19:23 wolfofforexplus get new signal
2020-09-17 14:19:25 wolfofforexplus getting signal message started
2020-09-17 14:19:41 light_forex new update is 10:08:58 AM last update is 10:08:58 AM
2020-09-17 14:19:41 light_forex repeated signal
2020-09-17 14:19:56 FXMZ51 new update is 10:59:12 PM last update is 10:08:58 AM
2020-09-17 14:19:56 FXMZ51 get new signal
2020-09-17 14:19:58 FXMZ51 getting signal message started
2020-09-17 14:20:20 signallforex123 new update is 1:29:03 PM last update is 10:08:58 AM
2020-09-17 14:20:20 signallforex123 get new signal
2020-09-17 14:20:22 signallforex123 getting signal message started
2020-09-17 14:20:40 professoroff new update is 10:40:22 AM last update is 10:08:58 AM
2020-09-17 14:20:40 professoroff get new signal
2020-09-17 14:20:42 professoroff getting signal message started
2020-09-17 14:21:05 forexsignalzz new update is 9:01:07 PM last update is 10:08:58 AM
2020-09-17 14:21:05 forexsignalzz get new signal
2020-09-17 14:21:07 forexsignalzz getting signal message started
2020-09-17 14:21:29 amirFX_signal new update is 1:08:06 PM last update is 10:08:58 AM
2020-09-17 14:21:29 amirFX_signal get new signal
2020-09-17 14:21:31 amirFX_signal getting signal message started
2020-09-17 14:21:34 amirFX_signal getting signal message successfully ended
2020-09-17 14:21:34  writting signal message started
2020-09-17 14:22:07 FOR3X_SIGNAL new update is 2:06:59 PM last update is 10:08:58 AM
2020-09-17 14:22:07 FOR3X_SIGNAL get new signal
2020-09-17 14:22:09 FOR3X_SIGNAL getting signal message started
2020-09-17 14:22:25 Eagl777 new update is 5:11:26 PM last update is 10:08:58 AM
2020-09-17 14:22:25 Eagl777 get new signal
2020-09-17 14:22:27 Eagl777 getting signal message started
2020-09-17 14:22:52 WallstreetFXsignals new update is 8:03:51 AM last update is 8:03:51 AM
2020-09-17 14:22:52 WallstreetFXsignals repeated signal
2020-09-17 14:23:13 wolfofforexplus new update is 8:03:51 AM last update is 8:03:51 AM
2020-09-17 14:23:13 wolfofforexplus repeated signal
2020-09-17 14:23:27 light_forex new update is 10:08:58 AM last update is 10:08:58 AM
2020-09-17 14:23:27 light_forex repeated signal
2020-09-17 14:23:44 FXMZ51 new update is 10:59:12 PM last update is 10:59:12 PM
2020-09-17 14:23:44 FXMZ51 repeated signal
2020-09-17 14:24:06 signallforex123 new update is 1:29:03 PM last update is 1:29:03 PM
2020-09-17 14:24:06 signallforex123 repeated signal
2020-09-17 14:24:19 professoroff new update is 10:40:22 AM last update is 10:40:22 AM
2020-09-17 14:24:19 professoroff repeated signal
2020-09-17 14:24:40 forexsignalzz new update is 9:01:07 PM last update is 9:01:07 PM
2020-09-17 14:24:40 forexsignalzz repeated signal
2020-09-17 14:25:02 amirFX_signal new update is 1:08:06 PM last update is 1:08:06 PM
2020-09-17 14:25:02 amirFX_signal repeated signal
2020-09-17 14:25:23 FOR3X_SIGNAL new update is 2:06:59 PM last update is 2:06:59 PM
2020-09-17 14:25:23 FOR3X_SIGNAL repeated signal
2020-09-17 14:25:37 Eagl777 new update is 5:11:26 PM last update is 5:11:26 PM
2020-09-17 14:25:37 Eagl777 repeated signal
2020-09-17 14:25:56 WallstreetFXsignals new update is 8:03:51 AM last update is 8:03:51 AM
2020-09-17 14:25:56 WallstreetFXsignals repeated signal
2020-09-17 14:26:18 wolfofforexplus new update is 11:13:51 AM last update is 8:03:51 AM
2020-09-17 14:26:18 wolfofforexplus get new signal
2020-09-17 14:26:20 wolfofforexplus getting signal message started
2020-09-17 14:26:22 wolfofforexplus getting signal message successfully ended
2020-09-17 14:26:22 wolfofforexplus signal text is : #EURJPY
:chart_with_downwards_trend: SELL :125.36
:red_circle: STOP LOSS : hidden
:white_check_mark: TAKE PROFIT 1 : hidden
:white_check_mark: TAKE PROFIT 2 :
2020-09-17 14:26:36 light_forex new update is 10:08:58 AM last update is 10:08:58 AM
2020-09-17 14:26:36 light_forex repeated signal
2020-09-17 14:26:53 FXMZ51 new update is 10:59:12 PM last update is 10:59:12 PM
2020-09-17 14:26:53 FXMZ51 repeated signal
2020-09-17 14:27:13 signallforex123 new update is 1:29:03 PM last update is 1:29:03 PM
2020-09-17 14:27:13 signallforex123 repeated signal
2020-09-17 14:27:28 professoroff new update is 10:40:22 AM last update is 10:40:22 AM
2020-09-17 14:27:28 professoroff repeated signal
2020-09-17 14:27:49 forexsignalzz new update is 9:01:07 PM last update is 9:01:07 PM
2020-09-17 14:27:49 forexsignalzz repeated signal
2020-09-17 14:28:11 amirFX_signal new update is 1:08:06 PM last update is 1:08:06 PM
2020-09-17 14:28:11 amirFX_signal repeated signal
2020-09-17 14:28:30 FOR3X_SIGNAL new update is 2:06:59 PM last update is 2:06:59 PM
2020-09-17 14:28:30 FOR3X_SIGNAL repeated signal
2020-09-17 14:28:48 Eagl777 new update is 5:11:26 PM last update is 5:11:26 PM
2020-09-17 14:28:48 Eagl777 repeated signal
2020-09-17 14:29:09 WallstreetFXsignals new update is 8:03:51 AM last update is 8:03:51 AM
2020-09-17 14:29:09 WallstreetFXsignals repeated signal
2020-09-17 14:29:31 wolfofforexplus new update is 11:13:51 AM last update is 11:13:51 AM
2020-09-17 14:29:31 wolfofforexplus repeated signal
2020-09-17 14:29:44 light_forex new update is 10:08:58 AM last update is 10:08:58 AM
2020-09-17 14:29:44 light_forex repeated signal
2020-09-17 14:30:00 FXMZ51 new update is 10:59:12 PM last update is 10:59:12 PM
2020-09-17 14:30:00 FXMZ51 repeated signal
2020-09-17 14:30:21 signallforex123 new update is 10:59:12 PM last update is 1:29:03 PM
2020-09-17 14:30:21 signallforex123 get new signal
2020-09-17 14:30:23 signallforex123 getting signal message started
2020-09-17 14:30:41 professoroff new update is 10:40:22 AM last update is 10:40:22 AM
2020-09-17 14:30:41 professoroff repeated signal
2020-09-17 14:31:02 forexsignalzz new update is 9:01:07 PM last update is 9:01:07 PM
2020-09-17 14:31:02 forexsignalzz repeated signal
2020-09-17 14:31:24 amirFX_signal new update is 1:08:06 PM last update is 1:08:06 PM
2020-09-17 14:31:24 amirFX_signal repeated signal
2020-09-17 14:31:42 FOR3X_SIGNAL new update is 2:06:59 PM last update is 2:06:59 PM
2020-09-17 14:31:42 FOR3X_SIGNAL repeated signal
2020-09-17 14:31:59 Eagl777 new update is 5:11:26 PM last update is 5:11:26 PM
2020-09-17 14:31:59 Eagl777 repeated signal
2020-09-17 14:32:19 WallstreetFXsignals new update is 8:03:51 AM last update is 8:03:51 AM
2020-09-17 14:32:19 WallstreetFXsignals repeated signal
2020-09-17 14:32:40 wolfofforexplus new update is 11:13:51 AM last update is 11:13:51 AM
2020-09-17 14:32:40 wolfofforexplus repeated signal
2020-09-17 14:32:54 light_forex new update is 10:08:58 AM last update is 10:08:58 AM
2020-09-17 14:32:54 light_forex repeated signal
2020-09-17 14:33:09 FXMZ51 new update is 10:59:12 PM last update is 10:59:12 PM
2020-09-17 14:33:09 FXMZ51 repeated signal
2020-09-17 14:33:31 signallforex123 new update is 10:59:12 PM last update is 10:59:12 PM
2020-09-17 14:33:31 signallforex123 repeated signal
2020-09-17 14:33:47 professoroff new update is 10:40:22 AM last update is 10:40:22 AM
2020-09-17 14:33:47 professoroff repeated signal
2020-09-17 14:34:07 forexsignalzz new update is 9:01:07 PM last update is 9:01:07 PM
2020-09-17 14:34:07 forexsignalzz repeated signal
2020-09-17 14:34:29 amirFX_signal new update is 1:08:06 PM last update is 1:08:06 PM
2020-09-17 14:34:29 amirFX_signal repeated signal
2020-09-17 14:34:51 FOR3X_SIGNAL new update is 2:06:59 PM last update is 2:06:59 PM
2020-09-17 14:34:51 FOR3X_SIGNAL repeated signal
2020-09-17 14:35:06 Eagl777 new update is 5:11:26 PM last update is 5:11:26 PM
2020-09-17 14:35:06 Eagl777 repeated signal
2020-09-17 14:35:28 WallstreetFXsignals new update is 8:03:51 AM last update is 8:03:51 AM
2020-09-17 14:35:28 WallstreetFXsignals repeated signal
2020-09-17 14:35:49 wolfofforexplus new update is 8:03:51 AM last update is 11:13:51 AM
2020-09-17 14:35:49 wolfofforexplus get new signal
2020-09-17 14:35:51 wolfofforexplus getting signal message started
2020-09-17 14:36:07 light_forex new update is 10:08:58 AM last update is 10:08:58 AM
2020-09-17 14:36:07 light_forex repeated signal
2020-09-17 14:36:22 FXMZ51 new update is 10:59:12 PM last update is 10:59:12 PM
2020-09-17 14:36:22 FXMZ51 repeated signal
2020-09-17 14:36:44 signallforex123 new update is 2:36:39 PM last update is 10:59:12 PM
2020-09-17 14:36:44 signallforex123 get new signal
2020-09-17 14:36:46 signallforex123 getting signal message started
2020-09-17 14:37:02 professoroff new update is 10:40:22 AM last update is 10:40:22 AM
2020-09-17 14:37:02 professoroff repeated signal
2020-09-17 14:37:25 forexsignalzz new update is 9:01:07 PM last update is 9:01:07 PM
2020-09-17 14:37:25 forexsignalzz repeated signal
2020-09-17 14:37:44 amirFX_signal new update is 1:08:06 PM last update is 1:08:06 PM
2020-09-17 14:37:44 amirFX_signal repeated signal
2020-09-17 14:38:06 FOR3X_SIGNAL new update is 2:06:59 PM last update is 2:06:59 PM
2020-09-17 14:38:06 FOR3X_SIGNAL repeated signal
2020-09-17 14:38:24 Eagl777 new update is 5:11:26 PM last update is 5:11:26 PM
2020-09-17 14:38:24 Eagl777 repeated signal
2020-09-17 14:38:43 WallstreetFXsignals new update is 8:03:51 AM last update is 8:03:51 AM
2020-09-17 14:38:43 WallstreetFXsignals repeated signal
2020-09-17 14:39:05 wolfofforexplus new update is 8:03:51 AM last update is 8:03:51 AM
2020-09-17 14:39:05 wolfofforexplus repeated signal
2020-09-17 14:39:18 light_forex new update is 10:08:58 AM last update is 10:08:58 AM
2020-09-17 14:39:18 light_forex repeated signal
2020-09-17 14:39:36 FXMZ51 new update is 10:59:12 PM last update is 10:59:12 PM
2020-09-17 14:39:36 FXMZ51 repeated signal
2020-09-17 14:39:57 signallforex123 new update is 2:36:39 PM last update is 2:36:39 PM
2020-09-17 14:39:57 signallforex123 repeated signal
2020-09-17 14:40:13 professoroff new update is 10:40:22 AM last update is 10:40:22 AM
2020-09-17 14:40:13 professoroff repeated signal
2020-09-17 14:40:34 forexsignalzz new update is 9:01:07 PM last update is 9:01:07 PM
2020-09-17 14:40:34 forexsignalzz repeated signal
2020-09-17 14:40:53 amirFX_signal new update is 1:08:06 PM last update is 1:08:06 PM
2020-09-17 14:40:53 amirFX_signal repeated signal
2020-09-17 14:41:13 FOR3X_SIGNAL new update is 2:06:59 PM last update is 2:06:59 PM
2020-09-17 14:41:13 FOR3X_SIGNAL repeated signal
2020-09-17 14:41:30 Eagl777 new update is 5:11:26 PM last update is 5:11:26 PM
2020-09-17 14:41:30 Eagl777 repeated signal
2020-09-17 14:41:50 WallstreetFXsignals new update is 8:03:51 AM last update is 8:03:51 AM
2020-09-17 14:41:50 WallstreetFXsignals repeated signal
2020-09-17 14:42:11 wolfofforexplus new update is 8:03:51 AM last update is 8:03:51 AM
2020-09-17 14:42:11 wolfofforexplus repeated signal
2020-09-17 14:42:25 light_forex new update is 10:08:58 AM last update is 10:08:58 AM
2020-09-17 14:42:25 light_forex repeated signal
2020-09-17 14:42:40 FXMZ51 new update is 10:59:12 PM last update is 10:59:12 PM
2020-09-17 14:42:40 FXMZ51 repeated signal
2020-09-17 14:43:02 signallforex123 new update is 10:59:12 PM last update is 2:36:39 PM
2020-09-17 14:43:02 signallforex123 get new signal
2020-09-17 14:43:04 signallforex123 getting signal message started
2020-09-17 14:43:20 professoroff new update is 10:40:22 AM last update is 10:40:22 AM
2020-09-17 14:43:20 professoroff repeated signal
2020-09-17 14:43:35 forexsignalzz new update is 9:01:07 PM last update is 9:01:07 PM
2020-09-17 14:43:35 forexsignalzz repeated signal
2020-09-17 14:43:56 amirFX_signal new update is 1:08:06 PM last update is 1:08:06 PM
2020-09-17 14:43:56 amirFX_signal repeated signal
2020-09-17 14:44:18 FOR3X_SIGNAL new update is 2:06:59 PM last update is 2:06:59 PM
2020-09-17 14:44:18 FOR3X_SIGNAL repeated signal
2020-09-17 14:44:34 Eagl777 new update is 5:11:26 PM last update is 5:11:26 PM
2020-09-17 14:44:34 Eagl777 repeated signal
2020-09-17 14:44:55 WallstreetFXsignals new update is 8:03:51 AM last update is 8:03:51 AM
2020-09-17 14:44:55 WallstreetFXsignals repeated signal
2020-09-17 14:45:17 wolfofforexplus new update is 11:13:51 AM last update is 8:03:51 AM
2020-09-17 14:45:17 wolfofforexplus get new signal
2020-09-17 14:45:19 wolfofforexplus getting signal message started
2020-09-17 14:45:21 wolfofforexplus getting signal message successfully ended
2020-09-17 14:45:21 wolfofforexplus signal text is : #EURJPY
:chart_with_downwards_trend: SELL :125.36
:red_circle: STOP LOSS : hidden
:white_check_mark: TAKE PROFIT 1 : hidden
:white_check_mark: TAKE PROFIT 2 :
2020-09-17 14:45:34 light_forex new update is 10:08:58 AM last update is 10:08:58 AM
2020-09-17 14:45:34 light_forex repeated signal
2020-09-17 14:45:52 FXMZ51 new update is 10:59:12 PM last update is 10:59:12 PM
2020-09-17 14:45:52 FXMZ51 repeated signal
2020-09-17 14:46:12 signallforex123 new update is 2:43:24 PM last update is 10:59:12 PM
2020-09-17 14:46:12 signallforex123 get new signal
2020-09-17 14:46:14 signallforex123 getting signal message started
2020-09-17 14:46:16 signallforex123 getting signal message successfully ended
2020-09-17 14:46:16 signallforex123 signal text is : Eurusd buy limit 1.1770
Sl:1.1755
Tp1:1.1810
Tp2:1.1880
Tp3:1.1930
2020-09-17 14:46:16  writting signal message started
2020-09-17 14:46:41 professoroff new update is 10:40:22 AM last update is 10:40:22 AM
2020-09-17 14:46:41 professoroff repeated signal
2020-09-17 14:47:02 forexsignalzz new update is 9:01:07 PM last update is 9:01:07 PM
2020-09-17 14:47:02 forexsignalzz repeated signal
2020-09-17 14:47:24 amirFX_signal new update is 1:08:06 PM last update is 1:08:06 PM
2020-09-17 14:47:24 amirFX_signal repeated signal
2020-09-17 14:47:43 FOR3X_SIGNAL new update is 2:06:59 PM last update is 2:06:59 PM
2020-09-17 14:47:43 FOR3X_SIGNAL repeated signal
2020-09-17 14:48:01 Eagl777 new update is 5:11:26 PM last update is 5:11:26 PM
2020-09-17 14:48:01 Eagl777 repeated signal
2020-09-17 14:48:23 WallstreetFXsignals new update is 8:03:51 AM last update is 8:03:51 AM
2020-09-17 14:48:23 WallstreetFXsignals repeated signal
2020-09-17 14:48:44 wolfofforexplus new update is 8:03:51 AM last update is 11:13:51 AM
2020-09-17 14:48:44 wolfofforexplus get new signal
2020-09-17 14:48:46 wolfofforexplus getting signal message started
2020-09-17 14:49:02 light_forex new update is 10:08:58 AM last update is 10:08:58 AM
2020-09-17 14:49:02 light_forex repeated signal
2020-09-17 14:49:19 FXMZ51 new update is 10:59:12 PM last update is 10:59:12 PM
2020-09-17 14:49:19 FXMZ51 repeated signal
2020-09-17 14:49:41 signallforex123 new update is 2:43:24 PM last update is 2:43:24 PM
2020-09-17 14:49:41 signallforex123 repeated signal
2020-09-17 14:49:54 professoroff new update is 10:40:22 AM last update is 10:40:22 AM
2020-09-17 14:49:54 professoroff repeated signal
2020-09-17 14:50:15 forexsignalzz new update is 9:01:07 PM last update is 9:01:07 PM
2020-09-17 14:50:15 forexsignalzz repeated signal
2020-09-17 14:50:31 amirFX_signal new update is 1:08:06 PM last update is 1:08:06 PM
2020-09-17 14:50:31 amirFX_signal repeated signal
2020-09-17 14:50:52 FOR3X_SIGNAL new update is 2:06:59 PM last update is 2:06:59 PM
2020-09-17 14:50:52 FOR3X_SIGNAL repeated signal
2020-09-17 14:51:10 Eagl777 new update is 5:11:26 PM last update is 5:11:26 PM
2020-09-17 14:51:10 Eagl777 repeated signal
2020-09-17 14:51:29 WallstreetFXsignals new update is 8:03:51 AM last update is 8:03:51 AM
2020-09-17 14:51:29 WallstreetFXsignals repeated signal
2020-09-17 14:51:51 wolfofforexplus new update is 11:13:51 AM last update is 8:03:51 AM
2020-09-17 14:51:51 wolfofforexplus get new signal
2020-09-17 14:51:53 wolfofforexplus getting signal message started
2020-09-17 14:51:55 wolfofforexplus getting signal message successfully ended
2020-09-17 14:51:55 wolfofforexplus signal text is : #EURJPY
:chart_with_downwards_trend: SELL :125.36
:red_circle: STOP LOSS : hidden
:white_check_mark: TAKE PROFIT 1 : hidden
:white_check_mark: TAKE PROFIT 2 :
2020-09-17 14:52:09 light_forex new update is 10:08:58 AM last update is 10:08:58 AM
2020-09-17 14:52:09 light_forex repeated signal
2020-09-17 14:52:26 FXMZ51 new update is 10:59:12 PM last update is 10:59:12 PM
2020-09-17 14:52:26 FXMZ51 repeated signal
2020-09-17 14:52:48 signallforex123 new update is 2:43:24 PM last update is 2:43:24 PM
2020-09-17 14:52:48 signallforex123 repeated signal
2020-09-17 14:53:01 professoroff new update is 10:40:22 AM last update is 10:40:22 AM
2020-09-17 14:53:01 professoroff repeated signal
2020-09-17 14:53:22 forexsignalzz new update is 9:01:07 PM last update is 9:01:07 PM
2020-09-17 14:53:22 forexsignalzz repeated signal
2020-09-17 14:53:40 amirFX_signal new update is 1:08:06 PM last update is 1:08:06 PM
2020-09-17 14:53:40 amirFX_signal repeated signal
2020-09-17 14:54:01 FOR3X_SIGNAL new update is 1:08:06 PM last update is 2:06:59 PM
2020-09-17 14:54:01 FOR3X_SIGNAL get new signal
2020-09-17 14:54:03 FOR3X_SIGNAL getting signal message started
2020-09-17 14:54:25 Eagl777 new update is 5:11:26 PM last update is 5:11:26 PM
2020-09-17 14:54:25 Eagl777 repeated signal
2020-09-17 14:54:39 WallstreetFXsignals new update is 8:03:51 AM last update is 8:03:51 AM
2020-09-17 14:54:39 WallstreetFXsignals repeated signal
2020-09-17 14:55:00 wolfofforexplus new update is 8:03:51 AM last update is 11:13:51 AM
2020-09-17 14:55:00 wolfofforexplus get new signal
2020-09-17 14:55:02 wolfofforexplus getting signal message started
2020-09-17 14:55:18 light_forex new update is 10:08:58 AM last update is 10:08:58 AM
2020-09-17 14:55:18 light_forex repeated signal
2020-09-17 14:55:35 FXMZ51 new update is 10:59:12 PM last update is 10:59:12 PM
2020-09-17 14:55:35 FXMZ51 repeated signal
2020-09-17 14:55:57 signallforex123 new update is 2:43:24 PM last update is 2:43:24 PM
2020-09-17 14:55:57 signallforex123 repeated signal
2020-09-17 14:56:13 professoroff new update is 10:40:22 AM last update is 10:40:22 AM
2020-09-17 14:56:13 professoroff repeated signal
2020-09-17 14:56:31 forexsignalzz new update is 9:01:07 PM last update is 9:01:07 PM
2020-09-17 14:56:31 forexsignalzz repeated signal
2020-09-17 14:56:51 amirFX_signal new update is 1:08:06 PM last update is 1:08:06 PM
2020-09-17 14:56:51 amirFX_signal repeated signal
2020-09-17 14:57:10 FOR3X_SIGNAL new update is 2:06:59 PM last update is 1:08:06 PM
2020-09-17 14:57:10 FOR3X_SIGNAL get new signal
2020-09-17 14:57:12 FOR3X_SIGNAL getting signal message started
2020-09-17 14:57:28 Eagl777 new update is 5:11:26 PM last update is 5:11:26 PM
2020-09-17 14:57:28 Eagl777 repeated signal
2020-09-17 14:57:44 WallstreetFXsignals new update is 8:03:51 AM last update is 8:03:51 AM
2020-09-17 14:57:44 WallstreetFXsignals repeated signal
2020-09-17 14:58:05 wolfofforexplus new update is 11:13:51 AM last update is 8:03:51 AM
2020-09-17 14:58:05 wolfofforexplus get new signal
2020-09-17 14:58:07 wolfofforexplus getting signal message started
2020-09-17 14:58:09 wolfofforexplus getting signal message successfully ended
2020-09-17 14:58:09 wolfofforexplus signal text is : #EURJPY
:chart_with_downwards_trend: SELL :125.36
:red_circle: STOP LOSS : hidden
:white_check_mark: TAKE PROFIT 1 : hidden
:white_check_mark: TAKE PROFIT 2 :
2020-09-17 14:58:23 light_forex new update is 10:08:58 AM last update is 10:08:58 AM
2020-09-17 14:58:23 light_forex repeated signal
2020-09-17 14:58:36 FXMZ51 new update is 10:59:12 PM last update is 10:59:12 PM
2020-09-17 14:58:36 FXMZ51 repeated signal
2020-09-17 14:58:55 signallforex123 new update is 2:43:24 PM last update is 2:43:24 PM
2020-09-17 14:58:55 signallforex123 repeated signal
2020-09-17 14:59:11 professoroff new update is 10:40:22 AM last update is 10:40:22 AM
2020-09-17 14:59:11 professoroff repeated signal
2020-09-17 14:59:28 forexsignalzz new update is 9:01:07 PM last update is 9:01:07 PM
2020-09-17 14:59:28 forexsignalzz repeated signal
2020-09-17 14:59:47 amirFX_signal new update is 1:08:06 PM last update is 1:08:06 PM
2020-09-17 14:59:47 amirFX_signal repeated signal
2020-09-17 15:00:06 FOR3X_SIGNAL new update is 2:06:59 PM last update is 2:06:59 PM
2020-09-17 15:00:06 FOR3X_SIGNAL repeated signal
2020-09-17 15:00:24 Eagl777 new update is 5:11:26 PM last update is 5:11:26 PM
2020-09-17 15:00:24 Eagl777 repeated signal
2020-09-17 15:00:41 WallstreetFXsignals new update is 8:03:51 AM last update is 8:03:51 AM
2020-09-17 15:00:41 WallstreetFXsignals repeated signal
2020-09-17 15:01:01 wolfofforexplus new update is 11:13:51 AM last update is 11:13:51 AM
2020-09-17 15:01:01 wolfofforexplus repeated signal
2020-09-17 15:01:14 light_forex new update is 10:08:58 AM last update is 10:08:58 AM
2020-09-17 15:01:14 light_forex repeated signal
2020-09-17 15:01:30 FXMZ51 new update is 10:59:12 PM last update is 10:59:12 PM
2020-09-17 15:01:30 FXMZ51 repeated signal
2020-09-17 15:01:49 signallforex123 new update is 2:43:24 PM last update is 2:43:24 PM
2020-09-17 15:01:49 signallforex123 repeated signal
2020-09-17 15:02:03 professoroff new update is 10:40:22 AM last update is 10:40:22 AM
2020-09-17 15:02:03 professoroff repeated signal
2020-09-17 15:02:19 forexsignalzz new update is 9:01:07 PM last update is 9:01:07 PM
2020-09-17 15:02:19 forexsignalzz repeated signal
2020-09-17 15:02:37 amirFX_signal new update is 1:08:06 PM last update is 1:08:06 PM
2020-09-17 15:02:37 amirFX_signal repeated signal
2020-09-17 15:02:54 FOR3X_SIGNAL new update is 2:06:59 PM last update is 2:06:59 PM
2020-09-17 15:02:54 FOR3X_SIGNAL repeated signal
2020-09-17 15:03:08 Eagl777 new update is 5:11:26 PM last update is 5:11:26 PM
2020-09-17 15:03:08 Eagl777 repeated signal
2020-09-17 15:03:27 WallstreetFXsignals new update is 8:03:51 AM last update is 8:03:51 AM
2020-09-17 15:03:27 WallstreetFXsignals repeated signal
2020-09-17 15:03:49 wolfofforexplus new update is 8:03:51 AM last update is 11:13:51 AM
2020-09-17 15:03:49 wolfofforexplus get new signal
2020-09-17 15:03:51 wolfofforexplus getting signal message started
2020-09-17 15:04:07 light_forex new update is 10:08:58 AM last update is 10:08:58 AM
2020-09-17 15:04:07 light_forex repeated signal
2020-09-17 15:04:20 FXMZ51 new update is 10:59:12 PM last update is 10:59:12 PM
2020-09-17 15:04:20 FXMZ51 repeated signal
2020-09-17 15:04:42 signallforex123 new update is 10:59:12 PM last update is 2:43:24 PM
2020-09-17 15:04:42 signallforex123 get new signal
2020-09-17 15:04:44 signallforex123 getting signal message started
2020-09-17 15:05:02 professoroff new update is 10:40:22 AM last update is 10:40:22 AM
2020-09-17 15:05:02 professoroff repeated signal
2020-09-17 15:05:22 forexsignalzz new update is 9:01:07 PM last update is 9:01:07 PM
2020-09-17 15:05:22 forexsignalzz repeated signal
2020-09-17 15:05:42 amirFX_signal new update is 3:05:26 PM last update is 1:08:06 PM
2020-09-17 15:05:42 amirFX_signal get new signal
2020-09-17 15:05:44 amirFX_signal getting signal message started
2020-09-17 15:06:00 FOR3X_SIGNAL new update is 2:06:59 PM last update is 2:06:59 PM
2020-09-17 15:06:00 FOR3X_SIGNAL repeated signal
2020-09-17 15:06:15 Eagl777 new update is 5:11:26 PM last update is 5:11:26 PM
2020-09-17 15:06:15 Eagl777 repeated signal
2020-09-17 15:06:31 WallstreetFXsignals new update is 8:03:51 AM last update is 8:03:51 AM
2020-09-17 15:06:31 WallstreetFXsignals repeated signal
2020-09-17 15:06:52 wolfofforexplus new update is 8:03:51 AM last update is 8:03:51 AM
2020-09-17 15:06:52 wolfofforexplus repeated signal
2020-09-17 15:07:06 light_forex new update is 10:08:58 AM last update is 10:08:58 AM
2020-09-17 15:07:06 light_forex repeated signal
2020-09-17 15:07:21 FXMZ51 new update is 10:59:12 PM last update is 10:59:12 PM
2020-09-17 15:07:21 FXMZ51 repeated signal
2020-09-17 15:07:39 signallforex123 new update is 2:43:24 PM last update is 10:59:12 PM
2020-09-17 15:07:39 signallforex123 get new signal
2020-09-17 15:07:41 signallforex123 getting signal message started
2020-09-17 15:07:43 signallforex123 getting signal message successfully ended
2020-09-17 15:07:43 signallforex123 signal text is : Eurusd buy limit 1.1770
Sl:1.1755
Tp1:1.1810
Tp2:1.1880
Tp3:1.1930
2020-09-17 15:07:43  writting signal message started
2020-09-17 15:08:10 professoroff new update is 10:40:22 AM last update is 10:40:22 AM
2020-09-17 15:08:10 professoroff repeated signal
2020-09-17 15:08:29 forexsignalzz new update is 9:01:07 PM last update is 9:01:07 PM
2020-09-17 15:08:29 forexsignalzz repeated signal
2020-09-17 15:08:46 amirFX_signal new update is 3:05:26 PM last update is 3:05:26 PM
2020-09-17 15:08:46 amirFX_signal repeated signal
2020-09-17 15:09:08 FOR3X_SIGNAL new update is 2:06:59 PM last update is 2:06:59 PM
2020-09-17 15:09:08 FOR3X_SIGNAL repeated signal
2020-09-17 15:09:25 Eagl777 new update is 5:11:26 PM last update is 5:11:26 PM
2020-09-17 15:09:25 Eagl777 repeated signal
2020-09-17 15:09:41 WallstreetFXsignals new update is 8:03:51 AM last update is 8:03:51 AM
2020-09-17 15:09:41 WallstreetFXsignals repeated signal
2020-09-17 15:10:02 wolfofforexplus new update is 8:03:51 AM last update is 8:03:51 AM
2020-09-17 15:10:02 wolfofforexplus repeated signal
2020-09-17 15:10:16 light_forex new update is 10:08:58 AM last update is 10:08:58 AM
2020-09-17 15:10:16 light_forex repeated signal
2020-09-17 15:10:31 FXMZ51 new update is 10:59:12 PM last update is 10:59:12 PM
2020-09-17 15:10:31 FXMZ51 repeated signal
2020-09-17 15:10:49 signallforex123 new update is 2:43:24 PM last update is 2:43:24 PM
2020-09-17 15:10:49 signallforex123 repeated signal
2020-09-17 15:11:04 professoroff new update is 10:40:22 AM last update is 10:40:22 AM
2020-09-17 15:11:04 professoroff repeated signal
2020-09-17 15:11:21 forexsignalzz new update is 9:01:07 PM last update is 9:01:07 PM
2020-09-17 15:11:21 forexsignalzz repeated signal
2020-09-17 15:11:38 amirFX_signal new update is 3:05:26 PM last update is 3:05:26 PM
2020-09-17 15:11:38 amirFX_signal repeated signal
2020-09-17 15:11:56 FOR3X_SIGNAL new update is 2:06:59 PM last update is 2:06:59 PM
2020-09-17 15:11:56 FOR3X_SIGNAL repeated signal
2020-09-17 15:12:11 Eagl777 new update is 5:11:26 PM last update is 5:11:26 PM
2020-09-17 15:12:11 Eagl777 repeated signal
2020-09-17 15:12:29 WallstreetFXsignals new update is 8:03:51 AM last update is 8:03:51 AM
2020-09-17 15:12:29 WallstreetFXsignals repeated signal
2020-09-17 15:12:48 wolfofforexplus new update is 11:13:51 AM last update is 8:03:51 AM
2020-09-17 15:12:48 wolfofforexplus get new signal
2020-09-17 15:12:50 wolfofforexplus getting signal message started
2020-09-17 15:12:53 wolfofforexplus getting signal message successfully ended
2020-09-17 15:12:53 wolfofforexplus signal text is : #EURJPY
:chart_with_downwards_trend: SELL :125.36
:red_circle: STOP LOSS : hidden
:white_check_mark: TAKE PROFIT 1 : hidden
:white_check_mark: TAKE PROFIT 2 :
2020-09-17 15:13:06 light_forex new update is 10:08:58 AM last update is 10:08:58 AM
2020-09-17 15:13:06 light_forex repeated signal
2020-09-17 15:13:22 FXMZ51 new update is 10:59:12 PM last update is 10:59:12 PM
2020-09-17 15:13:22 FXMZ51 repeated signal
2020-09-17 15:13:41 signallforex123 new update is 2:43:24 PM last update is 2:43:24 PM
2020-09-17 15:13:41 signallforex123 repeated signal
2020-09-17 15:13:57 professoroff new update is 10:40:22 AM last update is 10:40:22 AM
2020-09-17 15:13:57 professoroff repeated signal
2020-09-17 15:14:17 forexsignalzz new update is 9:01:07 PM last update is 9:01:07 PM
2020-09-17 15:14:17 forexsignalzz repeated signal
2020-09-17 15:14:35 amirFX_signal new update is 3:05:26 PM last update is 3:05:26 PM
2020-09-17 15:14:35 amirFX_signal repeated signal
2020-09-17 15:14:57 FOR3X_SIGNAL new update is 2:06:59 PM last update is 2:06:59 PM
2020-09-17 15:14:57 FOR3X_SIGNAL repeated signal
2020-09-17 15:15:12 Eagl777 new update is 5:11:26 PM last update is 5:11:26 PM
2020-09-17 15:15:12 Eagl777 repeated signal
2020-09-17 15:15:34 WallstreetFXsignals new update is 8:03:51 AM last update is 8:03:51 AM
2020-09-17 15:15:34 WallstreetFXsignals repeated signal
2020-09-17 15:15:55 wolfofforexplus new update is 11:13:51 AM last update is 11:13:51 AM
2020-09-17 15:15:55 wolfofforexplus repeated signal
2020-09-17 15:16:09 light_forex new update is 10:08:58 AM last update is 10:08:58 AM
2020-09-17 15:16:09 light_forex repeated signal
2020-09-17 15:16:22 FXMZ51 new update is 10:59:12 PM last update is 10:59:12 PM
2020-09-17 15:16:22 FXMZ51 repeated signal
2020-09-17 15:16:44 signallforex123 new update is 2:43:24 PM last update is 2:43:24 PM
2020-09-17 15:16:44 signallforex123 repeated signal
2020-09-17 15:16:57 professoroff new update is 10:40:22 AM last update is 10:40:22 AM
2020-09-17 15:16:57 professoroff repeated signal
2020-09-17 15:17:20 forexsignalzz new update is 9:01:07 PM last update is 9:01:07 PM
2020-09-17 15:17:20 forexsignalzz repeated signal
2020-09-17 15:17:38 amirFX_signal new update is 3:05:26 PM last update is 3:05:26 PM
2020-09-17 15:17:38 amirFX_signal repeated signal
2020-09-17 15:17:53 FOR3X_SIGNAL new update is 2:06:59 PM last update is 2:06:59 PM
2020-09-17 15:17:53 FOR3X_SIGNAL repeated signal
2020-09-17 15:18:07 Eagl777 new update is 5:11:26 PM last update is 5:11:26 PM
2020-09-17 15:18:07 Eagl777 repeated signal
2020-09-17 15:18:25 WallstreetFXsignals new update is 8:03:51 AM last update is 8:03:51 AM
2020-09-17 15:18:25 WallstreetFXsignals repeated signal
2020-09-17 15:18:40 wolfofforexplus new update is 11:13:51 AM last update is 11:13:51 AM
2020-09-17 15:18:40 wolfofforexplus repeated signal
2020-09-17 15:18:53 light_forex new update is 10:08:58 AM last update is 10:08:58 AM
2020-09-17 15:18:53 light_forex repeated signal
2020-09-17 15:19:07 FXMZ51 new update is 10:59:12 PM last update is 10:59:12 PM
2020-09-17 15:19:07 FXMZ51 repeated signal
2020-09-17 15:19:24 signallforex123 new update is 2:43:24 PM last update is 2:43:24 PM
2020-09-17 15:19:24 signallforex123 repeated signal
2020-09-17 15:19:40 professoroff new update is 10:40:22 AM last update is 10:40:22 AM
2020-09-17 15:19:40 professoroff repeated signal
2020-09-17 15:19:55 forexsignalzz new update is 9:01:07 PM last update is 9:01:07 PM
2020-09-17 15:19:55 forexsignalzz repeated signal
2020-09-17 15:20:10 amirFX_signal new update is 3:05:26 PM last update is 3:05:26 PM
2020-09-17 15:20:10 amirFX_signal repeated signal
2020-09-17 15:20:26 FOR3X_SIGNAL new update is 2:06:59 PM last update is 2:06:59 PM
2020-09-17 15:20:26 FOR3X_SIGNAL repeated signal
2020-09-17 15:20:44 Eagl777 new update is 5:11:26 PM last update is 5:11:26 PM
2020-09-17 15:20:44 Eagl777 repeated signal
2020-09-17 15:21:04 WallstreetFXsignals new update is 8:03:51 AM last update is 8:03:51 AM
2020-09-17 15:21:04 WallstreetFXsignals repeated signal
2020-09-17 15:21:21 wolfofforexplus new update is 11:13:51 AM last update is 11:13:51 AM
2020-09-17 15:21:21 wolfofforexplus repeated signal
2020-09-17 15:21:34 light_forex new update is 3:19:41 PM last update is 10:08:58 AM
2020-09-17 15:21:34 light_forex get new signal
2020-09-17 15:21:36 light_forex getting signal message started
2020-09-17 15:21:39 light_forex getting signal message successfully ended
2020-09-17 15:21:39 light_forex signal text is : AUDUSD SELL 0.7292
TP 0.7100
SL 0.7382
2020-09-17 15:21:39  writting signal message started
2020-09-17 15:22:04 FXMZ51 new update is 10:59:12 PM last update is 10:59:12 PM
2020-09-17 15:22:04 FXMZ51 repeated signal
2020-09-17 15:22:20 signallforex123 new update is 2:43:24 PM last update is 2:43:24 PM
2020-09-17 15:22:20 signallforex123 repeated signal
2020-09-17 15:22:34 professoroff new update is 10:40:22 AM last update is 10:40:22 AM
2020-09-17 15:22:34 professoroff repeated signal
2020-09-17 15:22:52 forexsignalzz new update is 9:01:07 PM last update is 9:01:07 PM
2020-09-17 15:22:52 forexsignalzz repeated signal
2020-09-17 15:23:10 amirFX_signal new update is 3:05:26 PM last update is 3:05:26 PM
2020-09-17 15:23:10 amirFX_signal repeated signal
2020-09-17 15:23:26 FOR3X_SIGNAL new update is 2:06:59 PM last update is 2:06:59 PM
2020-09-17 15:23:26 FOR3X_SIGNAL repeated signal
2020-09-17 15:23:39 Eagl777 new update is 5:11:26 PM last update is 5:11:26 PM
2020-09-17 15:23:39 Eagl777 repeated signal
2020-09-17 15:23:57 WallstreetFXsignals new update is 8:03:51 AM last update is 8:03:51 AM
2020-09-17 15:23:57 WallstreetFXsignals repeated signal
2020-09-17 15:24:18 wolfofforexplus new update is 8:03:51 AM last update is 11:13:51 AM
2020-09-17 15:24:18 wolfofforexplus get new signal
2020-09-17 15:24:20 wolfofforexplus getting signal message started
2020-09-17 15:24:36 light_forex new update is 3:19:41 PM last update is 3:19:41 PM
2020-09-17 15:24:36 light_forex repeated signal
2020-09-17 15:24:52 FXMZ51 new update is 10:59:12 PM last update is 10:59:12 PM
2020-09-17 15:24:52 FXMZ51 repeated signal
2020-09-17 15:25:13 signallforex123 new update is 2:43:24 PM last update is 2:43:24 PM
2020-09-17 15:25:13 signallforex123 repeated signal
2020-09-17 15:25:29 professoroff new update is 3:23:50 PM last update is 10:40:22 AM
2020-09-17 15:25:29 professoroff get new signal
2020-09-17 15:25:31 professoroff getting signal message started
2020-09-17 15:25:56 forexsignalzz new update is 9:01:07 PM last update is 9:01:07 PM
2020-09-17 15:25:56 forexsignalzz repeated signal
2020-09-17 15:26:18 amirFX_signal new update is 3:05:26 PM last update is 3:05:26 PM
2020-09-17 15:26:18 amirFX_signal repeated signal
2020-09-17 15:26:37 FOR3X_SIGNAL new update is 2:06:59 PM last update is 2:06:59 PM
2020-09-17 15:26:37 FOR3X_SIGNAL repeated signal
2020-09-17 15:26:55 Eagl777 new update is 5:11:26 PM last update is 5:11:26 PM
2020-09-17 15:26:55 Eagl777 repeated signal
2020-09-17 15:27:15 WallstreetFXsignals new update is 8:03:51 AM last update is 8:03:51 AM
2020-09-17 15:27:15 WallstreetFXsignals repeated signal
2020-09-17 15:27:36 wolfofforexplus new update is 11:13:51 AM last update is 8:03:51 AM
2020-09-17 15:27:36 wolfofforexplus get new signal
2020-09-17 15:27:38 wolfofforexplus getting signal message started
2020-09-17 15:27:54 light_forex new update is 3:19:41 PM last update is 3:19:41 PM
2020-09-17 15:27:54 light_forex repeated signal
2020-09-17 15:28:11 FXMZ51 new update is 10:59:12 PM last update is 10:59:12 PM
2020-09-17 15:28:11 FXMZ51 repeated signal
2020-09-17 15:28:31 signallforex123 new update is 2:43:24 PM last update is 2:43:24 PM
2020-09-17 15:28:31 signallforex123 repeated signal
2020-09-17 15:28:46 professoroff new update is 3:23:50 PM last update is 3:23:50 PM
2020-09-17 15:28:46 professoroff repeated signal
2020-09-17 15:29:07 forexsignalzz new update is 9:01:07 PM last update is 9:01:07 PM
2020-09-17 15:29:07 forexsignalzz repeated signal
2020-09-17 15:29:29 amirFX_signal new update is 3:05:26 PM last update is 3:05:26 PM
2020-09-17 15:29:29 amirFX_signal repeated signal
2020-09-17 15:29:50 FOR3X_SIGNAL new update is 2:06:59 PM last update is 2:06:59 PM
2020-09-17 15:29:50 FOR3X_SIGNAL repeated signal
2020-09-17 15:30:04 Eagl777 new update is 5:11:26 PM last update is 5:11:26 PM
2020-09-17 15:30:04 Eagl777 repeated signal
2020-09-17 15:30:24 WallstreetFXsignals new update is 8:03:51 AM last update is 8:03:51 AM
2020-09-17 15:30:24 WallstreetFXsignals repeated signal
2020-09-17 15:30:45 wolfofforexplus new update is 11:13:51 AM last update is 11:13:51 AM
2020-09-17 15:30:45 wolfofforexplus repeated signal
2020-09-17 15:30:58 light_forex new update is 3:19:41 PM last update is 3:19:41 PM
2020-09-17 15:30:58 light_forex repeated signal
2020-09-17 15:31:14 FXMZ51 new update is 10:59:12 PM last update is 10:59:12 PM
2020-09-17 15:31:14 FXMZ51 repeated signal
2020-09-17 15:31:36 signallforex123 new update is 2:43:24 PM last update is 2:43:24 PM
2020-09-17 15:31:36 signallforex123 repeated signal
2020-09-17 15:31:51 professoroff new update is 3:23:50 PM last update is 3:23:50 PM
2020-09-17 15:31:51 professoroff repeated signal
2020-09-17 15:32:12 forexsignalzz new update is 9:01:07 PM last update is 9:01:07 PM
2020-09-17 15:32:12 forexsignalzz repeated signal
2020-09-17 15:32:31 amirFX_signal new update is 3:05:26 PM last update is 3:05:26 PM
2020-09-17 15:32:31 amirFX_signal repeated signal
2020-09-17 15:32:51 FOR3X_SIGNAL new update is 2:06:59 PM last update is 2:06:59 PM
2020-09-17 15:32:51 FOR3X_SIGNAL repeated signal
2020-09-17 15:33:09 Eagl777 new update is 5:11:26 PM last update is 5:11:26 PM
2020-09-17 15:33:09 Eagl777 repeated signal
2020-09-17 15:33:28 WallstreetFXsignals new update is 8:03:51 AM last update is 8:03:51 AM
2020-09-17 15:33:28 WallstreetFXsignals repeated signal
2020-09-17 15:33:50 wolfofforexplus new update is 8:03:51 AM last update is 11:13:51 AM
2020-09-17 15:33:50 wolfofforexplus get new signal
2020-09-17 15:33:52 wolfofforexplus getting signal message started
2020-09-17 15:34:07 light_forex new update is 3:19:41 PM last update is 3:19:41 PM
2020-09-17 15:34:07 light_forex repeated signal
2020-09-17 15:34:23 FXMZ51 new update is 10:59:12 PM last update is 10:59:12 PM
2020-09-17 15:34:23 FXMZ51 repeated signal
2020-09-17 15:34:44 signallforex123 new update is 10:59:12 PM last update is 2:43:24 PM
2020-09-17 15:34:44 signallforex123 get new signal
2020-09-17 15:34:46 signallforex123 getting signal message started
2020-09-17 15:35:02 professoroff new update is 3:23:50 PM last update is 3:23:50 PM
2020-09-17 15:35:02 professoroff repeated signal
2020-09-17 15:35:23 forexsignalzz new update is 9:01:07 PM last update is 9:01:07 PM
2020-09-17 15:35:23 forexsignalzz repeated signal
2020-09-17 15:35:43 amirFX_signal new update is 3:05:26 PM last update is 3:05:26 PM
2020-09-17 15:35:43 amirFX_signal repeated signal
2020-09-17 15:36:00 FOR3X_SIGNAL new update is 2:06:59 PM last update is 2:06:59 PM
2020-09-17 15:36:00 FOR3X_SIGNAL repeated signal
2020-09-17 15:36:14 Eagl777 new update is 5:11:26 PM last update is 5:11:26 PM
2020-09-17 15:36:14 Eagl777 repeated signal
2020-09-17 15:36:31 WallstreetFXsignals new update is 8:03:51 AM last update is 8:03:51 AM
2020-09-17 15:36:31 WallstreetFXsignals repeated signal
2020-09-17 15:36:53 wolfofforexplus new update is 8:03:51 AM last update is 8:03:51 AM
2020-09-17 15:36:53 wolfofforexplus repeated signal
2020-09-17 15:37:06 light_forex new update is 3:19:41 PM last update is 3:19:41 PM
2020-09-17 15:37:06 light_forex repeated signal
2020-09-17 15:37:22 FXMZ51 new update is 10:59:12 PM last update is 10:59:12 PM
2020-09-17 15:37:22 FXMZ51 repeated signal
2020-09-17 15:37:43 signallforex123 new update is 2:43:24 PM last update is 10:59:12 PM
2020-09-17 15:37:43 signallforex123 get new signal
2020-09-17 15:37:45 signallforex123 getting signal message started
2020-09-17 15:37:48 signallforex123 getting signal message successfully ended
2020-09-17 15:37:48 signallforex123 signal text is : Eurusd buy limit 1.1770
Sl:1.1755
Tp1:1.1810
Tp2:1.1880
Tp3:1.1930
2020-09-17 15:37:48  writting signal message started
2020-09-17 15:38:13 professoroff new update is 3:36:36 PM last update is 3:23:50 PM
2020-09-17 15:38:13 professoroff get new signal
2020-09-17 15:38:15 professoroff getting signal message started
2020-09-17 15:38:34 forexsignalzz new update is 9:01:07 PM last update is 9:01:07 PM
2020-09-17 15:38:34 forexsignalzz repeated signal
2020-09-17 15:38:55 amirFX_signal new update is 3:05:26 PM last update is 3:05:26 PM
2020-09-17 15:38:55 amirFX_signal repeated signal
2020-09-17 15:39:15 FOR3X_SIGNAL new update is 2:06:59 PM last update is 2:06:59 PM
2020-09-17 15:39:15 FOR3X_SIGNAL repeated signal
2020-09-17 15:39:33 Eagl777 new update is 5:11:26 PM last update is 5:11:26 PM
2020-09-17 15:39:33 Eagl777 repeated signal
2020-09-17 15:39:50 WallstreetFXsignals new update is 8:03:51 AM last update is 8:03:51 AM
2020-09-17 15:39:50 WallstreetFXsignals repeated signal
2020-09-17 15:41:12 wolfofforexplus new update is 11:13:51 AM last update is 8:03:51 AM
2020-09-17 15:41:12 wolfofforexplus get new signal
2020-09-17 15:41:14 wolfofforexplus getting signal message started
2020-09-17 15:41:30 light_forex new update is 3:19:41 PM last update is 0
2020-09-17 15:41:30 light_forex get new signal
2020-09-17 15:41:32 light_forex getting signal message started
2020-09-17 15:41:34 light_forex getting signal message successfully ended
2020-09-17 15:41:34 light_forex signal text is : AUDUSD SELL 0.7292
TP 0.7100
SL 0.7382
2020-09-17 15:41:34  writting signal message started
2020-09-17 15:42:00 FXMZ51 new update is 10:59:12 PM last update is 10:59:12 PM
2020-09-17 15:42:00 FXMZ51 repeated signal
2020-09-17 15:42:13 signallforex123 new update is 2:43:24 PM last update is 2:43:24 PM
2020-09-17 15:42:13 signallforex123 repeated signal
2020-09-17 15:42:27 professoroff new update is 3:36:36 PM last update is 3:36:36 PM
2020-09-17 15:42:27 professoroff repeated signal
2020-09-17 15:42:42 forexsignalzz new update is 9:01:07 PM last update is 9:01:07 PM
2020-09-17 15:42:42 forexsignalzz repeated signal
2020-09-17 15:42:55 amirFX_signal new update is 3:05:26 PM last update is 3:05:26 PM
2020-09-17 15:42:55 amirFX_signal repeated signal
2020-09-17 15:43:09 FOR3X_SIGNAL new update is 3:40:44 PM last update is 2:06:59 PM
2020-09-17 15:43:09 FOR3X_SIGNAL get new signal
2020-09-17 15:43:11 FOR3X_SIGNAL getting signal message started
2020-09-17 15:43:26 Eagl777 new update is 5:11:26 PM last update is 5:11:26 PM
2020-09-17 15:43:26 Eagl777 repeated signal
2020-09-17 15:43:40 WallstreetFXsignals new update is 8:03:51 AM last update is 8:03:51 AM
2020-09-17 15:43:40 WallstreetFXsignals repeated signal
2020-09-17 15:43:54 wolfofforexplus new update is 11:13:51 AM last update is 11:13:51 AM
2020-09-17 15:43:54 wolfofforexplus repeated signal
2020-09-17 15:44:07 light_forex new update is 3:19:41 PM last update is 3:19:41 PM
2020-09-17 15:44:07 light_forex repeated signal
2020-09-17 15:44:21 FXMZ51 new update is 10:59:12 PM last update is 10:59:12 PM
2020-09-17 15:44:21 FXMZ51 repeated signal
2020-09-17 15:44:34 signallforex123 new update is 2:43:24 PM last update is 2:43:24 PM
2020-09-17 15:44:34 signallforex123 repeated signal
2020-09-17 15:44:48 professoroff new update is 3:36:36 PM last update is 3:36:36 PM
2020-09-17 15:44:48 professoroff repeated signal
2020-09-17 15:45:02 forexsignalzz new update is 9:01:07 PM last update is 9:01:07 PM
2020-09-17 15:45:02 forexsignalzz repeated signal
2020-09-17 15:45:16 amirFX_signal new update is 3:05:26 PM last update is 3:05:26 PM
2020-09-17 15:45:16 amirFX_signal repeated signal
2020-09-17 15:45:30 FOR3X_SIGNAL new update is 3:40:44 PM last update is 3:40:44 PM
2020-09-17 15:45:30 FOR3X_SIGNAL repeated signal
2020-09-17 15:45:43 Eagl777 new update is 5:11:26 PM last update is 5:11:26 PM
2020-09-17 15:45:43 Eagl777 repeated signal
2020-09-17 15:45:57 WallstreetFXsignals new update is 8:03:51 AM last update is 8:03:51 AM
2020-09-17 15:45:57 WallstreetFXsignals repeated signal
2020-09-17 15:46:10 wolfofforexplus new update is 11:13:51 AM last update is 11:13:51 AM
2020-09-17 15:46:10 wolfofforexplus repeated signal
2020-09-17 15:46:24 light_forex new update is 3:19:41 PM last update is 3:19:41 PM
2020-09-17 15:46:24 light_forex repeated signal
2020-09-17 15:46:37 FXMZ51 new update is 10:59:12 PM last update is 10:59:12 PM
2020-09-17 15:46:37 FXMZ51 repeated signal
2020-09-17 15:46:51 signallforex123 new update is 2:43:24 PM last update is 2:43:24 PM
2020-09-17 15:46:51 signallforex123 repeated signal
