2020-09-16 11:09:43 forexsignalzz new update is 6:55:36 PM last update is 0
2020-09-16 11:09:43 forexsignalzz get new signal
2020-09-16 11:09:45 forexsignalzz getting signal message started
2020-09-16 11:09:57 amirFX_signal new update is 4:19:29 AM last update is 0
2020-09-16 11:09:57 amirFX_signal get new signal
2020-09-16 11:09:59 amirFX_signal getting signal message started
2020-09-16 11:10:14 FOR3X_SIGNAL new update is 10:35:15 AM last update is 0
2020-09-16 11:10:14 FOR3X_SIGNAL get new signal
2020-09-16 11:10:16 FOR3X_SIGNAL getting signal message started
2020-09-16 11:10:18 FOR3X_SIGNAL getting signal message successfully ended
2020-09-16 11:10:18 FOR3X_SIGNAL signal text is : EURAUD BUY 1.6200
SL 1.6100
TP 1.6300
2020-09-16 11:10:22  writting signal message started
2020-09-16 11:10:47 AmirFx VIP signal new update is 4:19:29 AM last update is 0
2020-09-16 11:10:47 AmirFx VIP signal get new signal
2020-09-16 11:10:49 AmirFx VIP signal getting signal message started
2020-09-16 11:11:04 Eagl777 new update is 5:11:26 PM last update is 0
2020-09-16 11:11:04 Eagl777 get new signal
2020-09-16 11:11:06 Eagl777 getting signal message started
2020-09-16 11:27:23 WallstreetFXsignals new update is 8:07:48 AM last update is 0
2020-09-16 11:27:23 WallstreetFXsignals get new signal
2020-09-16 11:27:25 WallstreetFXsignals getting signal message started
2020-09-16 11:27:38 wolfofforexplus new update is 11:13:51 AM last update is 0
2020-09-16 11:27:38 wolfofforexplus get new signal
2020-09-16 11:27:40 wolfofforexplus getting signal message started
2020-09-16 11:27:42 wolfofforexplus getting signal message successfully ended
2020-09-16 11:27:42 wolfofforexplus signal text is : #GOLD
:chart_with_downwards_trend: SELL IN : 1943
:red_circle: STOP LOSS : 1956
:white_check_mark: TAKE PROFIT 1 : 1935
:white_check_mark: TAKE PROFIT 2 : 1930
:white_check_mark: TAKEPROFIT  3 :
2020-09-16 11:27:42  writting signal message started
2020-09-16 11:28:03 light_forex new update is 10:10:45 PM last update is 0
2020-09-16 11:28:03 light_forex get new signal
2020-09-16 11:28:05 light_forex getting signal message started
2020-09-16 11:28:23 WSSignals new update is 10:10:45 PM last update is 0
2020-09-16 11:28:23 WSSignals get new signal
2020-09-16 11:28:25 WSSignals getting signal message started
2020-09-16 11:28:39 forexsignalzz new update is 6:55:36 PM last update is 6:55:36 PM
2020-09-16 11:28:39 forexsignalzz repeated signal
2020-09-16 11:28:50 amirFX_signal new update is 4:19:29 AM last update is 4:19:29 AM
2020-09-16 11:28:50 amirFX_signal repeated signal
2020-09-16 11:29:00 FOR3X_SIGNAL new update is 10:35:15 AM last update is 0
2020-09-16 11:29:00 FOR3X_SIGNAL get new signal
2020-09-16 11:29:02 FOR3X_SIGNAL getting signal message started
2020-09-16 11:29:04 FOR3X_SIGNAL getting signal message successfully ended
2020-09-16 11:29:04 FOR3X_SIGNAL getting signal message successfully ended
2020-09-16 11:29:04 FOR3X_SIGNAL signal text is : EURAUD BUY 1.6200
SL 1.6100
TP 1.6300
2020-09-16 11:29:30  writting signal message started
2020-09-16 11:29:42 FOR3X_SIGNAL signal text is : NZDUSD SELL 0.6726
SL 0.6800
TP 0.6600
2020-09-16 11:29:42  writting signal message started
2020-09-16 11:30:05 AmirFx VIP signal new update is 4:19:29 AM last update is 4:19:29 AM
2020-09-16 11:30:05 AmirFx VIP signal repeated signal
2020-09-16 11:30:15 Eagl777 new update is 5:11:26 PM last update is 5:11:26 PM
2020-09-16 11:30:15 Eagl777 repeated signal
2020-09-16 11:30:26 WallstreetFXsignals new update is 8:07:48 AM last update is 8:07:48 AM
2020-09-16 11:30:26 WallstreetFXsignals repeated signal
2020-09-16 11:30:36 wolfofforexplus new update is 11:13:51 AM last update is 11:13:51 AM
2020-09-16 11:30:36 wolfofforexplus repeated signal
2020-09-16 11:30:45 light_forex new update is 10:10:45 PM last update is 10:10:45 PM
2020-09-16 11:30:45 light_forex repeated signal
2020-09-16 11:31:01 WSSignals new update is 10:10:45 PM last update is 10:10:45 PM
2020-09-16 11:31:01 WSSignals repeated signal
2020-09-16 11:31:13 forexsignalzz new update is 6:55:36 PM last update is 6:55:36 PM
2020-09-16 11:31:13 forexsignalzz repeated signal
2020-09-16 11:31:23 amirFX_signal new update is 4:19:29 AM last update is 4:19:29 AM
2020-09-16 11:31:23 amirFX_signal repeated signal
2020-09-16 11:31:34 FOR3X_SIGNAL new update is 10:35:15 AM last update is 10:35:15 AM
2020-09-16 11:31:34 FOR3X_SIGNAL repeated signal
2020-09-16 11:31:45 AmirFx VIP signal new update is 4:19:29 AM last update is 4:19:29 AM
2020-09-16 11:31:45 AmirFx VIP signal repeated signal
2020-09-16 11:31:55 Eagl777 new update is 5:11:26 PM last update is 5:11:26 PM
2020-09-16 11:31:55 Eagl777 repeated signal
2020-09-16 11:32:06 WallstreetFXsignals new update is 8:07:48 AM last update is 8:07:48 AM
2020-09-16 11:32:06 WallstreetFXsignals repeated signal
2020-09-16 11:32:16 wolfofforexplus new update is 11:13:51 AM last update is 11:13:51 AM
2020-09-16 11:32:16 wolfofforexplus repeated signal
2020-09-16 11:32:25 light_forex new update is 10:10:45 PM last update is 10:10:45 PM
2020-09-16 11:32:25 light_forex repeated signal
2020-09-16 11:32:41 WSSignals new update is 10:10:45 PM last update is 10:10:45 PM
2020-09-16 11:32:41 WSSignals repeated signal
2020-09-16 11:32:53 forexsignalzz new update is 6:55:36 PM last update is 6:55:36 PM
2020-09-16 11:32:53 forexsignalzz repeated signal
2020-09-16 11:33:03 amirFX_signal new update is 4:19:29 AM last update is 4:19:29 AM
2020-09-16 11:33:03 amirFX_signal repeated signal
2020-09-16 11:33:14 FOR3X_SIGNAL new update is 10:35:15 AM last update is 10:35:15 AM
2020-09-16 11:33:14 FOR3X_SIGNAL repeated signal
2020-09-16 11:33:26 AmirFx VIP signal new update is 4:19:29 AM last update is 4:19:29 AM
2020-09-16 11:33:26 AmirFx VIP signal repeated signal
2020-09-16 11:33:37 Eagl777 new update is 5:11:26 PM last update is 5:11:26 PM
2020-09-16 11:33:37 Eagl777 repeated signal
2020-09-16 11:33:47 WallstreetFXsignals new update is 8:07:48 AM last update is 8:07:48 AM
2020-09-16 11:33:47 WallstreetFXsignals repeated signal
2020-09-16 11:33:58 wolfofforexplus new update is 11:13:51 AM last update is 11:13:51 AM
2020-09-16 11:33:58 wolfofforexplus repeated signal
2020-09-16 11:34:06 light_forex new update is 10:10:45 PM last update is 10:10:45 PM
2020-09-16 11:34:06 light_forex repeated signal
2020-09-16 11:34:23 WSSignals new update is 10:10:45 PM last update is 10:10:45 PM
2020-09-16 11:34:23 WSSignals repeated signal
2020-09-16 11:34:34 forexsignalzz new update is 6:55:36 PM last update is 6:55:36 PM
2020-09-16 11:34:34 forexsignalzz repeated signal
2020-09-16 11:34:45 amirFX_signal new update is 4:19:29 AM last update is 4:19:29 AM
2020-09-16 11:34:45 amirFX_signal repeated signal
2020-09-16 11:34:55 FOR3X_SIGNAL new update is 10:35:15 AM last update is 10:35:15 AM
2020-09-16 11:34:55 FOR3X_SIGNAL repeated signal
2020-09-16 11:35:06 AmirFx VIP signal new update is 4:19:29 AM last update is 4:19:29 AM
2020-09-16 11:35:06 AmirFx VIP signal repeated signal
2020-09-16 11:35:16 Eagl777 new update is 5:11:26 PM last update is 5:11:26 PM
2020-09-16 11:35:16 Eagl777 repeated signal
2020-09-16 11:35:27 WallstreetFXsignals new update is 8:07:48 AM last update is 8:07:48 AM
2020-09-16 11:35:27 WallstreetFXsignals repeated signal
2020-09-16 11:35:37 wolfofforexplus new update is 11:13:51 AM last update is 11:13:51 AM
2020-09-16 11:35:37 wolfofforexplus repeated signal
2020-09-16 11:35:46 light_forex new update is 10:10:45 PM last update is 10:10:45 PM
2020-09-16 11:35:46 light_forex repeated signal
2020-09-16 11:36:02 WSSignals new update is 10:10:45 PM last update is 10:10:45 PM
2020-09-16 11:36:02 WSSignals repeated signal
2020-09-16 11:36:14 forexsignalzz new update is 6:55:36 PM last update is 6:55:36 PM
2020-09-16 11:36:14 forexsignalzz repeated signal
2020-09-16 11:36:24 amirFX_signal new update is 4:19:29 AM last update is 4:19:29 AM
2020-09-16 11:36:24 amirFX_signal repeated signal
2020-09-16 11:36:35 FOR3X_SIGNAL new update is 10:35:15 AM last update is 10:35:15 AM
2020-09-16 11:36:35 FOR3X_SIGNAL repeated signal
2020-09-16 11:36:45 AmirFx VIP signal new update is 4:19:29 AM last update is 4:19:29 AM
2020-09-16 11:36:45 AmirFx VIP signal repeated signal
2020-09-16 11:36:56 Eagl777 new update is 5:11:26 PM last update is 5:11:26 PM
2020-09-16 11:36:56 Eagl777 repeated signal
2020-09-16 11:37:07 WallstreetFXsignals new update is 8:07:48 AM last update is 8:07:48 AM
2020-09-16 11:37:07 WallstreetFXsignals repeated signal
2020-09-16 11:37:17 wolfofforexplus new update is 11:13:51 AM last update is 11:13:51 AM
2020-09-16 11:37:17 wolfofforexplus repeated signal
2020-09-16 11:37:26 light_forex new update is 10:10:45 PM last update is 10:10:45 PM
2020-09-16 11:37:26 light_forex repeated signal
2020-09-16 11:37:42 WSSignals new update is 10:10:45 PM last update is 10:10:45 PM
2020-09-16 11:37:42 WSSignals repeated signal
2020-09-16 11:37:54 forexsignalzz new update is 6:55:36 PM last update is 6:55:36 PM
2020-09-16 11:37:54 forexsignalzz repeated signal
2020-09-16 11:38:04 amirFX_signal new update is 4:19:29 AM last update is 4:19:29 AM
2020-09-16 11:38:04 amirFX_signal repeated signal
2020-09-16 11:38:15 FOR3X_SIGNAL new update is 10:35:15 AM last update is 10:35:15 AM
2020-09-16 11:38:15 FOR3X_SIGNAL repeated signal
2020-09-16 11:38:26 AmirFx VIP signal new update is 4:19:29 AM last update is 4:19:29 AM
2020-09-16 11:38:26 AmirFx VIP signal repeated signal
2020-09-16 11:38:36 Eagl777 new update is 5:11:26 PM last update is 5:11:26 PM
2020-09-16 11:38:36 Eagl777 repeated signal
2020-09-16 11:38:47 WallstreetFXsignals new update is 8:07:48 AM last update is 8:07:48 AM
2020-09-16 11:38:47 WallstreetFXsignals repeated signal
2020-09-16 11:38:57 wolfofforexplus new update is 11:13:51 AM last update is 11:13:51 AM
2020-09-16 11:38:57 wolfofforexplus repeated signal
2020-09-16 11:39:06 light_forex new update is 10:10:45 PM last update is 10:10:45 PM
2020-09-16 11:39:06 light_forex repeated signal
2020-09-16 11:39:22 WSSignals new update is 10:10:45 PM last update is 10:10:45 PM
2020-09-16 11:39:22 WSSignals repeated signal
2020-09-16 11:39:34 forexsignalzz new update is 6:55:36 PM last update is 6:55:36 PM
2020-09-16 11:39:34 forexsignalzz repeated signal
2020-09-16 11:39:44 amirFX_signal new update is 4:19:29 AM last update is 4:19:29 AM
2020-09-16 11:39:44 amirFX_signal repeated signal
2020-09-16 11:39:59 FOR3X_SIGNAL new update is 10:35:15 AM last update is 10:35:15 AM
2020-09-16 11:39:59 FOR3X_SIGNAL repeated signal
2020-09-16 11:40:09 AmirFx VIP signal new update is 4:19:29 AM last update is 4:19:29 AM
2020-09-16 11:40:09 AmirFx VIP signal repeated signal
2020-09-16 11:40:20 Eagl777 new update is 5:11:26 PM last update is 5:11:26 PM
2020-09-16 11:40:20 Eagl777 repeated signal
2020-09-16 11:40:31 WallstreetFXsignals new update is 8:07:48 AM last update is 8:07:48 AM
2020-09-16 11:40:31 WallstreetFXsignals repeated signal
2020-09-16 11:40:41 wolfofforexplus new update is 11:13:51 AM last update is 11:13:51 AM
2020-09-16 11:40:41 wolfofforexplus repeated signal
2020-09-16 11:40:49 light_forex new update is 10:10:45 PM last update is 10:10:45 PM
2020-09-16 11:40:49 light_forex repeated signal
2020-09-16 11:41:06 WSSignals new update is 10:10:45 PM last update is 10:10:45 PM
2020-09-16 11:41:06 WSSignals repeated signal
2020-09-16 11:41:17 forexsignalzz new update is 6:55:36 PM last update is 6:55:36 PM
2020-09-16 11:41:17 forexsignalzz repeated signal
2020-09-16 11:41:28 amirFX_signal new update is 4:19:29 AM last update is 4:19:29 AM
2020-09-16 11:41:28 amirFX_signal repeated signal
2020-09-16 11:41:38 FOR3X_SIGNAL new update is 10:35:15 AM last update is 10:35:15 AM
2020-09-16 11:41:38 FOR3X_SIGNAL repeated signal
2020-09-16 11:41:49 AmirFx VIP signal new update is 4:19:29 AM last update is 4:19:29 AM
2020-09-16 11:41:49 AmirFx VIP signal repeated signal
2020-09-16 11:41:59 Eagl777 new update is 5:11:26 PM last update is 5:11:26 PM
2020-09-16 11:41:59 Eagl777 repeated signal
2020-09-16 11:42:10 WallstreetFXsignals new update is 8:07:48 AM last update is 8:07:48 AM
2020-09-16 11:42:10 WallstreetFXsignals repeated signal
2020-09-16 11:42:20 wolfofforexplus new update is 11:13:51 AM last update is 11:13:51 AM
2020-09-16 11:42:20 wolfofforexplus repeated signal
2020-09-16 11:42:29 light_forex new update is 10:10:45 PM last update is 10:10:45 PM
2020-09-16 11:42:29 light_forex repeated signal
2020-09-16 11:42:45 WSSignals new update is 10:10:45 PM last update is 10:10:45 PM
2020-09-16 11:42:45 WSSignals repeated signal
2020-09-16 11:42:57 forexsignalzz new update is 6:55:36 PM last update is 6:55:36 PM
2020-09-16 11:42:57 forexsignalzz repeated signal
2020-09-16 11:43:07 amirFX_signal new update is 4:19:29 AM last update is 4:19:29 AM
2020-09-16 11:43:07 amirFX_signal repeated signal
2020-09-16 11:43:18 FOR3X_SIGNAL new update is 10:35:15 AM last update is 10:35:15 AM
2020-09-16 11:43:18 FOR3X_SIGNAL repeated signal
2020-09-16 11:43:29 AmirFx VIP signal new update is 4:19:29 AM last update is 4:19:29 AM
2020-09-16 11:43:29 AmirFx VIP signal repeated signal
2020-09-16 11:43:39 Eagl777 new update is 5:11:26 PM last update is 5:11:26 PM
2020-09-16 11:43:39 Eagl777 repeated signal
2020-09-16 11:43:50 WallstreetFXsignals new update is 8:07:48 AM last update is 8:07:48 AM
2020-09-16 11:43:50 WallstreetFXsignals repeated signal
2020-09-16 11:44:00 wolfofforexplus new update is 11:13:51 AM last update is 11:13:51 AM
2020-09-16 11:44:00 wolfofforexplus repeated signal
2020-09-16 11:44:09 light_forex new update is 10:10:45 PM last update is 10:10:45 PM
2020-09-16 11:44:09 light_forex repeated signal
2020-09-16 11:44:25 WSSignals new update is 10:10:45 PM last update is 10:10:45 PM
2020-09-16 11:44:25 WSSignals repeated signal
2020-09-16 11:44:37 forexsignalzz new update is 6:55:36 PM last update is 6:55:36 PM
2020-09-16 11:44:37 forexsignalzz repeated signal
2020-09-16 11:44:49 amirFX_signal new update is 4:19:29 AM last update is 4:19:29 AM
2020-09-16 11:44:49 amirFX_signal repeated signal
2020-09-16 11:45:00 FOR3X_SIGNAL new update is 10:35:15 AM last update is 10:35:15 AM
2020-09-16 11:45:00 FOR3X_SIGNAL repeated signal
2020-09-16 11:45:10 AmirFx VIP signal new update is 4:19:29 AM last update is 4:19:29 AM
2020-09-16 11:45:10 AmirFx VIP signal repeated signal
2020-09-16 11:45:21 Eagl777 new update is 5:11:26 PM last update is 5:11:26 PM
2020-09-16 11:45:21 Eagl777 repeated signal
2020-09-16 11:45:32 WallstreetFXsignals new update is 8:07:48 AM last update is 8:07:48 AM
2020-09-16 11:45:32 WallstreetFXsignals repeated signal
2020-09-16 11:45:42 wolfofforexplus new update is 11:13:51 AM last update is 11:13:51 AM
2020-09-16 11:45:42 wolfofforexplus repeated signal
2020-09-16 11:45:51 light_forex new update is 10:10:45 PM last update is 10:10:45 PM
2020-09-16 11:45:51 light_forex repeated signal
2020-09-16 11:46:07 WSSignals new update is 10:10:45 PM last update is 10:10:45 PM
2020-09-16 11:46:07 WSSignals repeated signal
2020-09-16 11:46:19 forexsignalzz new update is 6:55:36 PM last update is 6:55:36 PM
2020-09-16 11:46:19 forexsignalzz repeated signal
2020-09-16 11:46:29 amirFX_signal new update is 4:19:29 AM last update is 4:19:29 AM
2020-09-16 11:46:29 amirFX_signal repeated signal
2020-09-16 11:46:40 FOR3X_SIGNAL new update is 10:35:15 AM last update is 10:35:15 AM
2020-09-16 11:46:40 FOR3X_SIGNAL repeated signal
2020-09-16 11:46:50 AmirFx VIP signal new update is 4:19:29 AM last update is 4:19:29 AM
2020-09-16 11:46:50 AmirFx VIP signal repeated signal
2020-09-16 11:47:01 Eagl777 new update is 5:11:26 PM last update is 5:11:26 PM
2020-09-16 11:47:01 Eagl777 repeated signal
2020-09-16 11:47:12 WallstreetFXsignals new update is 8:07:48 AM last update is 8:07:48 AM
2020-09-16 11:47:12 WallstreetFXsignals repeated signal
2020-09-16 11:47:22 wolfofforexplus new update is 11:13:51 AM last update is 11:13:51 AM
2020-09-16 11:47:22 wolfofforexplus repeated signal
2020-09-16 11:47:30 light_forex new update is 10:10:45 PM last update is 10:10:45 PM
2020-09-16 11:47:30 light_forex repeated signal
2020-09-16 11:47:47 WSSignals new update is 10:10:45 PM last update is 10:10:45 PM
2020-09-16 11:47:47 WSSignals repeated signal
2020-09-16 11:48:04 forexsignalzz new update is 10:10:45 PM last update is 6:55:36 PM
2020-09-16 11:48:04 forexsignalzz get new signal
2020-09-16 11:48:06 forexsignalzz getting signal message started
2020-09-16 11:48:23 amirFX_signal new update is 4:19:29 AM last update is 4:19:29 AM
2020-09-16 11:48:23 amirFX_signal repeated signal
2020-09-16 11:48:37 FOR3X_SIGNAL new update is 10:35:15 AM last update is 10:35:15 AM
2020-09-16 11:48:37 FOR3X_SIGNAL repeated signal
2020-09-16 11:48:54 AmirFx VIP signal new update is 10:35:15 AM last update is 4:19:29 AM
2020-09-16 11:48:54 AmirFx VIP signal get new signal
2020-09-16 11:48:56 AmirFx VIP signal getting signal message started
2020-09-16 11:49:15 Eagl777 new update is 5:11:26 PM last update is 5:11:26 PM
2020-09-16 11:49:15 Eagl777 repeated signal
2020-09-16 11:49:29 WallstreetFXsignals new update is 8:07:48 AM last update is 8:07:48 AM
2020-09-16 11:49:29 WallstreetFXsignals repeated signal
2020-09-16 11:49:45 wolfofforexplus new update is 8:07:48 AM last update is 11:13:51 AM
2020-09-16 11:49:45 wolfofforexplus get new signal
2020-09-16 11:49:47 wolfofforexplus getting signal message started
2020-09-16 11:49:58 light_forex new update is 10:10:45 PM last update is 10:10:45 PM
2020-09-16 11:49:58 light_forex repeated signal
2020-09-16 11:50:14 WSSignals new update is 10:10:45 PM last update is 10:10:45 PM
2020-09-16 11:50:14 WSSignals repeated signal
2020-09-16 11:50:32 forexsignalzz new update is 6:55:36 PM last update is 10:10:45 PM
2020-09-16 11:50:32 forexsignalzz get new signal
2020-09-16 11:50:34 forexsignalzz getting signal message started
2020-09-16 11:50:52 amirFX_signal new update is 6:55:36 PM last update is 4:19:29 AM
2020-09-16 11:50:52 amirFX_signal get new signal
2020-09-16 11:50:54 amirFX_signal getting signal message started
2020-09-16 11:51:13 FOR3X_SIGNAL new update is 10:35:15 AM last update is 10:35:15 AM
2020-09-16 11:51:13 FOR3X_SIGNAL repeated signal
2020-09-16 11:51:29 AmirFx VIP signal new update is 10:35:15 AM last update is 10:35:15 AM
2020-09-16 11:51:29 AmirFx VIP signal repeated signal
2020-09-16 11:51:46 Eagl777 new update is 5:11:26 PM last update is 5:11:26 PM
2020-09-16 11:51:46 Eagl777 repeated signal
2020-09-16 11:52:03 WallstreetFXsignals new update is 5:11:26 PM last update is 8:07:48 AM
2020-09-16 11:52:03 WallstreetFXsignals get new signal
2020-09-16 11:52:05 WallstreetFXsignals getting signal message started
2020-09-16 11:52:24 wolfofforexplus new update is 5:11:26 PM last update is 8:07:48 AM
2020-09-16 11:52:24 wolfofforexplus get new signal
2020-09-16 11:52:26 wolfofforexplus getting signal message started
2020-09-16 11:52:37 light_forex new update is 10:10:45 PM last update is 10:10:45 PM
2020-09-16 11:52:37 light_forex repeated signal
2020-09-16 11:52:53 WSSignals new update is 10:10:45 PM last update is 10:10:45 PM
2020-09-16 11:52:53 WSSignals repeated signal
2020-09-16 11:53:10 forexsignalzz new update is 10:10:45 PM last update is 6:55:36 PM
2020-09-16 11:53:10 forexsignalzz get new signal
2020-09-16 11:53:12 forexsignalzz getting signal message started
2020-09-16 11:53:31 amirFX_signal new update is 4:19:29 AM last update is 6:55:36 PM
2020-09-16 11:53:31 amirFX_signal get new signal
2020-09-16 11:53:33 amirFX_signal getting signal message started
2020-09-16 11:53:52 FOR3X_SIGNAL new update is 10:35:15 AM last update is 10:35:15 AM
2020-09-16 11:53:52 FOR3X_SIGNAL repeated signal
2020-09-16 11:54:09 AmirFx VIP signal new update is 10:35:15 AM last update is 10:35:15 AM
2020-09-16 11:54:09 AmirFx VIP signal repeated signal
2020-09-16 11:54:25 Eagl777 new update is 10:35:15 AM last update is 5:11:26 PM
2020-09-16 11:54:25 Eagl777 get new signal
2020-09-16 11:54:27 Eagl777 getting signal message started
2020-09-16 11:54:29 Eagl777 getting signal message successfully ended
2020-09-16 11:54:29 Eagl777 getting signal message successfully ended
2020-09-16 11:54:29 Eagl777 signal text is : EURAUD BUY 1.6200
SL 1.6100
TP 1.6300
2020-09-16 11:54:29 Eagl777 in INNER except signalFinder: <class 'IndexError'>
2020-09-16 11:54:46 WallstreetFXsignals new update is 8:07:48 AM last update is 5:11:26 PM
2020-09-16 11:54:46 WallstreetFXsignals get new signal
2020-09-16 11:54:48 WallstreetFXsignals getting signal message started
2020-09-16 11:55:06 wolfofforexplus new update is 8:07:48 AM last update is 5:11:26 PM
2020-09-16 11:55:06 wolfofforexplus get new signal
2020-09-16 11:55:08 wolfofforexplus getting signal message started
2020-09-16 11:55:19 light_forex new update is 10:10:45 PM last update is 10:10:45 PM
2020-09-16 11:55:19 light_forex repeated signal
2020-09-16 11:55:35 WSSignals new update is 10:10:45 PM last update is 10:10:45 PM
2020-09-16 11:55:35 WSSignals repeated signal
2020-09-16 11:55:53 forexsignalzz new update is 10:10:45 PM last update is 10:10:45 PM
2020-09-16 11:55:53 forexsignalzz repeated signal
2020-09-16 11:56:07 amirFX_signal new update is 4:19:29 AM last update is 4:19:29 AM
2020-09-16 11:56:07 amirFX_signal repeated signal
2020-09-16 11:56:24 FOR3X_SIGNAL new update is 4:19:29 AM last update is 10:35:15 AM
2020-09-16 11:56:24 FOR3X_SIGNAL get new signal
2020-09-16 11:56:26 FOR3X_SIGNAL getting signal message started
2020-09-16 11:56:44 AmirFx VIP signal new update is 4:19:29 AM last update is 10:35:15 AM
2020-09-16 11:56:44 AmirFx VIP signal get new signal
2020-09-16 11:56:46 AmirFx VIP signal getting signal message started
2020-09-16 11:57:05 Eagl777 new update is 4:19:29 AM last update is 0
2020-09-16 11:57:05 Eagl777 get new signal
2020-09-16 11:57:07 Eagl777 getting signal message started
2020-09-16 11:57:26 WallstreetFXsignals new update is 4:19:29 AM last update is 8:07:48 AM
2020-09-16 11:57:26 WallstreetFXsignals get new signal
2020-09-16 11:57:28 WallstreetFXsignals getting signal message started
2020-09-16 11:57:47 wolfofforexplus new update is 4:19:29 AM last update is 8:07:48 AM
2020-09-16 11:57:47 wolfofforexplus get new signal
2020-09-16 11:57:49 wolfofforexplus getting signal message started
2020-09-16 11:57:59 light_forex new update is 10:10:45 PM last update is 10:10:45 PM
2020-09-16 11:57:59 light_forex repeated signal
2020-09-16 11:58:16 WSSignals new update is 10:10:45 PM last update is 10:10:45 PM
2020-09-16 11:58:16 WSSignals repeated signal
2020-09-16 11:58:33 forexsignalzz new update is 6:55:36 PM last update is 10:10:45 PM
2020-09-16 11:58:33 forexsignalzz get new signal
2020-09-16 11:58:35 forexsignalzz getting signal message started
2020-09-16 11:58:54 amirFX_signal new update is 4:19:29 AM last update is 4:19:29 AM
2020-09-16 11:58:54 amirFX_signal repeated signal
2020-09-16 11:59:11 FOR3X_SIGNAL new update is 10:35:15 AM last update is 4:19:29 AM
2020-09-16 11:59:11 FOR3X_SIGNAL get new signal
2020-09-16 11:59:13 FOR3X_SIGNAL getting signal message started
2020-09-16 11:59:15 FOR3X_SIGNAL getting signal message successfully ended
2020-09-16 11:59:15 FOR3X_SIGNAL getting signal message successfully ended
2020-09-16 11:59:15 FOR3X_SIGNAL signal text is : EURAUD BUY 1.6200
SL 1.6100
TP 1.6300
2020-09-16 11:59:15  writting signal message started
2020-09-16 11:59:27 FOR3X_SIGNAL signal text is : NZDUSD SELL 0.6726
SL 0.6800
TP 0.6600
2020-09-16 11:59:27  writting signal message started
2020-09-16 11:59:55 AmirFx VIP signal new update is 10:35:15 AM last update is 4:19:29 AM
2020-09-16 11:59:55 AmirFx VIP signal get new signal
2020-09-16 11:59:57 AmirFx VIP signal getting signal message started
2020-09-16 12:00:14 Eagl777 new update is 5:11:26 PM last update is 4:19:29 AM
2020-09-16 12:00:14 Eagl777 get new signal
2020-09-16 12:00:16 Eagl777 getting signal message started
2020-09-16 12:00:35 WallstreetFXsignals new update is 5:11:26 PM last update is 4:19:29 AM
2020-09-16 12:00:35 WallstreetFXsignals get new signal
2020-09-16 12:00:37 WallstreetFXsignals getting signal message started
2020-09-16 12:00:56 wolfofforexplus new update is 11:13:51 AM last update is 4:19:29 AM
2020-09-16 12:00:56 wolfofforexplus get new signal
2020-09-16 12:00:58 wolfofforexplus getting signal message started
2020-09-16 12:01:00 wolfofforexplus getting signal message successfully ended
2020-09-16 12:01:00 wolfofforexplus signal text is : #GOLD
:chart_with_downwards_trend: SELL IN : 1943
:red_circle: STOP LOSS : 1956
:white_check_mark: TAKE PROFIT 1 : 1935
:white_check_mark: TAKE PROFIT 2 : 1930
:white_check_mark: TAKEPROFIT  3 :
2020-09-16 12:01:00  writting signal message started
2020-09-16 12:01:20 light_forex new update is 10:10:45 PM last update is 10:10:45 PM
2020-09-16 12:01:20 light_forex repeated signal
2020-09-16 12:01:37 WSSignals new update is 10:10:45 PM last update is 10:10:45 PM
2020-09-16 12:01:37 WSSignals repeated signal
2020-09-16 12:01:54 forexsignalzz new update is 6:55:36 PM last update is 6:55:36 PM
2020-09-16 12:01:54 forexsignalzz repeated signal
2020-09-16 12:02:11 amirFX_signal new update is 4:19:29 AM last update is 4:19:29 AM
2020-09-16 12:02:11 amirFX_signal repeated signal
2020-09-16 12:02:25 FOR3X_SIGNAL new update is 10:35:15 AM last update is 10:35:15 AM
2020-09-16 12:02:25 FOR3X_SIGNAL repeated signal
2020-09-16 12:02:42 AmirFx VIP signal new update is 10:35:15 AM last update is 10:35:15 AM
2020-09-16 12:02:42 AmirFx VIP signal repeated signal
2020-09-16 12:02:58 Eagl777 new update is 10:35:15 AM last update is 5:11:26 PM
2020-09-16 12:02:58 Eagl777 get new signal
2020-09-16 12:03:00 Eagl777 getting signal message started
2020-09-16 12:03:02 Eagl777 getting signal message successfully ended
2020-09-16 12:03:02 Eagl777 getting signal message successfully ended
2020-09-16 12:03:02 Eagl777 signal text is : EURAUD BUY 1.6200
SL 1.6100
TP 1.6300
2020-09-16 12:03:02 Eagl777 in INNER except signalFinder: <class 'IndexError'>
2020-09-16 12:03:19 WallstreetFXsignals new update is 8:07:48 AM last update is 5:11:26 PM
2020-09-16 12:03:19 WallstreetFXsignals get new signal
2020-09-16 12:03:21 WallstreetFXsignals getting signal message started
2020-09-16 12:03:39 wolfofforexplus new update is 8:07:48 AM last update is 11:13:51 AM
2020-09-16 12:03:39 wolfofforexplus get new signal
2020-09-16 12:03:41 wolfofforexplus getting signal message started
2020-09-16 12:03:52 light_forex new update is 10:10:45 PM last update is 10:10:45 PM
2020-09-16 12:03:52 light_forex repeated signal
2020-09-16 12:04:08 WSSignals new update is 10:10:45 PM last update is 10:10:45 PM
2020-09-16 12:04:08 WSSignals repeated signal
2020-09-16 12:04:26 forexsignalzz new update is 10:10:45 PM last update is 6:55:36 PM
2020-09-16 12:04:26 forexsignalzz get new signal
2020-09-16 12:04:28 forexsignalzz getting signal message started
2020-09-16 12:04:48 amirFX_signal new update is 10:10:45 PM last update is 4:19:29 AM
2020-09-16 12:04:48 amirFX_signal get new signal
2020-09-16 12:04:50 amirFX_signal getting signal message started
2020-09-16 12:05:09 FOR3X_SIGNAL new update is 10:10:45 PM last update is 10:35:15 AM
2020-09-16 12:05:09 FOR3X_SIGNAL get new signal
2020-09-16 12:05:11 FOR3X_SIGNAL getting signal message started
2020-09-16 12:05:29 AmirFx VIP signal new update is 10:10:45 PM last update is 10:35:15 AM
2020-09-16 12:05:29 AmirFx VIP signal get new signal
2020-09-16 12:05:31 AmirFx VIP signal getting signal message started
2020-09-16 12:05:50 Eagl777 new update is 10:10:45 PM last update is 0
2020-09-16 12:05:50 Eagl777 get new signal
2020-09-16 12:05:52 Eagl777 getting signal message started
2020-09-16 12:06:11 WallstreetFXsignals new update is 10:10:45 PM last update is 8:07:48 AM
2020-09-16 12:06:11 WallstreetFXsignals get new signal
2020-09-16 12:06:13 WallstreetFXsignals getting signal message started
2020-09-16 12:06:32 wolfofforexplus new update is 10:10:45 PM last update is 8:07:48 AM
2020-09-16 12:06:32 wolfofforexplus get new signal
2020-09-16 12:06:34 wolfofforexplus getting signal message started
2020-09-16 12:06:45 light_forex new update is 10:10:45 PM last update is 10:10:45 PM
2020-09-16 12:06:45 light_forex repeated signal
2020-09-16 12:07:01 WSSignals new update is 10:10:45 PM last update is 10:10:45 PM
2020-09-16 12:07:01 WSSignals repeated signal
2020-09-16 12:07:19 forexsignalzz new update is 10:10:45 PM last update is 10:10:45 PM
2020-09-16 12:07:19 forexsignalzz repeated signal
2020-09-16 12:07:35 amirFX_signal new update is 10:10:45 PM last update is 10:10:45 PM
2020-09-16 12:07:35 amirFX_signal repeated signal
2020-09-16 12:07:52 FOR3X_SIGNAL new update is 10:35:15 AM last update is 10:10:45 PM
2020-09-16 12:07:52 FOR3X_SIGNAL get new signal
2020-09-16 12:07:54 FOR3X_SIGNAL getting signal message started
2020-09-16 12:07:56 FOR3X_SIGNAL getting signal message successfully ended
2020-09-16 12:07:56 FOR3X_SIGNAL getting signal message successfully ended
2020-09-16 12:07:56 FOR3X_SIGNAL signal text is : EURAUD BUY 1.6200
SL 1.6100
TP 1.6300
2020-09-16 12:07:56  writting signal message started
2020-09-16 12:08:08 FOR3X_SIGNAL signal text is : NZDUSD SELL 0.6726
SL 0.6800
TP 0.6600
2020-09-16 12:08:08  writting signal message started
2020-09-16 12:08:37 AmirFx VIP signal new update is 4:19:29 AM last update is 10:10:45 PM
2020-09-16 12:08:37 AmirFx VIP signal get new signal
2020-09-16 12:08:39 AmirFx VIP signal getting signal message started
2020-09-16 12:08:56 Eagl777 new update is 5:11:26 PM last update is 10:10:45 PM
2020-09-16 12:08:56 Eagl777 get new signal
2020-09-16 12:08:58 Eagl777 getting signal message started
2020-09-16 12:09:17 WallstreetFXsignals new update is 5:11:26 PM last update is 10:10:45 PM
2020-09-16 12:09:17 WallstreetFXsignals get new signal
2020-09-16 12:09:19 WallstreetFXsignals getting signal message started
2020-09-16 12:09:38 wolfofforexplus new update is 5:11:26 PM last update is 10:10:45 PM
2020-09-16 12:09:38 wolfofforexplus get new signal
2020-09-16 12:09:40 wolfofforexplus getting signal message started
2020-09-16 12:09:51 light_forex new update is 10:10:45 PM last update is 10:10:45 PM
2020-09-16 12:09:51 light_forex repeated signal
2020-09-16 12:10:07 WSSignals new update is 10:10:45 PM last update is 10:10:45 PM
2020-09-16 12:10:07 WSSignals repeated signal
2020-09-16 12:10:25 forexsignalzz new update is 10:10:45 PM last update is 10:10:45 PM
2020-09-16 12:10:25 forexsignalzz repeated signal
2020-09-16 12:10:41 amirFX_signal new update is 4:19:29 AM last update is 10:10:45 PM
2020-09-16 12:10:41 amirFX_signal get new signal
2020-09-16 12:10:43 amirFX_signal getting signal message started
2020-09-16 12:11:02 FOR3X_SIGNAL new update is 10:35:15 AM last update is 10:35:15 AM
2020-09-16 12:11:02 FOR3X_SIGNAL repeated signal
2020-09-16 12:11:18 AmirFx VIP signal new update is 10:35:15 AM last update is 4:19:29 AM
2020-09-16 12:11:18 AmirFx VIP signal get new signal
2020-09-16 12:11:20 AmirFx VIP signal getting signal message started
2020-09-16 12:11:35 Eagl777 new update is 5:11:26 PM last update is 5:11:26 PM
2020-09-16 12:11:35 Eagl777 repeated signal
2020-09-16 12:11:51 WallstreetFXsignals new update is 8:07:48 AM last update is 5:11:26 PM
2020-09-16 12:11:51 WallstreetFXsignals get new signal
2020-09-16 12:11:53 WallstreetFXsignals getting signal message started
2020-09-16 12:12:12 wolfofforexplus new update is 8:07:48 AM last update is 5:11:26 PM
2020-09-16 12:12:12 wolfofforexplus get new signal
2020-09-16 12:12:14 wolfofforexplus getting signal message started
2020-09-16 12:12:25 light_forex new update is 10:10:45 PM last update is 10:10:45 PM
2020-09-16 12:12:25 light_forex repeated signal
2020-09-16 12:12:41 WSSignals new update is 10:10:45 PM last update is 10:10:45 PM
2020-09-16 12:12:41 WSSignals repeated signal
2020-09-16 12:12:59 forexsignalzz new update is 10:10:45 PM last update is 10:10:45 PM
2020-09-16 12:12:59 forexsignalzz repeated signal
2020-09-16 12:13:15 amirFX_signal new update is 4:19:29 AM last update is 4:19:29 AM
2020-09-16 12:13:15 amirFX_signal repeated signal
2020-09-16 12:13:32 FOR3X_SIGNAL new update is 10:35:15 AM last update is 10:35:15 AM
2020-09-16 12:13:32 FOR3X_SIGNAL repeated signal
2020-09-16 12:13:48 AmirFx VIP signal new update is 10:35:15 AM last update is 10:35:15 AM
2020-09-16 12:13:48 AmirFx VIP signal repeated signal
2020-09-16 12:14:03 Eagl777 new update is 5:11:26 PM last update is 5:11:26 PM
2020-09-16 12:14:03 Eagl777 repeated signal
2020-09-16 12:15:32 WallstreetFXsignals new update is 5:11:26 PM last update is 8:07:48 AM
2020-09-16 12:15:32 WallstreetFXsignals get new signal
2020-09-16 12:15:34 WallstreetFXsignals getting signal message started
2020-09-16 12:15:55 wolfofforexplus new update is 11:13:51 AM last update is 0
2020-09-16 12:15:55 wolfofforexplus get new signal
2020-09-16 12:15:57 wolfofforexplus getting signal message started
2020-09-16 12:20:37 wolfofforexplus getting signal message successfully ended
2020-09-16 12:20:40 wolfofforexplus signal text is : #GOLD
:chart_with_downwards_trend: SELL IN : 1943
:red_circle: STOP LOSS : 1956
:white_check_mark: TAKE PROFIT 1 : 1935
:white_check_mark: TAKE PROFIT 2 : 1930
:white_check_mark: TAKEPROFIT  3 :
2020-09-16 12:20:40  writting signal message started
2020-09-16 12:21:01 light_forex new update is 10:10:45 PM last update is 10:10:45 PM
2020-09-16 12:21:01 light_forex repeated signal
2020-09-16 12:21:17 WSSignals new update is 10:10:45 PM last update is 10:10:45 PM
2020-09-16 12:21:17 WSSignals repeated signal
2020-09-16 12:21:29 forexsignalzz new update is 6:55:36 PM last update is 10:10:45 PM
2020-09-16 12:21:29 forexsignalzz get new signal
2020-09-16 12:21:31 forexsignalzz getting signal message started
2020-09-16 12:21:43 amirFX_signal new update is 4:19:29 AM last update is 4:19:29 AM
2020-09-16 12:21:43 amirFX_signal repeated signal
2020-09-16 12:21:54 FOR3X_SIGNAL new update is 12:15:44 PM last update is 10:35:15 AM
2020-09-16 12:21:54 FOR3X_SIGNAL get new signal
2020-09-16 12:21:56 FOR3X_SIGNAL getting signal message started
2020-09-16 12:21:58 FOR3X_SIGNAL getting signal message successfully ended
2020-09-16 12:21:58 FOR3X_SIGNAL getting signal message successfully ended
2020-09-16 12:21:58 FOR3X_SIGNAL signal text is : GBPJPY BUY 135.62
SL 135.10
TP 137.00
2020-09-16 12:21:58  writting signal message started
2020-09-16 12:22:10 FOR3X_SIGNAL signal text is : EURAUD BUY 1.6200
SL 1.6100
TP 1.6300
2020-09-16 12:22:10  writting signal message started
2020-09-16 12:22:35 AmirFx VIP signal new update is 4:19:29 AM last update is 10:35:15 AM
2020-09-16 12:22:35 AmirFx VIP signal get new signal
2020-09-16 12:22:37 AmirFx VIP signal getting signal message started
2020-09-16 12:22:50 Eagl777 new update is 5:11:26 PM last update is 5:11:26 PM
2020-09-16 12:22:50 Eagl777 repeated signal
2020-09-16 12:23:01 WallstreetFXsignals new update is 8:07:48 AM last update is 5:11:26 PM
2020-09-16 12:23:01 WallstreetFXsignals get new signal
2020-09-16 12:23:03 WallstreetFXsignals getting signal message started
2020-09-16 12:23:15 wolfofforexplus new update is 11:13:51 AM last update is 11:13:51 AM
2020-09-16 12:23:15 wolfofforexplus repeated signal
2020-09-16 12:23:24 light_forex new update is 10:10:45 PM last update is 10:10:45 PM
2020-09-16 12:23:24 light_forex repeated signal
2020-09-16 12:23:40 WSSignals new update is 10:10:45 PM last update is 10:10:45 PM
2020-09-16 12:23:40 WSSignals repeated signal
2020-09-16 12:23:52 forexsignalzz new update is 6:55:36 PM last update is 6:55:36 PM
2020-09-16 12:23:52 forexsignalzz repeated signal
2020-09-16 12:24:04 amirFX_signal new update is 4:19:29 AM last update is 4:19:29 AM
2020-09-16 12:24:04 amirFX_signal repeated signal
2020-09-16 12:24:15 FOR3X_SIGNAL new update is 12:15:44 PM last update is 12:15:44 PM
2020-09-16 12:24:15 FOR3X_SIGNAL repeated signal
2020-09-16 12:24:26 AmirFx VIP signal new update is 4:19:29 AM last update is 4:19:29 AM
2020-09-16 12:24:26 AmirFx VIP signal repeated signal
2020-09-16 12:24:36 Eagl777 new update is 5:11:26 PM last update is 5:11:26 PM
2020-09-16 12:24:36 Eagl777 repeated signal
2020-09-16 12:24:47 WallstreetFXsignals new update is 8:07:48 AM last update is 8:07:48 AM
2020-09-16 12:24:47 WallstreetFXsignals repeated signal
2020-09-16 12:24:57 wolfofforexplus new update is 11:13:51 AM last update is 11:13:51 AM
2020-09-16 12:24:57 wolfofforexplus repeated signal
2020-09-16 12:25:06 light_forex new update is 10:10:45 PM last update is 10:10:45 PM
2020-09-16 12:25:06 light_forex repeated signal
2020-09-16 12:25:22 WSSignals new update is 10:10:45 PM last update is 10:10:45 PM
2020-09-16 12:25:22 WSSignals repeated signal
2020-09-16 12:25:34 forexsignalzz new update is 6:55:36 PM last update is 6:55:36 PM
2020-09-16 12:25:34 forexsignalzz repeated signal
2020-09-16 12:25:44 amirFX_signal new update is 4:19:29 AM last update is 4:19:29 AM
2020-09-16 12:25:44 amirFX_signal repeated signal
2020-09-16 12:25:55 FOR3X_SIGNAL new update is 12:15:44 PM last update is 12:15:44 PM
2020-09-16 12:25:55 FOR3X_SIGNAL repeated signal
2020-09-16 12:26:06 AmirFx VIP signal new update is 4:19:29 AM last update is 4:19:29 AM
2020-09-16 12:26:06 AmirFx VIP signal repeated signal
2020-09-16 12:26:17 Eagl777 new update is 5:11:26 PM last update is 5:11:26 PM
2020-09-16 12:26:17 Eagl777 repeated signal
2020-09-16 12:26:27 WallstreetFXsignals new update is 8:07:48 AM last update is 8:07:48 AM
2020-09-16 12:26:27 WallstreetFXsignals repeated signal
2020-09-16 12:26:38 wolfofforexplus new update is 11:13:51 AM last update is 11:13:51 AM
2020-09-16 12:26:38 wolfofforexplus repeated signal
2020-09-16 12:26:46 light_forex new update is 10:10:45 PM last update is 10:10:45 PM
2020-09-16 12:26:46 light_forex repeated signal
2020-09-16 12:27:03 WSSignals new update is 10:10:45 PM last update is 10:10:45 PM
2020-09-16 12:27:03 WSSignals repeated signal
2020-09-16 12:27:15 forexsignalzz new update is 6:55:36 PM last update is 6:55:36 PM
2020-09-16 12:27:15 forexsignalzz repeated signal
2020-09-16 12:27:25 amirFX_signal new update is 4:19:29 AM last update is 4:19:29 AM
2020-09-16 12:27:25 amirFX_signal repeated signal
2020-09-16 12:27:36 FOR3X_SIGNAL new update is 12:15:44 PM last update is 12:15:44 PM
2020-09-16 12:27:36 FOR3X_SIGNAL repeated signal
2020-09-16 12:27:50 AmirFx VIP signal new update is 4:19:29 AM last update is 4:19:29 AM
2020-09-16 12:27:50 AmirFx VIP signal repeated signal
2020-09-16 12:28:01 Eagl777 new update is 5:11:26 PM last update is 5:11:26 PM
2020-09-16 12:28:01 Eagl777 repeated signal
2020-09-16 12:28:11 WallstreetFXsignals new update is 8:07:48 AM last update is 8:07:48 AM
2020-09-16 12:28:11 WallstreetFXsignals repeated signal
2020-09-16 12:28:22 wolfofforexplus new update is 11:13:51 AM last update is 11:13:51 AM
2020-09-16 12:28:22 wolfofforexplus repeated signal
2020-09-16 12:28:30 light_forex new update is 10:10:45 PM last update is 10:10:45 PM
2020-09-16 12:28:30 light_forex repeated signal
2020-09-16 12:28:47 WSSignals new update is 10:10:45 PM last update is 10:10:45 PM
2020-09-16 12:28:47 WSSignals repeated signal
2020-09-16 12:28:58 forexsignalzz new update is 6:55:36 PM last update is 6:55:36 PM
2020-09-16 12:28:58 forexsignalzz repeated signal
2020-09-16 12:29:09 amirFX_signal new update is 4:19:29 AM last update is 4:19:29 AM
2020-09-16 12:29:09 amirFX_signal repeated signal
2020-09-16 12:29:19 FOR3X_SIGNAL new update is 12:15:44 PM last update is 12:15:44 PM
2020-09-16 12:29:19 FOR3X_SIGNAL repeated signal
2020-09-16 12:29:32 AmirFx VIP signal new update is 4:19:29 AM last update is 4:19:29 AM
2020-09-16 12:29:32 AmirFx VIP signal repeated signal
2020-09-16 12:29:43 Eagl777 new update is 5:11:26 PM last update is 5:11:26 PM
2020-09-16 12:29:43 Eagl777 repeated signal
2020-09-16 12:29:53 WallstreetFXsignals new update is 8:07:48 AM last update is 8:07:48 AM
2020-09-16 12:29:53 WallstreetFXsignals repeated signal
2020-09-16 12:30:04 wolfofforexplus new update is 11:13:51 AM last update is 11:13:51 AM
2020-09-16 12:30:04 wolfofforexplus repeated signal
2020-09-16 12:30:12 light_forex new update is 10:10:45 PM last update is 10:10:45 PM
2020-09-16 12:30:12 light_forex repeated signal
2020-09-16 12:30:28 WSSignals new update is 10:10:45 PM last update is 10:10:45 PM
2020-09-16 12:30:28 WSSignals repeated signal
2020-09-16 12:30:40 forexsignalzz new update is 6:55:36 PM last update is 6:55:36 PM
2020-09-16 12:30:40 forexsignalzz repeated signal
2020-09-16 12:30:51 amirFX_signal new update is 4:19:29 AM last update is 4:19:29 AM
2020-09-16 12:30:51 amirFX_signal repeated signal
2020-09-16 12:31:01 FOR3X_SIGNAL new update is 12:15:44 PM last update is 12:15:44 PM
2020-09-16 12:31:01 FOR3X_SIGNAL repeated signal
2020-09-16 12:31:12 AmirFx VIP signal new update is 4:19:29 AM last update is 4:19:29 AM
2020-09-16 12:31:12 AmirFx VIP signal repeated signal
2020-09-16 12:31:22 Eagl777 new update is 5:11:26 PM last update is 5:11:26 PM
2020-09-16 12:31:22 Eagl777 repeated signal
2020-09-16 12:31:33 WallstreetFXsignals new update is 8:07:48 AM last update is 8:07:48 AM
2020-09-16 12:31:33 WallstreetFXsignals repeated signal
2020-09-16 12:31:43 wolfofforexplus new update is 11:13:51 AM last update is 11:13:51 AM
2020-09-16 12:31:43 wolfofforexplus repeated signal
2020-09-16 12:31:52 light_forex new update is 10:10:45 PM last update is 10:10:45 PM
2020-09-16 12:31:52 light_forex repeated signal
2020-09-16 12:32:08 WSSignals new update is 10:10:45 PM last update is 10:10:45 PM
2020-09-16 12:32:08 WSSignals repeated signal
2020-09-16 12:32:20 forexsignalzz new update is 6:55:36 PM last update is 6:55:36 PM
2020-09-16 12:32:20 forexsignalzz repeated signal
2020-09-16 12:32:30 amirFX_signal new update is 4:19:29 AM last update is 4:19:29 AM
2020-09-16 12:32:30 amirFX_signal repeated signal
2020-09-16 12:32:41 FOR3X_SIGNAL new update is 12:15:44 PM last update is 12:15:44 PM
2020-09-16 12:32:41 FOR3X_SIGNAL repeated signal
2020-09-16 12:32:51 AmirFx VIP signal new update is 4:19:29 AM last update is 4:19:29 AM
2020-09-16 12:32:51 AmirFx VIP signal repeated signal
2020-09-16 12:33:02 Eagl777 new update is 5:11:26 PM last update is 5:11:26 PM
2020-09-16 12:33:02 Eagl777 repeated signal
2020-09-16 12:33:16 WallstreetFXsignals new update is 8:07:48 AM last update is 8:07:48 AM
2020-09-16 12:33:16 WallstreetFXsignals repeated signal
2020-09-16 12:33:32 wolfofforexplus new update is 8:07:48 AM last update is 11:13:51 AM
2020-09-16 12:33:32 wolfofforexplus get new signal
2020-09-16 12:33:34 wolfofforexplus getting signal message started
2020-09-16 12:33:45 light_forex new update is 10:10:45 PM last update is 10:10:45 PM
2020-09-16 12:33:45 light_forex repeated signal
2020-09-16 12:34:02 WSSignals new update is 10:10:45 PM last update is 10:10:45 PM
2020-09-16 12:34:02 WSSignals repeated signal
2020-09-16 12:34:17 forexsignalzz new update is 6:55:36 PM last update is 6:55:36 PM
2020-09-16 12:34:17 forexsignalzz repeated signal
2020-09-16 12:34:34 amirFX_signal new update is 6:55:36 PM last update is 4:19:29 AM
2020-09-16 12:34:34 amirFX_signal get new signal
2020-09-16 12:34:36 amirFX_signal getting signal message started
2020-09-16 12:34:55 FOR3X_SIGNAL new update is 6:55:36 PM last update is 12:15:44 PM
2020-09-16 12:34:55 FOR3X_SIGNAL get new signal
2020-09-16 12:34:57 FOR3X_SIGNAL getting signal message started
2020-09-16 12:35:15 AmirFx VIP signal new update is 6:55:36 PM last update is 4:19:29 AM
2020-09-16 12:35:15 AmirFx VIP signal get new signal
2020-09-16 12:35:17 AmirFx VIP signal getting signal message started
2020-09-16 12:35:36 Eagl777 new update is 6:55:36 PM last update is 5:11:26 PM
2020-09-16 12:35:36 Eagl777 get new signal
2020-09-16 12:35:38 Eagl777 getting signal message started
2020-09-16 12:35:57 WallstreetFXsignals new update is 6:55:36 PM last update is 8:07:48 AM
2020-09-16 12:35:57 WallstreetFXsignals get new signal
2020-09-16 12:35:59 WallstreetFXsignals getting signal message started
2020-09-16 12:36:17 wolfofforexplus new update is 11:13:51 AM last update is 8:07:48 AM
2020-09-16 12:36:17 wolfofforexplus get new signal
2020-09-16 12:36:19 wolfofforexplus getting signal message started
2020-09-16 12:36:21 wolfofforexplus getting signal message successfully ended
2020-09-16 12:36:21 wolfofforexplus signal text is : #GOLD
:chart_with_downwards_trend: SELL IN : 1943
:red_circle: STOP LOSS : 1956
:white_check_mark: TAKE PROFIT 1 : 1935
:white_check_mark: TAKE PROFIT 2 : 1930
:white_check_mark: TAKEPROFIT  3 :
2020-09-16 12:36:21  writting signal message started
2020-09-16 12:36:42 light_forex new update is 10:10:45 PM last update is 10:10:45 PM
2020-09-16 12:36:42 light_forex repeated signal
2020-09-16 12:36:58 WSSignals new update is 10:10:45 PM last update is 10:10:45 PM
2020-09-16 12:36:58 WSSignals repeated signal
2020-09-16 12:37:14 forexsignalzz new update is 6:55:36 PM last update is 6:55:36 PM
2020-09-16 12:37:14 forexsignalzz repeated signal
2020-09-16 12:37:26 amirFX_signal new update is 4:19:29 AM last update is 6:55:36 PM
2020-09-16 12:37:26 amirFX_signal get new signal
2020-09-16 12:37:28 amirFX_signal getting signal message started
2020-09-16 12:37:47 FOR3X_SIGNAL new update is 12:15:44 PM last update is 6:55:36 PM
2020-09-16 12:37:47 FOR3X_SIGNAL get new signal
2020-09-16 12:37:49 FOR3X_SIGNAL getting signal message started
2020-09-16 12:37:51 FOR3X_SIGNAL getting signal message successfully ended
2020-09-16 12:37:51 FOR3X_SIGNAL signal text is : GBPJPY BUY 135.62
SL 135.10
TP 137.00
2020-09-16 12:37:51  writting signal message started
2020-09-16 12:38:20 AmirFx VIP signal new update is 12:15:44 PM last update is 6:55:36 PM
2020-09-16 12:38:20 AmirFx VIP signal get new signal
2020-09-16 12:38:22 AmirFx VIP signal getting signal message started
2020-09-16 12:38:39 Eagl777 new update is 5:11:26 PM last update is 6:55:36 PM
2020-09-16 12:38:39 Eagl777 get new signal
2020-09-16 12:38:41 Eagl777 getting signal message started
2020-09-16 12:39:00 WallstreetFXsignals new update is 5:11:26 PM last update is 6:55:36 PM
2020-09-16 12:39:00 WallstreetFXsignals get new signal
2020-09-16 12:39:02 WallstreetFXsignals getting signal message started
2020-09-16 12:39:21 wolfofforexplus new update is 5:11:26 PM last update is 11:13:51 AM
2020-09-16 12:39:21 wolfofforexplus get new signal
2020-09-16 12:39:23 wolfofforexplus getting signal message started
2020-09-16 12:39:33 light_forex new update is 10:10:45 PM last update is 10:10:45 PM
2020-09-16 12:39:33 light_forex repeated signal
2020-09-16 12:39:50 WSSignals new update is 10:10:45 PM last update is 10:10:45 PM
2020-09-16 12:39:50 WSSignals repeated signal
2020-09-16 12:40:07 forexsignalzz new update is 10:10:45 PM last update is 6:55:36 PM
2020-09-16 12:40:07 forexsignalzz get new signal
2020-09-16 12:40:09 forexsignalzz getting signal message started
2020-09-16 12:40:28 amirFX_signal new update is 10:10:45 PM last update is 4:19:29 AM
2020-09-16 12:40:28 amirFX_signal get new signal
2020-09-16 12:40:30 amirFX_signal getting signal message started
2020-09-16 12:40:49 FOR3X_SIGNAL new update is 10:10:45 PM last update is 12:15:44 PM
2020-09-16 12:40:49 FOR3X_SIGNAL get new signal
2020-09-16 12:40:51 FOR3X_SIGNAL getting signal message started
2020-09-16 12:41:10 AmirFx VIP signal new update is 10:10:45 PM last update is 12:15:44 PM
2020-09-16 12:41:10 AmirFx VIP signal get new signal
2020-09-16 12:41:12 AmirFx VIP signal getting signal message started
2020-09-16 12:41:29 Eagl777 new update is 5:11:26 PM last update is 5:11:26 PM
2020-09-16 12:41:29 Eagl777 repeated signal
2020-09-16 12:41:43 WallstreetFXsignals new update is 8:07:48 AM last update is 5:11:26 PM
2020-09-16 12:41:43 WallstreetFXsignals get new signal
2020-09-16 12:41:45 WallstreetFXsignals getting signal message started
2020-09-16 12:42:04 wolfofforexplus new update is 8:07:48 AM last update is 5:11:26 PM
2020-09-16 12:42:04 wolfofforexplus get new signal
2020-09-16 12:42:06 wolfofforexplus getting signal message started
2020-09-16 12:42:16 light_forex new update is 10:10:45 PM last update is 10:10:45 PM
2020-09-16 12:42:16 light_forex repeated signal
2020-09-16 12:42:32 WSSignals new update is 10:10:45 PM last update is 10:10:45 PM
2020-09-16 12:42:32 WSSignals repeated signal
2020-09-16 12:42:50 forexsignalzz new update is 10:10:45 PM last update is 10:10:45 PM
2020-09-16 12:42:50 forexsignalzz repeated signal
2020-09-16 12:43:07 amirFX_signal new update is 10:10:45 PM last update is 10:10:45 PM
2020-09-16 12:43:07 amirFX_signal repeated signal
2020-09-16 12:43:23 FOR3X_SIGNAL new update is 10:10:45 PM last update is 10:10:45 PM
2020-09-16 12:43:23 FOR3X_SIGNAL repeated signal
2020-09-16 12:43:40 AmirFx VIP signal new update is 10:10:45 PM last update is 10:10:45 PM
2020-09-16 12:43:40 AmirFx VIP signal repeated signal
2020-09-16 12:43:56 Eagl777 new update is 10:10:45 PM last update is 5:11:26 PM
2020-09-16 12:43:56 Eagl777 get new signal
2020-09-16 12:43:58 Eagl777 getting signal message started
2020-09-16 12:44:17 WallstreetFXsignals new update is 8:07:48 AM last update is 8:07:48 AM
2020-09-16 12:44:17 WallstreetFXsignals repeated signal
2020-09-16 12:44:33 wolfofforexplus new update is 8:07:48 AM last update is 8:07:48 AM
2020-09-16 12:44:33 wolfofforexplus repeated signal
2020-09-16 12:44:42 light_forex new update is 10:10:45 PM last update is 10:10:45 PM
2020-09-16 12:44:42 light_forex repeated signal
2020-09-16 12:44:58 WSSignals new update is 10:10:45 PM last update is 10:10:45 PM
2020-09-16 12:44:58 WSSignals repeated signal
2020-09-16 12:45:16 forexsignalzz new update is 6:55:36 PM last update is 10:10:45 PM
2020-09-16 12:45:16 forexsignalzz get new signal
2020-09-16 12:45:18 forexsignalzz getting signal message started
2020-09-16 12:45:36 amirFX_signal new update is 6:55:36 PM last update is 10:10:45 PM
2020-09-16 12:45:36 amirFX_signal get new signal
2020-09-16 12:45:38 amirFX_signal getting signal message started
2020-09-16 12:45:57 FOR3X_SIGNAL new update is 12:15:44 PM last update is 10:10:45 PM
2020-09-16 12:45:57 FOR3X_SIGNAL get new signal
2020-09-16 12:45:59 FOR3X_SIGNAL getting signal message started
2020-09-16 12:46:01 FOR3X_SIGNAL getting signal message successfully ended
2020-09-16 12:46:01 FOR3X_SIGNAL signal text is : GBPJPY BUY 135.62
SL 135.10
TP 137.00
2020-09-16 12:46:01  writting signal message started
2020-09-16 12:46:30 AmirFx VIP signal new update is 12:15:44 PM last update is 10:10:45 PM
2020-09-16 12:46:30 AmirFx VIP signal get new signal
2020-09-16 12:46:32 AmirFx VIP signal getting signal message started
2020-09-16 12:46:48 Eagl777 new update is 5:11:26 PM last update is 10:10:45 PM
2020-09-16 12:46:48 Eagl777 get new signal
2020-09-16 12:46:50 Eagl777 getting signal message started
2020-09-16 12:47:09 WallstreetFXsignals new update is 8:07:48 AM last update is 8:07:48 AM
2020-09-16 12:47:09 WallstreetFXsignals repeated signal
2020-09-16 12:47:24 wolfofforexplus new update is 11:13:51 AM last update is 8:07:48 AM
2020-09-16 12:47:24 wolfofforexplus get new signal
2020-09-16 12:47:26 wolfofforexplus getting signal message started
2020-09-16 12:47:28 wolfofforexplus getting signal message successfully ended
2020-09-16 12:47:28 wolfofforexplus signal text is : #GOLD
:chart_with_downwards_trend: SELL IN : 1943
:red_circle: STOP LOSS : 1956
:white_check_mark: TAKE PROFIT 1 : 1935
:white_check_mark: TAKE PROFIT 2 : 1930
:white_check_mark: TAKEPROFIT  3 :
2020-09-16 12:47:28  writting signal message started
2020-09-16 12:47:48 light_forex new update is 10:10:45 PM last update is 10:10:45 PM
2020-09-16 12:47:48 light_forex repeated signal
2020-09-16 12:48:04 WSSignals new update is 10:10:45 PM last update is 10:10:45 PM
2020-09-16 12:48:04 WSSignals repeated signal
2020-09-16 12:48:22 forexsignalzz new update is 6:55:36 PM last update is 6:55:36 PM
2020-09-16 12:48:22 forexsignalzz repeated signal
2020-09-16 12:48:38 amirFX_signal new update is 6:55:36 PM last update is 6:55:36 PM
2020-09-16 12:48:38 amirFX_signal repeated signal
2020-09-16 12:48:55 FOR3X_SIGNAL new update is 6:55:36 PM last update is 12:15:44 PM
2020-09-16 12:48:55 FOR3X_SIGNAL get new signal
2020-09-16 12:48:57 FOR3X_SIGNAL getting signal message started
2020-09-16 12:49:16 AmirFx VIP signal new update is 6:55:36 PM last update is 12:15:44 PM
2020-09-16 12:49:16 AmirFx VIP signal get new signal
2020-09-16 12:49:18 AmirFx VIP signal getting signal message started
2020-09-16 12:49:37 Eagl777 new update is 5:11:26 PM last update is 5:11:26 PM
2020-09-16 12:49:37 Eagl777 repeated signal
2020-09-16 12:49:53 WallstreetFXsignals new update is 8:07:48 AM last update is 8:07:48 AM
2020-09-16 12:49:53 WallstreetFXsignals repeated signal
2020-09-16 12:50:10 wolfofforexplus new update is 8:07:48 AM last update is 11:13:51 AM
2020-09-16 12:50:10 wolfofforexplus get new signal
2020-09-16 12:50:12 wolfofforexplus getting signal message started
2020-09-16 12:50:22 light_forex new update is 10:10:45 PM last update is 10:10:45 PM
2020-09-16 12:50:22 light_forex repeated signal
2020-09-16 12:50:38 WSSignals new update is 10:10:45 PM last update is 10:10:45 PM
2020-09-16 12:50:38 WSSignals repeated signal
2020-09-16 12:50:56 forexsignalzz new update is 10:10:45 PM last update is 6:55:36 PM
2020-09-16 12:50:56 forexsignalzz get new signal
2020-09-16 12:50:58 forexsignalzz getting signal message started
2020-09-16 12:51:17 amirFX_signal new update is 10:10:45 PM last update is 6:55:36 PM
2020-09-16 12:51:17 amirFX_signal get new signal
2020-09-16 12:51:19 amirFX_signal getting signal message started
2020-09-16 12:51:38 FOR3X_SIGNAL new update is 10:10:45 PM last update is 6:55:36 PM
2020-09-16 12:57:43 FOR3X_SIGNAL get new signal
2020-09-16 12:57:45 FOR3X_SIGNAL getting signal message started
2020-09-16 12:57:48 FOR3X_SIGNAL getting signal message successfully ended
2020-09-16 12:57:48 FOR3X_SIGNAL signal text is : GBPJPY BUY 135.62
SL 135.10
TP 137.00
2020-09-16 12:57:48  writting signal message started
2020-09-16 12:58:10 AmirFx VIP signal new update is 4:19:29 AM last update is 6:55:36 PM
2020-09-16 12:58:10 AmirFx VIP signal get new signal
2020-09-16 12:58:12 AmirFx VIP signal getting signal message started
2020-09-16 12:58:25 Eagl777 new update is 5:11:26 PM last update is 5:11:26 PM
2020-09-16 12:58:25 Eagl777 repeated signal
2020-09-16 12:58:36 WallstreetFXsignals new update is 8:07:48 AM last update is 8:07:48 AM
2020-09-16 12:58:36 WallstreetFXsignals repeated signal
2020-09-16 12:58:46 wolfofforexplus new update is 11:13:51 AM last update is 8:07:48 AM
2020-09-16 12:58:46 wolfofforexplus get new signal
2020-09-16 12:58:48 wolfofforexplus getting signal message started
2020-09-16 12:58:50 wolfofforexplus getting signal message successfully ended
2020-09-16 12:58:50 wolfofforexplus signal text is : #GOLD
:chart_with_downwards_trend: SELL IN : 1943
:red_circle: STOP LOSS : 1956
:white_check_mark: TAKE PROFIT 1 : 1935
:white_check_mark: TAKE PROFIT 2 : 1930
:white_check_mark: TAKEPROFIT  3 :
2020-09-16 12:58:50  writting signal message started
2020-09-16 12:59:11 light_forex new update is 10:10:45 PM last update is 10:10:45 PM
2020-09-16 12:59:11 light_forex repeated signal
2020-09-16 12:59:27 WSSignals new update is 10:10:45 PM last update is 10:10:45 PM
2020-09-16 12:59:27 WSSignals repeated signal
2020-09-16 12:59:39 forexsignalzz new update is 6:55:36 PM last update is 10:10:45 PM
2020-09-16 12:59:39 forexsignalzz get new signal
2020-09-16 12:59:41 forexsignalzz getting signal message started
2020-09-16 12:59:54 amirFX_signal new update is 4:19:29 AM last update is 10:10:45 PM
2020-09-16 12:59:54 amirFX_signal get new signal
2020-09-16 12:59:56 amirFX_signal getting signal message started
2020-09-16 13:00:15 FOR3X_SIGNAL new update is 12:15:44 PM last update is 10:10:45 PM
2020-09-16 13:00:15 FOR3X_SIGNAL get new signal
2020-09-16 13:00:17 FOR3X_SIGNAL getting signal message started
2020-09-16 13:00:19 FOR3X_SIGNAL getting signal message successfully ended
2020-09-16 13:00:19 FOR3X_SIGNAL signal text is : GBPJPY BUY 135.62
SL 135.10
TP 137.00
2020-09-16 13:00:19  writting signal message started
2020-09-16 13:00:47 AmirFx VIP signal new update is 12:15:44 PM last update is 4:19:29 AM
2020-09-16 13:00:47 AmirFx VIP signal get new signal
2020-09-16 13:00:49 AmirFx VIP signal getting signal message started
2020-09-16 13:01:08 Eagl777 new update is 12:15:44 PM last update is 5:11:26 PM
2020-09-16 13:01:08 Eagl777 get new signal
2020-09-16 13:01:10 Eagl777 getting signal message started
2020-09-16 13:01:12 Eagl777 getting signal message successfully ended
2020-09-16 13:01:12 Eagl777 signal text is : GBPJPY BUY 135.62
SL 135.10
TP 137.00
2020-09-16 13:01:12 Eagl777 in INNER except signalFinder: <class 'IndexError'>
2020-09-16 13:01:29 WallstreetFXsignals new update is 12:15:44 PM last update is 8:07:48 AM
2020-09-16 13:01:29 WallstreetFXsignals get new signal
2020-09-16 13:01:31 WallstreetFXsignals getting signal message started
2020-09-16 13:01:49 wolfofforexplus new update is 12:15:44 PM last update is 11:13:51 AM
2020-09-16 13:01:49 wolfofforexplus get new signal
2020-09-16 13:01:51 wolfofforexplus getting signal message started
2020-09-16 13:02:02 light_forex new update is 10:10:45 PM last update is 10:10:45 PM
2020-09-16 13:02:02 light_forex repeated signal
2020-09-16 13:02:18 WSSignals new update is 10:10:45 PM last update is 10:10:45 PM
2020-09-16 13:02:18 WSSignals repeated signal
2020-09-16 13:02:36 forexsignalzz new update is 10:10:45 PM last update is 6:55:36 PM
2020-09-16 13:02:36 forexsignalzz get new signal
2020-09-16 13:02:38 forexsignalzz getting signal message started
2020-09-16 13:02:57 amirFX_signal new update is 4:19:29 AM last update is 4:19:29 AM
2020-09-16 13:02:57 amirFX_signal repeated signal
2020-09-16 13:03:14 FOR3X_SIGNAL new update is 12:15:44 PM last update is 12:15:44 PM
2020-09-16 13:03:14 FOR3X_SIGNAL repeated signal
2020-09-16 13:03:30 AmirFx VIP signal new update is 12:15:44 PM last update is 12:15:44 PM
2020-09-16 13:03:30 AmirFx VIP signal repeated signal
2020-09-16 13:03:47 Eagl777 new update is 12:15:44 PM last update is 0
2020-09-16 13:03:47 Eagl777 get new signal
2020-09-16 13:03:49 Eagl777 getting signal message started
2020-09-16 13:03:51 Eagl777 getting signal message successfully ended
2020-09-16 13:03:51 Eagl777 signal text is : GBPJPY BUY 135.62
SL 135.10
TP 137.00
2020-09-16 13:03:51 Eagl777 in INNER except signalFinder: <class 'IndexError'>
2020-09-16 13:04:07 WallstreetFXsignals new update is 12:15:44 PM last update is 12:15:44 PM
2020-09-16 13:04:07 WallstreetFXsignals repeated signal
2020-09-16 13:04:24 wolfofforexplus new update is 12:15:44 PM last update is 12:15:44 PM
2020-09-16 13:04:24 wolfofforexplus repeated signal
2020-09-16 13:04:32 light_forex new update is 10:10:45 PM last update is 10:10:45 PM
2020-09-16 13:04:32 light_forex repeated signal
2020-09-16 13:04:49 WSSignals new update is 10:10:45 PM last update is 10:10:45 PM
2020-09-16 13:04:49 WSSignals repeated signal
2020-09-16 13:05:06 forexsignalzz new update is 10:10:45 PM last update is 10:10:45 PM
2020-09-16 13:05:06 forexsignalzz repeated signal
2020-09-16 13:05:23 amirFX_signal new update is 10:10:45 PM last update is 4:19:29 AM
2020-09-16 13:05:23 amirFX_signal get new signal
2020-09-16 13:05:25 amirFX_signal getting signal message started
2020-09-16 13:05:44 FOR3X_SIGNAL new update is 10:10:45 PM last update is 12:15:44 PM
2020-09-16 13:05:44 FOR3X_SIGNAL get new signal
2020-09-16 13:05:46 FOR3X_SIGNAL getting signal message started
2020-09-16 13:06:05 AmirFx VIP signal new update is 10:10:45 PM last update is 12:15:44 PM
2020-09-16 13:06:05 AmirFx VIP signal get new signal
2020-09-16 13:06:07 AmirFx VIP signal getting signal message started
2020-09-16 13:06:25 Eagl777 new update is 10:10:45 PM last update is 0
2020-09-16 13:06:25 Eagl777 get new signal
2020-09-16 13:06:27 Eagl777 getting signal message started
2020-09-16 13:06:46 WallstreetFXsignals new update is 10:10:45 PM last update is 12:15:44 PM
2020-09-16 13:06:46 WallstreetFXsignals get new signal
2020-09-16 13:06:48 WallstreetFXsignals getting signal message started
2020-09-16 13:07:07 wolfofforexplus new update is 10:10:45 PM last update is 12:15:44 PM
2020-09-16 13:07:07 wolfofforexplus get new signal
2020-09-16 13:07:09 wolfofforexplus getting signal message started
2020-09-16 13:07:21 light_forex new update is 10:10:45 PM last update is 10:10:45 PM
2020-09-16 13:07:21 light_forex repeated signal
2020-09-16 13:07:37 WSSignals new update is 10:10:45 PM last update is 10:10:45 PM
2020-09-16 13:07:37 WSSignals repeated signal
2020-09-16 13:07:55 forexsignalzz new update is 10:10:45 PM last update is 10:10:45 PM
2020-09-16 13:07:55 forexsignalzz repeated signal
2020-09-16 13:08:11 amirFX_signal new update is 10:10:45 PM last update is 10:10:45 PM
2020-09-16 13:08:11 amirFX_signal repeated signal
2020-09-16 13:08:28 FOR3X_SIGNAL new update is 10:10:45 PM last update is 10:10:45 PM
2020-09-16 13:08:28 FOR3X_SIGNAL repeated signal
2020-09-16 13:08:44 AmirFx VIP signal new update is 10:10:45 PM last update is 10:10:45 PM
2020-09-16 13:08:44 AmirFx VIP signal repeated signal
2020-09-16 13:09:01 Eagl777 new update is 10:10:45 PM last update is 10:10:45 PM
2020-09-16 13:09:01 Eagl777 repeated signal
2020-09-16 13:09:17 WallstreetFXsignals new update is 10:10:45 PM last update is 10:10:45 PM
2020-09-16 13:09:17 WallstreetFXsignals repeated signal
2020-09-16 13:09:34 wolfofforexplus new update is 10:10:45 PM last update is 10:10:45 PM
2020-09-16 13:09:34 wolfofforexplus repeated signal
2020-09-16 13:09:43 light_forex new update is 10:10:45 PM last update is 10:10:45 PM
2020-09-16 13:09:43 light_forex repeated signal
2020-09-16 13:09:59 WSSignals new update is 10:10:45 PM last update is 10:10:45 PM
2020-09-16 13:09:59 WSSignals repeated signal
2020-09-16 13:10:17 forexsignalzz new update is 10:10:45 PM last update is 10:10:45 PM
2020-09-16 13:10:17 forexsignalzz repeated signal
2020-09-16 13:10:33 amirFX_signal new update is 10:10:45 PM last update is 10:10:45 PM
2020-09-16 13:10:33 amirFX_signal repeated signal
2020-09-16 13:10:50 FOR3X_SIGNAL new update is 10:10:45 PM last update is 10:10:45 PM
2020-09-16 13:10:50 FOR3X_SIGNAL repeated signal
2020-09-16 13:11:07 AmirFx VIP signal new update is 10:10:45 PM last update is 10:10:45 PM
2020-09-16 13:11:07 AmirFx VIP signal repeated signal
2020-09-16 13:11:23 Eagl777 new update is 10:10:45 PM last update is 10:10:45 PM
2020-09-16 13:11:23 Eagl777 repeated signal
2020-09-16 13:11:40 WallstreetFXsignals new update is 8:07:48 AM last update is 10:10:45 PM
2020-09-16 13:11:40 WallstreetFXsignals get new signal
2020-09-16 13:11:42 WallstreetFXsignals getting signal message started
2020-09-16 13:12:00 wolfofforexplus new update is 8:07:48 AM last update is 10:10:45 PM
2020-09-16 13:12:00 wolfofforexplus get new signal
2020-09-16 13:12:02 wolfofforexplus getting signal message started
2020-09-16 13:12:13 light_forex new update is 10:10:45 PM last update is 10:10:45 PM
2020-09-16 13:12:13 light_forex repeated signal
2020-09-16 13:12:29 WSSignals new update is 10:10:45 PM last update is 10:10:45 PM
2020-09-16 13:12:29 WSSignals repeated signal
2020-09-16 13:12:47 forexsignalzz new update is 6:55:36 PM last update is 10:10:45 PM
2020-09-16 13:12:47 forexsignalzz get new signal
2020-09-16 13:12:49 forexsignalzz getting signal message started
2020-09-16 13:13:03 amirFX_signal new update is 4:19:29 AM last update is 10:10:45 PM
2020-09-16 13:13:03 amirFX_signal get new signal
2020-09-16 13:13:05 amirFX_signal getting signal message started
2020-09-16 13:13:18 FOR3X_SIGNAL new update is 1:12:18 PM last update is 10:10:45 PM
2020-09-16 13:13:18 FOR3X_SIGNAL get new signal
2020-09-16 13:13:20 FOR3X_SIGNAL getting signal message started
2020-09-16 13:13:22 FOR3X_SIGNAL getting signal message successfully ended
2020-09-16 13:13:22 FOR3X_SIGNAL getting signal message successfully ended
2020-09-16 13:13:22 FOR3X_SIGNAL signal text is : GOLD SELL 1967
SL 1986
TP 1902
2020-09-16 13:13:22  writting signal message started
2020-09-16 13:13:34 FOR3X_SIGNAL signal text is : GBPJPY BUY 135.62
SL 135.10
TP 137.00
2020-09-16 13:13:34  writting signal message started
2020-09-16 13:14:26 AmirFx VIP signal new update is 4:19:29 AM last update is 10:10:45 PM
2020-09-16 13:14:26 AmirFx VIP signal get new signal
2020-09-16 13:14:28 AmirFx VIP signal getting signal message started
2020-09-16 13:14:41 Eagl777 new update is 5:11:26 PM last update is 10:10:45 PM
2020-09-16 13:14:41 Eagl777 get new signal
2020-09-16 13:14:43 Eagl777 getting signal message started
2020-09-16 13:14:56 WallstreetFXsignals new update is 8:07:48 AM last update is 8:07:48 AM
2020-09-16 13:14:56 WallstreetFXsignals repeated signal
2020-09-16 13:15:06 wolfofforexplus new update is 11:13:51 AM last update is 8:07:48 AM
2020-09-16 13:15:06 wolfofforexplus get new signal
2020-09-16 13:15:08 wolfofforexplus getting signal message started
2020-09-16 13:15:19 light_forex new update is 10:10:45 PM last update is 10:10:45 PM
2020-09-16 13:15:19 light_forex repeated signal
2020-09-16 13:15:35 WSSignals new update is 10:10:45 PM last update is 10:10:45 PM
2020-09-16 13:15:35 WSSignals repeated signal
2020-09-16 13:15:47 forexsignalzz new update is 6:55:36 PM last update is 6:55:36 PM
2020-09-16 13:15:47 forexsignalzz repeated signal
2020-09-16 13:15:57 amirFX_signal new update is 4:19:29 AM last update is 4:19:29 AM
2020-09-16 13:15:57 amirFX_signal repeated signal
2020-09-16 13:16:08 FOR3X_SIGNAL new update is 1:12:18 PM last update is 1:12:18 PM
2020-09-16 13:16:08 FOR3X_SIGNAL repeated signal
2020-09-16 13:16:21 AmirFx VIP signal new update is 4:19:29 AM last update is 4:19:29 AM
2020-09-16 13:16:21 AmirFx VIP signal repeated signal
2020-09-16 13:16:31 Eagl777 new update is 5:11:26 PM last update is 5:11:26 PM
2020-09-16 13:16:31 Eagl777 repeated signal
2020-09-16 13:16:42 WallstreetFXsignals new update is 8:07:48 AM last update is 8:07:48 AM
2020-09-16 13:16:42 WallstreetFXsignals repeated signal
2020-09-16 13:16:52 wolfofforexplus new update is 11:13:51 AM last update is 11:13:51 AM
2020-09-16 13:16:52 wolfofforexplus repeated signal
2020-09-16 13:17:00 light_forex new update is 10:10:45 PM last update is 10:10:45 PM
2020-09-16 13:17:00 light_forex repeated signal
2020-09-16 13:17:17 WSSignals new update is 10:10:45 PM last update is 10:10:45 PM
2020-09-16 13:17:17 WSSignals repeated signal
2020-09-16 13:17:29 forexsignalzz new update is 6:55:36 PM last update is 6:55:36 PM
2020-09-16 13:17:29 forexsignalzz repeated signal
2020-09-16 13:17:39 amirFX_signal new update is 4:19:29 AM last update is 4:19:29 AM
2020-09-16 13:17:39 amirFX_signal repeated signal
2020-09-16 13:17:50 FOR3X_SIGNAL new update is 1:12:18 PM last update is 1:12:18 PM
2020-09-16 13:17:50 FOR3X_SIGNAL repeated signal
2020-09-16 13:18:00 AmirFx VIP signal new update is 4:19:29 AM last update is 4:19:29 AM
2020-09-16 13:18:00 AmirFx VIP signal repeated signal
2020-09-16 13:18:11 Eagl777 new update is 5:11:26 PM last update is 5:11:26 PM
2020-09-16 13:18:11 Eagl777 repeated signal
2020-09-16 13:18:21 WallstreetFXsignals new update is 8:07:48 AM last update is 8:07:48 AM
2020-09-16 13:18:21 WallstreetFXsignals repeated signal
2020-09-16 13:18:32 wolfofforexplus new update is 11:13:51 AM last update is 11:13:51 AM
2020-09-16 13:18:32 wolfofforexplus repeated signal
2020-09-16 13:18:40 light_forex new update is 10:10:45 PM last update is 10:10:45 PM
2020-09-16 13:18:40 light_forex repeated signal
2020-09-16 13:18:57 WSSignals new update is 10:10:45 PM last update is 10:10:45 PM
2020-09-16 13:18:57 WSSignals repeated signal
2020-09-16 13:19:08 forexsignalzz new update is 6:55:36 PM last update is 6:55:36 PM
2020-09-16 13:19:08 forexsignalzz repeated signal
2020-09-16 13:19:19 amirFX_signal new update is 4:19:29 AM last update is 4:19:29 AM
2020-09-16 13:19:19 amirFX_signal repeated signal
2020-09-16 13:19:29 FOR3X_SIGNAL new update is 1:12:18 PM last update is 1:12:18 PM
2020-09-16 13:19:29 FOR3X_SIGNAL repeated signal
2020-09-16 13:19:40 AmirFx VIP signal new update is 4:19:29 AM last update is 4:19:29 AM
2020-09-16 13:19:40 AmirFx VIP signal repeated signal
2020-09-16 13:19:51 Eagl777 new update is 5:11:26 PM last update is 5:11:26 PM
2020-09-16 13:19:51 Eagl777 repeated signal
2020-09-16 13:20:02 WallstreetFXsignals new update is 8:07:48 AM last update is 8:07:48 AM
2020-09-16 13:20:02 WallstreetFXsignals repeated signal
2020-09-16 13:20:12 wolfofforexplus new update is 11:13:51 AM last update is 11:13:51 AM
2020-09-16 13:20:12 wolfofforexplus repeated signal
2020-09-16 13:20:20 light_forex new update is 10:10:45 PM last update is 10:10:45 PM
2020-09-16 13:20:20 light_forex repeated signal
2020-09-16 13:20:37 WSSignals new update is 10:10:45 PM last update is 10:10:45 PM
2020-09-16 13:20:37 WSSignals repeated signal
2020-09-16 13:20:48 forexsignalzz new update is 6:55:36 PM last update is 6:55:36 PM
2020-09-16 13:20:48 forexsignalzz repeated signal
2020-09-16 13:20:59 amirFX_signal new update is 4:19:29 AM last update is 4:19:29 AM
2020-09-16 13:20:59 amirFX_signal repeated signal
2020-09-16 13:21:10 FOR3X_SIGNAL new update is 1:12:18 PM last update is 1:12:18 PM
2020-09-16 13:21:10 FOR3X_SIGNAL repeated signal
2020-09-16 13:21:20 AmirFx VIP signal new update is 4:19:29 AM last update is 4:19:29 AM
2020-09-16 13:21:20 AmirFx VIP signal repeated signal
2020-09-16 13:21:31 Eagl777 new update is 5:11:26 PM last update is 5:11:26 PM
2020-09-16 13:21:31 Eagl777 repeated signal
2020-09-16 13:21:41 WallstreetFXsignals new update is 8:07:48 AM last update is 8:07:48 AM
2020-09-16 13:21:41 WallstreetFXsignals repeated signal
2020-09-16 13:21:52 wolfofforexplus new update is 11:13:51 AM last update is 11:13:51 AM
2020-09-16 13:21:52 wolfofforexplus repeated signal
2020-09-16 13:22:00 light_forex new update is 10:10:45 PM last update is 10:10:45 PM
2020-09-16 13:22:00 light_forex repeated signal
2020-09-16 13:22:16 WSSignals new update is 10:10:45 PM last update is 10:10:45 PM
2020-09-16 13:22:16 WSSignals repeated signal
2020-09-16 13:22:28 forexsignalzz new update is 6:55:36 PM last update is 6:55:36 PM
2020-09-16 13:22:28 forexsignalzz repeated signal
2020-09-16 13:22:39 amirFX_signal new update is 4:19:29 AM last update is 4:19:29 AM
2020-09-16 13:22:39 amirFX_signal repeated signal
2020-09-16 13:22:49 FOR3X_SIGNAL new update is 1:12:18 PM last update is 1:12:18 PM
2020-09-16 13:22:49 FOR3X_SIGNAL repeated signal
2020-09-16 13:23:00 AmirFx VIP signal new update is 4:19:29 AM last update is 4:19:29 AM
2020-09-16 13:23:00 AmirFx VIP signal repeated signal
2020-09-16 13:23:11 Eagl777 new update is 5:11:26 PM last update is 5:11:26 PM
2020-09-16 13:23:11 Eagl777 repeated signal
2020-09-16 13:23:21 WallstreetFXsignals new update is 8:07:48 AM last update is 8:07:48 AM
2020-09-16 13:23:21 WallstreetFXsignals repeated signal
2020-09-16 13:23:32 wolfofforexplus new update is 11:13:51 AM last update is 11:13:51 AM
2020-09-16 13:23:32 wolfofforexplus repeated signal
2020-09-16 13:23:40 light_forex new update is 10:10:45 PM last update is 10:10:45 PM
2020-09-16 13:23:40 light_forex repeated signal
2020-09-16 13:23:56 WSSignals new update is 10:10:45 PM last update is 10:10:45 PM
2020-09-16 13:23:56 WSSignals repeated signal
2020-09-16 13:24:08 forexsignalzz new update is 6:55:36 PM last update is 6:55:36 PM
2020-09-16 13:24:08 forexsignalzz repeated signal
2020-09-16 13:24:19 amirFX_signal new update is 4:19:29 AM last update is 4:19:29 AM
2020-09-16 13:24:19 amirFX_signal repeated signal
2020-09-16 13:24:29 FOR3X_SIGNAL new update is 1:12:18 PM last update is 1:12:18 PM
2020-09-16 13:24:29 FOR3X_SIGNAL repeated signal
2020-09-16 13:24:40 AmirFx VIP signal new update is 4:19:29 AM last update is 4:19:29 AM
2020-09-16 13:24:40 AmirFx VIP signal repeated signal
2020-09-16 13:24:51 Eagl777 new update is 5:11:26 PM last update is 5:11:26 PM
2020-09-16 13:24:51 Eagl777 repeated signal
2020-09-16 13:25:01 WallstreetFXsignals new update is 8:07:48 AM last update is 8:07:48 AM
2020-09-16 13:25:01 WallstreetFXsignals repeated signal
2020-09-16 13:25:12 wolfofforexplus new update is 11:13:51 AM last update is 11:13:51 AM
2020-09-16 13:25:12 wolfofforexplus repeated signal
2020-09-16 13:25:20 light_forex new update is 10:10:45 PM last update is 10:10:45 PM
2020-09-16 13:25:20 light_forex repeated signal
2020-09-16 13:25:36 WSSignals new update is 10:10:45 PM last update is 10:10:45 PM
2020-09-16 13:25:36 WSSignals repeated signal
2020-09-16 13:25:48 forexsignalzz new update is 6:55:36 PM last update is 6:55:36 PM
2020-09-16 13:25:48 forexsignalzz repeated signal
2020-09-16 13:25:59 amirFX_signal new update is 4:19:29 AM last update is 4:19:29 AM
2020-09-16 13:25:59 amirFX_signal repeated signal
2020-09-16 13:26:09 FOR3X_SIGNAL new update is 1:12:18 PM last update is 1:12:18 PM
2020-09-16 13:26:09 FOR3X_SIGNAL repeated signal
2020-09-16 13:26:20 AmirFx VIP signal new update is 4:19:29 AM last update is 4:19:29 AM
2020-09-16 13:26:20 AmirFx VIP signal repeated signal
2020-09-16 13:26:31 Eagl777 new update is 5:11:26 PM last update is 5:11:26 PM
2020-09-16 13:26:31 Eagl777 repeated signal
2020-09-16 13:26:41 WallstreetFXsignals new update is 8:07:48 AM last update is 8:07:48 AM
2020-09-16 13:26:41 WallstreetFXsignals repeated signal
2020-09-16 13:26:52 wolfofforexplus new update is 11:13:51 AM last update is 11:13:51 AM
2020-09-16 13:26:52 wolfofforexplus repeated signal
2020-09-16 13:27:00 light_forex new update is 10:10:45 PM last update is 10:10:45 PM
2020-09-16 13:27:00 light_forex repeated signal
2020-09-16 13:27:16 WSSignals new update is 10:10:45 PM last update is 10:10:45 PM
2020-09-16 13:27:16 WSSignals repeated signal
2020-09-16 13:27:28 forexsignalzz new update is 6:55:36 PM last update is 6:55:36 PM
2020-09-16 13:27:28 forexsignalzz repeated signal
2020-09-16 13:27:39 amirFX_signal new update is 4:19:29 AM last update is 4:19:29 AM
2020-09-16 13:27:39 amirFX_signal repeated signal
2020-09-16 13:27:49 FOR3X_SIGNAL new update is 1:12:18 PM last update is 1:12:18 PM
2020-09-16 13:27:49 FOR3X_SIGNAL repeated signal
2020-09-16 13:28:00 AmirFx VIP signal new update is 4:19:29 AM last update is 4:19:29 AM
2020-09-16 13:28:00 AmirFx VIP signal repeated signal
2020-09-16 13:28:11 Eagl777 new update is 5:11:26 PM last update is 5:11:26 PM
2020-09-16 13:28:11 Eagl777 repeated signal
2020-09-16 13:28:21 WallstreetFXsignals new update is 8:07:48 AM last update is 8:07:48 AM
2020-09-16 13:28:21 WallstreetFXsignals repeated signal
2020-09-16 13:28:32 wolfofforexplus new update is 11:13:51 AM last update is 11:13:51 AM
2020-09-16 13:28:32 wolfofforexplus repeated signal
2020-09-16 13:28:40 light_forex new update is 10:10:45 PM last update is 10:10:45 PM
2020-09-16 13:28:40 light_forex repeated signal
2020-09-16 13:28:56 WSSignals new update is 10:10:45 PM last update is 10:10:45 PM
2020-09-16 13:28:56 WSSignals repeated signal
2020-09-16 13:29:08 forexsignalzz new update is 6:55:36 PM last update is 6:55:36 PM
2020-09-16 13:29:08 forexsignalzz repeated signal
2020-09-16 13:29:19 amirFX_signal new update is 4:19:29 AM last update is 4:19:29 AM
2020-09-16 13:29:19 amirFX_signal repeated signal
2020-09-16 13:29:29 FOR3X_SIGNAL new update is 1:12:18 PM last update is 1:12:18 PM
2020-09-16 13:29:29 FOR3X_SIGNAL repeated signal
2020-09-16 13:29:40 AmirFx VIP signal new update is 4:19:29 AM last update is 4:19:29 AM
2020-09-16 13:29:40 AmirFx VIP signal repeated signal
2020-09-16 13:29:51 Eagl777 new update is 5:11:26 PM last update is 5:11:26 PM
2020-09-16 13:29:51 Eagl777 repeated signal
2020-09-16 13:30:01 WallstreetFXsignals new update is 8:07:48 AM last update is 8:07:48 AM
2020-09-16 13:30:01 WallstreetFXsignals repeated signal
2020-09-16 13:30:12 wolfofforexplus new update is 11:13:51 AM last update is 11:13:51 AM
2020-09-16 13:30:12 wolfofforexplus repeated signal
2020-09-16 13:30:20 light_forex new update is 10:10:45 PM last update is 10:10:45 PM
2020-09-16 13:30:20 light_forex repeated signal
2020-09-16 13:30:37 WSSignals new update is 10:10:45 PM last update is 10:10:45 PM
2020-09-16 13:30:37 WSSignals repeated signal
2020-09-16 13:30:48 forexsignalzz new update is 6:55:36 PM last update is 6:55:36 PM
2020-09-16 13:30:48 forexsignalzz repeated signal
2020-09-16 13:30:59 amirFX_signal new update is 4:19:29 AM last update is 4:19:29 AM
2020-09-16 13:30:59 amirFX_signal repeated signal
2020-09-16 13:31:09 FOR3X_SIGNAL new update is 1:12:18 PM last update is 1:12:18 PM
2020-09-16 13:31:09 FOR3X_SIGNAL repeated signal
2020-09-16 13:31:20 AmirFx VIP signal new update is 4:19:29 AM last update is 4:19:29 AM
2020-09-16 13:31:20 AmirFx VIP signal repeated signal
2020-09-16 13:31:31 Eagl777 new update is 5:11:26 PM last update is 5:11:26 PM
2020-09-16 13:31:31 Eagl777 repeated signal
2020-09-16 13:31:42 WallstreetFXsignals new update is 8:07:48 AM last update is 8:07:48 AM
2020-09-16 13:31:42 WallstreetFXsignals repeated signal
2020-09-16 13:31:52 wolfofforexplus new update is 11:13:51 AM last update is 11:13:51 AM
2020-09-16 13:31:52 wolfofforexplus repeated signal
2020-09-16 13:32:01 light_forex new update is 10:10:45 PM last update is 10:10:45 PM
2020-09-16 13:32:01 light_forex repeated signal
2020-09-16 13:32:17 WSSignals new update is 10:10:45 PM last update is 10:10:45 PM
2020-09-16 13:32:17 WSSignals repeated signal
2020-09-16 13:32:29 forexsignalzz new update is 6:55:36 PM last update is 6:55:36 PM
2020-09-16 13:32:29 forexsignalzz repeated signal
2020-09-16 13:32:39 amirFX_signal new update is 4:19:29 AM last update is 4:19:29 AM
2020-09-16 13:32:39 amirFX_signal repeated signal
2020-09-16 13:32:50 FOR3X_SIGNAL new update is 1:12:18 PM last update is 1:12:18 PM
2020-09-16 13:32:50 FOR3X_SIGNAL repeated signal
2020-09-16 13:33:01 AmirFx VIP signal new update is 4:19:29 AM last update is 4:19:29 AM
2020-09-16 13:33:01 AmirFx VIP signal repeated signal
2020-09-16 13:33:11 Eagl777 new update is 5:11:26 PM last update is 5:11:26 PM
2020-09-16 13:33:11 Eagl777 repeated signal
2020-09-16 13:33:22 WallstreetFXsignals new update is 8:07:48 AM last update is 8:07:48 AM
2020-09-16 13:33:22 WallstreetFXsignals repeated signal
2020-09-16 13:33:33 wolfofforexplus new update is 11:13:51 AM last update is 11:13:51 AM
2020-09-16 13:33:33 wolfofforexplus repeated signal
2020-09-16 13:33:41 light_forex new update is 10:10:45 PM last update is 10:10:45 PM
2020-09-16 13:33:41 light_forex repeated signal
2020-09-16 13:33:57 WSSignals new update is 10:10:45 PM last update is 10:10:45 PM
2020-09-16 13:33:57 WSSignals repeated signal
2020-09-16 13:34:09 forexsignalzz new update is 6:55:36 PM last update is 6:55:36 PM
2020-09-16 13:34:09 forexsignalzz repeated signal
2020-09-16 13:34:19 amirFX_signal new update is 4:19:29 AM last update is 4:19:29 AM
2020-09-16 13:34:19 amirFX_signal repeated signal
2020-09-16 13:34:30 FOR3X_SIGNAL new update is 1:12:18 PM last update is 1:12:18 PM
2020-09-16 13:34:30 FOR3X_SIGNAL repeated signal
2020-09-16 13:34:41 AmirFx VIP signal new update is 4:19:29 AM last update is 4:19:29 AM
2020-09-16 13:34:41 AmirFx VIP signal repeated signal
2020-09-16 13:34:52 Eagl777 new update is 5:11:26 PM last update is 5:11:26 PM
2020-09-16 13:34:52 Eagl777 repeated signal
2020-09-16 13:35:02 WallstreetFXsignals new update is 8:07:48 AM last update is 8:07:48 AM
2020-09-16 13:35:02 WallstreetFXsignals repeated signal
2020-09-16 13:35:13 wolfofforexplus new update is 11:13:51 AM last update is 11:13:51 AM
2020-09-16 13:35:13 wolfofforexplus repeated signal
2020-09-16 13:35:21 light_forex new update is 10:10:45 PM last update is 10:10:45 PM
2020-09-16 13:35:21 light_forex repeated signal
2020-09-16 13:35:37 WSSignals new update is 10:10:45 PM last update is 10:10:45 PM
2020-09-16 13:35:37 WSSignals repeated signal
2020-09-16 13:35:49 forexsignalzz new update is 6:55:36 PM last update is 6:55:36 PM
2020-09-16 13:35:49 forexsignalzz repeated signal
2020-09-16 13:36:00 amirFX_signal new update is 4:19:29 AM last update is 4:19:29 AM
2020-09-16 13:36:00 amirFX_signal repeated signal
2020-09-16 13:36:16 FOR3X_SIGNAL new update is 4:19:29 AM last update is 1:12:18 PM
2020-09-16 13:36:16 FOR3X_SIGNAL get new signal
2020-09-16 13:36:18 FOR3X_SIGNAL getting signal message started
2020-09-16 13:36:48 AmirFx VIP signal new update is 4:19:29 AM last update is 4:19:29 AM
2020-09-16 13:36:48 AmirFx VIP signal repeated signal
2020-09-16 13:39:56 Eagl777 new update is 5:11:26 PM last update is 5:11:26 PM
2020-09-16 13:39:56 Eagl777 repeated signal
2020-09-16 13:40:13 WallstreetFXsignals new update is 8:07:48 AM last update is 8:07:48 AM
2020-09-16 13:40:13 WallstreetFXsignals repeated signal
2020-09-16 13:40:29 wolfofforexplus new update is 8:07:48 AM last update is 11:13:51 AM
2020-09-16 13:40:29 wolfofforexplus get new signal
2020-09-16 13:40:31 wolfofforexplus getting signal message started
2020-09-16 13:40:41 light_forex new update is 10:10:45 PM last update is 10:10:45 PM
2020-09-16 13:40:41 light_forex repeated signal
2020-09-16 13:40:58 WSSignals new update is 10:10:45 PM last update is 10:10:45 PM
2020-09-16 13:40:58 WSSignals repeated signal
2020-09-16 13:41:13 forexsignalzz new update is 6:55:36 PM last update is 6:55:36 PM
2020-09-16 13:41:13 forexsignalzz repeated signal
2020-09-16 13:41:28 amirFX_signal new update is 4:19:29 AM last update is 4:19:29 AM
2020-09-16 13:41:28 amirFX_signal repeated signal
2020-09-16 13:41:44 FOR3X_SIGNAL new update is 1:12:18 PM last update is 4:19:29 AM
2020-09-16 13:41:44 FOR3X_SIGNAL get new signal
2020-09-16 13:41:46 FOR3X_SIGNAL getting signal message started
2020-09-16 13:41:49 FOR3X_SIGNAL getting signal message successfully ended
2020-09-16 13:41:49 FOR3X_SIGNAL getting signal message successfully ended
2020-09-16 13:41:49 FOR3X_SIGNAL signal text is : GOLD SELL 1967
SL 1986
TP 1902
2020-09-16 13:41:49  writting signal message started
2020-09-16 13:42:01 FOR3X_SIGNAL signal text is : GBPJPY BUY 135.62
SL 135.10
TP 137.00
2020-09-16 13:42:01  writting signal message started
2020-09-16 13:42:58 AmirFx VIP signal new update is 4:19:29 AM last update is 4:19:29 AM
2020-09-16 13:42:58 AmirFx VIP signal repeated signal
2020-09-16 13:43:11 Eagl777 new update is 5:11:26 PM last update is 5:11:26 PM
2020-09-16 13:43:11 Eagl777 repeated signal
2020-09-16 13:43:27 WallstreetFXsignals new update is 8:07:48 AM last update is 8:07:48 AM
2020-09-16 13:43:27 WallstreetFXsignals repeated signal
2020-09-16 13:43:44 wolfofforexplus new update is 8:07:48 AM last update is 8:07:48 AM
2020-09-16 13:43:44 wolfofforexplus repeated signal
2020-09-16 13:43:52 light_forex new update is 10:10:45 PM last update is 10:10:45 PM
2020-09-16 13:43:52 light_forex repeated signal
2020-09-16 13:44:08 WSSignals new update is 10:10:45 PM last update is 10:10:45 PM
2020-09-16 13:44:08 WSSignals repeated signal
2020-09-16 13:44:26 forexsignalzz new update is 10:10:45 PM last update is 6:55:36 PM
2020-09-16 13:44:26 forexsignalzz get new signal
2020-09-16 13:44:28 forexsignalzz getting signal message started
2020-09-16 13:44:47 amirFX_signal new update is 10:10:45 PM last update is 4:19:29 AM
2020-09-16 13:44:47 amirFX_signal get new signal
2020-09-16 13:44:49 amirFX_signal getting signal message started
2020-09-16 13:45:08 FOR3X_SIGNAL new update is 10:10:45 PM last update is 1:12:18 PM
2020-09-16 13:45:08 FOR3X_SIGNAL get new signal
2020-09-16 13:45:10 FOR3X_SIGNAL getting signal message started
2020-09-16 13:45:28 AmirFx VIP signal new update is 10:10:45 PM last update is 4:19:29 AM
2020-09-16 13:45:28 AmirFx VIP signal get new signal
2020-09-16 13:45:30 AmirFx VIP signal getting signal message started
2020-09-16 13:45:49 Eagl777 new update is 10:10:45 PM last update is 5:11:26 PM
2020-09-16 13:45:49 Eagl777 get new signal
2020-09-16 13:45:51 Eagl777 getting signal message started
2020-09-16 13:46:10 WallstreetFXsignals new update is 10:10:45 PM last update is 8:07:48 AM
2020-09-16 13:46:10 WallstreetFXsignals get new signal
2020-09-16 13:46:12 WallstreetFXsignals getting signal message started
2020-09-16 13:46:31 wolfofforexplus new update is 11:13:51 AM last update is 8:07:48 AM
2020-09-16 13:46:31 wolfofforexplus get new signal
2020-09-16 13:46:33 wolfofforexplus getting signal message started
2020-09-16 13:46:35 wolfofforexplus getting signal message successfully ended
2020-09-16 13:46:35 wolfofforexplus signal text is : #EURJPY
:chart_with_downwards_trend: SELL :125.36
:red_circle: STOP LOSS : hidden
:white_check_mark: TAKE PROFIT 1 : hidden
:white_check_mark: TAKE PROFIT 2 :
2020-09-16 13:46:43 light_forex new update is 10:10:45 PM last update is 10:10:45 PM
2020-09-16 13:46:43 light_forex repeated signal
2020-09-16 13:46:59 WSSignals new update is 10:10:45 PM last update is 10:10:45 PM
2020-09-16 13:46:59 WSSignals repeated signal
2020-09-16 13:47:17 forexsignalzz new update is 6:55:36 PM last update is 10:10:45 PM
2020-09-16 13:47:17 forexsignalzz get new signal
2020-09-16 13:47:19 forexsignalzz getting signal message started
2020-09-16 13:47:38 amirFX_signal new update is 4:19:29 AM last update is 10:10:45 PM
2020-09-16 13:47:38 amirFX_signal get new signal
2020-09-16 13:47:40 amirFX_signal getting signal message started
2020-09-16 13:47:42 amirFX_signal getting signal message successfully ended
2020-09-16 13:47:43  writting signal message started
2020-09-16 13:48:09 FOR3X_SIGNAL new update is 1:12:18 PM last update is 10:10:45 PM
2020-09-16 13:48:09 FOR3X_SIGNAL get new signal
2020-09-16 13:48:11 FOR3X_SIGNAL getting signal message started
2020-09-16 13:48:13 FOR3X_SIGNAL getting signal message successfully ended
2020-09-16 13:48:13 FOR3X_SIGNAL getting signal message successfully ended
2020-09-16 13:48:13 FOR3X_SIGNAL signal text is : GOLD SELL 1967
SL 1986
TP 1902
2020-09-16 13:48:13  writting signal message started
2020-09-16 13:48:25 FOR3X_SIGNAL signal text is : GBPJPY BUY 135.62
SL 135.10
TP 137.00
2020-09-16 13:48:25  writting signal message started
2020-09-16 13:49:23 AmirFx VIP signal new update is 1:12:18 PM last update is 10:10:45 PM
2020-09-16 13:49:23 AmirFx VIP signal get new signal
2020-09-16 13:49:25 AmirFx VIP signal getting signal message started
2020-09-16 13:49:40 Eagl777 new update is 5:11:26 PM last update is 10:10:45 PM
2020-09-16 13:49:40 Eagl777 get new signal
2020-09-16 13:49:42 Eagl777 getting signal message started
2020-09-16 13:49:59 WallstreetFXsignals new update is 8:07:48 AM last update is 10:10:45 PM
2020-09-16 13:49:59 WallstreetFXsignals get new signal
2020-09-16 13:50:01 WallstreetFXsignals getting signal message started
2020-09-16 13:50:19 wolfofforexplus new update is 8:07:48 AM last update is 11:13:51 AM
2020-09-16 13:50:19 wolfofforexplus get new signal
2020-09-16 13:50:21 wolfofforexplus getting signal message started
2020-09-16 13:50:32 light_forex new update is 10:10:45 PM last update is 10:10:45 PM
2020-09-16 13:50:32 light_forex repeated signal
2020-09-16 13:50:48 WSSignals new update is 10:10:45 PM last update is 10:10:45 PM
2020-09-16 13:50:48 WSSignals repeated signal
2020-09-16 13:51:06 forexsignalzz new update is 6:55:36 PM last update is 6:55:36 PM
2020-09-16 13:51:06 forexsignalzz repeated signal
2020-09-16 13:51:22 amirFX_signal new update is 1:46:41 PM last update is 4:19:29 AM
2020-09-16 13:51:22 amirFX_signal get new signal
2020-09-16 13:51:24 amirFX_signal getting signal message started
2020-09-16 13:51:27 amirFX_signal getting signal message successfully ended
2020-09-16 13:51:27  writting signal message started
2020-09-16 13:51:55 FOR3X_SIGNAL new update is 1:46:41 PM last update is 1:12:18 PM
2020-09-16 13:51:55 FOR3X_SIGNAL get new signal
2020-09-16 13:51:57 FOR3X_SIGNAL getting signal message started
2020-09-16 13:52:16 AmirFx VIP signal new update is 1:46:41 PM last update is 1:12:18 PM
2020-09-16 13:52:16 AmirFx VIP signal get new signal
2020-09-16 13:52:18 AmirFx VIP signal getting signal message started
2020-09-16 13:52:21 AmirFx VIP signal getting signal message successfully ended
2020-09-16 13:52:21  writting signal message started
2020-09-16 13:52:45 Eagl777 new update is 5:11:26 PM last update is 5:11:26 PM
2020-09-16 13:52:45 Eagl777 repeated signal
2020-09-16 13:53:02 WallstreetFXsignals new update is 8:07:48 AM last update is 8:07:48 AM
2020-09-16 13:53:02 WallstreetFXsignals repeated signal
2020-09-16 13:53:19 wolfofforexplus new update is 8:07:48 AM last update is 8:07:48 AM
2020-09-16 13:53:19 wolfofforexplus repeated signal
2020-09-16 13:53:27 light_forex new update is 10:10:45 PM last update is 10:10:45 PM
2020-09-16 13:53:27 light_forex repeated signal
2020-09-16 13:53:43 WSSignals new update is 10:10:45 PM last update is 10:10:45 PM
2020-09-16 13:53:43 WSSignals repeated signal
2020-09-16 13:54:01 forexsignalzz new update is 10:10:45 PM last update is 6:55:36 PM
2020-09-16 13:54:01 forexsignalzz get new signal
2020-09-16 13:54:03 forexsignalzz getting signal message started
2020-09-16 13:54:22 amirFX_signal new update is 10:10:45 PM last update is 1:46:41 PM
2020-09-16 13:54:22 amirFX_signal get new signal
2020-09-16 13:54:24 amirFX_signal getting signal message started
2020-09-16 13:54:43 FOR3X_SIGNAL new update is 1:54:50 PM last update is 1:46:41 PM
2020-09-16 13:54:43 FOR3X_SIGNAL get new signal
2020-09-16 13:54:45 FOR3X_SIGNAL getting signal message started
2020-09-16 13:55:03 AmirFx VIP signal new update is 1:54:50 PM last update is 1:46:41 PM
2020-09-16 13:55:03 AmirFx VIP signal get new signal
2020-09-16 13:55:05 AmirFx VIP signal getting signal message started
2020-09-16 13:55:22 Eagl777 new update is 5:11:26 PM last update is 5:11:26 PM
2020-09-16 13:55:22 Eagl777 repeated signal
2020-09-16 13:55:39 WallstreetFXsignals new update is 5:11:26 PM last update is 8:07:48 AM
2020-09-16 13:55:39 WallstreetFXsignals get new signal
2020-09-16 13:55:41 WallstreetFXsignals getting signal message started
2020-09-16 13:56:00 wolfofforexplus new update is 11:13:51 AM last update is 8:07:48 AM
2020-09-16 13:56:00 wolfofforexplus get new signal
2020-09-16 13:56:02 wolfofforexplus getting signal message started
2020-09-16 13:56:04 wolfofforexplus getting signal message successfully ended
2020-09-16 13:56:04 wolfofforexplus signal text is : #EURJPY
:chart_with_downwards_trend: SELL :125.36
:red_circle: STOP LOSS : hidden
:white_check_mark: TAKE PROFIT 1 : hidden
:white_check_mark: TAKE PROFIT 2 :
2020-09-16 13:56:12 light_forex new update is 1:54:50 PM last update is 10:10:45 PM
2020-09-16 13:56:12 light_forex get new signal
2020-09-16 13:56:14 light_forex getting signal message started
2020-09-16 13:56:33 WSSignals new update is 1:54:50 PM last update is 10:10:45 PM
2020-09-16 13:56:33 WSSignals get new signal
2020-09-16 13:56:35 WSSignals getting signal message started
2020-09-16 13:56:53 forexsignalzz new update is 6:55:36 PM last update is 10:10:45 PM
2020-09-16 13:56:53 forexsignalzz get new signal
2020-09-16 13:56:55 forexsignalzz getting signal message started
2020-09-16 13:57:14 amirFX_signal new update is 1:46:41 PM last update is 10:10:45 PM
2020-09-16 13:57:14 amirFX_signal get new signal
2020-09-16 13:57:16 amirFX_signal getting signal message started
2020-09-16 13:57:18 amirFX_signal getting signal message successfully ended
2020-09-16 13:57:18  writting signal message started
2020-09-16 13:57:45 FOR3X_SIGNAL new update is 1:12:18 PM last update is 1:54:50 PM
2020-09-16 13:57:45 FOR3X_SIGNAL get new signal
2020-09-16 13:57:47 FOR3X_SIGNAL getting signal message started
2020-09-16 13:57:49 FOR3X_SIGNAL getting signal message successfully ended
2020-09-16 13:57:49 FOR3X_SIGNAL getting signal message successfully ended
2020-09-16 13:57:49 FOR3X_SIGNAL signal text is : GOLD SELL 1967
SL 1986
TP 1902
2020-09-16 13:57:49  writting signal message started
2020-09-16 13:58:01 FOR3X_SIGNAL signal text is : GBPJPY BUY 135.62
SL 135.10
TP 137.00
2020-09-16 13:58:01  writting signal message started
2020-09-16 13:58:30 AmirFx VIP signal new update is 1:46:41 PM last update is 1:54:50 PM
2020-09-16 13:58:30 AmirFx VIP signal get new signal
2020-09-16 13:58:32 AmirFx VIP signal getting signal message started
2020-09-16 13:58:34 AmirFx VIP signal getting signal message successfully ended
2020-09-16 13:58:34  writting signal message started
2020-09-16 13:59:01 Eagl777 new update is 5:11:26 PM last update is 5:11:26 PM
2020-09-16 13:59:01 Eagl777 repeated signal
2020-09-16 13:59:15 WallstreetFXsignals new update is 8:07:48 AM last update is 5:11:26 PM
2020-09-16 13:59:15 WallstreetFXsignals get new signal
2020-09-16 13:59:17 WallstreetFXsignals getting signal message started
2020-09-16 13:59:36 wolfofforexplus new update is 11:13:51 AM last update is 11:13:51 AM
2020-09-16 13:59:36 wolfofforexplus repeated signal
2020-09-16 13:59:44 light_forex new update is 1:54:50 PM last update is 1:54:50 PM
2020-09-16 13:59:44 light_forex repeated signal
2020-09-16 14:00:01 WSSignals new update is 1:54:50 PM last update is 1:54:50 PM
2020-09-16 14:00:01 WSSignals repeated signal
2020-09-16 14:00:16 forexsignalzz new update is 6:55:36 PM last update is 6:55:36 PM
2020-09-16 14:00:16 forexsignalzz repeated signal
2020-09-16 14:00:29 amirFX_signal new update is 1:59:11 PM last update is 1:46:41 PM
2020-09-16 14:00:29 amirFX_signal get new signal
2020-09-16 14:00:31 amirFX_signal getting signal message started
2020-09-16 14:00:50 FOR3X_SIGNAL new update is 1:12:18 PM last update is 1:12:18 PM
2020-09-16 14:00:50 FOR3X_SIGNAL repeated signal
2020-09-16 14:01:06 AmirFx VIP signal new update is 1:12:18 PM last update is 1:46:41 PM
2020-09-16 14:01:06 AmirFx VIP signal get new signal
2020-09-16 14:01:08 AmirFx VIP signal getting signal message started
2020-09-16 14:01:23 Eagl777 new update is 5:11:26 PM last update is 5:11:26 PM
2020-09-16 14:01:23 Eagl777 repeated signal
2020-09-16 14:01:37 WallstreetFXsignals new update is 8:07:48 AM last update is 8:07:48 AM
2020-09-16 14:01:37 WallstreetFXsignals repeated signal
2020-09-16 14:01:54 wolfofforexplus new update is 8:07:48 AM last update is 11:13:51 AM
2020-09-16 14:01:54 wolfofforexplus get new signal
2020-09-16 14:01:56 wolfofforexplus getting signal message started
2020-09-16 14:02:06 light_forex new update is 1:54:50 PM last update is 1:54:50 PM
2020-09-16 14:02:06 light_forex repeated signal
2020-09-16 14:02:22 WSSignals new update is 1:54:50 PM last update is 1:54:50 PM
2020-09-16 14:02:22 WSSignals repeated signal
2020-09-16 14:02:38 forexsignalzz new update is 6:55:36 PM last update is 6:55:36 PM
2020-09-16 14:02:38 forexsignalzz repeated signal
2020-09-16 14:02:55 amirFX_signal new update is 1:59:11 PM last update is 1:59:11 PM
2020-09-16 14:02:55 amirFX_signal repeated signal
2020-09-16 14:03:09 FOR3X_SIGNAL new update is 1:12:18 PM last update is 1:12:18 PM
2020-09-16 14:03:09 FOR3X_SIGNAL repeated signal
2020-09-16 14:03:25 AmirFx VIP signal new update is 1:12:18 PM last update is 1:12:18 PM
2020-09-16 14:03:25 AmirFx VIP signal repeated signal
2020-09-16 14:03:38 Eagl777 new update is 5:11:26 PM last update is 5:11:26 PM
2020-09-16 14:03:38 Eagl777 repeated signal
2020-09-16 14:03:52 WallstreetFXsignals new update is 8:07:48 AM last update is 8:07:48 AM
2020-09-16 14:03:52 WallstreetFXsignals repeated signal
2020-09-16 14:04:09 wolfofforexplus new update is 8:07:48 AM last update is 8:07:48 AM
2020-09-16 14:04:09 wolfofforexplus repeated signal
2020-09-16 14:04:17 light_forex new update is 1:54:50 PM last update is 1:54:50 PM
2020-09-16 14:04:17 light_forex repeated signal
2020-09-16 14:04:34 WSSignals new update is 1:54:50 PM last update is 1:54:50 PM
2020-09-16 14:04:34 WSSignals repeated signal
2020-09-16 14:04:49 forexsignalzz new update is 6:55:36 PM last update is 6:55:36 PM
2020-09-16 14:04:49 forexsignalzz repeated signal
2020-09-16 14:05:06 amirFX_signal new update is 6:55:36 PM last update is 1:59:11 PM
2020-09-16 14:05:06 amirFX_signal get new signal
2020-09-16 14:05:08 amirFX_signal getting signal message started
2020-09-16 14:05:24 FOR3X_SIGNAL new update is 1:12:18 PM last update is 1:12:18 PM
2020-09-16 14:05:24 FOR3X_SIGNAL repeated signal
2020-09-16 14:06:10 AmirFx VIP signal new update is 2:00:37 PM last update is 1:12:18 PM
2020-09-16 14:06:10 AmirFx VIP signal get new signal
2020-09-16 14:06:12 AmirFx VIP signal getting signal message started
2020-09-16 14:07:39 Eagl777 new update is 5:11:26 PM last update is 5:11:26 PM
2020-09-16 14:07:49 Eagl777 repeated signal
2020-09-16 14:08:00 WallstreetFXsignals new update is 8:07:48 AM last update is 8:07:48 AM
2020-09-16 14:08:00 WallstreetFXsignals repeated signal
2020-09-16 14:08:10 wolfofforexplus new update is 11:13:51 AM last update is 8:07:48 AM
