2020-09-16 15:12:05 forexsignalzz new update is 6:55:36 PM last update is 0
2020-09-16 15:12:05 forexsignalzz get new signal
2020-09-16 15:12:07 forexsignalzz getting signal message started
2020-09-16 15:12:20 amirFX_signal new update is 3:02:49 PM last update is 0
2020-09-16 15:12:20 amirFX_signal get new signal
2020-09-16 15:12:22 amirFX_signal getting signal message started
2020-09-16 15:12:35 FOR3X_SIGNAL new update is 2:12:44 PM last update is 0
2020-09-16 15:12:35 FOR3X_SIGNAL get new signal
2020-09-16 15:12:37 FOR3X_SIGNAL getting signal message started
2020-09-16 15:12:49 AmirFx VIP signal new update is 2:00:37 PM last update is 0
2020-09-16 15:12:49 AmirFx VIP signal get new signal
2020-09-16 15:12:51 AmirFx VIP signal getting signal message started
2020-09-16 15:13:04 Eagl777 new update is 5:11:26 PM last update is 0
2020-09-16 15:13:04 Eagl777 get new signal
2020-09-16 15:13:06 Eagl777 getting signal message started
2020-09-16 15:13:18 WallstreetFXsignals new update is 8:07:48 AM last update is 0
2020-09-16 15:13:18 WallstreetFXsignals get new signal
2020-09-16 15:13:20 WallstreetFXsignals getting signal message started
2020-09-16 15:13:33 wolfofforexplus new update is 11:13:51 AM last update is 0
2020-09-16 15:13:33 wolfofforexplus get new signal
2020-09-16 15:13:35 wolfofforexplus getting signal message started
2020-09-16 15:13:37 wolfofforexplus getting signal message successfully ended
2020-09-16 15:13:37 wolfofforexplus signal text is : #EURJPY
:chart_with_downwards_trend: SELL :125.36
:red_circle: STOP LOSS : hidden
:white_check_mark: TAKE PROFIT 1 : hidden
:white_check_mark: TAKE PROFIT 2 :
2020-09-16 15:13:46 light_forex new update is 10:10:45 PM last update is 0
2020-09-16 15:13:46 light_forex get new signal
2020-09-16 15:13:48 light_forex getting signal message started
2020-09-16 15:14:34 WSSignals new update is 10:10:45 PM last update is 0
2020-09-16 15:14:34 WSSignals get new signal
2020-09-16 15:14:36 WSSignals getting signal message started
2020-09-16 15:15:28 forexsignalzz new update is 6:55:36 PM last update is 6:55:36 PM
2020-09-16 15:15:30 forexsignalzz repeated signal
2020-09-16 15:15:40 amirFX_signal new update is 3:02:49 PM last update is 3:02:49 PM
2020-09-16 15:15:44 amirFX_signal repeated signal
2020-09-16 15:15:55 FOR3X_SIGNAL new update is 2:12:44 PM last update is 2:12:44 PM
2020-09-16 15:15:55 FOR3X_SIGNAL repeated signal
2020-09-16 15:16:05 AmirFx VIP signal new update is 2:00:37 PM last update is 2:00:37 PM
2020-09-16 15:16:05 AmirFx VIP signal repeated signal
2020-09-16 15:16:16 Eagl777 new update is 5:11:26 PM last update is 5:11:26 PM
2020-09-16 15:16:16 Eagl777 repeated signal
2020-09-16 15:16:27 WallstreetFXsignals new update is 8:07:48 AM last update is 8:07:48 AM
2020-09-16 15:16:27 WallstreetFXsignals repeated signal
2020-09-16 15:16:37 wolfofforexplus new update is 11:13:51 AM last update is 11:13:51 AM
2020-09-16 15:16:37 wolfofforexplus repeated signal
2020-09-16 15:16:45 light_forex new update is 10:10:45 PM last update is 10:10:45 PM
2020-09-16 15:16:45 light_forex repeated signal
2020-09-16 15:17:02 WSSignals new update is 10:10:45 PM last update is 10:10:45 PM
2020-09-16 15:17:02 WSSignals repeated signal
2020-09-16 15:17:14 forexsignalzz new update is 6:55:36 PM last update is 6:55:36 PM
2020-09-16 15:17:14 forexsignalzz repeated signal
2020-09-16 15:17:24 amirFX_signal new update is 3:02:49 PM last update is 3:02:49 PM
2020-09-16 15:17:24 amirFX_signal repeated signal
2020-09-16 15:17:34 FOR3X_SIGNAL new update is 2:12:44 PM last update is 2:12:44 PM
2020-09-16 15:17:34 FOR3X_SIGNAL repeated signal
2020-09-16 15:17:45 AmirFx VIP signal new update is 2:00:37 PM last update is 2:00:37 PM
2020-09-16 15:17:45 AmirFx VIP signal repeated signal
2020-09-16 15:17:55 Eagl777 new update is 5:11:26 PM last update is 5:11:26 PM
2020-09-16 15:17:55 Eagl777 repeated signal
2020-09-16 15:18:06 WallstreetFXsignals new update is 8:07:48 AM last update is 8:07:48 AM
2020-09-16 15:18:06 WallstreetFXsignals repeated signal
2020-09-16 15:18:17 wolfofforexplus new update is 11:13:51 AM last update is 11:13:51 AM
2020-09-16 15:18:17 wolfofforexplus repeated signal
2020-09-16 15:18:25 light_forex new update is 10:10:45 PM last update is 10:10:45 PM
2020-09-16 15:18:25 light_forex repeated signal
2020-09-16 15:18:42 WSSignals new update is 10:10:45 PM last update is 10:10:45 PM
2020-09-16 15:18:42 WSSignals repeated signal
2020-09-16 15:18:54 forexsignalzz new update is 6:55:36 PM last update is 6:55:36 PM
2020-09-16 15:18:54 forexsignalzz repeated signal
2020-09-16 15:19:04 amirFX_signal new update is 3:02:49 PM last update is 3:02:49 PM
2020-09-16 15:19:04 amirFX_signal repeated signal
2020-09-16 15:19:15 FOR3X_SIGNAL new update is 2:12:44 PM last update is 2:12:44 PM
2020-09-16 15:19:15 FOR3X_SIGNAL repeated signal
2020-09-16 15:19:26 AmirFx VIP signal new update is 2:00:37 PM last update is 2:00:37 PM
2020-09-16 15:19:26 AmirFx VIP signal repeated signal
2020-09-16 15:19:36 Eagl777 new update is 5:11:26 PM last update is 5:11:26 PM
2020-09-16 15:19:36 Eagl777 repeated signal
2020-09-16 15:19:47 WallstreetFXsignals new update is 8:07:48 AM last update is 8:07:48 AM
2020-09-16 15:19:47 WallstreetFXsignals repeated signal
2020-09-16 15:19:57 wolfofforexplus new update is 11:13:51 AM last update is 11:13:51 AM
2020-09-16 15:19:57 wolfofforexplus repeated signal
2020-09-16 15:20:05 light_forex new update is 10:10:45 PM last update is 10:10:45 PM
2020-09-16 15:20:05 light_forex repeated signal
2020-09-16 15:20:22 WSSignals new update is 10:10:45 PM last update is 10:10:45 PM
2020-09-16 15:20:22 WSSignals repeated signal
2020-09-16 15:20:33 forexsignalzz new update is 6:55:36 PM last update is 6:55:36 PM
2020-09-16 15:20:33 forexsignalzz repeated signal
2020-09-16 15:20:44 amirFX_signal new update is 3:02:49 PM last update is 3:02:49 PM
2020-09-16 15:20:44 amirFX_signal repeated signal
2020-09-16 15:20:54 FOR3X_SIGNAL new update is 2:12:44 PM last update is 2:12:44 PM
2020-09-16 15:20:54 FOR3X_SIGNAL repeated signal
2020-09-16 15:21:05 AmirFx VIP signal new update is 2:00:37 PM last update is 2:00:37 PM
2020-09-16 15:21:05 AmirFx VIP signal repeated signal
2020-09-16 15:21:15 Eagl777 new update is 5:11:26 PM last update is 5:11:26 PM
2020-09-16 15:21:15 Eagl777 repeated signal
2020-09-16 15:21:26 WallstreetFXsignals new update is 8:07:48 AM last update is 8:07:48 AM
2020-09-16 15:21:26 WallstreetFXsignals repeated signal
2020-09-16 15:21:36 wolfofforexplus new update is 11:13:51 AM last update is 11:13:51 AM
2020-09-16 15:21:36 wolfofforexplus repeated signal
2020-09-16 15:21:45 light_forex new update is 10:10:45 PM last update is 10:10:45 PM
2020-09-16 15:21:45 light_forex repeated signal
2020-09-16 15:22:01 WSSignals new update is 10:10:45 PM last update is 10:10:45 PM
2020-09-16 15:22:01 WSSignals repeated signal
2020-09-16 15:22:13 forexsignalzz new update is 6:55:36 PM last update is 6:55:36 PM
2020-09-16 15:22:13 forexsignalzz repeated signal
2020-09-16 15:22:23 amirFX_signal new update is 3:02:49 PM last update is 3:02:49 PM
2020-09-16 15:22:23 amirFX_signal repeated signal
2020-09-16 15:22:34 FOR3X_SIGNAL new update is 2:12:44 PM last update is 2:12:44 PM
2020-09-16 15:22:34 FOR3X_SIGNAL repeated signal
2020-09-16 15:22:45 AmirFx VIP signal new update is 2:00:37 PM last update is 2:00:37 PM
2020-09-16 15:22:45 AmirFx VIP signal repeated signal
2020-09-16 15:22:55 Eagl777 new update is 5:11:26 PM last update is 5:11:26 PM
2020-09-16 15:22:55 Eagl777 repeated signal
2020-09-16 15:23:06 WallstreetFXsignals new update is 8:07:48 AM last update is 8:07:48 AM
2020-09-16 15:23:06 WallstreetFXsignals repeated signal
2020-09-16 15:23:16 wolfofforexplus new update is 11:13:51 AM last update is 11:13:51 AM
2020-09-16 15:23:16 wolfofforexplus repeated signal
2020-09-16 15:23:24 light_forex new update is 10:10:45 PM last update is 10:10:45 PM
2020-09-16 15:23:24 light_forex repeated signal
2020-09-16 15:23:41 WSSignals new update is 10:10:45 PM last update is 10:10:45 PM
2020-09-16 15:23:41 WSSignals repeated signal
2020-09-16 15:23:53 forexsignalzz new update is 6:55:36 PM last update is 6:55:36 PM
2020-09-16 15:23:53 forexsignalzz repeated signal
2020-09-16 15:24:03 amirFX_signal new update is 3:02:49 PM last update is 3:02:49 PM
2020-09-16 15:24:03 amirFX_signal repeated signal
2020-09-16 15:24:13 FOR3X_SIGNAL new update is 2:12:44 PM last update is 2:12:44 PM
2020-09-16 15:24:13 FOR3X_SIGNAL repeated signal
2020-09-16 15:24:24 AmirFx VIP signal new update is 2:00:37 PM last update is 2:00:37 PM
2020-09-16 15:24:24 AmirFx VIP signal repeated signal
2020-09-16 15:24:35 Eagl777 new update is 5:11:26 PM last update is 5:11:26 PM
2020-09-16 15:24:35 Eagl777 repeated signal
2020-09-16 15:24:45 WallstreetFXsignals new update is 8:07:48 AM last update is 8:07:48 AM
2020-09-16 15:24:45 WallstreetFXsignals repeated signal
2020-09-16 15:24:56 wolfofforexplus new update is 11:13:51 AM last update is 11:13:51 AM
2020-09-16 15:24:56 wolfofforexplus repeated signal
2020-09-16 15:25:04 light_forex new update is 10:10:45 PM last update is 10:10:45 PM
2020-09-16 15:25:04 light_forex repeated signal
2020-09-16 15:25:20 WSSignals new update is 10:10:45 PM last update is 10:10:45 PM
2020-09-16 15:25:20 WSSignals repeated signal
2020-09-16 15:25:32 forexsignalzz new update is 6:55:36 PM last update is 6:55:36 PM
2020-09-16 15:25:32 forexsignalzz repeated signal
2020-09-16 15:25:43 amirFX_signal new update is 3:02:49 PM last update is 3:02:49 PM
2020-09-16 15:25:43 amirFX_signal repeated signal
2020-09-16 15:25:53 FOR3X_SIGNAL new update is 2:12:44 PM last update is 2:12:44 PM
2020-09-16 15:25:53 FOR3X_SIGNAL repeated signal
2020-09-16 15:26:04 AmirFx VIP signal new update is 2:00:37 PM last update is 2:00:37 PM
2020-09-16 15:26:04 AmirFx VIP signal repeated signal
2020-09-16 15:26:14 Eagl777 new update is 5:11:26 PM last update is 5:11:26 PM
2020-09-16 15:26:14 Eagl777 repeated signal
2020-09-16 15:26:25 WallstreetFXsignals new update is 8:07:48 AM last update is 8:07:48 AM
2020-09-16 15:26:25 WallstreetFXsignals repeated signal
2020-09-16 15:26:36 wolfofforexplus new update is 11:13:51 AM last update is 11:13:51 AM
2020-09-16 15:26:36 wolfofforexplus repeated signal
2020-09-16 15:26:44 light_forex new update is 10:10:45 PM last update is 10:10:45 PM
2020-09-16 15:26:44 light_forex repeated signal
2020-09-16 15:27:00 WSSignals new update is 10:10:45 PM last update is 10:10:45 PM
2020-09-16 15:27:00 WSSignals repeated signal
2020-09-16 15:27:12 forexsignalzz new update is 6:55:36 PM last update is 6:55:36 PM
2020-09-16 15:27:12 forexsignalzz repeated signal
2020-09-16 15:27:23 amirFX_signal new update is 1:46:41 PM last update is 3:02:49 PM
2020-09-16 15:36:09 amirFX_signal get new signal
2020-09-16 15:36:11 amirFX_signal getting signal message started
2020-09-16 15:36:13 amirFX_signal getting signal message successfully ended
2020-09-16 15:36:14  writting signal message started
2020-09-16 15:36:36 FOR3X_SIGNAL new update is 2:12:44 PM last update is 2:12:44 PM
2020-09-16 15:36:36 FOR3X_SIGNAL repeated signal
2020-09-16 15:36:47 AmirFx VIP signal new update is 2:00:37 PM last update is 2:00:37 PM
2020-09-16 15:36:47 AmirFx VIP signal repeated signal
2020-09-16 15:36:57 Eagl777 new update is 5:11:26 PM last update is 5:11:26 PM
2020-09-16 15:36:57 Eagl777 repeated signal
2020-09-16 15:37:08 WallstreetFXsignals new update is 8:07:48 AM last update is 8:07:48 AM
2020-09-16 15:37:08 WallstreetFXsignals repeated signal
2020-09-16 15:37:18 wolfofforexplus new update is 11:13:51 AM last update is 11:13:51 AM
2020-09-16 15:37:18 wolfofforexplus repeated signal
2020-09-16 15:37:27 light_forex new update is 10:10:45 PM last update is 10:10:45 PM
2020-09-16 15:37:27 light_forex repeated signal
2020-09-16 15:37:43 WSSignals new update is 10:10:45 PM last update is 10:10:45 PM
2020-09-16 15:37:43 WSSignals repeated signal
2020-09-16 15:37:55 forexsignalzz new update is 6:55:36 PM last update is 6:55:36 PM
2020-09-16 15:37:55 forexsignalzz repeated signal
2020-09-16 15:38:05 amirFX_signal new update is 1:46:41 PM last update is 1:46:41 PM
2020-09-16 15:38:05 amirFX_signal repeated signal
2020-09-16 15:38:16 FOR3X_SIGNAL new update is 2:12:44 PM last update is 2:12:44 PM
2020-09-16 15:38:16 FOR3X_SIGNAL repeated signal
2020-09-16 15:38:26 AmirFx VIP signal new update is 2:00:37 PM last update is 2:00:37 PM
2020-09-16 15:38:26 AmirFx VIP signal repeated signal
2020-09-16 15:38:37 Eagl777 new update is 5:11:26 PM last update is 5:11:26 PM
2020-09-16 15:38:37 Eagl777 repeated signal
2020-09-16 15:38:48 WallstreetFXsignals new update is 8:07:48 AM last update is 8:07:48 AM
2020-09-16 15:38:48 WallstreetFXsignals repeated signal
2020-09-16 15:38:58 wolfofforexplus new update is 11:13:51 AM last update is 11:13:51 AM
2020-09-16 15:38:58 wolfofforexplus repeated signal
2020-09-16 15:39:07 light_forex new update is 10:10:45 PM last update is 10:10:45 PM
2020-09-16 15:39:07 light_forex repeated signal
2020-09-16 15:39:23 WSSignals new update is 10:10:45 PM last update is 10:10:45 PM
2020-09-16 15:39:23 WSSignals repeated signal
2020-09-16 15:39:35 forexsignalzz new update is 6:55:36 PM last update is 6:55:36 PM
2020-09-16 15:39:35 forexsignalzz repeated signal
2020-09-16 15:39:45 amirFX_signal new update is 1:46:41 PM last update is 1:46:41 PM
2020-09-16 15:39:45 amirFX_signal repeated signal
2020-09-16 15:39:56 FOR3X_SIGNAL new update is 2:12:44 PM last update is 2:12:44 PM
2020-09-16 15:39:56 FOR3X_SIGNAL repeated signal
2020-09-16 15:40:06 AmirFx VIP signal new update is 2:00:37 PM last update is 2:00:37 PM
2020-09-16 15:40:06 AmirFx VIP signal repeated signal
2020-09-16 15:40:17 Eagl777 new update is 5:11:26 PM last update is 5:11:26 PM
2020-09-16 15:40:17 Eagl777 repeated signal
2020-09-16 15:40:27 WallstreetFXsignals new update is 8:07:48 AM last update is 8:07:48 AM
2020-09-16 15:40:27 WallstreetFXsignals repeated signal
2020-09-16 15:40:38 wolfofforexplus new update is 11:13:51 AM last update is 11:13:51 AM
2020-09-16 15:40:38 wolfofforexplus repeated signal
2020-09-16 15:40:46 light_forex new update is 10:10:45 PM last update is 10:10:45 PM
2020-09-16 15:40:46 light_forex repeated signal
2020-09-16 15:41:03 WSSignals new update is 10:10:45 PM last update is 10:10:45 PM
2020-09-16 15:41:03 WSSignals repeated signal
2020-09-16 15:41:14 forexsignalzz new update is 6:55:36 PM last update is 6:55:36 PM
2020-09-16 15:41:14 forexsignalzz repeated signal
2020-09-16 15:41:25 amirFX_signal new update is 1:46:41 PM last update is 1:46:41 PM
2020-09-16 15:41:25 amirFX_signal repeated signal
2020-09-16 15:41:35 FOR3X_SIGNAL new update is 2:12:44 PM last update is 2:12:44 PM
2020-09-16 15:41:35 FOR3X_SIGNAL repeated signal
2020-09-16 15:41:46 AmirFx VIP signal new update is 2:00:37 PM last update is 2:00:37 PM
2020-09-16 15:41:46 AmirFx VIP signal repeated signal
2020-09-16 15:41:56 Eagl777 new update is 5:11:26 PM last update is 5:11:26 PM
2020-09-16 15:41:56 Eagl777 repeated signal
2020-09-16 15:42:07 WallstreetFXsignals new update is 8:07:48 AM last update is 8:07:48 AM
2020-09-16 15:42:07 WallstreetFXsignals repeated signal
2020-09-16 15:42:18 wolfofforexplus new update is 11:13:51 AM last update is 11:13:51 AM
2020-09-16 15:42:18 wolfofforexplus repeated signal
2020-09-16 15:42:26 light_forex new update is 10:10:45 PM last update is 10:10:45 PM
2020-09-16 15:42:26 light_forex repeated signal
2020-09-16 15:42:42 WSSignals new update is 10:10:45 PM last update is 10:10:45 PM
2020-09-16 15:42:42 WSSignals repeated signal
2020-09-16 15:42:54 forexsignalzz new update is 6:55:36 PM last update is 6:55:36 PM
2020-09-16 15:42:54 forexsignalzz repeated signal
2020-09-16 15:43:05 amirFX_signal new update is 1:46:41 PM last update is 1:46:41 PM
2020-09-16 15:43:05 amirFX_signal repeated signal
2020-09-16 15:43:15 FOR3X_SIGNAL new update is 2:12:44 PM last update is 2:12:44 PM
2020-09-16 15:43:15 FOR3X_SIGNAL repeated signal
2020-09-16 15:43:25 AmirFx VIP signal new update is 2:00:37 PM last update is 2:00:37 PM
2020-09-16 15:43:25 AmirFx VIP signal repeated signal
2020-09-16 15:43:36 Eagl777 new update is 5:11:26 PM last update is 5:11:26 PM
2020-09-16 15:43:36 Eagl777 repeated signal
2020-09-16 15:43:51 WallstreetFXsignals new update is 8:07:48 AM last update is 8:07:48 AM
2020-09-16 15:43:51 WallstreetFXsignals repeated signal
2020-09-16 15:44:07 wolfofforexplus new update is 8:07:48 AM last update is 11:13:51 AM
