2020-09-18 09:06:33 forexsignalzz new update is 7:10:18 PM last update is 0
2020-09-18 09:06:33 forexsignalzz get new signal
2020-09-18 09:06:35 forexsignalzz getting signal message started
2020-09-18 09:06:50 amirFX_signal new update is 6:26:22 AM last update is 0
2020-09-18 09:06:50 amirFX_signal get new signal
2020-09-18 09:06:52 amirFX_signal getting signal message started
2020-09-18 09:07:08 FOR3X_SIGNAL new update is 6:45:53 PM last update is 0
2020-09-18 09:07:08 FOR3X_SIGNAL get new signal
2020-09-18 09:07:10 FOR3X_SIGNAL getting signal message started
2020-09-18 09:07:25 Eagl777 new update is 5:11:26 PM last update is 0
2020-09-18 09:07:25 Eagl777 get new signal
2020-09-18 09:07:27 Eagl777 getting signal message started
2020-09-18 09:07:51 WallstreetFXsignals new update is 5:11:26 PM last update is 0
2020-09-18 09:07:51 WallstreetFXsignals get new signal
2020-09-18 09:07:53 WallstreetFXsignals getting signal message started
2020-09-18 09:08:09 wolfofforexplus new update is 11:13:51 AM last update is 0
2020-09-18 09:08:09 wolfofforexplus get new signal
2020-09-18 09:08:11 wolfofforexplus getting signal message started
2020-09-18 09:08:26 light_forex new update is 6:14:52 PM last update is 0
2020-09-18 09:08:26 light_forex get new signal
2020-09-18 09:08:28 light_forex getting signal message started
2020-09-18 09:08:52 FXMZ51 new update is 6:14:52 PM last update is 0
2020-09-18 09:08:52 FXMZ51 get new signal
2020-09-18 09:08:54 FXMZ51 getting signal message started
2020-09-18 09:09:16 signallforex123 new update is 11:58:49 PM last update is 0
2020-09-18 09:09:16 signallforex123 get new signal
2020-09-18 09:09:18 signallforex123 getting signal message started
2020-09-18 09:09:33 professoroff new update is 1:10:47 AM last update is 0
2020-09-18 09:09:33 professoroff get new signal
2020-09-18 09:09:35 professoroff getting signal message started
2020-09-18 09:10:00 forexsignalzz new update is 7:10:18 PM last update is 7:10:18 PM
2020-09-18 09:10:00 forexsignalzz repeated signal
2020-09-18 09:10:20 amirFX_signal new update is 6:26:22 AM last update is 6:26:22 AM
2020-09-18 09:10:20 amirFX_signal repeated signal
2020-09-18 09:10:39 FOR3X_SIGNAL new update is 6:45:53 PM last update is 6:45:53 PM
2020-09-18 09:10:39 FOR3X_SIGNAL repeated signal
2020-09-18 09:11:00 Eagl777 new update is 6:45:53 PM last update is 5:11:26 PM
2020-09-18 09:11:00 Eagl777 get new signal
2020-09-18 09:11:02 Eagl777 getting signal message started
2020-09-18 09:11:26 WallstreetFXsignals new update is 6:45:53 PM last update is 5:11:26 PM
2020-09-18 09:11:26 WallstreetFXsignals get new signal
2020-09-18 09:11:28 WallstreetFXsignals getting signal message started
2020-09-18 09:11:43 wolfofforexplus new update is 11:13:51 AM last update is 11:13:51 AM
2020-09-18 09:11:43 wolfofforexplus repeated signal
2020-09-18 09:11:57 light_forex new update is 6:14:52 PM last update is 6:14:52 PM
2020-09-18 09:11:57 light_forex repeated signal
2020-09-18 09:12:18 FXMZ51 new update is 6:14:52 PM last update is 6:14:52 PM
2020-09-18 09:12:18 FXMZ51 repeated signal
2020-09-18 09:12:40 signallforex123 new update is 11:58:49 PM last update is 11:58:49 PM
2020-09-18 09:12:40 signallforex123 repeated signal
2020-09-18 09:12:58 professoroff new update is 1:10:47 AM last update is 1:10:47 AM
2020-09-18 09:12:58 professoroff repeated signal
2020-09-18 09:13:20 forexsignalzz new update is 1:10:47 AM last update is 7:10:18 PM
2020-09-18 09:13:20 forexsignalzz get new signal
2020-09-18 09:13:22 forexsignalzz getting signal message started
2020-09-18 09:13:46 amirFX_signal new update is 1:10:47 AM last update is 6:26:22 AM
2020-09-18 09:13:46 amirFX_signal get new signal
2020-09-18 09:13:48 amirFX_signal getting signal message started
2020-09-18 09:14:12 FOR3X_SIGNAL new update is 1:10:47 AM last update is 6:45:53 PM
2020-09-18 09:14:12 FOR3X_SIGNAL get new signal
2020-09-18 09:14:14 FOR3X_SIGNAL getting signal message started
2020-09-18 09:14:38 Eagl777 new update is 1:10:47 AM last update is 6:45:53 PM
2020-09-18 09:14:38 Eagl777 get new signal
2020-09-18 09:14:40 Eagl777 getting signal message started
2020-09-18 09:15:04 WallstreetFXsignals new update is 1:10:47 AM last update is 6:45:53 PM
2020-09-18 09:15:04 WallstreetFXsignals get new signal
2020-09-18 09:15:06 WallstreetFXsignals getting signal message started
2020-09-18 09:15:31 wolfofforexplus new update is 11:13:51 AM last update is 11:13:51 AM
2020-09-18 09:15:31 wolfofforexplus repeated signal
2020-09-18 09:15:44 light_forex new update is 6:14:52 PM last update is 6:14:52 PM
2020-09-18 09:15:44 light_forex repeated signal
2020-09-18 09:16:06 FXMZ51 new update is 10:59:12 PM last update is 6:14:52 PM
2020-09-18 09:16:06 FXMZ51 get new signal
2020-09-18 09:16:08 FXMZ51 getting signal message started
2020-09-18 09:16:32 signallforex123 new update is 10:59:12 PM last update is 11:58:49 PM
2020-09-18 09:16:32 signallforex123 get new signal
2020-09-18 09:16:34 signallforex123 getting signal message started
2020-09-18 09:16:58 professoroff new update is 10:59:12 PM last update is 1:10:47 AM
2020-09-18 09:16:58 professoroff get new signal
2020-09-18 09:17:00 professoroff getting signal message started
2020-09-18 09:17:25 forexsignalzz new update is 10:59:12 PM last update is 1:10:47 AM
2020-09-18 09:17:25 forexsignalzz get new signal
2020-09-18 09:17:27 forexsignalzz getting signal message started
2020-09-18 09:17:51 amirFX_signal new update is 10:59:12 PM last update is 1:10:47 AM
2020-09-18 09:17:51 amirFX_signal get new signal
2020-09-18 09:17:53 amirFX_signal getting signal message started
2020-09-18 09:18:18 FOR3X_SIGNAL new update is 10:59:12 PM last update is 1:10:47 AM
2020-09-18 09:18:18 FOR3X_SIGNAL get new signal
2020-09-18 09:18:20 FOR3X_SIGNAL getting signal message started
2020-09-18 09:18:38 Eagl777 new update is 5:11:26 PM last update is 1:10:47 AM
2020-09-18 09:18:38 Eagl777 get new signal
2020-09-18 09:18:40 Eagl777 getting signal message started
2020-09-18 09:19:04 WallstreetFXsignals new update is 5:11:26 PM last update is 1:10:47 AM
2020-09-18 09:19:04 WallstreetFXsignals get new signal
2020-09-18 09:19:06 WallstreetFXsignals getting signal message started
2020-09-18 09:19:30 wolfofforexplus new update is 5:11:26 PM last update is 11:13:51 AM
2020-09-18 09:19:30 wolfofforexplus get new signal
2020-09-18 09:19:32 wolfofforexplus getting signal message started
2020-09-18 09:19:48 light_forex new update is 6:14:52 PM last update is 6:14:52 PM
2020-09-18 09:19:48 light_forex repeated signal
2020-09-18 09:20:03 FXMZ51 new update is 10:59:12 PM last update is 10:59:12 PM
2020-09-18 09:20:03 FXMZ51 repeated signal
2020-09-18 09:20:25 signallforex123 new update is 10:59:12 PM last update is 10:59:12 PM
2020-09-18 09:20:25 signallforex123 repeated signal
2020-09-18 09:20:40 professoroff new update is 1:10:47 AM last update is 10:59:12 PM
2020-09-18 09:20:40 professoroff get new signal
2020-09-18 09:20:42 professoroff getting signal message started
2020-09-18 09:21:08 forexsignalzz new update is 1:10:47 AM last update is 10:59:12 PM
2020-09-18 09:21:08 forexsignalzz get new signal
2020-09-18 09:21:10 forexsignalzz getting signal message started
2020-09-18 09:21:34 amirFX_signal new update is 1:10:47 AM last update is 10:59:12 PM
2020-09-18 09:21:34 amirFX_signal get new signal
2020-09-18 09:21:36 amirFX_signal getting signal message started
2020-09-18 09:22:00 FOR3X_SIGNAL new update is 1:10:47 AM last update is 10:59:12 PM
2020-09-18 09:22:00 FOR3X_SIGNAL get new signal
2020-09-18 09:22:02 FOR3X_SIGNAL getting signal message started
2020-09-18 09:22:26 Eagl777 new update is 5:11:26 PM last update is 5:11:26 PM
2020-09-18 09:22:26 Eagl777 repeated signal
2020-09-18 09:22:48 WallstreetFXsignals new update is 5:11:26 PM last update is 5:11:26 PM
2020-09-18 09:22:48 WallstreetFXsignals repeated signal
2020-09-18 09:23:02 wolfofforexplus new update is 11:13:51 AM last update is 5:11:26 PM
2020-09-18 09:23:02 wolfofforexplus get new signal
2020-09-18 09:23:04 wolfofforexplus getting signal message started
2020-09-18 09:23:20 light_forex new update is 6:14:52 PM last update is 6:14:52 PM
2020-09-18 09:23:20 light_forex repeated signal
2020-09-18 09:23:41 FXMZ51 new update is 10:59:12 PM last update is 10:59:12 PM
2020-09-18 09:23:41 FXMZ51 repeated signal
2020-09-18 09:23:57 signallforex123 new update is 11:58:49 PM last update is 10:59:12 PM
2020-09-18 09:23:57 signallforex123 get new signal
2020-09-18 09:23:59 signallforex123 getting signal message started
2020-09-18 09:24:19 professoroff new update is 1:10:47 AM last update is 1:10:47 AM
2020-09-18 09:24:19 professoroff repeated signal
2020-09-18 09:24:41 forexsignalzz new update is 1:10:47 AM last update is 1:10:47 AM
2020-09-18 09:24:41 forexsignalzz repeated signal
2020-09-18 09:25:03 amirFX_signal new update is 1:10:47 AM last update is 1:10:47 AM
2020-09-18 09:25:03 amirFX_signal repeated signal
2020-09-18 09:25:25 FOR3X_SIGNAL new update is 1:10:47 AM last update is 1:10:47 AM
2020-09-18 09:25:25 FOR3X_SIGNAL repeated signal
2020-09-18 09:25:46 Eagl777 new update is 1:10:47 AM last update is 5:11:26 PM
2020-09-18 09:25:46 Eagl777 get new signal
2020-09-18 09:25:48 Eagl777 getting signal message started
2020-09-18 09:26:10 WallstreetFXsignals new update is 8:03:51 AM last update is 5:11:26 PM
2020-09-18 09:26:10 WallstreetFXsignals get new signal
2020-09-18 09:26:12 WallstreetFXsignals getting signal message started
2020-09-18 09:26:36 wolfofforexplus new update is 8:03:51 AM last update is 11:13:51 AM
2020-09-18 09:26:36 wolfofforexplus get new signal
2020-09-18 09:26:38 wolfofforexplus getting signal message started
2020-09-18 09:26:53 light_forex new update is 6:14:52 PM last update is 6:14:52 PM
2020-09-18 09:26:53 light_forex repeated signal
2020-09-18 09:27:12 FXMZ51 new update is 10:59:12 PM last update is 10:59:12 PM
2020-09-18 09:27:12 FXMZ51 repeated signal
2020-09-18 09:27:33 signallforex123 new update is 10:59:12 PM last update is 11:58:49 PM
2020-09-18 09:27:33 signallforex123 get new signal
2020-09-18 09:27:35 signallforex123 getting signal message started
2020-09-18 09:27:59 professoroff new update is 10:59:12 PM last update is 1:10:47 AM
2020-09-18 09:27:59 professoroff get new signal
2020-09-18 09:28:01 professoroff getting signal message started
2020-09-18 09:28:24 forexsignalzz new update is 7:10:18 PM last update is 1:10:47 AM
2020-09-18 09:28:24 forexsignalzz get new signal
2020-09-18 09:28:26 forexsignalzz getting signal message started
2020-09-18 09:28:48 amirFX_signal new update is 6:26:22 AM last update is 1:10:47 AM
2020-09-18 09:28:48 amirFX_signal get new signal
2020-09-18 09:28:50 amirFX_signal getting signal message started
2020-09-18 09:29:14 FOR3X_SIGNAL new update is 6:26:22 AM last update is 1:10:47 AM
2020-09-18 09:29:14 FOR3X_SIGNAL get new signal
2020-09-18 09:29:16 FOR3X_SIGNAL getting signal message started
2020-09-18 09:29:35 Eagl777 new update is 5:11:26 PM last update is 1:10:47 AM
2020-09-18 09:29:35 Eagl777 get new signal
2020-09-18 09:29:37 Eagl777 getting signal message started
2020-09-18 09:30:01 WallstreetFXsignals new update is 5:11:26 PM last update is 8:03:51 AM
2020-09-18 09:30:01 WallstreetFXsignals get new signal
2020-09-18 09:30:03 WallstreetFXsignals getting signal message started
2020-09-18 09:30:27 wolfofforexplus new update is 5:11:26 PM last update is 8:03:51 AM
2020-09-18 09:30:27 wolfofforexplus get new signal
2020-09-18 09:30:29 wolfofforexplus getting signal message started
2020-09-18 09:30:45 light_forex new update is 6:14:52 PM last update is 6:14:52 PM
2020-09-18 09:30:45 light_forex repeated signal
2020-09-18 09:31:00 FXMZ51 new update is 10:59:12 PM last update is 10:59:12 PM
2020-09-18 09:31:00 FXMZ51 repeated signal
2020-09-18 09:31:22 signallforex123 new update is 10:59:12 PM last update is 10:59:12 PM
2020-09-18 09:31:22 signallforex123 repeated signal
2020-09-18 09:31:42 professoroff new update is 1:10:47 AM last update is 10:59:12 PM
2020-09-18 09:31:42 professoroff get new signal
2020-09-18 09:31:44 professoroff getting signal message started
2020-09-18 09:32:04 forexsignalzz new update is 7:10:18 PM last update is 7:10:18 PM
2020-09-18 09:32:04 forexsignalzz repeated signal
2020-09-18 09:32:26 amirFX_signal new update is 7:10:18 PM last update is 6:26:22 AM
2020-09-18 09:32:26 amirFX_signal get new signal
2020-09-18 09:32:28 amirFX_signal getting signal message started
2020-09-18 09:32:52 FOR3X_SIGNAL new update is 7:10:18 PM last update is 6:26:22 AM
2020-09-18 09:32:52 FOR3X_SIGNAL get new signal
2020-09-18 09:32:54 FOR3X_SIGNAL getting signal message started
2020-09-18 09:33:11 Eagl777 new update is 5:11:26 PM last update is 5:11:26 PM
2020-09-18 09:33:11 Eagl777 repeated signal
2020-09-18 09:33:33 WallstreetFXsignals new update is 8:03:51 AM last update is 5:11:26 PM
2020-09-18 09:33:33 WallstreetFXsignals get new signal
2020-09-18 09:33:35 WallstreetFXsignals getting signal message started
2020-09-18 09:33:58 wolfofforexplus new update is 8:03:51 AM last update is 5:11:26 PM
2020-09-18 09:33:58 wolfofforexplus get new signal
2020-09-18 09:34:00 wolfofforexplus getting signal message started
2020-09-18 09:34:16 light_forex new update is 6:14:52 PM last update is 6:14:52 PM
2020-09-18 09:34:16 light_forex repeated signal
2020-09-18 09:34:35 FXMZ51 new update is 10:59:12 PM last update is 10:59:12 PM
2020-09-18 09:34:35 FXMZ51 repeated signal
2020-09-18 09:34:55 signallforex123 new update is 11:58:49 PM last update is 10:59:12 PM
2020-09-18 09:34:55 signallforex123 get new signal
2020-09-18 09:34:57 signallforex123 getting signal message started
2020-09-18 09:35:16 professoroff new update is 1:10:47 AM last update is 1:10:47 AM
2020-09-18 09:35:16 professoroff repeated signal
2020-09-18 09:35:40 forexsignalzz new update is 7:10:18 PM last update is 7:10:18 PM
2020-09-18 09:35:40 forexsignalzz repeated signal
2020-09-18 09:36:02 amirFX_signal new update is 7:10:18 PM last update is 7:10:18 PM
2020-09-18 09:36:02 amirFX_signal repeated signal
2020-09-18 09:36:23 FOR3X_SIGNAL new update is 7:10:18 PM last update is 7:10:18 PM
2020-09-18 09:36:23 FOR3X_SIGNAL repeated signal
2020-09-18 09:36:44 Eagl777 new update is 7:10:18 PM last update is 5:11:26 PM
2020-09-18 09:36:44 Eagl777 get new signal
2020-09-18 09:36:46 Eagl777 getting signal message started
2020-09-18 09:37:10 WallstreetFXsignals new update is 7:10:18 PM last update is 8:03:51 AM
2020-09-18 09:37:10 WallstreetFXsignals get new signal
2020-09-18 09:37:12 WallstreetFXsignals getting signal message started
2020-09-18 09:37:36 wolfofforexplus new update is 7:10:18 PM last update is 8:03:51 AM
2020-09-18 09:37:36 wolfofforexplus get new signal
2020-09-18 09:37:38 wolfofforexplus getting signal message started
2020-09-18 09:37:53 light_forex new update is 6:14:52 PM last update is 6:14:52 PM
2020-09-18 09:37:53 light_forex repeated signal
2020-09-18 09:38:11 FXMZ51 new update is 10:59:12 PM last update is 10:59:12 PM
2020-09-18 09:38:11 FXMZ51 repeated signal
2020-09-18 09:38:28 signallforex123 new update is 11:58:49 PM last update is 11:58:49 PM
2020-09-18 09:38:28 signallforex123 repeated signal
2020-09-18 09:38:48 professoroff new update is 1:10:47 AM last update is 1:10:47 AM
2020-09-18 09:38:48 professoroff repeated signal
2020-09-18 09:39:04 forexsignalzz new update is 7:10:18 PM last update is 7:10:18 PM
2020-09-18 09:39:04 forexsignalzz repeated signal
2020-09-18 09:39:21 amirFX_signal new update is 6:26:22 AM last update is 7:10:18 PM
2020-09-18 09:39:21 amirFX_signal get new signal
2020-09-18 09:39:23 amirFX_signal getting signal message started
2020-09-18 09:39:47 FOR3X_SIGNAL new update is 6:45:53 PM last update is 7:10:18 PM
2020-09-18 09:39:47 FOR3X_SIGNAL get new signal
2020-09-18 09:39:49 FOR3X_SIGNAL getting signal message started
2020-09-18 09:40:09 Eagl777 new update is 5:11:26 PM last update is 7:10:18 PM
2020-09-18 09:40:09 Eagl777 get new signal
2020-09-18 09:40:11 Eagl777 getting signal message started
2020-09-18 09:40:30 WallstreetFXsignals new update is 8:03:51 AM last update is 7:10:18 PM
2020-09-18 09:40:30 WallstreetFXsignals get new signal
2020-09-18 09:40:32 WallstreetFXsignals getting signal message started
2020-09-18 09:40:56 wolfofforexplus new update is 8:03:51 AM last update is 7:10:18 PM
2020-09-18 09:40:56 wolfofforexplus get new signal
2020-09-18 09:40:58 wolfofforexplus getting signal message started
2020-09-18 09:41:13 light_forex new update is 6:14:52 PM last update is 6:14:52 PM
2020-09-18 09:41:13 light_forex repeated signal
2020-09-18 09:41:31 FXMZ51 new update is 10:59:12 PM last update is 10:59:12 PM
2020-09-18 09:41:31 FXMZ51 repeated signal
2020-09-18 09:41:50 signallforex123 new update is 11:58:49 PM last update is 11:58:49 PM
2020-09-18 09:41:50 signallforex123 repeated signal
2020-09-18 09:42:12 professoroff new update is 1:10:47 AM last update is 1:10:47 AM
2020-09-18 09:42:12 professoroff repeated signal
2020-09-18 09:42:34 forexsignalzz new update is 1:10:47 AM last update is 7:10:18 PM
2020-09-18 09:42:34 forexsignalzz get new signal
2020-09-18 09:42:36 forexsignalzz getting signal message started
2020-09-18 09:42:56 amirFX_signal new update is 6:26:22 AM last update is 6:26:22 AM
2020-09-18 09:42:56 amirFX_signal repeated signal
2020-09-18 09:43:18 FOR3X_SIGNAL new update is 6:26:22 AM last update is 6:45:53 PM
2020-09-18 09:43:18 FOR3X_SIGNAL get new signal
2020-09-18 09:43:20 FOR3X_SIGNAL getting signal message started
2020-09-18 09:43:37 Eagl777 new update is 5:11:26 PM last update is 5:11:26 PM
2020-09-18 09:43:37 Eagl777 repeated signal
2020-09-18 09:43:59 WallstreetFXsignals new update is 5:11:26 PM last update is 8:03:51 AM
2020-09-18 09:43:59 WallstreetFXsignals get new signal
2020-09-18 09:44:01 WallstreetFXsignals getting signal message started
2020-09-18 09:44:25 wolfofforexplus new update is 11:13:51 AM last update is 8:03:51 AM
2020-09-18 09:44:25 wolfofforexplus get new signal
2020-09-18 09:44:27 wolfofforexplus getting signal message started
2020-09-18 09:44:42 light_forex new update is 6:14:52 PM last update is 6:14:52 PM
2020-09-18 09:44:42 light_forex repeated signal
2020-09-18 09:45:02 FXMZ51 new update is 10:59:12 PM last update is 10:59:12 PM
2020-09-18 09:45:02 FXMZ51 repeated signal
2020-09-18 09:45:23 signallforex123 new update is 10:59:12 PM last update is 11:58:49 PM
2020-09-18 09:45:23 signallforex123 get new signal
2020-09-18 09:45:25 signallforex123 getting signal message started
2020-09-18 09:45:43 professoroff new update is 1:10:47 AM last update is 1:10:47 AM
2020-09-18 09:45:43 professoroff repeated signal
2020-09-18 09:46:06 forexsignalzz new update is 7:10:18 PM last update is 1:10:47 AM
2020-09-18 09:46:06 forexsignalzz get new signal
2020-09-18 09:46:08 forexsignalzz getting signal message started
2020-09-18 09:46:32 amirFX_signal new update is 6:26:22 AM last update is 6:26:22 AM
2020-09-18 09:46:32 amirFX_signal repeated signal
2020-09-18 09:46:54 FOR3X_SIGNAL new update is 6:26:22 AM last update is 6:26:22 AM
2020-09-18 09:46:54 FOR3X_SIGNAL repeated signal
2020-09-18 09:47:15 Eagl777 new update is 5:11:26 PM last update is 5:11:26 PM
2020-09-18 09:47:15 Eagl777 repeated signal
2020-09-18 09:47:37 WallstreetFXsignals new update is 8:03:51 AM last update is 5:11:26 PM
2020-09-18 09:47:37 WallstreetFXsignals get new signal
2020-09-18 09:47:39 WallstreetFXsignals getting signal message started
